<?xml version="1.0" encoding="UTF-8"?>
<robot generator="Robot 4.0.3 (Python 3.8.5 on linux)" generated="20210604 21:26:10.173" rpa="false" schemaversion="2">
<suite id="s1" name="Desafios" source="/home/kira/Documentos/robot_basico/tests/Desafios.robot">
<test id="s1-t1" name="Caso de Teste 03: Listar Produtos">
<kw name="Abrir navegador" library="ResourceDesafios" type="SETUP">
<kw name="Open Browser" library="SeleniumLibrary">
<arg>about:blank</arg>
<arg>${BROWSER}</arg>
<doc>Opens a new browser instance to the optional ``url``.</doc>
<msg timestamp="20210604 21:26:10.420" level="INFO">Opening browser 'firefox' to base url 'about:blank'.</msg>
<msg timestamp="20210604 21:26:10.423" level="INFO">Firefox driver log is always forced to to: /home/kira/Documentos/robot_basico/.logs/geckodriver-2.log</msg>
<status status="PASS" starttime="20210604 21:26:10.419" endtime="20210604 21:26:14.867"/>
</kw>
<status status="PASS" starttime="20210604 21:26:10.419" endtime="20210604 21:26:14.867"/>
</kw>
<kw name="Acessar a página home do site" library="ResourceDesafios">
<kw name="Go To" library="SeleniumLibrary">
<arg>http://automationpractice.com</arg>
<doc>Navigates the current browser window to the provided ``url``.</doc>
<msg timestamp="20210604 21:26:14.869" level="INFO">Opening url 'http://automationpractice.com'</msg>
<status status="PASS" starttime="20210604 21:26:14.869" endtime="20210604 21:26:19.698"/>
</kw>
<kw name="Title Should Be" library="SeleniumLibrary">
<arg>My Store</arg>
<doc>Verifies that the current page title equals ``title``.</doc>
<msg timestamp="20210604 21:26:19.713" level="INFO">Page title is 'My Store'.</msg>
<status status="PASS" starttime="20210604 21:26:19.698" endtime="20210604 21:26:19.713"/>
</kw>
<status status="PASS" starttime="20210604 21:26:14.868" endtime="20210604 21:26:19.714"/>
</kw>
<kw name="Passar o mouse por cima da categoria &quot;Women&quot; no meu principal superior de categorias" library="ResourceDesafios" sourcename="Passar o mouse por cima da categoria &quot;${PRODUTO}&quot; no meu principal superior de categorias">
<kw name="Wait Until Element Is Visible" library="SeleniumLibrary">
<arg>xpath=//*[@id="block_top_menu"]//a[@title="${PRODUTO}"]</arg>
<doc>Waits until the element ``locator`` is visible.</doc>
<status status="PASS" starttime="20210604 21:26:19.716" endtime="20210604 21:26:19.860"/>
</kw>
<status status="PASS" starttime="20210604 21:26:19.715" endtime="20210604 21:26:19.860"/>
</kw>
<kw name="Clicar na sub categoria &quot;Summer Dresses&quot;" library="ResourceDesafios" sourcename="Clicar na sub categoria &quot;${SUB_PRODUTO}&quot;">
<kw name="Click Element" library="SeleniumLibrary">
<arg>xpath=//*[@id="block_top_menu"]//a[@title="${SUB_PRODUTO}"]</arg>
<doc>Click the element identified by ``locator``.</doc>
<msg timestamp="20210604 21:26:19.867" level="INFO">Clicking element 'xpath=//*[@id="block_top_menu"]//a[@title="Summer Dresses"]'.</msg>
<kw name="Capture Page Screenshot" library="SeleniumLibrary">
<doc>Takes a screenshot of the current page and embeds it into a log file.</doc>
<msg timestamp="20210604 21:26:20.496" level="INFO" html="true">&lt;/td&gt;&lt;/tr&gt;&lt;tr&gt;&lt;td colspan="3"&gt;&lt;a href="selenium-screenshot-2.png"&gt;&lt;img src="selenium-screenshot-2.png" width="800px"&gt;&lt;/a&gt;</msg>
<status status="PASS" starttime="20210604 21:26:19.955" endtime="20210604 21:26:20.496"/>
</kw>
<msg timestamp="20210604 21:26:20.517" level="FAIL">ElementNotInteractableException: Message: Element &lt;a href="http://automationpractice.com/index.php?id_category=11&amp;controller=category"&gt; could not be scrolled into view
</msg>
<status status="FAIL" starttime="20210604 21:26:19.866" endtime="20210604 21:26:20.517"/>
</kw>
<status status="FAIL" starttime="20210604 21:26:19.862" endtime="20210604 21:26:20.517"/>
</kw>
<kw name="Fechar navegador" library="ResourceDesafios" type="TEARDOWN">
<kw name="Close Browser" library="SeleniumLibrary">
<doc>Closes the current browser.</doc>
<status status="PASS" starttime="20210604 21:26:20.520" endtime="20210604 21:26:21.339"/>
</kw>
<status status="PASS" starttime="20210604 21:26:20.518" endtime="20210604 21:26:21.340"/>
</kw>
<status status="FAIL" starttime="20210604 21:26:10.417" endtime="20210604 21:26:21.340">ElementNotInteractableException: Message: Element &lt;a href="http://automationpractice.com/index.php?id_category=11&amp;controller=category"&gt; could not be scrolled into view
</status>
</test>
<status status="FAIL" starttime="20210604 21:26:10.174" endtime="20210604 21:26:21.341"/>
</suite>
<statistics>
<total>
<stat pass="0" fail="1" skip="0">All Tests</stat>
</total>
<tag>
</tag>
<suite>
<stat pass="0" fail="1" skip="0" id="s1" name="Desafios">Desafios</stat>
</suite>
</statistics>
<errors>
</errors>
</robot>
