<?xml version="1.0" encoding="UTF-8"?>
<robot generator="Robot 4.0.3 (Python 3.8.5 on linux)" generated="20210531 18:29:27.440" rpa="false" schemaversion="2">
<suite id="s1" name="TestSitePractice" source="/home/kira/Documentos/robot_basico/tests/TestSitePractice.robot">
<test id="s1-t1" name="Caso de Teste 01: Pesquisar Produto Existente">
<kw name="Abrir navegador" library="Resource" type="SETUP">
<kw name="Open Browser" library="SeleniumLibrary">
<arg>about:blank</arg>
<arg>${BROWSER}</arg>
<doc>Opens a new browser instance to the optional ``url``.</doc>
<msg timestamp="20210531 18:29:27.623" level="INFO">Opening browser 'firefox' to base url 'about:blank'.</msg>
<msg timestamp="20210531 18:29:27.624" level="INFO">Firefox driver log is always forced to to: /home/kira/Documentos/robot_basico/geckodriver-9.log</msg>
<status status="PASS" starttime="20210531 18:29:27.622" endtime="20210531 18:29:31.561"/>
</kw>
<status status="PASS" starttime="20210531 18:29:27.621" endtime="20210531 18:29:31.562"/>
</kw>
<kw name="Acessar a página home do site" library="Resource">
<kw name="Go To" library="SeleniumLibrary">
<arg>http://automationpractice.com</arg>
<doc>Navigates the current browser window to the provided ``url``.</doc>
<msg timestamp="20210531 18:29:31.566" level="INFO">Opening url 'http://automationpractice.com'</msg>
<status status="PASS" starttime="20210531 18:29:31.565" endtime="20210531 18:29:37.935"/>
</kw>
<kw name="Title Should Be" library="SeleniumLibrary">
<arg>My Store</arg>
<doc>Verifies that the current page title equals ``title``.</doc>
<msg timestamp="20210531 18:29:37.956" level="INFO">Page title is 'My Store'.</msg>
<status status="PASS" starttime="20210531 18:29:37.936" endtime="20210531 18:29:37.958"/>
</kw>
<status status="PASS" starttime="20210531 18:29:31.564" endtime="20210531 18:29:37.958"/>
</kw>
<kw name="Digitar o nome do produto &quot;Blouse&quot; no campo de Pesquisa" library="Resource" sourcename="Digitar o nome do produto &quot;${PRODUTO}&quot; no campo de Pesquisa">
<kw name="Input Text" library="SeleniumLibrary">
<arg>name=search_query</arg>
<arg>${PRODUTO}</arg>
<doc>Types the given ``text`` into the text field identified by ``locator``.</doc>
<msg timestamp="20210531 18:29:37.974" level="INFO">Typing text 'Blouse' into text field 'name=search_query'.</msg>
<status status="PASS" starttime="20210531 18:29:37.962" endtime="20210531 18:29:38.089"/>
</kw>
<status status="PASS" starttime="20210531 18:29:37.959" endtime="20210531 18:29:38.089"/>
</kw>
<kw name="Clicar no botão pesquisar" library="Resource">
<kw name="Click Element" library="SeleniumLibrary">
<arg>name=submit_search</arg>
<doc>Click the element identified by ``locator``.</doc>
<msg timestamp="20210531 18:29:38.093" level="INFO">Clicking element 'name=submit_search'.</msg>
<status status="PASS" starttime="20210531 18:29:38.092" endtime="20210531 18:29:39.570"/>
</kw>
<status status="PASS" starttime="20210531 18:29:38.091" endtime="20210531 18:29:39.571"/>
</kw>
<kw name="Conferir se o produto &quot;Blouse&quot; foi listado no site" library="Resource" sourcename="Conferir se o produto &quot;${PRODUTO}&quot; foi listado no site">
<kw name="Wait Until Element Is Visible" library="SeleniumLibrary">
<arg>css=#center_column &gt; h1</arg>
<doc>Waits until the element ``locator`` is visible.</doc>
<status status="PASS" starttime="20210531 18:29:39.572" endtime="20210531 18:29:39.669"/>
</kw>
<kw name="Title Should Be" library="SeleniumLibrary">
<arg>Search - My Store</arg>
<doc>Verifies that the current page title equals ``title``.</doc>
<msg timestamp="20210531 18:29:39.691" level="INFO">Page title is 'Search - My Store'.</msg>
<status status="PASS" starttime="20210531 18:29:39.683" endtime="20210531 18:29:39.691"/>
</kw>
<kw name="Element Should Be Visible" library="SeleniumLibrary">
<arg>css=#center_column &gt; h1 &gt; span.heading-counter</arg>
<doc>Verifies that the element identified by ``locator`` is visible.</doc>
<msg timestamp="20210531 18:29:39.720" level="INFO">Element 'css=#center_column &gt; h1 &gt; span.heading-counter' is displayed.</msg>
<status status="PASS" starttime="20210531 18:29:39.692" endtime="20210531 18:29:39.721"/>
</kw>
<kw name="Page Should Contain Image" library="SeleniumLibrary">
<arg>xpath=//*[@id="center_column"]//*[@src='http://automationpractice.com/img/p/7/7-home_default.jpg']</arg>
<doc>Verifies image identified by ``locator`` is found from current page.</doc>
<msg timestamp="20210531 18:29:39.732" level="INFO">Current page contains image 'xpath=//*[@id="center_column"]//*[@src='http://automationpractice.com/img/p/7/7-home_default.jpg']'.</msg>
<status status="PASS" starttime="20210531 18:29:39.721" endtime="20210531 18:29:39.732"/>
</kw>
<kw name="Page Should Contain Link" library="SeleniumLibrary">
<arg>xpath=//*[@id="center_column"]//a[@class="product-name"][contains(text(), "${PRODUTO}")]</arg>
<doc>Verifies link identified by ``locator`` is found from current page.</doc>
<msg timestamp="20210531 18:29:39.743" level="INFO">Current page contains link 'xpath=//*[@id="center_column"]//a[@class="product-name"][contains(text(), "Blouse")]'.</msg>
<status status="PASS" starttime="20210531 18:29:39.732" endtime="20210531 18:29:39.743"/>
</kw>
<status status="PASS" starttime="20210531 18:29:39.572" endtime="20210531 18:29:39.743"/>
</kw>
<kw name="Fechar navegador" library="Resource" type="TEARDOWN">
<kw name="Close Browser" library="SeleniumLibrary">
<doc>Closes the current browser.</doc>
<status status="PASS" starttime="20210531 18:29:39.745" endtime="20210531 18:29:40.612"/>
</kw>
<status status="PASS" starttime="20210531 18:29:39.744" endtime="20210531 18:29:40.613"/>
</kw>
<status status="PASS" starttime="20210531 18:29:27.619" endtime="20210531 18:29:40.613"/>
</test>
<test id="s1-t2" name="Caso de Teste 02: Pesquisar Produto não Existente">
<kw name="Abrir navegador" library="Resource" type="SETUP">
<kw name="Open Browser" library="SeleniumLibrary">
<arg>about:blank</arg>
<arg>${BROWSER}</arg>
<doc>Opens a new browser instance to the optional ``url``.</doc>
<msg timestamp="20210531 18:29:40.617" level="INFO">Opening browser 'firefox' to base url 'about:blank'.</msg>
<msg timestamp="20210531 18:29:40.618" level="INFO">Firefox driver log is always forced to to: /home/kira/Documentos/robot_basico/geckodriver-10.log</msg>
<status status="PASS" starttime="20210531 18:29:40.617" endtime="20210531 18:29:45.353"/>
</kw>
<status status="PASS" starttime="20210531 18:29:40.616" endtime="20210531 18:29:45.354"/>
</kw>
<kw name="Acessar a página home do site" library="Resource">
<kw name="Go To" library="SeleniumLibrary">
<arg>http://automationpractice.com</arg>
<doc>Navigates the current browser window to the provided ``url``.</doc>
<msg timestamp="20210531 18:29:45.365" level="INFO">Opening url 'http://automationpractice.com'</msg>
<status status="PASS" starttime="20210531 18:29:45.364" endtime="20210531 18:29:49.682"/>
</kw>
<kw name="Title Should Be" library="SeleniumLibrary">
<arg>My Store</arg>
<doc>Verifies that the current page title equals ``title``.</doc>
<msg timestamp="20210531 18:29:49.688" level="INFO">Page title is 'My Store'.</msg>
<status status="PASS" starttime="20210531 18:29:49.683" endtime="20210531 18:29:49.688"/>
</kw>
<status status="PASS" starttime="20210531 18:29:45.355" endtime="20210531 18:29:49.688"/>
</kw>
<kw name="Digitar o nome do produto &quot;itemNãoExistente&quot; no campo de Pesquisa" library="Resource" sourcename="Digitar o nome do produto &quot;${PRODUTO}&quot; no campo de Pesquisa">
<kw name="Input Text" library="SeleniumLibrary">
<arg>name=search_query</arg>
<arg>${PRODUTO}</arg>
<doc>Types the given ``text`` into the text field identified by ``locator``.</doc>
<msg timestamp="20210531 18:29:49.691" level="INFO">Typing text 'itemNãoExistente' into text field 'name=search_query'.</msg>
<status status="PASS" starttime="20210531 18:29:49.690" endtime="20210531 18:29:49.833"/>
</kw>
<status status="PASS" starttime="20210531 18:29:49.689" endtime="20210531 18:29:49.834"/>
</kw>
<kw name="Clicar no botão pesquisar" library="Resource">
<kw name="Click Element" library="SeleniumLibrary">
<arg>name=submit_search</arg>
<doc>Click the element identified by ``locator``.</doc>
<msg timestamp="20210531 18:29:49.836" level="INFO">Clicking element 'name=submit_search'.</msg>
<status status="PASS" starttime="20210531 18:29:49.835" endtime="20210531 18:29:51.472"/>
</kw>
<status status="PASS" starttime="20210531 18:29:49.834" endtime="20210531 18:29:51.473"/>
</kw>
<kw name="Conferir mensagem de erro &quot;No results were found your search &quot;itemNãoExistente&quot;&quot;" library="Resource" sourcename="Conferir mensagem de erro &quot;${MENSAGEM_ALERTA}&quot;">
<kw name="Wait Until Element Is Visible" library="SeleniumLibrary">
<arg>xpath=//*[@id="center_column"]/p[@class='alert alert-warning']</arg>
<doc>Waits until the element ``locator`` is visible.</doc>
<status status="PASS" starttime="20210531 18:29:51.474" endtime="20210531 18:29:51.603"/>
</kw>
<kw name="Title Should Be" library="SeleniumLibrary">
<arg>Search - My Store</arg>
<doc>Verifies that the current page title equals ``title``.</doc>
<msg timestamp="20210531 18:29:51.613" level="INFO">Page title is 'Search - My Store'.</msg>
<status status="PASS" starttime="20210531 18:29:51.603" endtime="20210531 18:29:51.613"/>
</kw>
<kw name="Element Should Be Visible" library="SeleniumLibrary">
<arg>css=#center_column &gt; h1</arg>
<doc>Verifies that the element identified by ``locator`` is visible.</doc>
<msg timestamp="20210531 18:29:51.645" level="INFO">Element 'css=#center_column &gt; h1' is displayed.</msg>
<status status="PASS" starttime="20210531 18:29:51.614" endtime="20210531 18:29:51.645"/>
</kw>
<kw name="Element Should Be Visible" library="SeleniumLibrary">
<arg>css=#center_column &gt; h1 &gt; span</arg>
<doc>Verifies that the element identified by ``locator`` is visible.</doc>
<msg timestamp="20210531 18:29:51.669" level="INFO">Element 'css=#center_column &gt; h1 &gt; span' is displayed.</msg>
<status status="PASS" starttime="20210531 18:29:51.645" endtime="20210531 18:29:51.669"/>
</kw>
<kw name="Page Should Contain Element" library="SeleniumLibrary">
<arg>xpath=//*[@id="center_column"]/p[@class='alert alert-warning']</arg>
<doc>Verifies that element ``locator`` is found on the current page.</doc>
<msg timestamp="20210531 18:29:51.676" level="INFO">Current page contains element 'xpath=//*[@id="center_column"]/p[@class='alert alert-warning']'.</msg>
<status status="PASS" starttime="20210531 18:29:51.670" endtime="20210531 18:29:51.676"/>
</kw>
<status status="PASS" starttime="20210531 18:29:51.473" endtime="20210531 18:29:51.677"/>
</kw>
<kw name="Fechar navegador" library="Resource" type="TEARDOWN">
<kw name="Close Browser" library="SeleniumLibrary">
<doc>Closes the current browser.</doc>
<status status="PASS" starttime="20210531 18:29:51.678" endtime="20210531 18:29:52.624"/>
</kw>
<status status="PASS" starttime="20210531 18:29:51.677" endtime="20210531 18:29:52.625"/>
</kw>
<status status="PASS" starttime="20210531 18:29:40.614" endtime="20210531 18:29:52.625"/>
</test>
<status status="PASS" starttime="20210531 18:29:27.442" endtime="20210531 18:29:52.627"/>
</suite>
<statistics>
<total>
<stat pass="2" fail="0" skip="0">All Tests</stat>
</total>
<tag>
</tag>
<suite>
<stat pass="2" fail="0" skip="0" id="s1" name="TestSitePractice">TestSitePractice</stat>
</suite>
</statistics>
<errors>
</errors>
</robot>
