<?xml version="1.0" encoding="UTF-8"?>
<robot generator="Robot 4.0.3 (Python 3.8.10 on linux)" generated="20220316 00:53:18.131" rpa="false" schemaversion="2">
<suite id="s1" name="TestSitePractice1" source="/home/kira/Documentos/robot_basico/tests/TestSitePractice1.robot">
<test id="s1-t1" name="Caso de Teste 01: Pesquisar Produto Existente">
<kw name="Abrir navegador" library="Resource1" type="SETUP">
<kw name="Open Browser" library="SeleniumLibrary">
<arg>${URL}</arg>
<arg>${BROWSER}</arg>
<doc>Opens a new browser instance to the optional ``url``.</doc>
<msg timestamp="20220316 00:53:18.396" level="INFO">Opening browser 'chrome' to base url 'http://automationpractice.com'.</msg>
<status status="PASS" starttime="20220316 00:53:18.395" endtime="20220316 00:55:36.799"/>
</kw>
<status status="PASS" starttime="20220316 00:53:18.394" endtime="20220316 00:55:36.800"/>
</kw>
<kw name="Acessar a página home do site" library="Resource1">
<kw name="Title Should Be" library="SeleniumLibrary">
<arg>My Store</arg>
<doc>Verifies that the current page title equals ``title``.</doc>
<msg timestamp="20220316 00:55:36.815" level="INFO">Page title is 'My Store'.</msg>
<status status="PASS" starttime="20220316 00:55:36.803" endtime="20220316 00:55:36.815"/>
</kw>
<status status="PASS" starttime="20220316 00:55:36.801" endtime="20220316 00:55:36.815"/>
</kw>
<kw name="Digitar o nome do produto &quot;Blouse&quot; no campo de Pesquisa" library="Resource1" sourcename="Digitar o nome do produto &quot;${PRODUTO}&quot; no campo de pesquisa">
<kw name="Input Text" library="SeleniumLibrary">
<arg>id=search_query_top</arg>
<arg>${PRODUTO}</arg>
<doc>Types the given ``text`` into the text field identified by ``locator``.</doc>
<msg timestamp="20220316 00:55:36.819" level="INFO">Typing text 'Blouse' into text field 'id=search_query_top'.</msg>
<status status="PASS" starttime="20220316 00:55:36.816" endtime="20220316 00:55:36.967"/>
</kw>
<status status="PASS" starttime="20220316 00:55:36.816" endtime="20220316 00:55:36.968"/>
</kw>
<kw name="Clicar no botão pesquisar" library="Resource1">
<kw name="Click Button" library="SeleniumLibrary">
<arg>name=submit_search</arg>
<doc>Clicks the button identified by ``locator``.</doc>
<msg timestamp="20220316 00:55:36.970" level="INFO">Clicking button 'name=submit_search'.</msg>
<status status="PASS" starttime="20220316 00:55:36.969" endtime="20220316 00:55:38.427"/>
</kw>
<status status="PASS" starttime="20220316 00:55:36.968" endtime="20220316 00:55:38.427"/>
</kw>
<kw name="Conferir se o produto &quot;Blouse&quot; foi listado no site" library="Resource1" sourcename="Conferir se o produto &quot;${PRODUTO}&quot; foi listado no site">
<kw name="Wait Until Element Is Visible" library="SeleniumLibrary">
<arg>css=#center_column &gt; h1</arg>
<doc>Waits until the element ``locator`` is visible.</doc>
<status status="PASS" starttime="20220316 00:55:38.428" endtime="20220316 00:55:38.459"/>
</kw>
<kw name="Title Should Be" library="SeleniumLibrary">
<arg>Search - My Store</arg>
<doc>Verifies that the current page title equals ``title``.</doc>
<msg timestamp="20220316 00:55:38.463" level="INFO">Page title is 'Search - My Store'.</msg>
<status status="PASS" starttime="20220316 00:55:38.459" endtime="20220316 00:55:38.463"/>
</kw>
<kw name="Element Should Be Visible" library="SeleniumLibrary">
<arg>css=#center_column &gt; h1 &gt; span.heading-counter</arg>
<doc>Verifies that the element identified by ``locator`` is visible.</doc>
<msg timestamp="20220316 00:55:38.497" level="INFO">Element 'css=#center_column &gt; h1 &gt; span.heading-counter' is displayed.</msg>
<status status="PASS" starttime="20220316 00:55:38.463" endtime="20220316 00:55:38.497"/>
</kw>
<kw name="Page Should Contain Image" library="SeleniumLibrary">
<arg>xpath=//*[@id="center_column"]//*[@src='http://automationpractice.com/img/p/7/7-home_default.jpg']</arg>
<doc>Verifies image identified by ``locator`` is found from current page.</doc>
<msg timestamp="20220316 00:55:38.521" level="INFO">Current page contains image 'xpath=//*[@id="center_column"]//*[@src='http://automationpractice.com/img/p/7/7-home_default.jpg']'.</msg>
<status status="PASS" starttime="20220316 00:55:38.497" endtime="20220316 00:55:38.521"/>
</kw>
<kw name="Page Should Contain Link" library="SeleniumLibrary">
<arg>xpath=//*[@id="center_column"]//a[@class="product-name"][contains(text(),"${PRODUTO}")]</arg>
<doc>Verifies link identified by ``locator`` is found from current page.</doc>
<msg timestamp="20220316 00:55:38.543" level="INFO">Current page contains link 'xpath=//*[@id="center_column"]//a[@class="product-name"][contains(text(),"Blouse")]'.</msg>
<status status="PASS" starttime="20220316 00:55:38.521" endtime="20220316 00:55:38.544"/>
</kw>
<status status="PASS" starttime="20220316 00:55:38.428" endtime="20220316 00:55:38.544"/>
</kw>
<kw name="Fechar navegador" library="Resource1" type="TEARDOWN">
<kw name="Close Browser" library="SeleniumLibrary">
<doc>Closes the current browser.</doc>
<status status="PASS" starttime="20220316 00:55:38.545" endtime="20220316 00:55:38.622"/>
</kw>
<status status="PASS" starttime="20220316 00:55:38.544" endtime="20220316 00:55:38.622"/>
</kw>
<status status="PASS" starttime="20220316 00:53:18.393" endtime="20220316 00:55:38.622"/>
</test>
<test id="s1-t2" name="Caso de Teste 02: Pesquisar Produto não Existente">
<kw name="Abrir navegador" library="Resource1" type="SETUP">
<kw name="Open Browser" library="SeleniumLibrary">
<arg>${URL}</arg>
<arg>${BROWSER}</arg>
<doc>Opens a new browser instance to the optional ``url``.</doc>
<msg timestamp="20220316 00:55:38.626" level="INFO">Opening browser 'chrome' to base url 'http://automationpractice.com'.</msg>
<status status="PASS" starttime="20220316 00:55:38.625" endtime="20220316 00:56:01.404"/>
</kw>
<status status="PASS" starttime="20220316 00:55:38.625" endtime="20220316 00:56:01.404"/>
</kw>
<kw name="Acessar a página home do site" library="Resource1">
<kw name="Title Should Be" library="SeleniumLibrary">
<arg>My Store</arg>
<doc>Verifies that the current page title equals ``title``.</doc>
<msg timestamp="20220316 00:56:01.415" level="INFO">Page title is 'My Store'.</msg>
<status status="PASS" starttime="20220316 00:56:01.406" endtime="20220316 00:56:01.416"/>
</kw>
<status status="PASS" starttime="20220316 00:56:01.405" endtime="20220316 00:56:01.416"/>
</kw>
<kw name="Digitar o nome do produto &quot;itemNãoExistente&quot; no campo de Pesquisa" library="Resource1" sourcename="Digitar o nome do produto &quot;${PRODUTO}&quot; no campo de pesquisa">
<kw name="Input Text" library="SeleniumLibrary">
<arg>id=search_query_top</arg>
<arg>${PRODUTO}</arg>
<doc>Types the given ``text`` into the text field identified by ``locator``.</doc>
<msg timestamp="20220316 00:56:01.420" level="INFO">Typing text 'itemNãoExistente' into text field 'id=search_query_top'.</msg>
<status status="PASS" starttime="20220316 00:56:01.417" endtime="20220316 00:56:01.648"/>
</kw>
<status status="PASS" starttime="20220316 00:56:01.416" endtime="20220316 00:56:01.648"/>
</kw>
<kw name="Clicar no botão pesquisar" library="Resource1">
<kw name="Click Button" library="SeleniumLibrary">
<arg>name=submit_search</arg>
<doc>Clicks the button identified by ``locator``.</doc>
<msg timestamp="20220316 00:56:01.650" level="INFO">Clicking button 'name=submit_search'.</msg>
<status status="PASS" starttime="20220316 00:56:01.649" endtime="20220316 00:56:03.612"/>
</kw>
<status status="PASS" starttime="20220316 00:56:01.648" endtime="20220316 00:56:03.612"/>
</kw>
<kw name="Conferir mensagem de erro &quot;No results were found your search &quot;itemNãoExistente&quot;&quot;" library="Resource1" sourcename="Conferir mensagem de erro &quot;No results were found your search &quot;${PRODUTO}&quot;">
<kw name="Wait Until Element Is Visible" library="SeleniumLibrary">
<arg>css=#center_column &gt; h1</arg>
<doc>Waits until the element ``locator`` is visible.</doc>
<status status="PASS" starttime="20220316 00:56:03.612" endtime="20220316 00:56:03.658"/>
</kw>
<kw name="Title Should Be" library="SeleniumLibrary">
<arg>Search - My Store</arg>
<doc>Verifies that the current page title equals ``title``.</doc>
<msg timestamp="20220316 00:56:03.664" level="INFO">Page title is 'Search - My Store'.</msg>
<status status="PASS" starttime="20220316 00:56:03.658" endtime="20220316 00:56:03.664"/>
</kw>
<kw name="Element Should Be Visible" library="SeleniumLibrary">
<arg>css=#center_column &gt; h1 &gt; span</arg>
<doc>Verifies that the element identified by ``locator`` is visible.</doc>
<msg timestamp="20220316 00:56:03.699" level="INFO">Element 'css=#center_column &gt; h1 &gt; span' is displayed.</msg>
<status status="PASS" starttime="20220316 00:56:03.664" endtime="20220316 00:56:03.699"/>
</kw>
<kw name="Page Should Contain Element" library="SeleniumLibrary">
<arg>xpath=//*[@id="center_column"]/p[@class='alert alert-warning']</arg>
<doc>Verifies that element ``locator`` is found on the current page.</doc>
<msg timestamp="20220316 00:56:03.714" level="INFO">Current page contains element 'xpath=//*[@id="center_column"]/p[@class='alert alert-warning']'.</msg>
<status status="PASS" starttime="20220316 00:56:03.699" endtime="20220316 00:56:03.714"/>
</kw>
<status status="PASS" starttime="20220316 00:56:03.612" endtime="20220316 00:56:03.714"/>
</kw>
<kw name="Fechar navegador" library="Resource1" type="TEARDOWN">
<kw name="Close Browser" library="SeleniumLibrary">
<doc>Closes the current browser.</doc>
<status status="PASS" starttime="20220316 00:56:03.715" endtime="20220316 00:56:03.779"/>
</kw>
<status status="PASS" starttime="20220316 00:56:03.714" endtime="20220316 00:56:03.779"/>
</kw>
<status status="PASS" starttime="20220316 00:55:38.624" endtime="20220316 00:56:03.779"/>
</test>
<test id="s1-t3" name="Caso de Teste 03: Listar Produtos">
<kw name="Abrir navegador" library="Resource1" type="SETUP">
<kw name="Open Browser" library="SeleniumLibrary">
<arg>${URL}</arg>
<arg>${BROWSER}</arg>
<doc>Opens a new browser instance to the optional ``url``.</doc>
<msg timestamp="20220316 00:56:03.781" level="INFO">Opening browser 'chrome' to base url 'http://automationpractice.com'.</msg>
<status status="PASS" starttime="20220316 00:56:03.781" endtime="20220316 00:56:09.111"/>
</kw>
<status status="PASS" starttime="20220316 00:56:03.780" endtime="20220316 00:56:09.112"/>
</kw>
<kw name="Acessar a página home do site" library="Resource1">
<kw name="Title Should Be" library="SeleniumLibrary">
<arg>My Store</arg>
<doc>Verifies that the current page title equals ``title``.</doc>
<msg timestamp="20220316 00:56:09.127" level="INFO">Page title is 'My Store'.</msg>
<status status="PASS" starttime="20220316 00:56:09.114" endtime="20220316 00:56:09.127"/>
</kw>
<status status="PASS" starttime="20220316 00:56:09.113" endtime="20220316 00:56:09.127"/>
</kw>
<kw name="Passar o mouse por cima da categoria &quot;Women&quot; no meu principal superior de categorias" library="Resource1" sourcename="Passar o mouse por cima da categoria &quot;${PRODUTO}&quot; no meu principal superior de categorias">
<kw name="Wait Until Element Is Visible" library="SeleniumLibrary">
<arg>xpath=//*[@id="block_top_menu"]//*[@title='Women'][@class='sf-with-ul']</arg>
<doc>Waits until the element ``locator`` is visible.</doc>
<status status="PASS" starttime="20220316 00:56:09.128" endtime="20220316 00:56:09.169"/>
</kw>
<kw name="Title Should Be" library="SeleniumLibrary">
<arg>My Store</arg>
<doc>Verifies that the current page title equals ``title``.</doc>
<msg timestamp="20220316 00:56:09.177" level="INFO">Page title is 'My Store'.</msg>
<status status="PASS" starttime="20220316 00:56:09.169" endtime="20220316 00:56:09.177"/>
</kw>
<kw name="Mouse Over" library="SeleniumLibrary">
<arg>xpath=//*[@id="block_top_menu"]//*[@title='Women'][@class='sf-with-ul']</arg>
<doc>Simulates hovering the mouse over the element ``locator``.</doc>
<msg timestamp="20220316 00:56:09.178" level="INFO">Simulating Mouse Over on element 'xpath=//*[@id="block_top_menu"]//*[@title='Women'][@class='sf-with-ul']'.</msg>
<status status="PASS" starttime="20220316 00:56:09.177" endtime="20220316 00:56:09.501"/>
</kw>
<status status="PASS" starttime="20220316 00:56:09.128" endtime="20220316 00:56:09.501"/>
</kw>
<kw name="Clicar na sub categoria &quot;Summer Dresses&quot;" library="Resource1" sourcename="Clicar na sub categoria &quot;${SUB_PRODUTO}&quot;">
<kw name="Wait Until Element Is Visible" library="SeleniumLibrary">
<arg>xpath=/html/body/div/div[1]/header/div[3]/div/div/div[6]/ul/li[1]/ul/li[2]/ul/li[3]/a</arg>
<doc>Waits until the element ``locator`` is visible.</doc>
<status status="PASS" starttime="20220316 00:56:09.502" endtime="20220316 00:56:09.561"/>
</kw>
<kw name="Scroll Element Into View" library="SeleniumLibrary">
<arg>xpath=/html/body/div/div[1]/header/div[3]/div/div/div[6]/ul/li[1]/ul/li[2]/ul/li[3]/a</arg>
<doc>Scrolls the element identified by ``locator`` into view.</doc>
<status status="PASS" starttime="20220316 00:56:09.561" endtime="20220316 00:56:09.840"/>
</kw>
<kw name="Click Element" library="SeleniumLibrary">
<arg>css=#block_top_menu &gt; ul &gt; li:nth-child(1) &gt; ul &gt; li:nth-child(2) &gt; ul &gt; li:nth-child(3) &gt; a</arg>
<doc>Click the element identified by ``locator``.</doc>
<msg timestamp="20220316 00:56:09.841" level="INFO">Clicking element 'css=#block_top_menu &gt; ul &gt; li:nth-child(1) &gt; ul &gt; li:nth-child(2) &gt; ul &gt; li:nth-child(3) &gt; a'.</msg>
<status status="PASS" starttime="20220316 00:56:09.841" endtime="20220316 00:56:11.580"/>
</kw>
<status status="PASS" starttime="20220316 00:56:09.501" endtime="20220316 00:56:11.580"/>
</kw>
<kw name="Fechar navegador" library="Resource1" type="TEARDOWN">
<kw name="Close Browser" library="SeleniumLibrary">
<doc>Closes the current browser.</doc>
<status status="PASS" starttime="20220316 00:56:11.581" endtime="20220316 00:56:11.662"/>
</kw>
<status status="PASS" starttime="20220316 00:56:11.581" endtime="20220316 00:56:11.663"/>
</kw>
<status status="PASS" starttime="20220316 00:56:03.780" endtime="20220316 00:56:11.663"/>
</test>
<test id="s1-t4" name="Caso de Teste 04: Adicionar Produtos no Carrinho">
<kw name="Abrir navegador" library="Resource1" type="SETUP">
<kw name="Open Browser" library="SeleniumLibrary">
<arg>${URL}</arg>
<arg>${BROWSER}</arg>
<doc>Opens a new browser instance to the optional ``url``.</doc>
<msg timestamp="20220316 00:56:11.666" level="INFO">Opening browser 'chrome' to base url 'http://automationpractice.com'.</msg>
<status status="PASS" starttime="20220316 00:56:11.665" endtime="20220316 00:56:27.213"/>
</kw>
<status status="PASS" starttime="20220316 00:56:11.665" endtime="20220316 00:56:27.213"/>
</kw>
<kw name="Acessar a página home do site" library="Resource1">
<kw name="Title Should Be" library="SeleniumLibrary">
<arg>My Store</arg>
<doc>Verifies that the current page title equals ``title``.</doc>
<msg timestamp="20220316 00:56:27.226" level="INFO">Page title is 'My Store'.</msg>
<status status="PASS" starttime="20220316 00:56:27.215" endtime="20220316 00:56:27.226"/>
</kw>
<status status="PASS" starttime="20220316 00:56:27.214" endtime="20220316 00:56:27.226"/>
</kw>
<kw name="Digitar o nome do produto &quot;t-shirt&quot; no campo de Pesquisa" library="Resource1" sourcename="Digitar o nome do produto &quot;${PRODUTO}&quot; no campo de pesquisa">
<kw name="Input Text" library="SeleniumLibrary">
<arg>id=search_query_top</arg>
<arg>${PRODUTO}</arg>
<doc>Types the given ``text`` into the text field identified by ``locator``.</doc>
<msg timestamp="20220316 00:56:27.227" level="INFO">Typing text 't-shirt' into text field 'id=search_query_top'.</msg>
<status status="PASS" starttime="20220316 00:56:27.227" endtime="20220316 00:56:27.356"/>
</kw>
<status status="PASS" starttime="20220316 00:56:27.226" endtime="20220316 00:56:27.357"/>
</kw>
<kw name="Clicar no botão pesquisar" library="Resource1">
<kw name="Click Button" library="SeleniumLibrary">
<arg>name=submit_search</arg>
<doc>Clicks the button identified by ``locator``.</doc>
<msg timestamp="20220316 00:56:27.359" level="INFO">Clicking button 'name=submit_search'.</msg>
<status status="PASS" starttime="20220316 00:56:27.358" endtime="20220316 00:56:37.553"/>
</kw>
<status status="PASS" starttime="20220316 00:56:27.357" endtime="20220316 00:56:37.554"/>
</kw>
<kw name="Clicar no botão &quot;Add to cart&quot; do produto" library="Resource1" sourcename="Clicar no botão &quot;${CARRINHO}&quot; do produto">
<kw name="Wait Until Element Is Visible" library="SeleniumLibrary">
<arg>css=#center_column &gt; h1 &gt; span.heading-counter</arg>
<doc>Waits until the element ``locator`` is visible.</doc>
<status status="PASS" starttime="20220316 00:56:37.556" endtime="20220316 00:56:37.599"/>
</kw>
<kw name="Title Should Be" library="SeleniumLibrary">
<arg>Search - My Store</arg>
<doc>Verifies that the current page title equals ``title``.</doc>
<msg timestamp="20220316 00:56:37.605" level="INFO">Page title is 'Search - My Store'.</msg>
<status status="PASS" starttime="20220316 00:56:37.599" endtime="20220316 00:56:37.605"/>
</kw>
<kw name="Mouse Over" library="SeleniumLibrary">
<arg>xpath=//*[@id="center_column"]//*[@src='http://automationpractice.com/img/p/1/1-home_default.jpg']</arg>
<doc>Simulates hovering the mouse over the element ``locator``.</doc>
<msg timestamp="20220316 00:56:37.606" level="INFO">Simulating Mouse Over on element 'xpath=//*[@id="center_column"]//*[@src='http://automationpractice.com/img/p/1/1-home_default.jpg']'.</msg>
<status status="PASS" starttime="20220316 00:56:37.605" endtime="20220316 00:56:37.887"/>
</kw>
<kw name="Scroll Element Into View" library="SeleniumLibrary">
<arg>xpath=//*[@id="center_column"]//a[@title='Add to cart']</arg>
<doc>Scrolls the element identified by ``locator`` into view.</doc>
<status status="PASS" starttime="20220316 00:56:37.888" endtime="20220316 00:56:38.209"/>
</kw>
<kw name="Double Click Element" library="SeleniumLibrary">
<arg>xpath=//*[@id="center_column"]//a[@title='Add to cart']</arg>
<doc>Double clicks the element identified by ``locator``.</doc>
<msg timestamp="20220316 00:56:38.212" level="INFO">Double clicking element 'xpath=//*[@id="center_column"]//a[@title='Add to cart']'.</msg>
<status status="PASS" starttime="20220316 00:56:38.210" endtime="20220316 00:56:38.578"/>
</kw>
<status status="PASS" starttime="20220316 00:56:37.555" endtime="20220316 00:56:38.578"/>
</kw>
<kw name="Clicar no botão &quot;Proceed to checkout&quot;" library="Resource1" sourcename="Clicar no botão &quot;${CONT_COMPRA}&quot;">
<kw name="Wait Until Element Is Visible" library="SeleniumLibrary">
<arg>xpath=//*[@id="layer_cart"]/div[1]/div[1]/div[2]</arg>
<doc>Waits until the element ``locator`` is visible.</doc>
<status status="PASS" starttime="20220316 00:56:38.580" endtime="20220316 00:56:39.640"/>
</kw>
<kw name="Scroll Element Into View" library="SeleniumLibrary">
<arg>xpath=//*[@id="layer_cart"]//a[@title='Proceed to checkout']</arg>
<doc>Scrolls the element identified by ``locator`` into view.</doc>
<status status="PASS" starttime="20220316 00:56:39.641" endtime="20220316 00:56:39.939"/>
</kw>
<kw name="Double Click Element" library="SeleniumLibrary">
<arg>xpath=//*[@id="layer_cart"]//a[@title='Proceed to checkout']</arg>
<doc>Double clicks the element identified by ``locator``.</doc>
<msg timestamp="20220316 00:56:39.940" level="INFO">Double clicking element 'xpath=//*[@id="layer_cart"]//a[@title='Proceed to checkout']'.</msg>
<status status="PASS" starttime="20220316 00:56:39.939" endtime="20220316 00:57:03.219"/>
</kw>
<status status="PASS" starttime="20220316 00:56:38.579" endtime="20220316 00:57:03.220"/>
</kw>
<kw name="Fechar navegador" library="Resource1" type="TEARDOWN">
<kw name="Close Browser" library="SeleniumLibrary">
<doc>Closes the current browser.</doc>
<status status="PASS" starttime="20220316 00:57:03.222" endtime="20220316 00:57:03.288"/>
</kw>
<status status="PASS" starttime="20220316 00:57:03.220" endtime="20220316 00:57:03.289"/>
</kw>
<status status="PASS" starttime="20220316 00:56:11.664" endtime="20220316 00:57:03.289"/>
</test>
<test id="s1-t5" name="Caso de Teste 06: Adicionar Cliente">
<kw name="Abrir navegador" library="Resource1" type="SETUP">
<kw name="Open Browser" library="SeleniumLibrary">
<arg>${URL}</arg>
<arg>${BROWSER}</arg>
<doc>Opens a new browser instance to the optional ``url``.</doc>
<msg timestamp="20220316 00:57:03.291" level="INFO">Opening browser 'chrome' to base url 'http://automationpractice.com'.</msg>
<status status="PASS" starttime="20220316 00:57:03.291" endtime="20220316 00:57:20.308"/>
</kw>
<status status="PASS" starttime="20220316 00:57:03.290" endtime="20220316 00:57:20.309"/>
</kw>
<kw name="Acessar a página home do site" library="Resource1">
<kw name="Title Should Be" library="SeleniumLibrary">
<arg>My Store</arg>
<doc>Verifies that the current page title equals ``title``.</doc>
<msg timestamp="20220316 00:57:20.318" level="INFO">Page title is 'My Store'.</msg>
<status status="PASS" starttime="20220316 00:57:20.311" endtime="20220316 00:57:20.318"/>
</kw>
<status status="PASS" starttime="20220316 00:57:20.310" endtime="20220316 00:57:20.319"/>
</kw>
<kw name="Clicar no botão superior direito &quot;Sign in&quot;" library="Resource1" sourcename="Clicar no botão superior direito &quot;${ACESSO}&quot;">
<kw name="Wait Until Element Is Visible" library="SeleniumLibrary">
<arg>xpath=//*[@id="header_logo"]//*[@src='http://automationpractice.com/img/logo.jpg']</arg>
<doc>Waits until the element ``locator`` is visible.</doc>
<status status="PASS" starttime="20220316 00:57:20.320" endtime="20220316 00:57:20.359"/>
</kw>
<kw name="Title Should Be" library="SeleniumLibrary">
<arg>My Store</arg>
<doc>Verifies that the current page title equals ``title``.</doc>
<msg timestamp="20220316 00:57:20.365" level="INFO">Page title is 'My Store'.</msg>
<status status="PASS" starttime="20220316 00:57:20.359" endtime="20220316 00:57:20.365"/>
</kw>
<kw name="Click Link" library="SeleniumLibrary">
<arg>xpath=//*[@id="header"]//a[@class='login']</arg>
<doc>Clicks a link identified by ``locator``.</doc>
<msg timestamp="20220316 00:57:20.365" level="INFO">Clicking link 'xpath=//*[@id="header"]//a[@class='login']'.</msg>
<status status="PASS" starttime="20220316 00:57:20.365" endtime="20220316 00:57:22.079"/>
</kw>
<status status="PASS" starttime="20220316 00:57:20.319" endtime="20220316 00:57:22.079"/>
</kw>
<kw name="Inserir um e-mail válido" library="Resource1">
<kw name="Input Text" library="SeleniumLibrary">
<arg>css=#email_create</arg>
<arg>gislaine28@exemplo.com</arg>
<doc>Types the given ``text`` into the text field identified by ``locator``.</doc>
<msg timestamp="20220316 00:57:22.083" level="INFO">Typing text 'gislaine28@exemplo.com' into text field 'css=#email_create'.</msg>
<status status="PASS" starttime="20220316 00:57:22.081" endtime="20220316 00:57:22.240"/>
</kw>
<status status="PASS" starttime="20220316 00:57:22.080" endtime="20220316 00:57:22.240"/>
</kw>
<kw name="Clique no botão &quot;Create na account&quot;" library="Resource1" sourcename="Clique no botão &quot;${CRIADO}&quot;">
<kw name="Click Button" library="SeleniumLibrary">
<arg>css=#SubmitCreate</arg>
<doc>Clicks the button identified by ``locator``.</doc>
<msg timestamp="20220316 00:57:22.242" level="INFO">Clicking button 'css=#SubmitCreate'.</msg>
<status status="PASS" starttime="20220316 00:57:22.241" endtime="20220316 00:57:22.358"/>
</kw>
<status status="PASS" starttime="20220316 00:57:22.241" endtime="20220316 00:57:22.359"/>
</kw>
<kw name="Preencher os campos obrigatórios" library="Resource1">
<kw name="Wait Until Element Is Visible" library="SeleniumLibrary">
<arg>css=#noSlide &gt; h1</arg>
<doc>Waits until the element ``locator`` is visible.</doc>
<status status="PASS" starttime="20220316 00:57:22.359" endtime="20220316 00:57:23.335"/>
</kw>
<kw name="Wait Until Element Is Visible" library="SeleniumLibrary">
<arg>css=#account-creation_form &gt; div:nth-child(1) &gt; h3</arg>
<doc>Waits until the element ``locator`` is visible.</doc>
<status status="PASS" starttime="20220316 00:57:23.335" endtime="20220316 00:57:23.792"/>
</kw>
<kw name="Title Should Be" library="SeleniumLibrary">
<arg>Login - My Store</arg>
<doc>Verifies that the current page title equals ``title``.</doc>
<msg timestamp="20220316 00:57:23.802" level="INFO">Page title is 'Login - My Store'.</msg>
<status status="PASS" starttime="20220316 00:57:23.792" endtime="20220316 00:57:23.802"/>
</kw>
<kw name="Click Element" library="SeleniumLibrary">
<arg>css=#id_gender2</arg>
<doc>Click the element identified by ``locator``.</doc>
<msg timestamp="20220316 00:57:23.803" level="INFO">Clicking element 'css=#id_gender2'.</msg>
<status status="PASS" starttime="20220316 00:57:23.803" endtime="20220316 00:57:23.891"/>
</kw>
<kw name="Input Text" library="SeleniumLibrary">
<arg>id=customer_firstname</arg>
<arg>Kira</arg>
<doc>Types the given ``text`` into the text field identified by ``locator``.</doc>
<msg timestamp="20220316 00:57:23.892" level="INFO">Typing text 'Kira' into text field 'id=customer_firstname'.</msg>
<status status="PASS" starttime="20220316 00:57:23.891" endtime="20220316 00:57:24.057"/>
</kw>
<kw name="Input Text" library="SeleniumLibrary">
<arg>id=customer_lastname</arg>
<arg>Oliveira</arg>
<doc>Types the given ``text`` into the text field identified by ``locator``.</doc>
<msg timestamp="20220316 00:57:24.058" level="INFO">Typing text 'Oliveira' into text field 'id=customer_lastname'.</msg>
<status status="PASS" starttime="20220316 00:57:24.058" endtime="20220316 00:57:24.226"/>
</kw>
<kw name="Input Text" library="SeleniumLibrary">
<arg>id=email</arg>
<arg>gislaine28@exemplo.com</arg>
<doc>Types the given ``text`` into the text field identified by ``locator``.</doc>
<msg timestamp="20220316 00:57:24.227" level="INFO">Typing text 'gislaine28@exemplo.com' into text field 'id=email'.</msg>
<status status="PASS" starttime="20220316 00:57:24.227" endtime="20220316 00:57:24.558"/>
</kw>
<kw name="Input Text" library="SeleniumLibrary">
<arg>id=passwd</arg>
<arg>1234</arg>
<doc>Types the given ``text`` into the text field identified by ``locator``.</doc>
<msg timestamp="20220316 00:57:24.559" level="INFO">Typing text '1234' into text field 'id=passwd'.</msg>
<status status="PASS" starttime="20220316 00:57:24.558" endtime="20220316 00:57:24.704"/>
</kw>
<kw name="Set Focus To Element" library="SeleniumLibrary">
<arg>id=uniform-days</arg>
<doc>Sets the focus to the element identified by ``locator``.</doc>
<status status="PASS" starttime="20220316 00:57:24.704" endtime="20220316 00:57:24.727"/>
</kw>
<kw name="Click Element" library="SeleniumLibrary">
<arg>css=#newsletter</arg>
<doc>Click the element identified by ``locator``.</doc>
<msg timestamp="20220316 00:57:24.728" level="INFO">Clicking element 'css=#newsletter'.</msg>
<status status="PASS" starttime="20220316 00:57:24.727" endtime="20220316 00:57:24.821"/>
</kw>
<kw name="Input Text" library="SeleniumLibrary">
<arg>id=company</arg>
<arg>KOW</arg>
<doc>Types the given ``text`` into the text field identified by ``locator``.</doc>
<msg timestamp="20220316 00:57:24.822" level="INFO">Typing text 'KOW' into text field 'id=company'.</msg>
<status status="PASS" starttime="20220316 00:57:24.821" endtime="20220316 00:57:24.976"/>
</kw>
<kw name="Input Text" library="SeleniumLibrary">
<arg>id=address1</arg>
<arg>Rua Laura 125</arg>
<doc>Types the given ``text`` into the text field identified by ``locator``.</doc>
<msg timestamp="20220316 00:57:24.977" level="INFO">Typing text 'Rua Laura 125' into text field 'id=address1'.</msg>
<status status="PASS" starttime="20220316 00:57:24.976" endtime="20220316 00:57:25.120"/>
</kw>
<kw name="Input Text" library="SeleniumLibrary">
<arg>id=city</arg>
<arg>Curitiba</arg>
<doc>Types the given ``text`` into the text field identified by ``locator``.</doc>
<msg timestamp="20220316 00:57:25.121" level="INFO">Typing text 'Curitiba' into text field 'id=city'.</msg>
<status status="PASS" starttime="20220316 00:57:25.121" endtime="20220316 00:57:25.298"/>
</kw>
<kw name="Set Focus To Element" library="SeleniumLibrary">
<arg>id=uniform-id_state</arg>
<doc>Sets the focus to the element identified by ``locator``.</doc>
<status status="PASS" starttime="20220316 00:57:25.298" endtime="20220316 00:57:25.322"/>
</kw>
<kw name="Input Text" library="SeleniumLibrary">
<arg>id=postcode</arg>
<arg>00000-000</arg>
<doc>Types the given ``text`` into the text field identified by ``locator``.</doc>
<msg timestamp="20220316 00:57:25.322" level="INFO">Typing text '00000-000' into text field 'id=postcode'.</msg>
<status status="PASS" starttime="20220316 00:57:25.322" endtime="20220316 00:57:25.487"/>
</kw>
<kw name="Set Focus To Element" library="SeleniumLibrary">
<arg>id=uniform-id_country</arg>
<doc>Sets the focus to the element identified by ``locator``.</doc>
<status status="PASS" starttime="20220316 00:57:25.487" endtime="20220316 00:57:25.509"/>
</kw>
<kw name="Input Text" library="SeleniumLibrary">
<arg>id=other</arg>
<arg>Teste</arg>
<doc>Types the given ``text`` into the text field identified by ``locator``.</doc>
<msg timestamp="20220316 00:57:25.509" level="INFO">Typing text 'Teste' into text field 'id=other'.</msg>
<status status="PASS" starttime="20220316 00:57:25.509" endtime="20220316 00:57:25.642"/>
</kw>
<kw name="Input Text" library="SeleniumLibrary">
<arg>id=phone_mobile</arg>
<arg>99999-9999</arg>
<doc>Types the given ``text`` into the text field identified by ``locator``.</doc>
<msg timestamp="20220316 00:57:25.643" level="INFO">Typing text '99999-9999' into text field 'id=phone_mobile'.</msg>
<status status="PASS" starttime="20220316 00:57:25.643" endtime="20220316 00:57:25.798"/>
</kw>
<status status="PASS" starttime="20220316 00:57:22.359" endtime="20220316 00:57:25.799"/>
</kw>
<kw name="Clicar em &quot;Registrar&quot; para finalizar o cadastro" library="Resource1">
<kw name="Click Button" library="SeleniumLibrary">
<arg>css=#submitAccount</arg>
<doc>Clicks the button identified by ``locator``.</doc>
<msg timestamp="20220316 00:57:25.801" level="INFO">Clicking button 'css=#submitAccount'.</msg>
<status status="PASS" starttime="20220316 00:57:25.801" endtime="20220316 00:57:42.405"/>
</kw>
<status status="PASS" starttime="20220316 00:57:25.800" endtime="20220316 00:57:42.406"/>
</kw>
<kw name="Fechar navegador" library="Resource1" type="TEARDOWN">
<kw name="Close Browser" library="SeleniumLibrary">
<doc>Closes the current browser.</doc>
<status status="PASS" starttime="20220316 00:57:42.407" endtime="20220316 00:57:42.480"/>
</kw>
<status status="PASS" starttime="20220316 00:57:42.406" endtime="20220316 00:57:42.480"/>
</kw>
<status status="PASS" starttime="20220316 00:57:03.290" endtime="20220316 00:57:42.481"/>
</test>
<status status="PASS" starttime="20220316 00:53:18.132" endtime="20220316 00:57:42.484"/>
</suite>
<statistics>
<total>
<stat pass="5" fail="0" skip="0">All Tests</stat>
</total>
<tag>
</tag>
<suite>
<stat pass="5" fail="0" skip="0" id="s1" name="TestSitePractice1">TestSitePractice1</stat>
</suite>
</statistics>
<errors>
</errors>
</robot>
