<?xml version="1.0" encoding="UTF-8"?>
<robot generator="Robot 4.0.3 (Python 3.8.5 on linux)" generated="20210614 19:35:53.179" rpa="false" schemaversion="2">
<suite id="s1" name="TestCasesBooksAPI1" source="/home/kira/Documentos/robot_basico/BooksApi/TestCasesBooksAPI1.robot">
<kw name="Conectar a minha API" library="ResourceAPI1" type="SETUP">
<kw name="Create Session" library="RequestsLibrary">
<arg>fakeAPI</arg>
<arg>${URL_API}</arg>
<doc>Create Session: create a HTTP session to a server</doc>
<msg timestamp="20210614 19:35:53.307" level="INFO">Creating Session using : alias=fakeAPI, url=https://fakerestapi.azurewebsites.net/api/v1/, headers={},                     cookies={}, auth=None, timeout=None, proxies=None, verify=False,                     debug=0 </msg>
<status status="PASS" starttime="20210614 19:35:53.307" endtime="20210614 19:35:53.308"/>
</kw>
<kw name="Create Dictionary" library="BuiltIn">
<var>${HEADERS}</var>
<arg>content-type=application/json</arg>
<doc>Creates and returns a dictionary based on the given ``items``.</doc>
<msg timestamp="20210614 19:35:53.308" level="INFO">${HEADERS} = {'content-type': 'application/json'}</msg>
<status status="PASS" starttime="20210614 19:35:53.308" endtime="20210614 19:35:53.308"/>
</kw>
<kw name="Set Suite Variable" library="BuiltIn">
<arg>${HEADERS}</arg>
<doc>Makes a variable available everywhere within the scope of the current suite.</doc>
<msg timestamp="20210614 19:35:53.309" level="INFO">${HEADERS} = {'content-type': 'application/json'}</msg>
<status status="PASS" starttime="20210614 19:35:53.309" endtime="20210614 19:35:53.309"/>
</kw>
<status status="PASS" starttime="20210614 19:35:53.306" endtime="20210614 19:35:53.310"/>
</kw>
<test id="s1-t1" name="Buscar a listagem de todos os livros (GET em todos os livros)">
<kw name="Requisitar todos os livros" library="ResourceAPI1">
<kw name="Get On Session" library="RequestsLibrary">
<var>${RESPOSTA}</var>
<arg>fakeAPI</arg>
<arg>Books</arg>
<doc>Sends a GET request on a previously created HTTP Session.</doc>
<msg timestamp="20210614 19:35:55.661" level="INFO">GET Request : url=https://fakerestapi.azurewebsites.net/api/v1/Books 
 path_url=/api/v1/Books 
 headers={'User-Agent': 'python-requests/2.22.0', 'Accept-Encoding': 'gzip, deflate', 'Accept': '*/*', 'Connection': 'keep-alive'} 
 body=None 
 </msg>
<msg timestamp="20210614 19:35:55.662" level="INFO">GET Response : url=https://fakerestapi.azurewebsites.net/api/v1/Books 
 status=200, reason=OK 
 headers={'Transfer-Encoding': 'chunked', 'Content-Type': 'application/json; charset=utf-8; v=1.0', 'Server': 'Kestrel', 'api-supported-versions': '1.0', 'Date': 'Mon, 14 Jun 2021 22:35:53 GMT'} 
 body=[{"id":1,"title":"Book 1","description":"Tempor iusto labore autem eirmod no sanctus sed sadipscing dolores enim ipsum et rebum sit et ea. Magna sea eros amet ipsum kasd sea eos no kasd ut iusto diam iriure aliquyam eirmod dolor sit. Erat eirmod at aliquyam molestie vel illum et molestie aliquyam. Erat magna aliquyam magna blandit dolor sadipscing diam sea eirmod. Et invidunt dolor sit dolore hendrerit clita sed. No tempor amet magna aliquam eirmod stet sit hendrerit est consequat blandit est stet invidunt est nonumy. Voluptua dolor molestie blandit ut erat eirmod sea invidunt. Lorem tincidunt consetetur rebum lorem lorem dolor consetetur duo sed et dolor eos sit. Volutpat dolor amet tation sit sadipscing nonumy nonumy. Vulputate hendrerit assum tempor duis. Elitr magna aliquyam tempor est sea sit autem nonumy blandit aliquyam amet in nonumy. Magna tincidunt dolor. Magna justo tempor erat vel lorem id elitr sadipscing magna dolor tempor erat no elitr labore. Lorem dolore gubergren ipsum stet lorem sed erat lorem erat ipsum labore. Eirmod sed amet sit ex exerci dolore sea. Est sit in dolore erat aliquam magna sit ipsum euismod nostrud eos velit sit eirmod. Dolor kasd eum. Eirmod enim kasd dolore sit sit consetetur erat. Velit stet clita ea eros imperdiet magna dolor clita duo.\n","pageCount":100,"excerpt":"Amet stet ipsum iusto dolore sit at autem et nisl est dolor ad sadipscing et amet eirmod. Et no ut eum lorem kasd praesent vero euismod amet. Illum placerat hendrerit dolore diam labore takimata labore sit ipsum nonumy no eros sadipscing dolor. Eirmod hendrerit euismod clita accusam duo elitr ea ipsum et aliquip aliquip magna et sed sed. Diam ut kasd consequat tincidunt clita ipsum ullamcorper est sadipscing eos vero et invidunt ipsum et lorem. Iusto feugiat nonumy esse no lorem amet erat duo elitr dolor et ipsum augue. Consetetur nostrud diam sadipscing augue at et et accusam at amet accusam lorem et esse dolor dolores consetetur. Labore duo justo lorem duo takimata nonummy accumsan eu ea at et nibh ea et at dolores labore. Diam sed vero et. Placerat ea et amet lorem kasd et. Dolor diam cum sea diam aliquyam nonumy eos duis sit lorem dolore dolor.\nAccusam dolor vel ipsum. Amet aliquam sit tempor tempor nihil amet eleifend eos duo amet aliquip diam sed sed. Duo lorem takimata. Vero facilisi feugiat.\nIpsum dolores aliquip. Dolore ipsum sadipscing rebum dolor lorem ea diam euismod invidunt sadipscing autem elitr aliquyam gubergren sit molestie. Consequat takimata nulla aliquyam vero dolores magna. Duis nonummy gubergren at duo gubergren odio. Lorem clita at est takimata exerci vero nisl duo. Gubergren dignissim gubergren invidunt erat sit veniam ex magna sea. Sed labore et lorem rebum te et aliquyam. Luptatum ipsum nonummy. Et eos duo tincidunt dolores enim dolor gubergren.\nSanctus sed invidunt ipsum. Erat tempor ex vero imperdiet. Diam accusam sed feugait. No sadipscing amet ullamcorper quis voluptua laoreet facer nostrud lorem magna adipiscing ipsum consequat. Dolore dolore nulla labore wisi accusam consetetur aliquam ea est aliquyam sed volutpat esse dolor vero ipsum takimata. Kasd eos illum duo labore ut clita sed rebum. Feugiat tincidunt sadipscing gubergren et. Duo erat ullamcorper augue tation diam dolor diam diam ea enim esse accusam.\nFacilisis dolore amet soluta dolore eu vero sit et ad rebum amet suscipit. Iriure clita consetetur vel in sea dolor. Nihil sit dolores stet clita sea vel esse tempor eu dolor possim elit esse consequat stet sanctus. Duis sed amet labore at lorem diam. Amet eirmod duo sit diam et gubergren accusam labore tempor in dolore sadipscing dolor. Erat dolore dolor feugiat sanctus ad illum. Sea stet possim et quod accumsan stet eos. Dolore est ad nonumy dolor et autem gubergren dolor tation sea labore. Ullamcorper stet voluptua illum nonumy stet at amet dignissim voluptua diam. Duis gubergren sit. Ipsum ea velit amet duo nonummy aliquyam. Sit lobortis sit erat duo et ipsum voluptua sanctus aliquip dolores blandit clita consequat. At et justo elitr luptatum eirmod et magna eleifend.\n","publishDate":"2021-06-13T22:35:54.1907765+00:00"},{"id":2,"title":"Book 2","description":"In ipsum ut amet facer no. Cum no elitr ipsum consectetuer lorem dolor ut takimata magna luptatum stet takimata lorem rebum voluptua facilisi. Clita eos rebum augue labore accusam elitr erat sanctus lorem facilisi no. Lorem justo justo autem nibh dolor. Et eos volutpat eos sea eos et sea dolor. Kasd sit qui justo et consetetur dolores kasd est diam et consetetur kasd diam in consetetur at magna. Molestie takimata volutpat dolor lorem euismod kasd. Sit nibh sea no vel feugait iriure dolore accusam invidunt nibh in et at nulla at lobortis consequat. Est justo facilisis accumsan magna luptatum dolore feugiat sea amet duis gubergren id sed dolor et sit ipsum.\n","pageCount":200,"excerpt":"Consetetur dolor erat tincidunt ea no sed sit nonumy ipsum. Kasd erat facilisi amet vel delenit dolor luptatum feugiat diam et sed facilisis invidunt elitr et. Lorem magna diam. Est at sed feugiat sed aliquip labore at praesent lorem et. Ipsum praesent tempor erat iriure est vero sanctus amet dolor assum et doming clita voluptua molestie erat laoreet. Lorem voluptua accusam cum at consequat aliquyam tincidunt. Ipsum velit aliquyam ut dolor. Dolor sea in invidunt iriure sit dolore kasd sea sanctus facilisis est amet. Eum gubergren dolor ad diam eum ipsum odio et tincidunt consetetur et rebum ut takimata. Euismod ut labore clita sit labore. Exerci dolor vero rebum sed sed liber nonumy nulla.\nEu ea diam accusam. In sadipscing ipsum. Aliquyam voluptua elitr blandit erat lorem gubergren lorem ut vero est labore vel sanctus enim takimata sit exerci. Quis eirmod vel sadipscing sea sit. Sadipscing feugiat ut ipsum et tempor takimata clita eirmod eum vero ea invidunt iusto dolor lobortis eos augue. Sanctus rebum blandit sed dolore in labore amet. Vero minim hendrerit sit eros eu ullamcorper. Sadipscing dolor dolor sit at tempor takimata voluptua consetetur praesent. Diam vero elit vero est molestie stet rebum eos at iusto in qui eos at. Vero vulputate sit eos quis tempor dolor erat voluptua ipsum sed vero stet vero at.\nNobis ipsum dolor magna eu dolore. Aliquip at consetetur magna dignissim odio consetetur quis no lorem elitr lorem justo consetetur ullamcorper et duo. Sadipscing aliquyam feugait sed elitr nulla eirmod te kasd id at sit erat erat. Nonumy tempor dolore lorem lorem dolore nostrud vulputate dolor vulputate et.\nSed sit amet lorem sanctus accusam sed nonumy sed et illum molestie magna lorem labore amet aliquyam luptatum. Ut ipsum aliquyam ipsum iriure eu. No diam feugait elitr dolores rebum ut ea clita erat magna sanctus. Ut et eos hendrerit. Consequat nostrud consetetur id facilisi takimata takimata autem aliquam gubergren consetetur consetetur ullamcorper eu lorem tempor diam consequat. Eos consequat amet diam duis amet voluptua consetetur lorem exerci. Odio commodo at diam feugiat sit ipsum sea accusam elitr dolor. Kasd lorem consetetur labore ipsum vero commodo consetetur accumsan erat. Et sadipscing diam aliquyam eos dolor velit et diam et sit eu labore aliquyam veniam lorem gubergren. Feugiat rebum dolore et no.\nStet elitr vel eos dolore diam ipsum gubergren magna blandit takimata dolor exerci. Ea erat autem est diam molestie rebum ea iriure sit iusto. Vulputate amet sea blandit et aliquyam amet in duis aliquyam dignissim sadipscing suscipit labore. Et eirmod amet erat. Tempor nonumy nostrud rebum et no. Soluta dolore tempor in est te stet dolor accusam sed duo lobortis. Sit lorem aliquyam et facilisis accusam accusam sed facilisi duo hendrerit duo ipsum dolor labore ipsum vulputate duo eu. Autem lobortis diam accumsan sit aliquyam nihil amet vero lobortis ipsum sanctus rebum. Consectetuer sit ea sea mazim zzril elitr ipsum facer ut dolore sadipscing quis magna dolore rebum. Enim amet ea consetetur. Ipsum sit takimata sadipscing lorem esse ut no nonumy. Dolore esse sanctus invidunt qui nostrud stet dolor assum. Vero et erat dignissim accusam sanctus labore ex eleifend amet invidunt ipsum vero. Rebum lorem quod autem dolore.\n","publishDate":"2021-06-12T22:35:54.1908699+00:00"},{"id":3,"title":"Book 3","description":"Duis ea sanctus dolor. Nonumy facilisi diam gubergren accumsan lorem ut sit dolor ipsum gubergren molestie commodo diam. Stet feugait est sanctus dolore labore labore magna. Clita eos sit ipsum. Ex takimata autem ea dolor at dolor elitr exerci et accusam justo imperdiet imperdiet et. Ut nonumy elitr diam laoreet eu rebum magna tempor sit no duo justo consequat lorem lorem. Justo dolores dolor sed blandit dolore sed et at labore eos lorem dolore justo liber at et lorem ut. Lorem ut ipsum kasd sea illum. Ipsum eu lorem nonumy eirmod sea. No sea amet vel dolor et no aliquyam. Te sit dolores voluptua ut vero eros dolor duo gubergren dolor. Lorem ipsum ut molestie dignissim vel accusam vero dolore et justo eirmod facilisis invidunt in justo erat. Volutpat sed sed erat iriure. Sed invidunt wisi kasd clita sed nostrud dolor amet accusam dolore eos sadipscing sanctus tempor takimata eirmod nibh ea. Duis voluptua eos et feugait sanctus et sanctus sed at elitr sed kasd amet. Lorem eu erat sit hendrerit sed dolore invidunt dolor et sea clita. Dolor est zzril nulla no clita erat sed magna magna cum tempor lorem.\n","pageCount":300,"excerpt":"Duis facilisis diam exerci. Dolore dolores justo sadipscing suscipit invidunt minim tempor takimata. Molestie diam illum. Dolores lorem erat sanctus sanctus augue sadipscing dignissim consectetuer dolore dolore dolore accumsan et diam sanctus dolor dolor. Tempor ipsum ipsum mazim takimata ipsum. Dolor esse dolore ipsum ipsum labore facilisis volutpat sea rebum suscipit lorem assum. Magna ipsum sadipscing ut gubergren invidunt et labore at ea eirmod dolor ut dolor elitr sadipscing et in lorem. Nonumy duo sed ut eos takimata sea in tempor in dolore accusam. Diam no wisi duis sit c... (set the log level to DEBUG or TRACE to see the full content) 
 </msg>
<msg timestamp="20210614 19:35:55.663" level="INFO">/usr/lib/python3/dist-packages/urllib3/connectionpool.py:999: InsecureRequestWarning: Unverified HTTPS request is being made to host 'fakerestapi.azurewebsites.net'. Adding certificate verification is strongly advised. See: https://urllib3.readthedocs.io/en/latest/advanced-usage.html#ssl-warnings
  warnings.warn(</msg>
<msg timestamp="20210614 19:35:55.663" level="INFO">${RESPOSTA} = &lt;Response [200]&gt;</msg>
<status status="PASS" starttime="20210614 19:35:53.311" endtime="20210614 19:35:55.664"/>
</kw>
<kw name="Log" library="BuiltIn">
<arg>${RESPOSTA.text}</arg>
<doc>Logs the given message with the given level.</doc>
<msg timestamp="20210614 19:35:55.669" level="INFO">[{"id":1,"title":"Book 1","description":"Tempor iusto labore autem eirmod no sanctus sed sadipscing dolores enim ipsum et rebum sit et ea. Magna sea eros amet ipsum kasd sea eos no kasd ut iusto diam iriure aliquyam eirmod dolor sit. Erat eirmod at aliquyam molestie vel illum et molestie aliquyam. Erat magna aliquyam magna blandit dolor sadipscing diam sea eirmod. Et invidunt dolor sit dolore hendrerit clita sed. No tempor amet magna aliquam eirmod stet sit hendrerit est consequat blandit est stet invidunt est nonumy. Voluptua dolor molestie blandit ut erat eirmod sea invidunt. Lorem tincidunt consetetur rebum lorem lorem dolor consetetur duo sed et dolor eos sit. Volutpat dolor amet tation sit sadipscing nonumy nonumy. Vulputate hendrerit assum tempor duis. Elitr magna aliquyam tempor est sea sit autem nonumy blandit aliquyam amet in nonumy. Magna tincidunt dolor. Magna justo tempor erat vel lorem id elitr sadipscing magna dolor tempor erat no elitr labore. Lorem dolore gubergren ipsum stet lorem sed erat lorem erat ipsum labore. Eirmod sed amet sit ex exerci dolore sea. Est sit in dolore erat aliquam magna sit ipsum euismod nostrud eos velit sit eirmod. Dolor kasd eum. Eirmod enim kasd dolore sit sit consetetur erat. Velit stet clita ea eros imperdiet magna dolor clita duo.\n","pageCount":100,"excerpt":"Amet stet ipsum iusto dolore sit at autem et nisl est dolor ad sadipscing et amet eirmod. Et no ut eum lorem kasd praesent vero euismod amet. Illum placerat hendrerit dolore diam labore takimata labore sit ipsum nonumy no eros sadipscing dolor. Eirmod hendrerit euismod clita accusam duo elitr ea ipsum et aliquip aliquip magna et sed sed. Diam ut kasd consequat tincidunt clita ipsum ullamcorper est sadipscing eos vero et invidunt ipsum et lorem. Iusto feugiat nonumy esse no lorem amet erat duo elitr dolor et ipsum augue. Consetetur nostrud diam sadipscing augue at et et accusam at amet accusam lorem et esse dolor dolores consetetur. Labore duo justo lorem duo takimata nonummy accumsan eu ea at et nibh ea et at dolores labore. Diam sed vero et. Placerat ea et amet lorem kasd et. Dolor diam cum sea diam aliquyam nonumy eos duis sit lorem dolore dolor.\nAccusam dolor vel ipsum. Amet aliquam sit tempor tempor nihil amet eleifend eos duo amet aliquip diam sed sed. Duo lorem takimata. Vero facilisi feugiat.\nIpsum dolores aliquip. Dolore ipsum sadipscing rebum dolor lorem ea diam euismod invidunt sadipscing autem elitr aliquyam gubergren sit molestie. Consequat takimata nulla aliquyam vero dolores magna. Duis nonummy gubergren at duo gubergren odio. Lorem clita at est takimata exerci vero nisl duo. Gubergren dignissim gubergren invidunt erat sit veniam ex magna sea. Sed labore et lorem rebum te et aliquyam. Luptatum ipsum nonummy. Et eos duo tincidunt dolores enim dolor gubergren.\nSanctus sed invidunt ipsum. Erat tempor ex vero imperdiet. Diam accusam sed feugait. No sadipscing amet ullamcorper quis voluptua laoreet facer nostrud lorem magna adipiscing ipsum consequat. Dolore dolore nulla labore wisi accusam consetetur aliquam ea est aliquyam sed volutpat esse dolor vero ipsum takimata. Kasd eos illum duo labore ut clita sed rebum. Feugiat tincidunt sadipscing gubergren et. Duo erat ullamcorper augue tation diam dolor diam diam ea enim esse accusam.\nFacilisis dolore amet soluta dolore eu vero sit et ad rebum amet suscipit. Iriure clita consetetur vel in sea dolor. Nihil sit dolores stet clita sea vel esse tempor eu dolor possim elit esse consequat stet sanctus. Duis sed amet labore at lorem diam. Amet eirmod duo sit diam et gubergren accusam labore tempor in dolore sadipscing dolor. Erat dolore dolor feugiat sanctus ad illum. Sea stet possim et quod accumsan stet eos. Dolore est ad nonumy dolor et autem gubergren dolor tation sea labore. Ullamcorper stet voluptua illum nonumy stet at amet dignissim voluptua diam. Duis gubergren sit. Ipsum ea velit amet duo nonummy aliquyam. Sit lobortis sit erat duo et ipsum voluptua sanctus aliquip dolores blandit clita consequat. At et justo elitr luptatum eirmod et magna eleifend.\n","publishDate":"2021-06-13T22:35:54.1907765+00:00"},{"id":2,"title":"Book 2","description":"In ipsum ut amet facer no. Cum no elitr ipsum consectetuer lorem dolor ut takimata magna luptatum stet takimata lorem rebum voluptua facilisi. Clita eos rebum augue labore accusam elitr erat sanctus lorem facilisi no. Lorem justo justo autem nibh dolor. Et eos volutpat eos sea eos et sea dolor. Kasd sit qui justo et consetetur dolores kasd est diam et consetetur kasd diam in consetetur at magna. Molestie takimata volutpat dolor lorem euismod kasd. Sit nibh sea no vel feugait iriure dolore accusam invidunt nibh in et at nulla at lobortis consequat. Est justo facilisis accumsan magna luptatum dolore feugiat sea amet duis gubergren id sed dolor et sit ipsum.\n","pageCount":200,"excerpt":"Consetetur dolor erat tincidunt ea no sed sit nonumy ipsum. Kasd erat facilisi amet vel delenit dolor luptatum feugiat diam et sed facilisis invidunt elitr et. Lorem magna diam. Est at sed feugiat sed aliquip labore at praesent lorem et. Ipsum praesent tempor erat iriure est vero sanctus amet dolor assum et doming clita voluptua molestie erat laoreet. Lorem voluptua accusam cum at consequat aliquyam tincidunt. Ipsum velit aliquyam ut dolor. Dolor sea in invidunt iriure sit dolore kasd sea sanctus facilisis est amet. Eum gubergren dolor ad diam eum ipsum odio et tincidunt consetetur et rebum ut takimata. Euismod ut labore clita sit labore. Exerci dolor vero rebum sed sed liber nonumy nulla.\nEu ea diam accusam. In sadipscing ipsum. Aliquyam voluptua elitr blandit erat lorem gubergren lorem ut vero est labore vel sanctus enim takimata sit exerci. Quis eirmod vel sadipscing sea sit. Sadipscing feugiat ut ipsum et tempor takimata clita eirmod eum vero ea invidunt iusto dolor lobortis eos augue. Sanctus rebum blandit sed dolore in labore amet. Vero minim hendrerit sit eros eu ullamcorper. Sadipscing dolor dolor sit at tempor takimata voluptua consetetur praesent. Diam vero elit vero est molestie stet rebum eos at iusto in qui eos at. Vero vulputate sit eos quis tempor dolor erat voluptua ipsum sed vero stet vero at.\nNobis ipsum dolor magna eu dolore. Aliquip at consetetur magna dignissim odio consetetur quis no lorem elitr lorem justo consetetur ullamcorper et duo. Sadipscing aliquyam feugait sed elitr nulla eirmod te kasd id at sit erat erat. Nonumy tempor dolore lorem lorem dolore nostrud vulputate dolor vulputate et.\nSed sit amet lorem sanctus accusam sed nonumy sed et illum molestie magna lorem labore amet aliquyam luptatum. Ut ipsum aliquyam ipsum iriure eu. No diam feugait elitr dolores rebum ut ea clita erat magna sanctus. Ut et eos hendrerit. Consequat nostrud consetetur id facilisi takimata takimata autem aliquam gubergren consetetur consetetur ullamcorper eu lorem tempor diam consequat. Eos consequat amet diam duis amet voluptua consetetur lorem exerci. Odio commodo at diam feugiat sit ipsum sea accusam elitr dolor. Kasd lorem consetetur labore ipsum vero commodo consetetur accumsan erat. Et sadipscing diam aliquyam eos dolor velit et diam et sit eu labore aliquyam veniam lorem gubergren. Feugiat rebum dolore et no.\nStet elitr vel eos dolore diam ipsum gubergren magna blandit takimata dolor exerci. Ea erat autem est diam molestie rebum ea iriure sit iusto. Vulputate amet sea blandit et aliquyam amet in duis aliquyam dignissim sadipscing suscipit labore. Et eirmod amet erat. Tempor nonumy nostrud rebum et no. Soluta dolore tempor in est te stet dolor accusam sed duo lobortis. Sit lorem aliquyam et facilisis accusam accusam sed facilisi duo hendrerit duo ipsum dolor labore ipsum vulputate duo eu. Autem lobortis diam accumsan sit aliquyam nihil amet vero lobortis ipsum sanctus rebum. Consectetuer sit ea sea mazim zzril elitr ipsum facer ut dolore sadipscing quis magna dolore rebum. Enim amet ea consetetur. Ipsum sit takimata sadipscing lorem esse ut no nonumy. Dolore esse sanctus invidunt qui nostrud stet dolor assum. Vero et erat dignissim accusam sanctus labore ex eleifend amet invidunt ipsum vero. Rebum lorem quod autem dolore.\n","publishDate":"2021-06-12T22:35:54.1908699+00:00"},{"id":3,"title":"Book 3","description":"Duis ea sanctus dolor. Nonumy facilisi diam gubergren accumsan lorem ut sit dolor ipsum gubergren molestie commodo diam. Stet feugait est sanctus dolore labore labore magna. Clita eos sit ipsum. Ex takimata autem ea dolor at dolor elitr exerci et accusam justo imperdiet imperdiet et. Ut nonumy elitr diam laoreet eu rebum magna tempor sit no duo justo consequat lorem lorem. Justo dolores dolor sed blandit dolore sed et at labore eos lorem dolore justo liber at et lorem ut. Lorem ut ipsum kasd sea illum. Ipsum eu lorem nonumy eirmod sea. No sea amet vel dolor et no aliquyam. Te sit dolores voluptua ut vero eros dolor duo gubergren dolor. Lorem ipsum ut molestie dignissim vel accusam vero dolore et justo eirmod facilisis invidunt in justo erat. Volutpat sed sed erat iriure. Sed invidunt wisi kasd clita sed nostrud dolor amet accusam dolore eos sadipscing sanctus tempor takimata eirmod nibh ea. Duis voluptua eos et feugait sanctus et sanctus sed at elitr sed kasd amet. Lorem eu erat sit hendrerit sed dolore invidunt dolor et sea clita. Dolor est zzril nulla no clita erat sed magna magna cum tempor lorem.\n","pageCount":300,"excerpt":"Duis facilisis diam exerci. Dolore dolores justo sadipscing suscipit invidunt minim tempor takimata. Molestie diam illum. Dolores lorem erat sanctus sanctus augue sadipscing dignissim consectetuer dolore dolore dolore accumsan et diam sanctus dolor dolor. Tempor ipsum ipsum mazim takimata ipsum. Dolor esse dolore ipsum ipsum labore facilisis volutpat sea rebum suscipit lorem assum. Magna ipsum sadipscing ut gubergren invidunt et labore at ea eirmod dolor ut dolor elitr sadipscing et in lorem. Nonumy duo sed ut eos takimata sea in tempor in dolore accusam. Diam no wisi duis sit clita at sadipscing delenit delenit voluptua lorem tincidunt consequat. Elit accumsan aliquyam sit eirmod amet eos sea dolor amet. Amet rebum ut at erat ipsum kasd dolores labore exerci ex molestie sed dolor vel. Vero sed ut molestie ad et amet clita veniam. Iusto stet voluptua accusam. Ea et voluptua lorem consetetur est congue dolor labore ipsum vero.\nDolores ut nonumy odio nostrud diam aliquyam vero ipsum diam dolore. Dolores et accusam lorem takimata voluptua sit dolor dolor lobortis. Duo dolor at at. Molestie et et nihil lorem dolor duo takimata. Lorem aliquyam lorem ipsum dolor et dolor stet dolor sanctus quis nostrud ipsum. Praesent veniam lorem at et dolor labore dolores ipsum stet tempor sea ex vero eum. Magna dolor sit sit dignissim justo aliquyam tempor lorem voluptua takimata. Dignissim no erat duo vero vero vel dolor. Lorem illum euismod sanctus stet invidunt volutpat consequat eos. Justo invidunt doming in veniam dolor ea ut dolores. Elitr nulla lorem aliquam tempor praesent dolores vero takimata et consequat dolore. Tempor id esse duo luptatum rebum amet labore kasd at. In sit rebum diam elitr autem molestie.\nEuismod kasd nonummy elitr dolores feugiat ipsum sit cum et sanctus et eleifend consectetuer sea molestie amet. Sea labore esse diam ut velit elitr labore. Sit ipsum dolore eos no et nostrud sit tempor nonummy sanctus at duo eros ipsum amet. Rebum magna commodo et est. Elitr aliquyam lorem tempor rebum vero. Justo nonumy eos sea. Amet rebum erat est congue nulla commodo. Molestie sed ipsum justo et volutpat nulla velit duo et sed amet dolore gubergren erat et vero. Nonumy no est takimata sea et velit sed praesent invidunt kasd ut clita dolor te vel no. Lorem et consequat labore ut amet rebum ut magna est diam vel et eos ad eum sanctus accusam. Ipsum consequat vero iriure justo gubergren et eum rebum et justo clita tempor duo sit iusto sit eos gubergren. Sed eum amet sed exerci. Sit vel vel ex dolor amet augue facilisi molestie luptatum et sadipscing labore esse eos aliquyam lorem clita. Magna iriure facilisis takimata clita eos dolore sed sit ipsum dolor. Consequat eos vulputate tempor ipsum eros lobortis sadipscing. Accusam duo dolor amet dolor sit. Ea accusam delenit lorem elit mazim laoreet eos dolores dolore accusam accumsan.\nEa dolore sea sed eros magna kasd nisl et eum est labore duo ea iusto ut ipsum. Delenit duis dolor feugiat sed at consetetur. Et ipsum amet dolores aliquip sanctus hendrerit ut dolor diam facilisis consetetur odio congue stet et.\nClita aliquam dolor ea elitr aliquyam vel lobortis diam. Dolore et sea invidunt aliquyam eos sanctus dolore gubergren et ea quis est eos sit ipsum magna lorem. No lorem diam sea rebum. Et sea consequat sed invidunt te magna sanctus diam qui amet. Molestie nonumy amet amet ut tempor sanctus diam lorem lorem stet elitr tempor vero duo esse clita.\n","publishDate":"2021-06-11T22:35:54.1909736+00:00"},{"id":4,"title":"Book 4","description":"Takimata nibh blandit. Et zzril vero in exerci laoreet consequat labore sea sadipscing ipsum nonumy dolores lorem sed dolor. Esse duo accusam clita ipsum eirmod dolor dolor sea et sit facilisi et eu et. Luptatum gubergren vero eos consetetur erat magna sed duo eirmod voluptua nonumy amet sit eos voluptua. Magna ea et wisi invidunt esse amet. Ipsum amet dolor consequat dolore enim sed rebum sadipscing ea sed tempor elit quod lorem et invidunt. Lorem sanctus vulputate erat ad feugiat et sed rebum consetetur ipsum erat ea rebum et consectetuer ipsum. Ex nibh et sit ea lobortis lorem sadipscing sit ipsum sed facilisi. Sadipscing consequat et. No hendrerit eirmod sit magna stet eum ipsum dolore odio at tempor. Est sed nulla vero eros et dolore aliquam rebum enim kasd kasd sea. Labore ullamcorper elitr magna possim gubergren accusam elitr dolores sea eu wisi lorem. Amet erat dolore stet magna id.\n","pageCount":400,"excerpt":"Gubergren consequat velit erat sit dolore rebum invidunt no et molestie est sadipscing accusam lorem. Takimata gubergren labore feugiat no feugiat dolores esse sea kasd ad sadipscing. Sadipscing ex gubergren eos delenit ipsum nulla dolor at aliquyam wisi dolor consetetur veniam accusam. Ipsum dolor quod voluptua ut. Lorem eos nisl. Dolor rebum est velit consetetur. Erat eos sit exerci volutpat justo invidunt no est ea volutpat. Amet et dolor dolores ea dignissim. Accusam gubergren duis kasd illum elitr esse no ad no accusam at et ipsum sit elitr in. Lorem dignissim sadipscing nonumy ex duo sanctus iusto ipsum. Et sed duo. Duo vero doming eros augue duo molestie dolor liber et sit nonumy nonumy duo. Et at nobis nonummy justo sanctus sit magna ipsum ea aliquyam et elitr nostrud justo sanctus ut justo. Vulputate ea veniam lorem nulla sea eros et. Feugait ea lorem hendrerit nulla est stet iriure sit ut nonumy enim aliquyam diam in. Ut vel takimata eos eleifend elit ea sed. Et tempor diam adipiscing et accusam amet invidunt consetetur et et justo sadipscing te ut duis ipsum est aliquyam. Amet et tation consetetur diam labore nonummy ut zzril molestie dolor feugait consequat rebum lorem et sanctus et nibh.\nMagna sanctus ut ipsum esse eirmod dolor invidunt sanctus enim est accumsan sea magna wisi vel. Sit duo ea ea magna amet sea quod at ipsum et et zzril elit dolor aliquip et dolores duo. Vero dolores dolore sit elitr nostrud lorem sed diam magna.\nInvidunt accusam sea et tempor ex aliquyam enim dolor no dolore tempor illum et dolor molestie kasd eleifend. Congue minim duo consequat tempor et consectetuer consectetuer vel in nonumy sed ut aliquip sed et. Vero lorem quis justo est sea velit eirmod. Nibh ut lorem gubergren justo elitr voluptua accusam te sed sit amet amet zzril. Amet minim et tation sed dolore consectetuer wisi takimata zzril delenit duo te elitr. Takimata voluptua rebum nihil. Sed et consequat ullamcorper. Ut feugiat elitr molestie ipsum blandit ea dolor justo sadipscing amet ipsum takimata clita stet nonummy et. Gubergren dolore eirmod amet magna at veniam est voluptua aliquyam. Sadipscing sea takimata sed consequat rebum dolor eirmod qui amet tincidunt ipsum sed feugiat qui magna amet kasd vero. Feugiat diam ipsum et takimata. Lorem amet sit. Et diam sanctus autem aliquyam sed. Lorem vel et et eleifend justo est vel ea sit tempor dolores vero eos ut ad accusam ipsum.\nDolor gubergren dolores molestie. Tempor lorem duo. Sea eos eum hendrerit justo. Lobortis et lorem tation dolor eos volutpat eirmod option aliquip et gubergren tempor. Duo lorem sit et est invidunt aliquyam sadipscing ea dolor aliquyam et dolor est. Tempor et magna ipsum sit aliquyam congue feugiat augue accumsan lorem labore diam.\nMinim dignissim erat ipsum et sed justo consetetur tempor suscipit vero et dolore tempor at stet diam clita. Et sea ea takimata sea ipsum amet commodo diam sit ut et eos dolor sit diam ut dignissim dolores. Kasd sit sed dolores sit vel consequat no minim molestie ut quis. Sit et nostrud sed duis et sed voluptua consequat dolores accumsan aliquyam nulla magna clita. Gubergren elitr accumsan sadipscing consetetur aliquyam. Dolor amet dolores feugait doming. Erat sed sit diam sanctus magna ipsum dolor magna amet.\n","publishDate":"2021-06-10T22:35:54.191067+00:00"},{"id":5,"title":"Book 5","description":"No ipsum facilisis eirmod et blandit te nulla justo velit ut dolor sit et hendrerit blandit. Stet takimata aliquyam dolores et ipsum tempor ipsum invidunt tempor cum dolor ut magna. Iriure sadipscing dolores vero diam diam. Volutpat et duis eirmod justo magna et diam blandit stet consetetur. Dolor erat feugait euismod no nobis accusam lorem tempor lorem et adipiscing sit facilisi lorem commodo.\n","pageCount":500,"excerpt":"Lorem ea consectetuer et at amet sanctus diam ipsum sit clita erat at dolore sed imperdiet. Nonummy zzril accusam kasd takimata diam vel dolores sea. Tempor takimata gubergren consequat dolor stet minim sadipscing est aliquip amet. Aliquip eos consetetur lorem est ut ut amet.\nAugue ad dolor nonumy invidunt dolor tincidunt dolore lobortis sed sea cum. Et voluptua sanctus invidunt illum nostrud eum adipiscing gubergren. Consequat invidunt justo diam gubergren nisl. Et stet sea.\nAdipiscing consetetur aliquyam vel. Consetetur sea et feugiat nonumy duo nisl vero dolor lorem elitr justo eirmod nonumy ea eos clita. Labore sit possim. Lobortis eos consequat labore et eirmod sit consequat nulla eleifend hendrerit ut aliquyam magna sea sed invidunt no eos. Et gubergren labore amet et duo dolore lorem quis at aliquyam vero vero est. Dolores sea sed elitr ipsum vero. Et illum sit dignissim sanctus dolore. Gubergren diam lobortis justo amet sea sanctus et tincidunt elitr. Et erat feugiat dolore sed sanctus. Ea accusam consetetur quis. Et elitr dolor kasd liber dolor praesent facilisi dolore facilisi.\nClita feugiat velit sed ipsum ea ut diam sit sit duis esse augue at. Clita sadipscing stet et ut dolore iriure vero sed at dolores. Duis dolores consequat nonumy stet invidunt euismod clita cum no elitr at magna molestie stet. Voluptua kasd eos et diam consectetuer vel duo takimata lorem dolore congue eos sanctus ipsum. No sit sit et justo takimata et feugiat ut facilisis consetetur duo doming dolore sit. Nonummy eirmod esse et dignissim at et et nulla stet magna vulputate voluptua consetetur ipsum. Autem no sea facilisi dolore magna ut eos eirmod amet dolores diam nulla feugiat dolor. Dolor lobortis et dolor lorem lorem ea rebum dolor est ipsum magna sit invidunt qui lorem sit est. Aliquyam kasd rebum. Tempor kasd dignissim iriure sadipscing amet zzril suscipit magna aliquyam justo. Et consetetur ea invidunt rebum sit. Ex ipsum sadipscing facilisi dolor nonumy aliquyam sit. Elitr elitr augue labore sed volutpat labore ipsum ipsum volutpat dolor et in laoreet labore justo ut. Sit takimata dolor lorem nonumy adipiscing vulputate vero dolor sed dolores dolores justo. Lorem voluptua est duis sit luptatum sanctus et ipsum dolores diam et lorem. Lorem no nisl. Imperdiet hendrerit duis lorem aliquyam amet sit ad magna consectetuer clita nonumy elitr amet diam sit.\nEt ad lorem et amet sadipscing eum lorem veniam invidunt et in no amet duis justo duo. Sanctus blandit amet vel ipsum no diam at et invidunt stet sit eos ipsum illum eirmod iriure et. Suscipit eum ut ut sit stet et sit gubergren voluptua tempor sit rebum dolor dolor ipsum clita minim sea. Est vulputate dolore. Sed ea zzril possim amet et option lorem sea et ut sit eu lorem consequat eum kasd nonumy vel. Diam labore sed sit kasd labore illum sed wisi lorem eirmod sed lorem velit tempor illum erat quis. Sanctus lorem sanctus sit nonumy dolores option sea eum erat consetetur voluptua ea lobortis eros lorem vero amet erat. In sed est magna erat dolore. Amet invidunt rebum est ex rebum sed suscipit et nibh autem vero sit sanctus. Clita eos clita sadipscing sadipscing dolor sit vero sed sed justo. Sadipscing ullamcorper diam commodo sed nulla gubergren dignissim sit blandit amet nonumy consetetur vel nonumy. Feugait sanctus et at diam amet vulputate praesent duis ut voluptua et sed quod et. Nulla ipsum duis duis aliquyam sanctus labore. Diam eirmod sed duo magna ea augue amet diam ut odio sed placerat. Consetetur duis vero takimata et wisi diam consequat kasd kasd elitr vel possim.\n","publishDate":"2021-06-09T22:35:54.1911617+00:00"},{"id":6,"title":"Book 6","description":"Commodo amet magna magna lorem ipsum nonummy sadipscing dolor sanctus cum. Labore quod tempor liber tincidunt. Labore ipsum accusam voluptua vero consetetur adipiscing volutpat duo illum labore wisi sea facilisi. Et amet ut voluptua dolores amet sed iusto aliquyam placerat diam et adipiscing. Congue augue dolor lorem in sit at dolor enim. Sadipscing tation diam lorem sed justo. Erat facilisis duis et voluptua in accusam in in at dolor. Ipsum quod ullamcorper vero eleifend et. Dolore stet et soluta exerci ullamcorper accusam sea. Amet labore ipsum eirmod rebum dolor in accusam sanctus dolores elitr sea vero diam consetetur est no dolor. Et eos ipsum nulla amet dolor sadipscing feugait sea tempor diam sadipscing vel. Sit rebum magna gubergren minim dolores et molestie lorem clita dolores consequat doming elitr lorem justo.\n","pageCount":600,"excerpt":"Zzril ipsum amet lorem no takimata tempor consequat amet lorem takimata aliquyam dolor. Duis rebum lorem labore sit dolor consetetur facilisi diam amet ipsum nulla dolores rebum sadipscing. Sadipscing sed duo at feugiat nulla odio. Est ea diam sit dolor ut et duis. Et laoreet suscipit in amet justo est takimata magna. Eirmod vero qui et accusam ex sanctus et et. Amet et rebum lorem magna accusam elitr sanctus sadipscing magna sed et adipiscing hendrerit exerci volutpat et. Autem et sit kasd eirmod sit magna diam rebum zzril lorem sit diam accusam. Dolore ipsum et blandit stet et sadipscing duis nonumy diam eos et no vero. Dolor aliquyam stet stet consetetur iusto elitr lorem erat consequat sit sanctus eos veniam. Veniam odio nonumy et ex zzril vel sit duis invidunt tempor consequat at blandit dignissim erat sit velit sed. Hendrerit ullamcorper rebum eos ullamcorper duo sed. Et elitr sadipscing magna duo duo cum iriure in takimata. Amet aliquyam option aliquyam magna magna sit accusam tempor ipsum eirmod ex minim tempor gubergren ea invidunt tempor ut. Lorem at iusto. Sea ipsum facer erat consequat et sed rebum dolore sed enim sanctus feugait aliquyam eu sed nulla. Sanctus hendrerit tempor quis clita nonumy minim amet et. Clita justo placerat eleifend sadipscing hendrerit et.\nMinim aliquyam dolore et sit dolore suscipit exerci assum consequat. Est dolor doming nulla sea nonumy. Et no clita sit et sanctus invidunt vero in eos diam iriure dolor in dolor. Diam facilisis et nonumy nibh accusam erat clita at et invidunt voluptua diam dolor. Amet ea sit vel duo dolore invidunt ut at kasd sed amet nonumy lorem facilisis. Diam ea in dignissim lorem. Et nulla justo esse lorem dolores tempor augue tempor invidunt rebum dolor diam molestie et ea gubergren nibh. Tincidunt elitr consetetur diam justo kasd diam in gubergren sit consequat sed accumsan kasd sanctus. Eum sit in duo sanctus labore voluptua takimata erat consequat dolor kasd vero dolor elitr. Iusto sit ut dolor vulputate dolor ipsum lorem takimata sed at eos. Sed eirmod et amet. Stet dolor gubergren nonumy et et dolore eirmod. In justo est eros est amet. Et stet duis dolore nulla et ad ipsum option facer elit. Lorem esse diam. At et veniam dolor rebum sed sadipscing aliquyam justo dolore exerci labore. Sit dolor vero sed clita tempor et sea doming dolores molestie sit ullamcorper dolor.\nAccusam dolore rebum in est vero kasd consequat sit magna duo accumsan. Kasd dolor nonummy ipsum dolor clita at at iriure labore sed sed possim. Eos nostrud diam et luptatum sanctus aliquyam dolore amet vero kasd est sanctus iusto augue justo sed ea. Veniam lorem sed facilisis consectetuer nulla voluptua. Dolor dolore ullamcorper clita dolor dolor diam vero dignissim te vulputate ut. Delenit accusam sed exerci veniam et ipsum clita duo duis. Sed velit ut dolor sit invidunt lorem. Et sed diam ea. Sit diam eos vel dolore est eos no sed sadipscing blandit ipsum. Soluta sed rebum tempor takimata ea magna ipsum consequat facilisi no sanctus autem nulla sed voluptua sit wisi. Et diam nisl. Est autem stet sed voluptua et duo quod duo. Lorem at sadipscing. Eu amet labore dolore accumsan consetetur.\nEt feugait consequat. Lorem et no clita minim. Sea et iusto clita gubergren illum sanctus clita takimata amet illum sit lorem est dolore ipsum. Labore amet dolore. Soluta amet kasd veniam sed nonummy labore in sadipscing option clita labore accusam illum wisi sadipscing erat. Voluptua et clita. Ea at et congue consequat eirmod. Dignissim dignissim kasd. Tempor sea sed ipsum sea invidunt labore. Volutpat voluptua dolores ipsum diam lorem delenit. Eleifend labore diam sit et stet dolore et ea volutpat sed option sit. Eu rebum sit no vero invidunt sed est diam voluptua. Gubergren dolor iriure sea diam et diam luptatum tempor tempor lorem amet. No diam molestie justo amet eros sit. Nonumy et stet.\nQuod enim ut vero diam eum suscipit tempor at lorem. Nulla ipsum aliquyam elitr vero et duis ipsum at nonumy dolore. Quis stet duo sit facilisis erat ea elitr est lorem no sed rebum rebum sadipscing.\n","publishDate":"2021-06-08T22:35:54.1912761+00:00"},{"id":7,"title":"Book 7","description":"Dolore in et in lorem labore euismod justo. Ipsum dolor takimata sea duis et sea dolor sadipscing illum ut sit amet nulla dolor et nonumy dolor. Clita elitr feugiat dolor magna suscipit dolor tempor eos no ea amet at. In veniam iusto accusam sit amet voluptua. Quis et nostrud duis sadipscing vero magna. Consequat dolore diam diam sanctus nonumy no et sed consequat ut dignissim commodo diam amet justo molestie accusam. Augue magna et magna tempor sed eirmod. Diam rebum nonummy esse velit diam autem takimata eos diam illum takimata dolor. At et tation rebum ut sadipscing qui labore amet vero erat sit sea rebum justo duis. Et et justo lorem nonummy takimata et consetetur erat kasd dolor. Sed suscipit veniam labore nonumy exerci illum est dolor rebum nonumy magna sadipscing eos. Wisi rebum vero stet ea aliquip consetetur labore labore kasd dolore duo et placerat vulputate erat. Adipiscing rebum dolor dolor sit lorem. Amet laoreet vel.\n","pageCount":700,"excerpt":"Erat voluptua dolore sit eu esse eirmod volutpat dolor stet dolores consequat amet et takimata eros stet. Nostrud sed et est aliquyam dolore et invidunt. Facer tempor consequat dolor. Erat eirmod eirmod. Eos et iriure ea elitr takimata. Aliquyam et et consetetur rebum dolore voluptua gubergren. Nonummy vero sed facilisis sit takimata diam amet sit vel eum nonummy no accusam ipsum. Eirmod et et labore et rebum sed sed dolores no labore stet dolor. Dolore consetetur quod magna duis takimata eos consetetur labore nulla quod qui odio erat et voluptua te. Vulputate et vulputate quis rebum adipiscing vel. Ipsum molestie aliquyam nonummy. Sea kasd erat autem invidunt consequat elitr stet tempor invidunt ipsum odio ad. Duis et et illum dolor ipsum et nobis sed id ipsum feugiat. Te est justo et at ut et aliquyam labore dolor consetetur. Ea enim at. Sed euismod illum lorem consequat labore consetetur invidunt labore sed sadipscing volutpat no.\nRebum dolor dolores ipsum amet est wisi kasd clita gubergren. Invidunt vero volutpat eirmod dolor. Praesent illum nulla ullamcorper ut eirmod elit elitr gubergren amet ipsum. Diam nisl magna et blandit amet laoreet blandit ipsum dolore diam sed ut aliquyam. Eirmod sit sit in augue sed dolore exerci ipsum dolore. Laoreet vero cum vel rebum esse tempor amet dolore at. Vero dolore amet eirmod lorem ea eros at autem. Volutpat accusam est dolor eos erat dolores consetetur sanctus in ea eu velit cum lorem accusam. Et eos takimata et duo no stet diam clita at gubergren takimata praesent tempor nostrud. Sed quod delenit. Lorem ipsum diam sit vel eos ut ipsum.\nAccusam feugait rebum et et labore labore et. Tempor est dignissim duis aliquyam erat duo lobortis facilisis liber illum lorem dolor et clita dolor ut invidunt nulla. Gubergren duo amet duo in erat dolore euismod et dolore invidunt. Possim labore kasd accusam sed diam sea stet sit facilisi dolor nulla quis nonumy odio facilisis ut. Duo eros eum takimata sea iriure dolore eos commodo vel elitr takimata stet kasd est blandit molestie zzril tempor. Dolor amet elit in clita esse amet et sit aliquam. Vero amet sed dolore gubergren volutpat voluptua sit vulputate elitr voluptua voluptua takimata molestie est amet dolores sit sit. Sed magna sadipscing quis labore consetetur at vero tincidunt aliquyam at sadipscing sea dolore magna. Wisi nostrud est clita laoreet magna et.\nPraesent nihil gubergren amet at cum dolores lorem ipsum voluptua sit augue sadipscing et sadipscing ad aliquyam. Et kasd erat magna lobortis kasd ipsum dolore sadipscing et. Eos labore et nibh ea esse ad aliquam vel lorem ipsum amet. Et lorem labore ea nonumy lorem clita. Tempor dolores et sed imperdiet vero rebum invidunt rebum. Eirmod dolores sadipscing ut sed sit. Ad possim amet no nostrud mazim amet duis erat kasd et dolor erat dolores sadipscing eos aliquyam. Duo labore gubergren aliquam ea dolore et rebum stet magna labore nulla diam tincidunt nonumy. Ullamcorper dolor eos erat consetetur et stet sed consetetur nonumy vero diam diam vero ea ea dolore. Feugiat aliquyam elitr illum et takimata invidunt accusam voluptua ea. Lobortis eum dolor clita veniam tempor.\nEst laoreet magna erat in sed diam luptatum sit invidunt justo dolor diam dolore sadipscing erat enim sit. Sed et kasd augue dolores dolore dolor ipsum nibh et et sit ipsum no. Eirmod diam amet erat aliquyam.\n","publishDate":"2021-06-07T22:35:54.1913664+00:00"},{"id":8,"title":"Book 8","description":"Voluptua sadipscing lorem delenit vel dolores duo invidunt kasd rebum at dolores clita amet lobortis eos. Amet at sed dolores sit invidunt vero diam duis sea eirmod sed sit amet duo lorem at. Sadipscing sadipscing in nonumy duo vulputate et labore.\n","pageCount":800,"excerpt":"Tempor augue duo accusam te vel dolores et elitr justo. Duis diam elitr eu gubergren elitr no amet eros tincidunt tempor dolor rebum consequat. Aliquyam dolore magna gubergren clita sed clita eleifend ipsum no justo possim ea. Consetetur consetetur ea nam erat elitr. Eum at ex dolore volutpat dolore eu vero diam et nisl aliquam ut. Eos diam amet eros sanctus lorem doming sed tempor enim consetetur enim.\nAmet vero consetetur est illum. Kasd vero eirmod dolores wisi. Et sea te dolor diam diam at et vel ea placerat elit in et. Sanctus sit tincidunt esse labore in iusto in. Elit et sanctus no takimata euismod at labore ipsum dolore amet. Sit facilisis sea vero nobis sit nonummy dolores tempor elit takimata aliquip est sit volutpat sea dolores vero. Dolor vel clita invidunt voluptua aliquyam. Elitr takimata diam ipsum magna erat in tincidunt et amet ipsum gubergren amet dolor elitr nonumy invidunt. Suscipit dolor ut diam vulputate ipsum dolores nulla vel sadipscing. Sed at gubergren ipsum amet diam dolore in dolor aliquam iusto in. Vero at dolor vero accusam at sit sadipscing ipsum et feugiat consetetur ut. Adipiscing ut sed quis nibh et adipiscing labore lorem sit. Wisi kasd erat stet sea sadipscing amet et tempor vero stet ea dolor sadipscing no. Adipiscing dolore sit sit zzril elitr est sanctus dolore sea ipsum. Stet ea nonumy ea nobis nonumy eos amet.\nAccusam dolore diam dolore eos eos nonumy dolore magna dignissim accusam duo eros dolor aliquyam consequat dolor diam duo. Ut sadipscing veniam eu ex in dolore sea gubergren gubergren invidunt velit stet aliquam commodo. Volutpat ea lorem dolore est aliquyam. Consectetuer vero ut dolores amet dolor. Et erat stet magna dolore amet ut. Dolores exerci nonummy et eirmod. Duis no invidunt sea laoreet. Facilisis tempor duo magna elit sed tempor gubergren ut tempor facilisis facilisis ut lorem rebum labore elitr. Vulputate et illum esse. Dolor dolor te illum accusam vulputate diam et sit magna ipsum sanctus amet sadipscing dolores.\nTempor sadipscing elit diam accumsan augue diam. Ea sed lorem sit et. Ipsum justo dolore eirmod tincidunt aliquyam nonumy duo te et dolore sanctus at sed duis quis. Velit elit et et sea dolore rebum feugait eirmod feugait rebum stet ex aliquyam aliquam gubergren lorem nisl. Nonumy diam at sanctus vulputate dolores dolor no iusto facilisi vulputate dolor ipsum at vero sea vel facilisi. Erat diam aliquyam gubergren te eleifend invidunt dolor et delenit facilisi at lorem eos duo labore aliquam ut. Kasd vero feugait et lorem liber gubergren illum takimata magna consequat velit. Et voluptua at justo dignissim dolor sit dolor sed feugiat adipiscing ut feugiat. Zzril liber invidunt ut et dolore et ea ipsum aliquyam dolores accusam gubergren. Tempor invidunt feugait justo. Magna doming dolor eu ut. Lorem vero dolor justo invidunt dolor feugiat nonumy ut sea praesent gubergren. Est dolor exerci vulputate nonumy ipsum et dolore sit stet. Amet duis ea est delenit ea.\nEuismod ipsum magna rebum stet rebum nulla clita. Dolore ipsum tempor ut ut placerat kasd lorem sadipscing amet no at. Et eos justo labore sed magna clita et sit et. Eirmod consetetur ex gubergren est ea sed at kasd zzril lorem dolor dolore ipsum dolore et iusto. Et vel velit eum voluptua rebum dolore feugiat dolor stet. Quis erat amet invidunt consequat sed qui clita dolor at eum ipsum.\n","publishDate":"2021-06-06T22:35:54.1914486+00:00"},{"id":9,"title":"Book 9","description":"Eos nonumy et diam sed voluptua justo diam justo dolore et velit eos vero blandit sed dolore lorem nulla. Vero duo at eirmod at eos voluptua kasd no consetetur sit clita eleifend. Minim clita quis veniam justo euismod vero lorem sed vulputate diam quis accusam facilisi. Clita accusam voluptua eirmod sed sanctus voluptua duis et et no diam tincidunt elitr sit dolor sit. Minim dolor sit amet lorem est sed consectetuer sadipscing ut ut at clita. Tempor est sanctus diam eos consetetur duo accusam et odio nonummy dolores nihil. Invidunt clita amet sanctus ipsum eirmod diam. Elitr justo erat feugiat vero justo elitr diam ea diam amet gubergren. Lorem sed molestie et velit consetetur. Voluptua nostrud consetetur rebum ea. Nonumy vero amet aliquyam eirmod ipsum nostrud ut. Et sed eos dolore justo enim dolore nonumy.\n","pageCount":900,"excerpt":"Blandit et clita eos sea illum. Clita diam ex aliquam et qui consetetur et invidunt ut. Accusam ipsum sanctus vel sea veniam diam erat. Takimata sanctus illum sit ut nonumy consetetur. Sed takimata suscipit duo dolor no labore eros dolore iusto sea sanctus ea dolore invidunt liber elitr. Adipiscing sed ipsum nonumy sed invidunt. No sit id labore qui vero nulla rebum sed nonummy ipsum. At sanctus dolore dolores dolor nisl erat et at facilisi gubergren aliquyam nobis eos. Amet invidunt magna dolore hendrerit et nulla est dolore dolores. Laoreet dolore no justo. Justo diam clita nulla no eos et ex et ea facilisi lorem. In sadipscing dolores et est vel magna et justo tempor magna iriure dolore in dolor et et dolor et. Voluptua est ea ut at duo ad vulputate. Tempor ipsum erat. Dolore eos sadipscing imperdiet eos facilisis amet elit et. Wisi dolor nibh elitr justo et ut ipsum lorem qui duo dolore exerci ut duis.\nEleifend ut dolores sadipscing luptatum dolores vero takimata et justo amet. Ipsum voluptua eros at at elitr at ipsum. Diam iriure sit ipsum ea. Dolore lorem magna tincidunt eirmod erat vero veniam gubergren ut nostrud gubergren ea diam. Nonumy takimata lorem tempor sanctus duo sit diam sit facilisis eum nonumy ut stet dolor vero consequat sed. Vel hendrerit voluptua. Illum sit sit sea ea quod accusam gubergren. Nostrud dolor dolores aliquyam in at accusam invidunt adipiscing sed nonumy ut ad aliquam accusam. Sadipscing vero sea in dolore magna invidunt tempor diam eu stet qui voluptua voluptua. Suscipit cum dolores diam facilisi. Gubergren no consetetur accusam ea clita dolor augue duis ex est eos odio nonumy clita consetetur est sit elitr. Aliquyam nisl ipsum in stet diam. Sit iusto option justo dolor. Et et dolore aliquip justo accusam ea clita sit ea nisl lorem tation sanctus consetetur nibh sed sanctus esse. Dolores nonumy eos augue et diam eu kasd no ut. Sit voluptua nobis hendrerit dolor lorem dolor eu dignissim assum voluptua et labore eos sadipscing facilisis takimata molestie. Te cum takimata magna. Clita gubergren tempor et dolore lorem consetetur at erat voluptua et sed vero nulla ea.\nEt laoreet feugait. Takimata nulla kasd erat rebum duis sea accusam gubergren facilisis clita consetetur. Stet nostrud amet et takimata duo nulla consetetur labore accusam nonumy voluptua et congue. Tation invidunt vero eleifend sit stet lorem stet et nonumy at. Accusam ea ipsum justo assum no delenit velit ipsum consetetur clita kasd sea vel. Ea praesent labore consequat dolor facer sed takimata ea nulla sed est tempor. Rebum sadipscing nonummy et exerci magna lorem et sit te amet wisi ut aliquyam vel lorem. Nulla tempor et velit diam justo sed commodo labore.\nEst lorem invidunt dolor ut nonumy adipiscing ipsum invidunt amet stet accusam kasd erat veniam. Tempor qui aliquam facilisis erat dolores ullamcorper sed aliquyam invidunt facer rebum augue elitr dolor sed duo sanctus eirmod. Eu aliquyam est duo amet dolore dolores et hendrerit in consequat nonumy esse nam voluptua magna nonumy. Et consetetur voluptua consetetur. Minim lobortis stet vero et sanctus laoreet feugiat magna elitr et vulputate sanctus diam dolore magna kasd. Iusto consetetur consequat sanctus amet clita blandit nonumy consequat vero laoreet duo dolores in consetetur sadipscing nulla accusam. Odio blandit accusam et. In accumsan ipsum id sit diam kasd dolor consectetuer stet illum eos accusam vero tincidunt no justo. Et amet invidunt blandit tempor et. Nonumy sanctus sit rebum accusam kasd stet lorem. Feugiat accusam accumsan kasd duo dolor dolor et lorem laoreet dolores. Ipsum sed dolor sit vero et sed. Sanctus voluptua lorem feugait magna aliquip amet nulla consequat rebum sit sed et nulla ut est. Aliquip feugait nonumy vel enim labore eos amet lorem clita molestie amet kasd erat in. Tempor in autem elitr duis consequat at ipsum erat. Dolore lorem duo sit soluta amet vel amet dolore et sit. Odio congue lorem diam ipsum sit amet sed amet dolore sit. Et lorem elitr commodo accusam id ipsum vel duo elit dolor laoreet sea gubergren duis.\nRebum sit consetetur voluptua et eros magna aliquyam elitr dolores. Et labore gubergren gubergren. Ipsum sit cum ea labore. Gubergren tempor ex sed soluta gubergren sanctus volutpat doming stet et nulla dolore ut. Soluta clita clita nulla hendrerit gubergren eum consequat laoreet elitr veniam rebum vel. Volutpat nulla voluptua clita erat elitr molestie lorem dolores iriure iriure amet no sea eos sit nisl dolore elitr. Sit gubergren no sed nonummy ea erat ipsum diam nulla dolor et amet sed consectetuer euismod vero est. Sea nostrud sea. Consetetur lorem volutpat ut et aliquip nonumy ullamcorper amet justo lorem iriure accumsan eirmod ipsum et consetetur no elitr. Lorem qui molestie nonumy stet elitr consetetur sadipscing diam voluptua vel delenit qui dolore at. Accusam gubergren nonumy amet vel illum takimata et. Sed justo nulla nonumy et ut dolor diam sadipscing takimata et clita rebum eleifend. Imperdiet magna dolore sed volutpat aliquyam takimata eum amet. Nulla dolores et ullamcorper id wisi in et ipsum et dolore est dolor in gubergren dolor sed takimata. Eirmod stet nobis consetetur liber lorem aliquyam voluptua sit. Lorem et molestie dolores tincidunt invidunt lorem sanctus et stet lorem mazim sit est sea. Ad sadipscing aliquam diam aliquyam lorem accusam est. Lorem eu diam. Gubergren et consetetur et no vero accumsan nonumy justo.\n","publishDate":"2021-06-05T22:35:54.1915906+00:00"},{"id":10,"title":"Book 10","description":"Labore dolor no voluptua ullamcorper aliquam amet vero sea dolore. Takimata stet sit te dolore dolor iriure rebum rebum vero zzril labore elitr. Erat tempor diam duo dolor consequat accusam amet eirmod sit rebum in ea feugiat vero justo rebum veniam. Dolor sed et erat lobortis et amet magna labore iusto. Dolor sit eirmod sadipscing vero vulputate ea te magna dignissim elitr enim amet et exerci augue. Et et tempor dolore sed eirmod quis sanctus diam et. Et et dolore eos dolore erat duis duo duo invidunt vel elitr consequat in iriure. Aliquam diam elitr commodo et. Sed illum dolor nulla tincidunt et vero at autem sit elitr amet. Sit nibh et amet consetetur at labore eirmod sed eirmod et amet sed. Laoreet kasd eirmod imperdiet elitr nonumy eum gubergren sea clita dolores dolor ut sit labore lorem in euismod. Diam ea et sit ipsum kasd aliquip quis rebum et dolor et. Elitr diam amet diam amet et no et sanctus clita feugiat dolor nonumy dolore vel elitr kasd. Eos dolor nobis iriure dolor et dolore et est invidunt. Diam amet quod sit iusto lorem erat wisi nulla. Et at consequat vel et tempor aliquyam sit kasd diam dolor ipsum dolores nisl. Consetetur ipsum ipsum consequat ipsum sanctus elitr ut in est justo elit diam sanctus. Takimata sanctus nihil gubergren no sit tempor consequat ipsum.\n","pageCount":1000,"excerpt":"Sit ad dolore ipsum iusto stet odio no elitr molestie labore sed et stet praesent at takimata euismod et. Sed dolor est tempor et takimata dolore amet magna amet feugait labore consetetur elitr eros dolore no diam ea. Eu ipsum invidunt elitr rebum possim id esse imperdiet commodo autem consetetur kasd ut invidunt et. Qui diam dolor voluptua aliquip at delenit no sed lorem sea aliquyam tempor. Feugiat at diam amet dolores est dolor est takimata invidunt. Amet labore ipsum sea at eleifend et et sed eos elitr eos vero accusam amet lorem stet.\nAd no invidunt sit accusam. Ut commodo dolore stet clita luptatum dolore justo dolor eos vero et lorem ea lorem vel dolor. Consetetur consetetur kasd. At et dolore magna gubergren at vel et voluptua eum ipsum no iusto dolor consequat labore. No amet accusam consetetur vel.\nTakimata duis nonumy rebum facer sadipscing eos dolor vel magna dolore et. Gubergren vulputate sadipscing in invidunt ipsum dolore option accusam blandit nonumy te nulla iusto et commodo. Clita et clita ea magna sed dolores congue sit luptatum amet sanctus dolore lorem est magna et dolor. Et at duis dignissim eos vel.\nDolore labore sit takimata lorem ea dolore no ea. Nisl luptatum duo sea amet. Et gubergren in accumsan sit magna euismod erat iusto nobis ipsum dolor qui eos takimata et clita duis labore. Voluptua eirmod no in erat accusam lorem autem. Sit feugait consequat gubergren no gubergren et. Ullamcorper vero zzril ad sit aliquyam quis lorem at. Sit eu at tempor stet sed at voluptua takimata esse erat vulputate sed ea. Eirmod dolore ipsum consetetur nonummy in dolor elitr ut magna clita euismod. Dolores eos duis gubergren nostrud eu at duo invidunt duis veniam eos est ipsum at accusam sanctus amet. Dolor justo at lorem nisl amet ea augue suscipit aliquyam ea illum blandit diam magna dolores sit consequat hendrerit. Te in ipsum lorem consetetur vero no dolores magna placerat invidunt duo. Elit kasd et kasd. At eirmod lobortis facilisis eirmod et stet dolore quis dolores tincidunt accusam. Esse at nisl accusam duo amet amet. Eos veniam at et gubergren exerci. Esse vero laoreet consequat dolores cum aliquyam lorem eirmod magna no sadipscing. Labore dolores sanctus stet autem clita dolor ipsum ea sanctus justo rebum est dolores illum dolor eu voluptua et.\nFacilisis lorem erat gubergren amet et laoreet dolor elitr ut. Eos nulla esse lorem molestie et tempor sed congue. Dolor vulputate tempor elit tempor sea sit sanctus ut et ipsum facilisi lorem. Commodo in gubergren et tempor magna sanctus. Sit quis qui autem sanctus kasd sit consetetur labore magna accusam quis ipsum. Ullamcorper consetetur vero consectetuer duis invidunt lorem soluta justo diam sit ut dolore et et dolore stet autem. Lorem erat ipsum tempor nibh elitr rebum voluptua. Vulputate sed erat. Invidunt autem eu dolore et ipsum amet esse. No duis gubergren sit et duis amet.\n","publishDate":"2021-06-04T22:35:54.1916856+00:00"},{"id":11,"title":"Book 11","description":"Dolor dolor gubergren diam amet aliquyam diam dolor clita illum quis sed lorem sed. Gubergren feugait eirmod ipsum in mazim in ex illum commodo voluptua facilisis justo. Justo exerci at minim. Dolore esse accumsan dolor duis tempor amet.\n","pageCount":1100,"excerpt":"Volutpat et sadipscing dolor vero feugiat eos kasd esse lorem ea duo. Amet vero magna. At sea zzril vulputate diam sanctus kasd est ea sea dignissim ea duo voluptua ea aliquyam nonumy. Amet vulputate ullamcorper rebum. Consetetur est invidunt justo aliquyam amet aliquyam et sadipscing sanctus dolor volutpat amet dolore at ut eirmod. Vulputate qui est molestie dolore dolor no feugait et nonumy magna dolores. Gubergren at eirmod amet takimata sit et sanctus ea eos consetetur. Accusam quis eos quis amet augue takimata gubergren vel dolore. Aliquip euismod eos diam feugiat sed diam. Eirmod eirmod sed vero aliquam sed no invidunt esse sed sit aliquyam sadipscing option sit. Feugait sea velit facilisis vero takimata. Sea nonumy dolore. Sea ullamcorper ullamcorper stet sit sit sed ea dolor sanctus vulputate eum. No amet eu justo. Cum vero sed vulputate rebum at elitr. Vel amet sed ullamcorper exerci quis rebum dolores lorem in facilisis labore eu et lorem ipsum eros accusam. Et laoreet in dolor et eros sanctus sed est nostrud diam nihil et dolore nihil facilisi sanctus no.\nHendrerit accusam invidunt no elitr odio. Eirmod elitr vero zzril accusam amet dolor ipsum dolores et eos at ex. Tempor clita sit clita. Voluptua dolores ipsum lorem vero. Ipsum elitr ut eleifend eum magna. Feugiat volutpat praesent diam dolor takimata. Sit duis facilisis lorem nisl enim ea mazim dolor. Molestie lobortis sadipscing diam vel et cum sed dolores dolor vero vel. Sed lorem clita in erat et ipsum molestie ullamcorper ea tempor ad suscipit. Lorem feugiat sea et et ut ut. Rebum sed kasd. Justo voluptua dolore. Lorem labore gubergren invidunt. Dolores amet ut. Lorem zzril et et minim sadipscing ea est nonumy sed eirmod sit dolore ut sit iusto lobortis.\nDiam eos justo imperdiet lorem. Feugiat laoreet velit diam no dolores lorem at. Eirmod ut vero dignissim et consetetur ea sea lorem accusam. Dolor lorem diam dolores accusam diam facilisis invidunt invidunt ipsum nisl eirmod tempor veniam clita dolores eos diam et. Te dignissim sed et placerat dolores no sit euismod accusam ipsum erat sea rebum dolore. Velit erat sea justo illum. Takimata in labore dolor sea et est wisi aliquyam eos euismod. Magna gubergren clita elitr sit ea amet congue tempor at. Sed magna ea consetetur magna sit minim. Duo duo dolor nam. At dolor iusto sanctus dolore consetetur. Et voluptua sed dolores esse in elit rebum. Sit sanctus tempor tation eu est sanctus. Ut est et elitr dolore stet est at quis duo amet molestie volutpat amet illum esse suscipit est. Eirmod clita aliquam vel soluta odio lorem voluptua stet gubergren in aliquyam feugiat tempor. Ut aliquip eirmod sed autem. Et amet elit feugait facilisis ipsum iusto ea. Nobis invidunt duo molestie sed hendrerit dolor gubergren lobortis laoreet nulla hendrerit diam sadipscing ut rebum amet.\nUllamcorper aliquip euismod augue. Rebum nobis voluptua magna dolores dolor molestie nam. Et nostrud amet wisi takimata in no est facer consetetur dolore stet ipsum sed ea eirmod vero. Clita amet euismod aliquam vero sadipscing praesent elitr dolor et velit erat.\nGubergren no rebum. At amet et labore dolore ipsum eum ipsum nonumy assum. Consetetur soluta accusam augue voluptua in at eu dolore diam rebum iriure. Eos wisi est et vel laoreet et tempor invidunt accusam stet dolor amet augue lorem veniam feugait. Aliquip tincidunt sea kasd vulputate gubergren et vero sadipscing nisl nonumy praesent.\n","publishDate":"2021-06-03T22:35:54.1917759+00:00"},{"id":12,"title":"Book 12","description":"Exerci est vero nonumy eum eros lorem amet at ut sea. At nulla kasd sit duis magna iriure dolore sadipscing luptatum delenit voluptua dolor. Justo labore lorem duo. Ea sadipscing sanctus elitr nisl nonumy gubergren no et sadipscing dolores tempor dolore euismod. Accusam justo autem facilisi amet magna ipsum eirmod gubergren stet imperdiet sit sadipscing clita rebum feugait vero. Ipsum imperdiet at eos sanctus. Stet aliquam minim. Sanctus amet kasd dolor dolor augue in gubergren delenit sanctus soluta no. Blandit takimata eirmod elit feugait dignissim autem nonumy amet sit diam amet sed magna sed takimata. Ipsum et lorem amet kasd ut ipsum est takimata aliquyam clita dolor voluptua duo ea. Sanctus takimata et ea. Dolore stet gubergren at sanctus et ut ipsum ipsum. Sanctus dolore et veniam sanctus dolore aliquyam velit sed gubergren hendrerit et iusto sit suscipit amet invidunt. Dolor eos vulputate erat augue et eos nobis sit ipsum est vel eos in hendrerit volutpat lorem. Illum clita duo takimata. Lorem dignissim no diam lobortis dignissim lorem sadipscing.\n","pageCount":1200,"excerpt":"Nibh quod amet dolor nobis ea sit kasd et. Elitr eleifend molestie congue stet. Zzril consetetur at sit ea. Eos et ipsum rebum lorem tincidunt nonumy velit et sit praesent. Dolore magna soluta no nostrud eirmod no amet diam ea erat no velit. Vero nam no wisi nobis sed sed est amet ipsum eirmod dolor lorem voluptua. Aliquyam dolor et labore esse duis ipsum ipsum te diam no labore dolore ut accusam. Ea lorem volutpat tempor stet consetetur takimata et hendrerit duo. Et tincidunt stet lobortis vulputate takimata. Stet te et kasd amet vero possim nulla diam rebum nonumy gubergren sadipscing dolores aliquyam duo aliquip sed.\nDolore eos erat. Praesent elitr amet clita et. Sit dolore dolores eros consectetuer magna. Molestie commodo dolores amet. Voluptua duis iusto sanctus lobortis dolor amet nonumy laoreet eros eos lorem no et tincidunt tempor duis magna ea. Exerci amet elitr diam stet amet feugait labore eirmod dolor consequat labore. Lorem aliquyam veniam sea nisl tempor sed amet et takimata accusam voluptua sit nonumy erat ut. Dolore voluptua feugait diam vulputate dolores. Erat justo clita et ut augue rebum eum ea. Sit quod labore dolore sea kasd consectetuer et facilisis zzril kasd. Sanctus magna nonumy eos sadipscing aliquam lorem sit stet et. Consequat ea gubergren. Ut est nonumy. Lorem veniam dolores justo dolores at voluptua ut stet sed kasd at accusam et. Dolor tempor vero et sanctus liber ea est sed sed et amet ipsum dolore velit amet aliquyam minim. Justo amet tincidunt sed dolores accusam odio consequat invidunt elitr et lorem et. Dolore labore tempor labore eros sanctus stet dolore feugiat accusam.\nJusto nibh consequat voluptua autem takimata sit aliquyam clita et praesent vulputate consectetuer justo diam sadipscing ipsum ut erat. Elitr quis diam vel invidunt vero ut erat sadipscing ipsum aliquip lorem iriure. Wisi aliquyam et vero suscipit volutpat dolore lorem lorem aliquyam euismod nulla amet sed est et assum. Et eos takimata wisi tempor accusam duo gubergren et duo sed et. Sed sit amet nonummy odio ipsum sed clita sit dolor. Amet nulla ea justo tempor dolor mazim diam lorem rebum sed eirmod facer esse. Sit laoreet accusam ut eum id aliquyam aliquip labore in nulla duo consectetuer ipsum et sit ipsum. Sea vero placerat et esse amet magna lorem sea et accusam ut ea tempor diam accumsan. Ut accusam vel takimata consetetur sadipscing et aliquyam dolor sed voluptua at soluta invidunt labore. Ea ipsum elitr labore. Clita aliquyam labore accusam sit dolor dolore feugiat est sit sit clita mazim vel. Et luptatum duis aliquyam ea ullamcorper kasd dolor amet elitr est. Sed imperdiet dignissim at et dolor et. Ipsum vel dolore erat. Sed sit rebum molestie. Takimata sit diam dolore veniam labore dolor sit kasd et justo. At vero facilisis at. Duo rebum labore lorem clita duo diam rebum est lorem at est et. Sed dolor dolor facilisis diam vel.\nAt gubergren autem sit id aliquam et. Esse consetetur sadipscing dolore stet lobortis delenit luptatum. Nonumy dolores eros kasd labore soluta clita clita rebum tempor odio te justo at ea autem duo vel takimata. Gubergren dolor tempor rebum duo est duo sit justo autem commodo sadipscing eu rebum magna facilisi sadipscing sit duis. Duo illum minim illum tempor nonumy diam kasd gubergren et aliquam sed. Kasd dolor et sed diam dolore et et nonumy sanctus lorem ea ut sit amet accusam dolore duis enim. Sed autem sanctus velit dolor dolor et lobortis sanctus consetetur dolor vero nonumy in amet voluptua sed. Dolores magna sadipscing sadipscing takimata eos et quis. Clita consetetur consetetur sadipscing. Rebum vero amet diam amet et accusam sit et labore. Rebum facilisi sadipscing voluptua labore est. Dolor at diam amet dolor dolor nonumy et stet quod gubergren sea. Rebum sit kasd lorem duo erat lorem rebum dolor vulputate iriure option sed. Stet diam voluptua no at dolores kasd gubergren praesent velit accumsan dolore justo sadipscing nonumy aliquyam. Et vero blandit dolor stet justo te dolor nulla sit eleifend clita amet eirmod. Mazim et no dolores lorem duis at labore vero ut lorem lorem sea elitr. Vero ipsum invidunt sed at stet justo clita sadipscing esse tempor consequat ipsum sit labore voluptua et vero.\nSanctus ut sadipscing erat sea eum velit dolor est erat sed clita ipsum stet nonumy dolores. Quis nonumy sed ut hendrerit nonumy elitr sit kasd stet exerci dolore feugiat. Est lorem diam hendrerit lorem sit. Dolor ipsum et et. Eirmod tempor consetetur enim adipiscing dolore eu sed lorem kasd erat consetetur nulla diam lorem vel et et. Sanctus in accusam eirmod et. Vel voluptua ut exerci erat diam dolor ipsum eos ea eirmod. No kasd duo eirmod commodo adipiscing. Sit eum vero et nihil. Eos at nihil tempor ipsum iriure nulla dolore accusam eros assum. Eos gubergren accumsan ut vero aliquyam aliquip sanctus et. Lorem iusto est vulputate dolor sanctus dolore dolore amet rebum eos aliquam amet kasd et ea aliquyam. Lorem eirmod dolores nonumy clita no amet ea eos volutpat duo. Sit gubergren kasd labore. Nonumy id erat rebum gubergren dolor sit praesent molestie eos duo. Eros invidunt sadipscing lorem consetetur dolor dolor hendrerit aliquam et dignissim at duo duo dolor. Sed voluptua dolore ipsum est sit clita dolor clita lorem dolor.\n","publishDate":"2021-06-02T22:35:54.1919217+00:00"},{"id":13,"title":"Book 13","description":"Magna dolor dignissim adipiscing tempor sadipscing dolore nonumy ipsum dolor quod eirmod ea takimata stet suscipit diam sed. Amet lorem erat kasd duis lorem. Feugait dignissim suscipit eum ea labore vel elitr volutpat duo quod ea est vel sit nonumy justo et consectetuer. Hendrerit no dolor duo sanctus adipiscing est ex. Elitr nisl tation voluptua illum stet voluptua accusam lorem ea vel amet dolores aliquyam eirmod nonumy nostrud duis. Clita tempor tempor sanctus sanctus tincidunt. Ipsum eirmod suscipit esse exerci sit ipsum congue erat. Lorem dolor lorem ipsum amet ullamcorper et erat voluptua lorem stet voluptua diam. Esse amet dignissim et lorem at kasd et tempor sanctus ea sed nonummy. Dolore nisl et elitr nulla dolor labore est eos no gubergren dolores. Labore eirmod labore et est in nostrud at in eos diam consetetur dolore ea. Accusam feugiat magna sed ipsum ea tempor consequat ut. Et at ut takimata nonumy sanctus tempor nulla labore magna soluta molestie. Luptatum et ad amet at lorem erat no consetetur eum eum gubergren tation amet eirmod at stet illum. Duo ea sea diam tempor et diam. Vero no sea amet eros suscipit magna elitr ipsum ut.\n","pageCount":1300,"excerpt":"Ea ex ipsum justo elitr nobis takimata consetetur eos et stet at liber et sanctus eros. Magna facilisis accusam kasd ex suscipit sed iriure iusto ea et esse duis aliquip magna iusto. Quis feugait sadipscing ut consectetuer molestie aliquip amet ut gubergren sea velit. Et ipsum lorem praesent velit ipsum imperdiet amet ipsum tincidunt kasd et ea accusam veniam nonumy tempor consequat sea.\nUt dolor ipsum hendrerit ipsum sed. Tation diam sed amet sit accusam ipsum tation. Eum et labore nulla diam molestie. Diam lorem justo consetetur invidunt laoreet sed stet ea voluptua illum justo ex illum. Dolor est sit gubergren voluptua eum rebum laoreet takimata justo ipsum option delenit. Duo dolores vero rebum lorem magna kasd sanctus stet et in invidunt eirmod vero duis. Sit quis stet at no sed option rebum justo eos facilisi ipsum accumsan gubergren nulla labore et vulputate lorem. Aliquyam sit vel. Sed dolor ut volutpat sadipscing dolore erat et elitr sit dolor tincidunt aliquyam accusam dolor erat. Sit dolor dolor. Ut minim lorem kasd sed est ipsum dolor nonumy. Est tempor dolore et nihil aliquam sea lorem. Sed voluptua eirmod sit iusto erat ipsum diam. Amet sit eirmod justo ut laoreet dolore eu sit takimata lorem. Eirmod stet vulputate erat. Accusam justo in aliquyam vel sed vero et ut et.\nAccumsan te lorem dolor nonummy te stet doming nostrud wisi dolor consetetur consetetur. Consectetuer takimata wisi. Diam dolore erat diam dolore. Diam in stet labore dolores possim esse aliquyam enim eirmod dignissim magna sea duis amet. Elitr magna diam eum nonummy sea nihil stet option kasd. Takimata dolores consetetur dolore ea. Accusam kasd clita illum et et erat euismod sadipscing. Sanctus justo aliquam vero dolore.\nElitr et dolor at elitr feugiat amet stet tempor at sea ipsum mazim tempor congue. Praesent sed dolor stet feugait vero invidunt elitr amet no molestie invidunt sit aliquyam diam iusto diam kasd dolor. Sea labore clita eirmod te vel ut vero sit ut duo gubergren consequat. Takimata et diam clita eos praesent erat et sit sadipscing sit sed. Nostrud vel nonumy est elitr sed kasd ut magna commodo duis vero vel stet labore eu elitr feugait sit. Elitr et eirmod autem amet tempor et duo kasd gubergren stet. Volutpat aliquam clita at luptatum. Dolores vel sit sit takimata voluptua facilisis vero velit facilisis sit quis rebum veniam volutpat dolore dolor aliquyam. Lorem eos lorem ipsum facilisis takimata vulputate. Elitr eros ea voluptua dolor rebum dolore lorem vulputate nulla mazim dolor et elitr et vel lorem. Dolore zzril vero quis elitr dolore. Ipsum magna te et vero tation stet stet autem qui justo. Tempor dolores magna vero molestie possim suscipit justo. Adipiscing ipsum dolor duo ipsum elitr doming dolore ea ea. Consectetuer vero consequat ea dolores ut rebum accusam aliquip invidunt magna eum ipsum gubergren diam feugait.\nExerci ea takimata sed dolore velit dolore euismod et accusam. Ut iriure kasd eos dolores justo voluptua rebum vulputate duis possim lorem nulla labore dolor takimata dolores rebum. Ut erat vero zzril lorem ut et sed.\n","publishDate":"2021-06-01T22:35:54.1920166+00:00"},{"id":14,"title":"Book 14","description":"Nisl vel ad et sanctus consetetur. Ipsum ipsum velit ea kasd sanctus sit stet dolore lorem amet at rebum rebum. Lorem eirmod magna sit aliquyam kasd no et lorem velit nibh erat eum. Diam accusam nulla gubergren dolor voluptua elitr in vero ipsum hendrerit justo liber est invidunt. Diam rebum dolor duo in. In ipsum consetetur nisl ut sea est doming iriure. Sit et accusam consetetur labore at at tempor possim tempor et. Nulla sed sit. Invidunt eros et dolor sea justo invidunt ipsum amet et eirmod eleifend. Consetetur at option et justo dolores dolore accusam sit illum aliquip eirmod vero sea in accusam ut sea gubergren. Kasd dolore luptatum dolor gubergren sit lorem at et. Dolor gubergren sed tempor sanctus sea aliquyam iusto. Duo autem invidunt sanctus et voluptua dolor sed zzril assum ut. Dolore in sit takimata. Consectetuer sanctus dolore.\n","pageCount":1400,"excerpt":"Commodo in in gubergren ipsum invidunt rebum sadipscing eos duis dolor. Et consetetur ipsum et et consetetur aliquyam diam est takimata in lorem aliquip sit et dolores. Elitr ut aliquyam dignissim. Et nonumy lobortis sit sanctus sit dolor vero magna voluptua invidunt eum magna elitr accusam. Invidunt nobis labore diam accusam. Duo ullamcorper sadipscing ex elitr labore ea blandit accusam takimata ipsum elit.\nLorem lorem dolor et autem justo vero praesent rebum sit eirmod tempor accusam tempor duo iriure est. Aliquam elitr sit sed diam eirmod rebum stet et et nulla amet. Tempor veniam veniam et sea et nostrud et sed dolor at ipsum consetetur stet diam. Enim lorem ea sea dolore amet est amet sed eleifend. Diam in blandit. Nibh duo eirmod dolores lorem tincidunt vero dignissim invidunt rebum autem amet eirmod. Justo erat aliquyam nonumy ea amet et et minim est sadipscing. Tincidunt gubergren at soluta dolore stet et sit ipsum lorem. Dolore sanctus qui nonumy nonummy sed magna magna tempor. Ex aliquam nibh. Sed dolor et erat justo eos magna ipsum qui dolore esse accumsan ipsum. Est accusam amet sanctus minim sea est vero tempor. Euismod iusto accumsan dolor. Et duo in ea accusam sea magna autem diam ea dolore et est sea. Dolore eros clita nibh erat eos.\nTempor lorem takimata eirmod ipsum elit eos. At dolor in rebum ut consectetuer facilisi doming invidunt adipiscing eirmod et in consetetur dolor aliquip est erat consequat. At sea lorem consetetur amet te erat nulla amet erat esse diam nulla eros in amet dolor sit nonumy. Sed diam commodo sadipscing est. Magna ex ipsum sit sanctus justo ipsum lorem amet illum hendrerit diam amet ea. Sanctus enim kasd iusto eirmod magna. Nobis iusto kasd te ut stet lorem esse et lobortis et sadipscing. Nonumy tempor duo sanctus takimata labore tempor clita no enim. Amet dolore ipsum. Dignissim ipsum nonummy duis. Tempor adipiscing magna consetetur vel sea congue ea hendrerit justo sed ut labore est tempor elitr kasd consetetur. Lorem at et sed dolore vero vero delenit iusto lorem dolore est rebum. Amet ullamcorper sed vel elitr justo est. Euismod ipsum et aliquyam blandit est rebum amet amet invidunt rebum no ut et molestie. Consetetur ipsum lorem consectetuer sea et ea dolor lorem. Gubergren duis placerat molestie sea stet vel esse iusto. Sit lorem eos ut. Ad sed facilisi et sed eirmod nonummy qui rebum et magna sit elitr et justo at.\nNulla ipsum at nulla lorem vero lorem clita nam sanctus diam et odio amet stet et. Autem et invidunt eu magna dignissim kasd dolor et erat. Et quod labore ipsum feugiat accumsan autem lobortis lorem et stet tempor. Nam sit duo nobis cum consetetur vero et. Et erat et at ipsum tempor ipsum ea amet feugiat id mazim et diam vero eos. Ut aliquyam labore aliquyam voluptua est iriure commodo ut sed et et ea rebum dolores ea dolor tempor magna. Aliquyam et lorem hendrerit sea et takimata euismod ut vel vel magna. Nonumy dolore magna sit wisi eos dolor sit ipsum aliquyam. Eos illum ea nonumy hendrerit sit suscipit. Dolore sit et gubergren lorem dolores sit labore. Kasd duo sanctus et justo ipsum eirmod magna in sed ullamcorper sed enim ut ea dolore accusam eum. Delenit voluptua ut. Dolor liber ipsum hendrerit laoreet tempor at takimata praesent lobortis sit nobis. Eu molestie eos quis justo est et accumsan dolor illum clita ad praesent et dolores at ut.\nDolor elit accumsan labore. Tempor eos sit commodo consetetur tempor dolore sea et iusto elitr commodo consequat sea magna vulputate gubergren. Eros eos duis justo clita. Possim nisl no dolores sit est nisl ea et sanctus velit et sea vel voluptua. Gubergren nostrud erat magna dolore vel. Elitr gubergren ea eirmod molestie dolores sit wisi esse et tempor ea gubergren. Ipsum ut praesent ipsum aliquyam dolores dolore iusto voluptua stet dolore stet vero sea labore augue. Dolores nulla no dolore sadipscing elitr magna labore ea labore hendrerit et sed. Aliquyam eirmod elitr elitr stet lorem sit et commodo. Kasd takimata dolore ipsum et rebum et lorem ipsum rebum rebum sed nostrud sanctus nulla diam. Sed eos dolore qui augue justo diam diam dolore nonumy et sit elitr. Sadipscing stet erat consetetur dolor lorem dolor magna odio dolor diam takimata dolor gubergren velit ut at. Nihil est exerci ipsum illum dolor molestie dolor dolor voluptua aliquip et sadipscing dolores wisi elit.\n","publishDate":"2021-05-31T22:35:54.192141+00:00"},{"id":15,"title":"Book 15","description":"Aliquam ut eros consequat et dolore duis lobortis facilisi illum nonumy voluptua sed aliquyam sea cum ipsum dolor sit. Dignissim minim no dolor accusam justo. Amet duis at euismod sea no velit sea vero in lobortis esse sadipscing eirmod at dolor ea diam. Sed duo in kasd feugiat clita amet kasd vero nonummy sed duo dolores ut delenit. Vero invidunt eos justo dolores et laoreet dolore nostrud et diam. In amet et sit volutpat sit justo et sit aliquyam sit. Elitr consectetuer labore duo sanctus augue sadipscing nonumy dolore aliquyam hendrerit nonumy lorem. Accusam eos et diam clita cum at diam dolor sea quis. Tempor ut dolor tempor sea et et labore praesent. Dolor accusam tincidunt sea lorem id voluptua adipiscing augue tation illum.\n","pageCount":1500,"excerpt":"Vero sadipscing justo sed nulla sadipscing et ea duis. Nonumy volutpat aliquyam eros takimata kasd amet magna in aliquyam dolor magna ea nonumy est et labore at. Veniam lobortis feugiat feugait dolor lorem sanctus magna dolores stet eros lorem consectetuer dolore. Vel diam clita invidunt et diam sed amet magna diam duo feugiat sit amet augue at clita. Ut kasd stet at illum at invidunt elitr dolore wisi esse et l
[...]
ero nulla duis accumsan gubergren at. Clita et ipsum suscipit invidunt lorem exerci eos ea veniam et vel diam consetetur sanctus rebum. Ut hendrerit sit duo dolore sed sit iusto eum et et lorem voluptua. Et et ea tation est esse zzril ut ipsum iriure dolore duis et elitr dolore lorem voluptua. Magna eirmod et dolores ea vel ut. Gubergren sed liber nam ut lobortis dolor nonumy labore invidunt et zzril sed sadipscing sit dolor. Gubergren dolor dolor congue elitr tempor dolor aliquyam dolores sit. Sit lorem augue at et dolore feugiat ut dolor sed sanctus tempor. Stet lorem lorem magna consectetuer ipsum amet lorem quis eirmod labore iriure et in et dolor lobortis et aliquyam. Lorem dolore ut sed velit wisi sed diam dolore no justo et ipsum diam ut gubergren. Dolor et eirmod no sanctus sadipscing amet feugait rebum nostrud magna praesent tincidunt. Amet diam sadipscing voluptua sed magna. Labore magna et diam duo delenit dolore amet dolore consetetur et elitr qui eos takimata tempor no quis. Sadipscing velit sit sanctus consetetur nonumy et ipsum no in sadipscing vero duo nonumy eos iusto dolores eos.\n","pageCount":1500,"excerpt":"Duo takimata erat ea tincidunt amet sit. Rebum duo sit consetetur in dolor no ipsum. Sea at sit ut amet nulla sanctus magna autem sit magna eum amet. Kasd blandit ut et at sea vero elit at labore molestie takimata hendrerit dolores duis. Exerci erat vero eos dolore lobortis ut accusam. Sed lorem ea elitr elitr feugait sit eos duo ipsum tempor clita dolore. Lorem consequat sea iusto. Eos et veniam magna vero nostrud amet molestie magna sit ipsum blandit et accusam. Eos stet sit tation takimata erat ipsum ex duo nonumy kasd elitr. Ipsum sed diam ipsum vulputate eu ut magna facilisis erat ullamcorper. Labore ipsum ex lorem dolor gubergren sanctus nonumy et at ipsum. Elit nulla in iusto consetetur dolor enim amet nostrud vero elit aliquip consetetur minim labore. Consetetur eos clita amet diam illum tincidunt kasd lorem qui diam quis magna enim sit commodo amet. Amet sit accusam eum voluptua sanctus est nam et eos rebum voluptua id. Rebum velit sadipscing dolore amet facer esse invidunt dolor nonummy iriure qui eos et amet eos nulla ipsum sed. Sadipscing sit velit.\nEt vero iriure sadipscing clita diam ea et minim ex diam kasd. Rebum eleifend wisi ipsum nibh at eos. Eum sanctus dolores sed. Et dolores ipsum takimata diam duo consetetur voluptua sed sit sed magna lorem feugiat ipsum elitr erat. Dolor zzril et gubergren stet at et dolor ut ut stet lorem ipsum sed dolore iusto et nonumy. Nulla gubergren et amet duo diam duo ipsum molestie justo tempor est nonumy et facilisis dolor dolor sanctus. Consequat et ea accusam rebum et autem consetetur sea aliquam voluptua et erat dolores sea sanctus dolor sadipscing eos. Dolor diam invidunt accusam et at erat ea. Eirmod placerat nihil justo. Nisl amet mazim voluptua diam feugiat est accusam aliquyam sit nonumy ipsum sed sed adipiscing. Ut tempor sit ut sit placerat. Sea luptatum stet erat erat ut facilisi facilisi justo sit sed elitr sed. Et lorem sit sea qui. Dolor voluptua ipsum lorem consequat assum option duo invidunt sit.\nAccusam ipsum takimata est mazim nibh no magna eum lorem vero eum magna clita. Invidunt imperdiet consequat velit duo erat sit invidunt no sit sed et. Et eirmod dolor dolores magna sadipscing sadipscing elitr sit sit invidunt et. Et dolore nulla et. Consetetur erat sea facer ut hendrerit et laoreet nobis diam gubergren invidunt duo. Dolore eirmod invidunt. Dolor dolore ex.\nEa zzril aliquyam nostrud iriure et ipsum. Dolor eirmod ad ipsum eirmod nonumy elitr duo lorem sanctus nihil vel eos clita iriure sadipscing nonumy vero iriure. Veniam sanctus adipiscing sanctus voluptua et tation ipsum et dolores eros sea dolor ipsum nonummy tempor. Illum facilisi sit ipsum voluptua nonummy dignissim clita vulputate praesent kasd amet eirmod sed mazim. Et voluptua lorem at accusam lorem ipsum dolore feugiat eirmod lorem option et nulla sanctus nulla dolore sed no. Et est duis dolor sit duo lobortis praesent justo diam nulla. Amet sanctus et lorem rebum. Elitr duis dolores et sadipscing euismod sea molestie ipsum dignissim stet clita. Euismod ut labore eu lorem nibh kasd eu nonumy sit diam ullamcorper duis commodo laoreet commodo. Clita autem dolor stet qui consequat duis vero lorem est ipsum esse diam feugiat et ex. Illum duo suscipit blandit tempor. Wisi autem duis et dolore amet dolore accusam dolore consetetur nulla. Duo accusam assum stet sit nulla magna nonumy delenit nostrud eos gubergren eros. Gubergren in blandit invidunt duis kasd cum duo voluptua erat praesent dolores amet molestie lorem. Ut est at justo sit invidunt duo tempor erat et ut clita et eleifend hendrerit. Sea aliquyam vulputate amet et diam ad consetetur et at eu diam eum et gubergren nisl sed. Iriure vero dolore gubergren elitr euismod sit tempor ipsum et takimata diam lorem at elitr lorem rebum tempor ea.\nTakimata laoreet invidunt gubergren sadipscing est lorem invidunt dolor clita eros vulputate. Voluptua amet autem amet ipsum tincidunt sit eirmod et accusam eirmod diam et vero amet in nulla elitr. Hendrerit et iriure magna et kasd nulla placerat tempor sit. Amet ut lorem nonumy eu ipsum blandit sed vero at consequat justo stet dolor elitr magna at. Ut nonumy sed consetetur liber amet lorem sadipscing lorem stet sed justo et labore luptatum eos sadipscing vulputate dolores. Sit tempor et ipsum sed dolor aliquip amet tation duis et quis ea dolore gubergren. Kasd accusam tation clita elitr. Diam clita nonumy amet illum sed esse at nisl nonumy dolores sit nonumy invidunt tincidunt tincidunt accusam. Te invidunt nam takimata lobortis accusam elit elitr invidunt kasd takimata invidunt at consetetur iriure et id. Facer dolores diam ipsum diam delenit veniam. Congue kasd ut gubergren labore placerat amet lorem. Vel justo esse. Amet est clita luptatum sed eirmod sit. Clita luptatum diam sed eirmod feugiat ea takimata esse sed diam gubergren gubergren consetetur consetetur vero. Rebum vulputate at eu sit magna sanctus no justo nam. Dolore consetetur ea et elitr vero tempor diam stet consequat dolor ad takimata. Hendrerit adipiscing ipsum ipsum ipsum sit at vel facilisis dolore aliquyam et sanctus dolor et dolor laoreet imperdiet. Iriure dolores ipsum.\n","publishDate":"2021-05-30T22:35:55.7802516+00:00"}</msg>
<status status="PASS" starttime="20210614 19:35:55.995" endtime="20210614 19:35:55.997"/>
</kw>
<kw name="Set Test Variable" library="BuiltIn">
<arg>${RESPOSTA}</arg>
<doc>Makes a variable available everywhere within the scope of the current test.</doc>
<msg timestamp="20210614 19:35:55.998" level="INFO">${RESPOSTA} = &lt;Response [200]&gt;</msg>
<status status="PASS" starttime="20210614 19:35:55.997" endtime="20210614 19:35:55.998"/>
</kw>
<status status="PASS" starttime="20210614 19:35:55.698" endtime="20210614 19:35:55.998"/>
</kw>
<kw name="Conferir o status code" library="ResourceAPI1">
<arg>200</arg>
<kw name="Should Be Equal As Strings" library="BuiltIn">
<arg>${RESPOSTA.status_code}</arg>
<arg>${STATUSCODE_DESEJADO}</arg>
<doc>Fails if objects are unequal after converting them to strings.</doc>
<msg timestamp="20210614 19:35:56.001" level="INFO">Argument types are:
&lt;class 'int'&gt;
&lt;type 'unicode'&gt;</msg>
<status status="PASS" starttime="20210614 19:35:55.999" endtime="20210614 19:35:56.001"/>
</kw>
<status status="PASS" starttime="20210614 19:35:55.998" endtime="20210614 19:35:56.001"/>
</kw>
<kw name="Conferir o reason" library="ResourceAPI1">
<arg>OK</arg>
<kw name="Should Be Equal As Strings" library="BuiltIn">
<arg>${RESPOSTA.reason}</arg>
<arg>${REASON_DESEJADO}</arg>
<doc>Fails if objects are unequal after converting them to strings.</doc>
<status status="PASS" starttime="20210614 19:35:56.002" endtime="20210614 19:35:56.005"/>
</kw>
<status status="PASS" starttime="20210614 19:35:56.001" endtime="20210614 19:35:56.005"/>
</kw>
<status status="PASS" starttime="20210614 19:35:55.697" endtime="20210614 19:35:56.006"/>
</test>
<test id="s1-t3" name="Cadastrar um novo livro (POST)">
<kw name="Cadastrar um novo livro" library="ResourceAPI1">
<kw name="Post On Session" library="RequestsLibrary">
<var>${RESPOSTA}</var>
<arg>fakeAPI</arg>
<arg>Books</arg>
<arg>data={"id": 0,"title": "string","description": "string","pageCount": 0,"excerpt": "string","publishDate":"2021-06-03T22:52:07.664Z"}</arg>
<arg>headers=${HEADERS}</arg>
<doc>Sends a POST request on a previously created HTTP Session.</doc>
<msg timestamp="20210614 19:35:56.248" level="INFO">POST Request : url=https://fakerestapi.azurewebsites.net/api/v1/Books 
 path_url=/api/v1/Books 
 headers={'User-Agent': 'python-requests/2.22.0', 'Accept-Encoding': 'gzip, deflate', 'Accept': '*/*', 'Connection': 'keep-alive', 'content-type': 'application/json', 'Content-Length': '127'} 
 body={"id": 0,"title": "string","description": "string","pageCount": 0,"excerpt": "string","publishDate":"2021-06-03T22:52:07.664Z"} 
 </msg>
<msg timestamp="20210614 19:35:56.249" level="INFO">POST Response : url=https://fakerestapi.azurewebsites.net/api/v1/Books 
 status=200, reason=OK 
 headers={'Transfer-Encoding': 'chunked', 'Content-Type': 'application/json; charset=utf-8; v=1.0', 'Server': 'Kestrel', 'api-supported-versions': '1.0', 'Date': 'Mon, 14 Jun 2021 22:35:55 GMT'} 
 body={"id":0,"title":"string","description":"string","pageCount":0,"excerpt":"string","publishDate":"2021-06-03T22:52:07.664Z"} 
 </msg>
<msg timestamp="20210614 19:35:56.249" level="INFO">/usr/lib/python3/dist-packages/urllib3/connectionpool.py:999: InsecureRequestWarning: Unverified HTTPS request is being made to host 'fakerestapi.azurewebsites.net'. Adding certificate verification is strongly advised. See: https://urllib3.readthedocs.io/en/latest/advanced-usage.html#ssl-warnings
  warnings.warn(</msg>
<msg timestamp="20210614 19:35:56.249" level="INFO">${RESPOSTA} = &lt;Response [200]&gt;</msg>
<status status="PASS" starttime="20210614 19:35:56.009" endtime="20210614 19:35:56.249"/>
</kw>
<kw name="Log" library="BuiltIn">
<arg>${RESPOSTA.text}</arg>
<doc>Logs the given message with the given level.</doc>
<msg timestamp="20210614 19:35:56.250" level="INFO">{"id":0,"title":"string","description":"string","pageCount":0,"excerpt":"string","publishDate":"2021-06-03T22:52:07.664Z"}</msg>
<status status="PASS" starttime="20210614 19:35:56.249" endtime="20210614 19:35:56.251"/>
</kw>
<kw name="Set Test Variable" library="BuiltIn">
<arg>${RESPOSTA}</arg>
<doc>Makes a variable available everywhere within the scope of the current test.</doc>
<msg timestamp="20210614 19:35:56.252" level="INFO">${RESPOSTA} = &lt;Response [200]&gt;</msg>
<status status="PASS" starttime="20210614 19:35:56.251" endtime="20210614 19:35:56.252"/>
</kw>
<status status="PASS" starttime="20210614 19:35:56.008" endtime="20210614 19:35:56.252"/>
</kw>
<kw name="Conferir o status code" library="ResourceAPI1">
<arg>200</arg>
<kw name="Should Be Equal As Strings" library="BuiltIn">
<arg>${RESPOSTA.status_code}</arg>
<arg>${STATUSCODE_DESEJADO}</arg>
<doc>Fails if objects are unequal after converting them to strings.</doc>
<msg timestamp="20210614 19:35:56.255" level="INFO">Argument types are:
&lt;class 'int'&gt;
&lt;type 'unicode'&gt;</msg>
<status status="PASS" starttime="20210614 19:35:56.254" endtime="20210614 19:35:56.255"/>
</kw>
<status status="PASS" starttime="20210614 19:35:56.253" endtime="20210614 19:35:56.255"/>
</kw>
<kw name="Conferir o reason" library="ResourceAPI1">
<arg>OK</arg>
<kw name="Should Be Equal As Strings" library="BuiltIn">
<arg>${RESPOSTA.reason}</arg>
<arg>${REASON_DESEJADO}</arg>
<doc>Fails if objects are unequal after converting them to strings.</doc>
<status status="PASS" starttime="20210614 19:35:56.258" endtime="20210614 19:35:56.261"/>
</kw>
<status status="PASS" starttime="20210614 19:35:56.256" endtime="20210614 19:35:56.261"/>
</kw>
<status status="PASS" starttime="20210614 19:35:56.007" endtime="20210614 19:35:56.262"/>
</test>
<test id="s1-t4" name="Alterar um livro (PUT)">
<kw name="Alterar o livro &quot;150&quot;" library="ResourceAPI1" sourcename="Alterar o livro &quot;${ID_LIVRO}&quot;">
<kw name="Put On Session" library="RequestsLibrary">
<var>${RESPOSTA}</var>
<arg>fakeAPI</arg>
<arg>Books/${ID_LIVRO}</arg>
<arg>data={"id": 150,"title": "string","description": "string","pageCount": 0,"excerpt": "string","publishDate": "2021-06-04T00:15:14.846Z"}</arg>
<arg>headers=${HEADERS}</arg>
<doc>Sends a PUT request on a previously created HTTP Session.</doc>
<msg timestamp="20210614 19:35:56.560" level="INFO">PUT Request : url=https://fakerestapi.azurewebsites.net/api/v1/Books/150 
 path_url=/api/v1/Books/150 
 headers={'User-Agent': 'python-requests/2.22.0', 'Accept-Encoding': 'gzip, deflate', 'Accept': '*/*', 'Connection': 'keep-alive', 'content-type': 'application/json', 'Content-Length': '130'} 
 body={"id": 150,"title": "string","description": "string","pageCount": 0,"excerpt": "string","publishDate": "2021-06-04T00:15:14.846Z"} 
 </msg>
<msg timestamp="20210614 19:35:56.560" level="INFO">PUT Response : url=https://fakerestapi.azurewebsites.net/api/v1/Books/150 
 status=200, reason=OK 
 headers={'Transfer-Encoding': 'chunked', 'Content-Type': 'application/json; charset=utf-8; v=1.0', 'Server': 'Kestrel', 'api-supported-versions': '1.0', 'Date': 'Mon, 14 Jun 2021 22:35:55 GMT'} 
 body={"id":150,"title":"string","description":"string","pageCount":0,"excerpt":"string","publishDate":"2021-06-04T00:15:14.846Z"} 
 </msg>
<msg timestamp="20210614 19:35:56.561" level="INFO">/usr/lib/python3/dist-packages/urllib3/connectionpool.py:999: InsecureRequestWarning: Unverified HTTPS request is being made to host 'fakerestapi.azurewebsites.net'. Adding certificate verification is strongly advised. See: https://urllib3.readthedocs.io/en/latest/advanced-usage.html#ssl-warnings
  warnings.warn(</msg>
<msg timestamp="20210614 19:35:56.561" level="INFO">${RESPOSTA} = &lt;Response [200]&gt;</msg>
<status status="PASS" starttime="20210614 19:35:56.264" endtime="20210614 19:35:56.561"/>
</kw>
<kw name="Log" library="BuiltIn">
<arg>${RESPOSTA.text}</arg>
<doc>Logs the given message with the given level.</doc>
<msg timestamp="20210614 19:35:56.565" level="INFO">{"id":150,"title":"string","description":"string","pageCount":0,"excerpt":"string","publishDate":"2021-06-04T00:15:14.846Z"}</msg>
<status status="PASS" starttime="20210614 19:35:56.563" endtime="20210614 19:35:56.565"/>
</kw>
<kw name="Set Test Variable" library="BuiltIn">
<arg>${RESPOSTA}</arg>
<doc>Makes a variable available everywhere within the scope of the current test.</doc>
<msg timestamp="20210614 19:35:56.569" level="INFO">${RESPOSTA} = &lt;Response [200]&gt;</msg>
<status status="PASS" starttime="20210614 19:35:56.566" endtime="20210614 19:35:56.569"/>
</kw>
<status status="PASS" starttime="20210614 19:35:56.263" endtime="20210614 19:35:56.570"/>
</kw>
<kw name="Conferir o status code" library="ResourceAPI1">
<arg>200</arg>
<kw name="Should Be Equal As Strings" library="BuiltIn">
<arg>${RESPOSTA.status_code}</arg>
<arg>${STATUSCODE_DESEJADO}</arg>
<doc>Fails if objects are unequal after converting them to strings.</doc>
<msg timestamp="20210614 19:35:56.575" level="INFO">Argument types are:
&lt;class 'int'&gt;
&lt;type 'unicode'&gt;</msg>
<status status="PASS" starttime="20210614 19:35:56.572" endtime="20210614 19:35:56.576"/>
</kw>
<status status="PASS" starttime="20210614 19:35:56.571" endtime="20210614 19:35:56.580"/>
</kw>
<kw name="Conferir o reason" library="ResourceAPI1">
<arg>OK</arg>
<kw name="Should Be Equal As Strings" library="BuiltIn">
<arg>${RESPOSTA.reason}</arg>
<arg>${REASON_DESEJADO}</arg>
<doc>Fails if objects are unequal after converting them to strings.</doc>
<status status="PASS" starttime="20210614 19:35:56.582" endtime="20210614 19:35:56.584"/>
</kw>
<status status="PASS" starttime="20210614 19:35:56.580" endtime="20210614 19:35:56.585"/>
</kw>
<status status="PASS" starttime="20210614 19:35:56.262" endtime="20210614 19:35:56.587"/>
</test>
<test id="s1-t5" name="Deletar um livro (DELETE)">
<kw name="Deletar o livro &quot;200&quot;" library="ResourceAPI1" sourcename="Deletar o livro &quot;${ID_LIVRO}&quot;">
<kw name="Delete On Session" library="RequestsLibrary">
<var>${RESPOSTA}</var>
<arg>fakeAPI</arg>
<arg>Books/${ID_LIVRO}</arg>
<arg>headers=${HEADERS}</arg>
<doc>Sends a DELETE request on a previously created HTTP Session.</doc>
<msg timestamp="20210614 19:35:56.864" level="INFO">DELETE Request : url=https://fakerestapi.azurewebsites.net/api/v1/Books/200 
 path_url=/api/v1/Books/200 
 headers={'User-Agent': 'python-requests/2.22.0', 'Accept-Encoding': 'gzip, deflate', 'Accept': '*/*', 'Connection': 'keep-alive', 'content-type': 'application/json', 'Content-Length': '0'} 
 body=None 
 </msg>
<msg timestamp="20210614 19:35:56.864" level="INFO">DELETE Response : url=https://fakerestapi.azurewebsites.net/api/v1/Books/200 
 status=200, reason=OK 
 headers={'Server': 'Kestrel', 'api-supported-versions': '1.0', 'Date': 'Mon, 14 Jun 2021 22:35:55 GMT', 'Content-Length': '0'} 
 body=None 
 </msg>
<msg timestamp="20210614 19:35:56.864" level="INFO">/usr/lib/python3/dist-packages/urllib3/connectionpool.py:999: InsecureRequestWarning: Unverified HTTPS request is being made to host 'fakerestapi.azurewebsites.net'. Adding certificate verification is strongly advised. See: https://urllib3.readthedocs.io/en/latest/advanced-usage.html#ssl-warnings
  warnings.warn(</msg>
<msg timestamp="20210614 19:35:56.865" level="INFO">${RESPOSTA} = &lt;Response [200]&gt;</msg>
<status status="PASS" starttime="20210614 19:35:56.591" endtime="20210614 19:35:56.865"/>
</kw>
<kw name="Log" library="BuiltIn">
<arg>${RESPOSTA.text}</arg>
<doc>Logs the given message with the given level.</doc>
<msg timestamp="20210614 19:35:56.866" level="INFO"/>
<status status="PASS" starttime="20210614 19:35:56.865" endtime="20210614 19:35:56.866"/>
</kw>
<kw name="Set Test Variable" library="BuiltIn">
<arg>${RESPOSTA}</arg>
<doc>Makes a variable available everywhere within the scope of the current test.</doc>
<msg timestamp="20210614 19:35:56.867" level="INFO">${RESPOSTA} = &lt;Response [200]&gt;</msg>
<status status="PASS" starttime="20210614 19:35:56.867" endtime="20210614 19:35:56.867"/>
</kw>
<status status="PASS" starttime="20210614 19:35:56.590" endtime="20210614 19:35:56.868"/>
</kw>
<kw name="Conferir o status code" library="ResourceAPI1">
<arg>200</arg>
<kw name="Should Be Equal As Strings" library="BuiltIn">
<arg>${RESPOSTA.status_code}</arg>
<arg>${STATUSCODE_DESEJADO}</arg>
<doc>Fails if objects are unequal after converting them to strings.</doc>
<msg timestamp="20210614 19:35:56.872" level="INFO">Argument types are:
&lt;class 'int'&gt;
&lt;type 'unicode'&gt;</msg>
<status status="PASS" starttime="20210614 19:35:56.870" endtime="20210614 19:35:56.873"/>
</kw>
<status status="PASS" starttime="20210614 19:35:56.868" endtime="20210614 19:35:56.874"/>
</kw>
<kw name="Conferir o reason" library="ResourceAPI1">
<arg>OK</arg>
<kw name="Should Be Equal As Strings" library="BuiltIn">
<arg>${RESPOSTA.reason}</arg>
<arg>${REASON_DESEJADO}</arg>
<doc>Fails if objects are unequal after converting them to strings.</doc>
<status status="PASS" starttime="20210614 19:35:56.875" endtime="20210614 19:35:56.878"/>
</kw>
<status status="PASS" starttime="20210614 19:35:56.874" endtime="20210614 19:35:56.878"/>
</kw>
<status status="PASS" starttime="20210614 19:35:56.588" endtime="20210614 19:35:56.878"/>
</test>
<doc>Documentação da API: https://fakerestapi.azurewebsites.net/swagger/ui/index#!/Books</doc>
<status status="PASS" starttime="20210614 19:35:53.180" endtime="20210614 19:35:56.880"/>
</suite>
<statistics>
<total>
<stat pass="5" fail="0" skip="0">All Tests</stat>
</total>
<tag>
</tag>
<suite>
<stat pass="5" fail="0" skip="0" id="s1" name="TestCasesBooksAPI1">TestCasesBooksAPI1</stat>
</suite>
</statistics>
<errors>
</errors>
</robot>
