<?xml version="1.0" encoding="UTF-8"?>
<robot generator="Robot 4.0.3 (Python 3.8.5 on linux)" generated="20210531 21:52:41.564" rpa="false" schemaversion="2">
<suite id="s1" name="ExemplosEscoposVariaveis" source="/home/kira/Documentos/robot_basico/tests/ExemplosEscoposVariaveis.robot">
<test id="s1-t1" name="Caso de teste de exemplo 01">
<kw name="Uma Keyword qualquer 01">
<kw name="Generate Random String" library="String">
<var>${GLOBAL_CRIADA_EM_TEMPO_EXECUCAO}</var>
<doc>Generates a string with a desired ``length`` from the given ``chars``.</doc>
<msg timestamp="20210531 21:52:41.603" level="INFO">${GLOBAL_CRIADA_EM_TEMPO_EXECUCAO} = eF0h6pDh</msg>
<status status="PASS" starttime="20210531 21:52:41.603" endtime="20210531 21:52:41.603"/>
</kw>
<kw name="Set Global Variable" library="BuiltIn">
<arg>${GLOBAL_CRIADA_EM_TEMPO_EXECUCAO}</arg>
<doc>Makes a variable available globally in all tests and suites.</doc>
<msg timestamp="20210531 21:52:41.604" level="INFO">${GLOBAL_CRIADA_EM_TEMPO_EXECUCAO} = eF0h6pDh</msg>
<status status="PASS" starttime="20210531 21:52:41.603" endtime="20210531 21:52:41.604"/>
</kw>
<kw name="Set Suite Variable" library="BuiltIn">
<arg>${SUITE_CRIADA_EM_TEMPO_EXECUCAO}</arg>
<arg>Variável da suíte</arg>
<doc>Makes a variable available everywhere within the scope of the current suite.</doc>
<msg timestamp="20210531 21:52:41.606" level="INFO">${SUITE_CRIADA_EM_TEMPO_EXECUCAO} = Variável da suíte</msg>
<status status="PASS" starttime="20210531 21:52:41.605" endtime="20210531 21:52:41.606"/>
</kw>
<kw name="Set Test Variable" library="BuiltIn">
<arg>${TESTE_01}</arg>
<arg>Variável do teste 01</arg>
<doc>Makes a variable available everywhere within the scope of the current test.</doc>
<msg timestamp="20210531 21:52:41.608" level="INFO">${TESTE_01} = Variável do teste 01</msg>
<status status="PASS" starttime="20210531 21:52:41.606" endtime="20210531 21:52:41.608"/>
</kw>
<kw name="Log" library="BuiltIn">
<arg>${TESTE_01}</arg>
<doc>Logs the given message with the given level.</doc>
<msg timestamp="20210531 21:52:41.608" level="INFO">Variável do teste 01</msg>
<status status="PASS" starttime="20210531 21:52:41.608" endtime="20210531 21:52:41.609"/>
</kw>
<kw name="Set Variable" library="BuiltIn">
<var>${LOCAL}</var>
<arg>Variável local da keyword 01</arg>
<doc>Returns the given values which can then be assigned to a variables.</doc>
<msg timestamp="20210531 21:52:41.609" level="INFO">${LOCAL} = Variável local da keyword 01</msg>
<status status="PASS" starttime="20210531 21:52:41.609" endtime="20210531 21:52:41.609"/>
</kw>
<status status="PASS" starttime="20210531 21:52:41.602" endtime="20210531 21:52:41.609"/>
</kw>
<kw name="Uma Keyword qualquer 02">
<kw name="Set Variable" library="BuiltIn">
<var>${LOCAL}</var>
<arg>Variável local da keyword 02</arg>
<doc>Returns the given values which can then be assigned to a variables.</doc>
<msg timestamp="20210531 21:52:41.611" level="INFO">${LOCAL} = Variável local da keyword 02</msg>
<status status="PASS" starttime="20210531 21:52:41.610" endtime="20210531 21:52:41.611"/>
</kw>
<kw name="Log" library="BuiltIn">
<arg>${LOCAL}</arg>
<doc>Logs the given message with the given level.</doc>
<msg timestamp="20210531 21:52:41.611" level="INFO">Variável local da keyword 02</msg>
<status status="PASS" starttime="20210531 21:52:41.611" endtime="20210531 21:52:41.611"/>
</kw>
<kw name="Log" library="BuiltIn">
<arg>${GLOBAL_INSTANCIADA} / ${GLOBAL_CRIADA_EM_TEMPO_EXECUCAO} / ${SUITE_CRIADA_EM_TEMPO_EXECUCAO} / ${LOCAL}</arg>
<doc>Logs the given message with the given level.</doc>
<msg timestamp="20210531 21:52:41.612" level="INFO">Minha variável GLOBAL_INSTANCIADA foi instanciada para a suite / eF0h6pDh / Variável da suíte / Variável local da keyword 02</msg>
<status status="PASS" starttime="20210531 21:52:41.611" endtime="20210531 21:52:41.612"/>
</kw>
<kw name="Log" library="BuiltIn">
<arg>${TESTE_01}</arg>
<doc>Logs the given message with the given level.</doc>
<msg timestamp="20210531 21:52:41.612" level="INFO">Variável do teste 01</msg>
<status status="PASS" starttime="20210531 21:52:41.612" endtime="20210531 21:52:41.612"/>
</kw>
<status status="PASS" starttime="20210531 21:52:41.610" endtime="20210531 21:52:41.612"/>
</kw>
<status status="PASS" starttime="20210531 21:52:41.601" endtime="20210531 21:52:41.613"/>
</test>
<test id="s1-t2" name="Caso te teste de exemplo 02">
<kw name="Uma Keyword qualquer 02">
<kw name="Set Variable" library="BuiltIn">
<var>${LOCAL}</var>
<arg>Variável local da keyword 02</arg>
<doc>Returns the given values which can then be assigned to a variables.</doc>
<msg timestamp="20210531 21:52:41.615" level="INFO">${LOCAL} = Variável local da keyword 02</msg>
<status status="PASS" starttime="20210531 21:52:41.614" endtime="20210531 21:52:41.615"/>
</kw>
<kw name="Log" library="BuiltIn">
<arg>${LOCAL}</arg>
<doc>Logs the given message with the given level.</doc>
<msg timestamp="20210531 21:52:41.615" level="INFO">Variável local da keyword 02</msg>
<status status="PASS" starttime="20210531 21:52:41.615" endtime="20210531 21:52:41.615"/>
</kw>
<kw name="Log" library="BuiltIn">
<arg>${GLOBAL_INSTANCIADA} / ${GLOBAL_CRIADA_EM_TEMPO_EXECUCAO} / ${SUITE_CRIADA_EM_TEMPO_EXECUCAO} / ${LOCAL}</arg>
<doc>Logs the given message with the given level.</doc>
<msg timestamp="20210531 21:52:41.616" level="INFO">Minha variável GLOBAL_INSTANCIADA foi instanciada para a suite / eF0h6pDh / Variável da suíte / Variável local da keyword 02</msg>
<status status="PASS" starttime="20210531 21:52:41.615" endtime="20210531 21:52:41.616"/>
</kw>
<kw name="Log" library="BuiltIn">
<arg>${TESTE_01}</arg>
<doc>Logs the given message with the given level.</doc>
<msg timestamp="20210531 21:52:41.617" level="FAIL">Variable '${TESTE_01}' not found.</msg>
<status status="FAIL" starttime="20210531 21:52:41.616" endtime="20210531 21:52:41.617"/>
</kw>
<status status="FAIL" starttime="20210531 21:52:41.614" endtime="20210531 21:52:41.617"/>
</kw>
<kw name="Uma Keyword qualquer 03">
<status status="NOT RUN" starttime="20210531 21:52:41.617" endtime="20210531 21:52:41.617"/>
</kw>
<status status="FAIL" starttime="20210531 21:52:41.613" endtime="20210531 21:52:41.618">Variable '${TESTE_01}' not found.</status>
</test>
<test id="s1-t3" name="Caso de teste de exemplo 03">
<kw name="Uma Keyword qualquer 04">
<kw name="Set Variable" library="BuiltIn">
<var>${LOCAL}</var>
<arg>Variável local da keyword 04</arg>
<doc>Returns the given values which can then be assigned to a variables.</doc>
<msg timestamp="20210531 21:52:41.620" level="INFO">${LOCAL} = Variável local da keyword 04</msg>
<status status="PASS" starttime="20210531 21:52:41.620" endtime="20210531 21:52:41.620"/>
</kw>
<kw name="Log" library="BuiltIn">
<arg>${LOCAL}</arg>
<doc>Logs the given message with the given level.</doc>
<msg timestamp="20210531 21:52:41.620" level="INFO">Variável local da keyword 04</msg>
<status status="PASS" starttime="20210531 21:52:41.620" endtime="20210531 21:52:41.620"/>
</kw>
<kw name="Log" library="BuiltIn">
<arg>${GLOBAL_INSTANCIADA} / ${GLOBAL_CRIADA_EM_TEMPO_EXECUCAO} / ${SUITE_CRIADA_EM_TEMPO_EXECUCAO} / ${LOCAL}</arg>
<doc>Logs the given message with the given level.</doc>
<msg timestamp="20210531 21:52:41.621" level="INFO">Minha variável GLOBAL_INSTANCIADA foi instanciada para a suite / eF0h6pDh / Variável da suíte / Variável local da keyword 04</msg>
<status status="PASS" starttime="20210531 21:52:41.621" endtime="20210531 21:52:41.621"/>
</kw>
<status status="PASS" starttime="20210531 21:52:41.619" endtime="20210531 21:52:41.621"/>
</kw>
<status status="PASS" starttime="20210531 21:52:41.618" endtime="20210531 21:52:41.622"/>
</test>
<doc>Exemplo de escopo de variáveis: GLOBAIS, SUITE, TESTE (test case) e LOCAL (keyword)</doc>
<status status="FAIL" starttime="20210531 21:52:41.565" endtime="20210531 21:52:41.623"/>
</suite>
<statistics>
<total>
<stat pass="2" fail="1" skip="0">All Tests</stat>
</total>
<tag>
</tag>
<suite>
<stat pass="2" fail="1" skip="0" id="s1" name="ExemplosEscoposVariaveis">ExemplosEscoposVariaveis</stat>
</suite>
</statistics>
<errors>
</errors>
</robot>
