<?xml version="1.0" encoding="UTF-8"?>
<robot generator="Robot 4.0.3 (Python 3.8.5 on linux)" generated="20210602 21:50:42.135" rpa="false" schemaversion="2">
<suite id="s1" name="UsandoLoopsN" source="/home/kira/Documentos/robot_basico/Estruturas/UsandoLoopsN.robot">
<test id="s1-t1" name="Teste de REPEAT KEYWORD=">
<kw name="Usando Repeat keyword">
<kw name="Log To Console" library="BuiltIn">
<arg>${\n}</arg>
<doc>Logs the given message to the console.</doc>
<status status="PASS" starttime="20210602 21:50:42.164" endtime="20210602 21:50:42.164"/>
</kw>
<kw name="Repeat Keyword" library="BuiltIn">
<arg>1x</arg>
<arg>Log To Console</arg>
<arg>Kira</arg>
<doc>Executes the specified keyword multiple times.</doc>
<msg timestamp="20210602 21:50:42.165" level="INFO">Repeating keyword, round 1/1.</msg>
<kw name="Log To Console" library="BuiltIn">
<arg>Kira</arg>
<doc>Logs the given message to the console.</doc>
<status status="PASS" starttime="20210602 21:50:42.165" endtime="20210602 21:50:42.165"/>
</kw>
<status status="PASS" starttime="20210602 21:50:42.165" endtime="20210602 21:50:42.165"/>
</kw>
<kw name="Repeat Keyword" library="BuiltIn">
<arg>2x</arg>
<arg>Log To Console</arg>
<arg>Frajola</arg>
<doc>Executes the specified keyword multiple times.</doc>
<msg timestamp="20210602 21:50:42.166" level="INFO">Repeating keyword, round 1/2.</msg>
<kw name="Log To Console" library="BuiltIn">
<arg>Frajola</arg>
<doc>Logs the given message to the console.</doc>
<status status="PASS" starttime="20210602 21:50:42.166" endtime="20210602 21:50:42.166"/>
</kw>
<msg timestamp="20210602 21:50:42.167" level="INFO">Repeating keyword, round 2/2.</msg>
<kw name="Log To Console" library="BuiltIn">
<arg>Frajola</arg>
<doc>Logs the given message to the console.</doc>
<status status="PASS" starttime="20210602 21:50:42.167" endtime="20210602 21:50:42.167"/>
</kw>
<status status="PASS" starttime="20210602 21:50:42.166" endtime="20210602 21:50:42.167"/>
</kw>
<kw name="Repeat Keyword" library="BuiltIn">
<arg>1x</arg>
<arg>Log To Console</arg>
<arg>Beto</arg>
<doc>Executes the specified keyword multiple times.</doc>
<msg timestamp="20210602 21:50:42.168" level="INFO">Repeating keyword, round 1/1.</msg>
<kw name="Log To Console" library="BuiltIn">
<arg>Beto</arg>
<doc>Logs the given message to the console.</doc>
<status status="PASS" starttime="20210602 21:50:42.168" endtime="20210602 21:50:42.168"/>
</kw>
<status status="PASS" starttime="20210602 21:50:42.167" endtime="20210602 21:50:42.168"/>
</kw>
<kw name="Repeat Keyword" library="BuiltIn">
<arg>2x</arg>
<arg>Log To Console</arg>
<arg>Sky</arg>
<doc>Executes the specified keyword multiple times.</doc>
<msg timestamp="20210602 21:50:42.169" level="INFO">Repeating keyword, round 1/2.</msg>
<kw name="Log To Console" library="BuiltIn">
<arg>Sky</arg>
<doc>Logs the given message to the console.</doc>
<status status="PASS" starttime="20210602 21:50:42.169" endtime="20210602 21:50:42.169"/>
</kw>
<msg timestamp="20210602 21:50:42.169" level="INFO">Repeating keyword, round 2/2.</msg>
<kw name="Log To Console" library="BuiltIn">
<arg>Sky</arg>
<doc>Logs the given message to the console.</doc>
<status status="PASS" starttime="20210602 21:50:42.169" endtime="20210602 21:50:42.170"/>
</kw>
<status status="PASS" starttime="20210602 21:50:42.168" endtime="20210602 21:50:42.170"/>
</kw>
<kw name="Repeat Keyword" library="BuiltIn">
<arg>1x</arg>
<arg>Log To Console</arg>
<arg>Lucky</arg>
<doc>Executes the specified keyword multiple times.</doc>
<msg timestamp="20210602 21:50:42.170" level="INFO">Repeating keyword, round 1/1.</msg>
<kw name="Log To Console" library="BuiltIn">
<arg>Lucky</arg>
<doc>Logs the given message to the console.</doc>
<status status="PASS" starttime="20210602 21:50:42.171" endtime="20210602 21:50:42.171"/>
</kw>
<status status="PASS" starttime="20210602 21:50:42.170" endtime="20210602 21:50:42.171"/>
</kw>
<status status="PASS" starttime="20210602 21:50:42.163" endtime="20210602 21:50:42.172"/>
</kw>
<doc>Chama uma mesma keyword várias vezes</doc>
<status status="PASS" starttime="20210602 21:50:42.162" endtime="20210602 21:50:42.172"/>
</test>
<test id="s1-t2" name="Teste de FOR do tipo IN RANGE=">
<kw name="Usando FOR IN RANGE">
<kw name="Log To Console" library="BuiltIn">
<arg>${\n}</arg>
<doc>Logs the given message to the console.</doc>
<status status="PASS" starttime="20210602 21:50:42.174" endtime="20210602 21:50:42.174"/>
</kw>
<for flavor="IN RANGE">
<var>${CONTADOR}</var>
<value>0</value>
<value>5</value>
<iter>
<var name="${CONTADOR}">0</var>
<kw name="Log To Console" library="BuiltIn">
<arg>Minha posição agora é: ${CONTADOR}</arg>
<doc>Logs the given message to the console.</doc>
<status status="PASS" starttime="20210602 21:50:42.175" endtime="20210602 21:50:42.176"/>
</kw>
<kw name="Log" library="BuiltIn">
<arg>Minha posição agora é: ${CONTADOR}</arg>
<doc>Logs the given message with the given level.</doc>
<msg timestamp="20210602 21:50:42.176" level="INFO">Minha posição agora é: 0</msg>
<status status="PASS" starttime="20210602 21:50:42.176" endtime="20210602 21:50:42.176"/>
</kw>
<status status="PASS" starttime="20210602 21:50:42.175" endtime="20210602 21:50:42.176"/>
</iter>
<iter>
<var name="${CONTADOR}">1</var>
<kw name="Log To Console" library="BuiltIn">
<arg>Minha posição agora é: ${CONTADOR}</arg>
<doc>Logs the given message to the console.</doc>
<status status="PASS" starttime="20210602 21:50:42.177" endtime="20210602 21:50:42.177"/>
</kw>
<kw name="Log" library="BuiltIn">
<arg>Minha posição agora é: ${CONTADOR}</arg>
<doc>Logs the given message with the given level.</doc>
<msg timestamp="20210602 21:50:42.178" level="INFO">Minha posição agora é: 1</msg>
<status status="PASS" starttime="20210602 21:50:42.177" endtime="20210602 21:50:42.178"/>
</kw>
<status status="PASS" starttime="20210602 21:50:42.176" endtime="20210602 21:50:42.178"/>
</iter>
<iter>
<var name="${CONTADOR}">2</var>
<kw name="Log To Console" library="BuiltIn">
<arg>Minha posição agora é: ${CONTADOR}</arg>
<doc>Logs the given message to the console.</doc>
<status status="PASS" starttime="20210602 21:50:42.178" endtime="20210602 21:50:42.179"/>
</kw>
<kw name="Log" library="BuiltIn">
<arg>Minha posição agora é: ${CONTADOR}</arg>
<doc>Logs the given message with the given level.</doc>
<msg timestamp="20210602 21:50:42.179" level="INFO">Minha posição agora é: 2</msg>
<status status="PASS" starttime="20210602 21:50:42.179" endtime="20210602 21:50:42.179"/>
</kw>
<status status="PASS" starttime="20210602 21:50:42.178" endtime="20210602 21:50:42.179"/>
</iter>
<iter>
<var name="${CONTADOR}">3</var>
<kw name="Log To Console" library="BuiltIn">
<arg>Minha posição agora é: ${CONTADOR}</arg>
<doc>Logs the given message to the console.</doc>
<status status="PASS" starttime="20210602 21:50:42.180" endtime="20210602 21:50:42.180"/>
</kw>
<kw name="Log" library="BuiltIn">
<arg>Minha posição agora é: ${CONTADOR}</arg>
<doc>Logs the given message with the given level.</doc>
<msg timestamp="20210602 21:50:42.181" level="INFO">Minha posição agora é: 3</msg>
<status status="PASS" starttime="20210602 21:50:42.180" endtime="20210602 21:50:42.181"/>
</kw>
<status status="PASS" starttime="20210602 21:50:42.180" endtime="20210602 21:50:42.181"/>
</iter>
<iter>
<var name="${CONTADOR}">4</var>
<kw name="Log To Console" library="BuiltIn">
<arg>Minha posição agora é: ${CONTADOR}</arg>
<doc>Logs the given message to the console.</doc>
<status status="PASS" starttime="20210602 21:50:42.181" endtime="20210602 21:50:42.182"/>
</kw>
<kw name="Log" library="BuiltIn">
<arg>Minha posição agora é: ${CONTADOR}</arg>
<doc>Logs the given message with the given level.</doc>
<msg timestamp="20210602 21:50:42.183" level="INFO">Minha posição agora é: 4</msg>
<status status="PASS" starttime="20210602 21:50:42.182" endtime="20210602 21:50:42.183"/>
</kw>
<status status="PASS" starttime="20210602 21:50:42.181" endtime="20210602 21:50:42.183"/>
</iter>
<status status="PASS" starttime="20210602 21:50:42.175" endtime="20210602 21:50:42.183"/>
</for>
<for flavor="IN RANGE">
<var>${POSICAO}</var>
<value>-1</value>
<value>9</value>
<iter>
<var name="${POSICAO}">-1</var>
<kw name="Log To Console" library="BuiltIn">
<arg>Minha posição atual é: ${POSICAO}</arg>
<doc>Logs the given message to the console.</doc>
<status status="PASS" starttime="20210602 21:50:42.183" endtime="20210602 21:50:42.184"/>
</kw>
<kw name="Log" library="BuiltIn">
<arg>Minha posição atual é: ${POSICAO}</arg>
<doc>Logs the given message with the given level.</doc>
<msg timestamp="20210602 21:50:42.185" level="INFO">Minha posição atual é: -1</msg>
<status status="PASS" starttime="20210602 21:50:42.184" endtime="20210602 21:50:42.185"/>
</kw>
<status status="PASS" starttime="20210602 21:50:42.183" endtime="20210602 21:50:42.185"/>
</iter>
<iter>
<var name="${POSICAO}">0</var>
<kw name="Log To Console" library="BuiltIn">
<arg>Minha posição atual é: ${POSICAO}</arg>
<doc>Logs the given message to the console.</doc>
<status status="PASS" starttime="20210602 21:50:42.185" endtime="20210602 21:50:42.186"/>
</kw>
<kw name="Log" library="BuiltIn">
<arg>Minha posição atual é: ${POSICAO}</arg>
<doc>Logs the given message with the given level.</doc>
<msg timestamp="20210602 21:50:42.186" level="INFO">Minha posição atual é: 0</msg>
<status status="PASS" starttime="20210602 21:50:42.186" endtime="20210602 21:50:42.186"/>
</kw>
<status status="PASS" starttime="20210602 21:50:42.185" endtime="20210602 21:50:42.186"/>
</iter>
<iter>
<var name="${POSICAO}">1</var>
<kw name="Log To Console" library="BuiltIn">
<arg>Minha posição atual é: ${POSICAO}</arg>
<doc>Logs the given message to the console.</doc>
<status status="PASS" starttime="20210602 21:50:42.187" endtime="20210602 21:50:42.187"/>
</kw>
<kw name="Log" library="BuiltIn">
<arg>Minha posição atual é: ${POSICAO}</arg>
<doc>Logs the given message with the given level.</doc>
<msg timestamp="20210602 21:50:42.188" level="INFO">Minha posição atual é: 1</msg>
<status status="PASS" starttime="20210602 21:50:42.187" endtime="20210602 21:50:42.188"/>
</kw>
<status status="PASS" starttime="20210602 21:50:42.187" endtime="20210602 21:50:42.188"/>
</iter>
<iter>
<var name="${POSICAO}">2</var>
<kw name="Log To Console" library="BuiltIn">
<arg>Minha posição atual é: ${POSICAO}</arg>
<doc>Logs the given message to the console.</doc>
<status status="PASS" starttime="20210602 21:50:42.188" endtime="20210602 21:50:42.189"/>
</kw>
<kw name="Log" library="BuiltIn">
<arg>Minha posição atual é: ${POSICAO}</arg>
<doc>Logs the given message with the given level.</doc>
<msg timestamp="20210602 21:50:42.189" level="INFO">Minha posição atual é: 2</msg>
<status status="PASS" starttime="20210602 21:50:42.189" endtime="20210602 21:50:42.189"/>
</kw>
<status status="PASS" starttime="20210602 21:50:42.188" endtime="20210602 21:50:42.189"/>
</iter>
<iter>
<var name="${POSICAO}">3</var>
<kw name="Log To Console" library="BuiltIn">
<arg>Minha posição atual é: ${POSICAO}</arg>
<doc>Logs the given message to the console.</doc>
<status status="PASS" starttime="20210602 21:50:42.189" endtime="20210602 21:50:42.190"/>
</kw>
<kw name="Log" library="BuiltIn">
<arg>Minha posição atual é: ${POSICAO}</arg>
<doc>Logs the given message with the given level.</doc>
<msg timestamp="20210602 21:50:42.190" level="INFO">Minha posição atual é: 3</msg>
<status status="PASS" starttime="20210602 21:50:42.190" endtime="20210602 21:50:42.190"/>
</kw>
<status status="PASS" starttime="20210602 21:50:42.189" endtime="20210602 21:50:42.190"/>
</iter>
<iter>
<var name="${POSICAO}">4</var>
<kw name="Log To Console" library="BuiltIn">
<arg>Minha posição atual é: ${POSICAO}</arg>
<doc>Logs the given message to the console.</doc>
<status status="PASS" starttime="20210602 21:50:42.191" endtime="20210602 21:50:42.191"/>
</kw>
<kw name="Log" library="BuiltIn">
<arg>Minha posição atual é: ${POSICAO}</arg>
<doc>Logs the given message with the given level.</doc>
<msg timestamp="20210602 21:50:42.191" level="INFO">Minha posição atual é: 4</msg>
<status status="PASS" starttime="20210602 21:50:42.191" endtime="20210602 21:50:42.191"/>
</kw>
<status status="PASS" starttime="20210602 21:50:42.190" endtime="20210602 21:50:42.192"/>
</iter>
<iter>
<var name="${POSICAO}">5</var>
<kw name="Log To Console" library="BuiltIn">
<arg>Minha posição atual é: ${POSICAO}</arg>
<doc>Logs the given message to the console.</doc>
<status status="PASS" starttime="20210602 21:50:42.192" endtime="20210602 21:50:42.192"/>
</kw>
<kw name="Log" library="BuiltIn">
<arg>Minha posição atual é: ${POSICAO}</arg>
<doc>Logs the given message with the given level.</doc>
<msg timestamp="20210602 21:50:42.193" level="INFO">Minha posição atual é: 5</msg>
<status status="PASS" starttime="20210602 21:50:42.192" endtime="20210602 21:50:42.193"/>
</kw>
<status status="PASS" starttime="20210602 21:50:42.192" endtime="20210602 21:50:42.193"/>
</iter>
<iter>
<var name="${POSICAO}">6</var>
<kw name="Log To Console" library="BuiltIn">
<arg>Minha posição atual é: ${POSICAO}</arg>
<doc>Logs the given message to the console.</doc>
<status status="PASS" starttime="20210602 21:50:42.193" endtime="20210602 21:50:42.193"/>
</kw>
<kw name="Log" library="BuiltIn">
<arg>Minha posição atual é: ${POSICAO}</arg>
<doc>Logs the given message with the given level.</doc>
<msg timestamp="20210602 21:50:42.194" level="INFO">Minha posição atual é: 6</msg>
<status status="PASS" starttime="20210602 21:50:42.193" endtime="20210602 21:50:42.194"/>
</kw>
<status status="PASS" starttime="20210602 21:50:42.193" endtime="20210602 21:50:42.194"/>
</iter>
<iter>
<var name="${POSICAO}">7</var>
<kw name="Log To Console" library="BuiltIn">
<arg>Minha posição atual é: ${POSICAO}</arg>
<doc>Logs the given message to the console.</doc>
<status status="PASS" starttime="20210602 21:50:42.194" endtime="20210602 21:50:42.195"/>
</kw>
<kw name="Log" library="BuiltIn">
<arg>Minha posição atual é: ${POSICAO}</arg>
<doc>Logs the given message with the given level.</doc>
<msg timestamp="20210602 21:50:42.195" level="INFO">Minha posição atual é: 7</msg>
<status status="PASS" starttime="20210602 21:50:42.195" endtime="20210602 21:50:42.195"/>
</kw>
<status status="PASS" starttime="20210602 21:50:42.194" endtime="20210602 21:50:42.195"/>
</iter>
<iter>
<var name="${POSICAO}">8</var>
<kw name="Log To Console" library="BuiltIn">
<arg>Minha posição atual é: ${POSICAO}</arg>
<doc>Logs the given message to the console.</doc>
<status status="PASS" starttime="20210602 21:50:42.196" endtime="20210602 21:50:42.196"/>
</kw>
<kw name="Log" library="BuiltIn">
<arg>Minha posição atual é: ${POSICAO}</arg>
<doc>Logs the given message with the given level.</doc>
<msg timestamp="20210602 21:50:42.196" level="INFO">Minha posição atual é: 8</msg>
<status status="PASS" starttime="20210602 21:50:42.196" endtime="20210602 21:50:42.196"/>
</kw>
<status status="PASS" starttime="20210602 21:50:42.195" endtime="20210602 21:50:42.196"/>
</iter>
<status status="PASS" starttime="20210602 21:50:42.183" endtime="20210602 21:50:42.197"/>
</for>
<for flavor="IN RANGE">
<var>${NUM}</var>
<value>2</value>
<value>15</value>
<iter>
<var name="${NUM}">2</var>
<kw name="Log To Console" library="BuiltIn">
<arg>Minha posição atual é: ${NUM}</arg>
<doc>Logs the given message to the console.</doc>
<status status="PASS" starttime="20210602 21:50:42.197" endtime="20210602 21:50:42.197"/>
</kw>
<kw name="Log" library="BuiltIn">
<arg>Minha letra atual é: ${NUM}</arg>
<doc>Logs the given message with the given level.</doc>
<msg timestamp="20210602 21:50:42.198" level="INFO">Minha letra atual é: 2</msg>
<status status="PASS" starttime="20210602 21:50:42.197" endtime="20210602 21:50:42.198"/>
</kw>
<status status="PASS" starttime="20210602 21:50:42.197" endtime="20210602 21:50:42.198"/>
</iter>
<iter>
<var name="${NUM}">3</var>
<kw name="Log To Console" library="BuiltIn">
<arg>Minha posição atual é: ${NUM}</arg>
<doc>Logs the given message to the console.</doc>
<status status="PASS" starttime="20210602 21:50:42.198" endtime="20210602 21:50:42.199"/>
</kw>
<kw name="Log" library="BuiltIn">
<arg>Minha letra atual é: ${NUM}</arg>
<doc>Logs the given message with the given level.</doc>
<msg timestamp="20210602 21:50:42.199" level="INFO">Minha letra atual é: 3</msg>
<status status="PASS" starttime="20210602 21:50:42.199" endtime="20210602 21:50:42.199"/>
</kw>
<status status="PASS" starttime="20210602 21:50:42.198" endtime="20210602 21:50:42.199"/>
</iter>
<iter>
<var name="${NUM}">4</var>
<kw name="Log To Console" library="BuiltIn">
<arg>Minha posição atual é: ${NUM}</arg>
<doc>Logs the given message to the console.</doc>
<status status="PASS" starttime="20210602 21:50:42.200" endtime="20210602 21:50:42.200"/>
</kw>
<kw name="Log" library="BuiltIn">
<arg>Minha letra atual é: ${NUM}</arg>
<doc>Logs the given message with the given level.</doc>
<msg timestamp="20210602 21:50:42.200" level="INFO">Minha letra atual é: 4</msg>
<status status="PASS" starttime="20210602 21:50:42.200" endtime="20210602 21:50:42.200"/>
</kw>
<status status="PASS" starttime="20210602 21:50:42.199" endtime="20210602 21:50:42.200"/>
</iter>
<iter>
<var name="${NUM}">5</var>
<kw name="Log To Console" library="BuiltIn">
<arg>Minha posição atual é: ${NUM}</arg>
<doc>Logs the given message to the console.</doc>
<status status="PASS" starttime="20210602 21:50:42.201" endtime="20210602 21:50:42.201"/>
</kw>
<kw name="Log" library="BuiltIn">
<arg>Minha letra atual é: ${NUM}</arg>
<doc>Logs the given message with the given level.</doc>
<msg timestamp="20210602 21:50:42.201" level="INFO">Minha letra atual é: 5</msg>
<status status="PASS" starttime="20210602 21:50:42.201" endtime="20210602 21:50:42.202"/>
</kw>
<status status="PASS" starttime="20210602 21:50:42.201" endtime="20210602 21:50:42.202"/>
</iter>
<iter>
<var name="${NUM}">6</var>
<kw name="Log To Console" library="BuiltIn">
<arg>Minha posição atual é: ${NUM}</arg>
<doc>Logs the given message to the console.</doc>
<status status="PASS" starttime="20210602 21:50:42.202" endtime="20210602 21:50:42.202"/>
</kw>
<kw name="Log" library="BuiltIn">
<arg>Minha letra atual é: ${NUM}</arg>
<doc>Logs the given message with the given level.</doc>
<msg timestamp="20210602 21:50:42.203" level="INFO">Minha letra atual é: 6</msg>
<status status="PASS" starttime="20210602 21:50:42.203" endtime="20210602 21:50:42.203"/>
</kw>
<status status="PASS" starttime="20210602 21:50:42.202" endtime="20210602 21:50:42.203"/>
</iter>
<iter>
<var name="${NUM}">7</var>
<kw name="Log To Console" library="BuiltIn">
<arg>Minha posição atual é: ${NUM}</arg>
<doc>Logs the given message to the console.</doc>
<status status="PASS" starttime="20210602 21:50:42.204" endtime="20210602 21:50:42.204"/>
</kw>
<kw name="Log" library="BuiltIn">
<arg>Minha letra atual é: ${NUM}</arg>
<doc>Logs the given message with the given level.</doc>
<msg timestamp="20210602 21:50:42.204" level="INFO">Minha letra atual é: 7</msg>
<status status="PASS" starttime="20210602 21:50:42.204" endtime="20210602 21:50:42.205"/>
</kw>
<status status="PASS" starttime="20210602 21:50:42.203" endtime="20210602 21:50:42.205"/>
</iter>
<iter>
<var name="${NUM}">8</var>
<kw name="Log To Console" library="BuiltIn">
<arg>Minha posição atual é: ${NUM}</arg>
<doc>Logs the given message to the console.</doc>
<status status="PASS" starttime="20210602 21:50:42.205" endtime="20210602 21:50:42.205"/>
</kw>
<kw name="Log" library="BuiltIn">
<arg>Minha letra atual é: ${NUM}</arg>
<doc>Logs the given message with the given level.</doc>
<msg timestamp="20210602 21:50:42.206" level="INFO">Minha letra atual é: 8</msg>
<status status="PASS" starttime="20210602 21:50:42.206" endtime="20210602 21:50:42.206"/>
</kw>
<status status="PASS" starttime="20210602 21:50:42.205" endtime="20210602 21:50:42.206"/>
</iter>
<iter>
<var name="${NUM}">9</var>
<kw name="Log To Console" library="BuiltIn">
<arg>Minha posição atual é: ${NUM}</arg>
<doc>Logs the given message to the console.</doc>
<status status="PASS" starttime="20210602 21:50:42.207" endtime="20210602 21:50:42.207"/>
</kw>
<kw name="Log" library="BuiltIn">
<arg>Minha letra atual é: ${NUM}</arg>
<doc>Logs the given message with the given level.</doc>
<msg timestamp="20210602 21:50:42.209" level="INFO">Minha letra atual é: 9</msg>
<status status="PASS" starttime="20210602 21:50:42.208" endtime="20210602 21:50:42.209"/>
</kw>
<status status="PASS" starttime="20210602 21:50:42.207" endtime="20210602 21:50:42.209"/>
</iter>
<iter>
<var name="${NUM}">10</var>
<kw name="Log To Console" library="BuiltIn">
<arg>Minha posição atual é: ${NUM}</arg>
<doc>Logs the given message to the console.</doc>
<status status="PASS" starttime="20210602 21:50:42.209" endtime="20210602 21:50:42.210"/>
</kw>
<kw name="Log" library="BuiltIn">
<arg>Minha letra atual é: ${NUM}</arg>
<doc>Logs the given message with the given level.</doc>
<msg timestamp="20210602 21:50:42.210" level="INFO">Minha letra atual é: 10</msg>
<status status="PASS" starttime="20210602 21:50:42.210" endtime="20210602 21:50:42.210"/>
</kw>
<status status="PASS" starttime="20210602 21:50:42.209" endtime="20210602 21:50:42.210"/>
</iter>
<iter>
<var name="${NUM}">11</var>
<kw name="Log To Console" library="BuiltIn">
<arg>Minha posição atual é: ${NUM}</arg>
<doc>Logs the given message to the console.</doc>
<status status="PASS" starttime="20210602 21:50:42.211" endtime="20210602 21:50:42.211"/>
</kw>
<kw name="Log" library="BuiltIn">
<arg>Minha letra atual é: ${NUM}</arg>
<doc>Logs the given message with the given level.</doc>
<msg timestamp="20210602 21:50:42.212" level="INFO">Minha letra atual é: 11</msg>
<status status="PASS" starttime="20210602 21:50:42.211" endtime="20210602 21:50:42.212"/>
</kw>
<status status="PASS" starttime="20210602 21:50:42.211" endtime="20210602 21:50:42.212"/>
</iter>
<iter>
<var name="${NUM}">12</var>
<kw name="Log To Console" library="BuiltIn">
<arg>Minha posição atual é: ${NUM}</arg>
<doc>Logs the given message to the console.</doc>
<status status="PASS" starttime="20210602 21:50:42.212" endtime="20210602 21:50:42.213"/>
</kw>
<kw name="Log" library="BuiltIn">
<arg>Minha letra atual é: ${NUM}</arg>
<doc>Logs the given message with the given level.</doc>
<msg timestamp="20210602 21:50:42.213" level="INFO">Minha letra atual é: 12</msg>
<status status="PASS" starttime="20210602 21:50:42.213" endtime="20210602 21:50:42.214"/>
</kw>
<status status="PASS" starttime="20210602 21:50:42.212" endtime="20210602 21:50:42.214"/>
</iter>
<iter>
<var name="${NUM}">13</var>
<kw name="Log To Console" library="BuiltIn">
<arg>Minha posição atual é: ${NUM}</arg>
<doc>Logs the given message to the console.</doc>
<status status="PASS" starttime="20210602 21:50:42.214" endtime="20210602 21:50:42.214"/>
</kw>
<kw name="Log" library="BuiltIn">
<arg>Minha letra atual é: ${NUM}</arg>
<doc>Logs the given message with the given level.</doc>
<msg timestamp="20210602 21:50:42.215" level="INFO">Minha letra atual é: 13</msg>
<status status="PASS" starttime="20210602 21:50:42.214" endtime="20210602 21:50:42.215"/>
</kw>
<status status="PASS" starttime="20210602 21:50:42.214" endtime="20210602 21:50:42.215"/>
</iter>
<iter>
<var name="${NUM}">14</var>
<kw name="Log To Console" library="BuiltIn">
<arg>Minha posição atual é: ${NUM}</arg>
<doc>Logs the given message to the console.</doc>
<status status="PASS" starttime="20210602 21:50:42.216" endtime="20210602 21:50:42.217"/>
</kw>
<kw name="Log" library="BuiltIn">
<arg>Minha letra atual é: ${NUM}</arg>
<doc>Logs the given message with the given level.</doc>
<msg timestamp="20210602 21:50:42.217" level="INFO">Minha letra atual é: 14</msg>
<status status="PASS" starttime="20210602 21:50:42.217" endtime="20210602 21:50:42.218"/>
</kw>
<status status="PASS" starttime="20210602 21:50:42.215" endtime="20210602 21:50:42.218"/>
</iter>
<status status="PASS" starttime="20210602 21:50:42.197" endtime="20210602 21:50:42.218"/>
</for>
<status status="PASS" starttime="20210602 21:50:42.174" endtime="20210602 21:50:42.218"/>
</kw>
<doc>Faz um loop dentro de um intervalo que você passar</doc>
<status status="PASS" starttime="20210602 21:50:42.173" endtime="20210602 21:50:42.218"/>
</test>
<test id="s1-t3" name="Teste de for do tipo IN=">
<kw name="Usando FOR IN">
<kw name="Log To Console" library="BuiltIn">
<arg>${\n}</arg>
<doc>Logs the given message to the console.</doc>
<status status="PASS" starttime="20210602 21:50:42.220" endtime="20210602 21:50:42.221"/>
</kw>
<for flavor="IN">
<var>${FRUTAS}</var>
<value>@{MINHA_LISTA_FRUTAS}</value>
<iter>
<var name="${FRUTAS}">maça</var>
<kw name="Log To Console" library="BuiltIn">
<arg>Minha fruta é: ${FRUTAS}!</arg>
<doc>Logs the given message to the console.</doc>
<status status="PASS" starttime="20210602 21:50:42.223" endtime="20210602 21:50:42.223"/>
</kw>
<kw name="No Operation" library="BuiltIn">
<doc>Does absolutely nothing.</doc>
<status status="PASS" starttime="20210602 21:50:42.223" endtime="20210602 21:50:42.224"/>
</kw>
<status status="PASS" starttime="20210602 21:50:42.222" endtime="20210602 21:50:42.224"/>
</iter>
<iter>
<var name="${FRUTAS}">abacaxi</var>
<kw name="Log To Console" library="BuiltIn">
<arg>Minha fruta é: ${FRUTAS}!</arg>
<doc>Logs the given message to the console.</doc>
<status status="PASS" starttime="20210602 21:50:42.224" endtime="20210602 21:50:42.224"/>
</kw>
<kw name="No Operation" library="BuiltIn">
<doc>Does absolutely nothing.</doc>
<status status="PASS" starttime="20210602 21:50:42.225" endtime="20210602 21:50:42.225"/>
</kw>
<status status="PASS" starttime="20210602 21:50:42.224" endtime="20210602 21:50:42.225"/>
</iter>
<iter>
<var name="${FRUTAS}">banana</var>
<kw name="Log To Console" library="BuiltIn">
<arg>Minha fruta é: ${FRUTAS}!</arg>
<doc>Logs the given message to the console.</doc>
<status status="PASS" starttime="20210602 21:50:42.225" endtime="20210602 21:50:42.226"/>
</kw>
<kw name="No Operation" library="BuiltIn">
<doc>Does absolutely nothing.</doc>
<status status="PASS" starttime="20210602 21:50:42.226" endtime="20210602 21:50:42.226"/>
</kw>
<status status="PASS" starttime="20210602 21:50:42.225" endtime="20210602 21:50:42.226"/>
</iter>
<iter>
<var name="${FRUTAS}">morango</var>
<kw name="Log To Console" library="BuiltIn">
<arg>Minha fruta é: ${FRUTAS}!</arg>
<doc>Logs the given message to the console.</doc>
<status status="PASS" starttime="20210602 21:50:42.227" endtime="20210602 21:50:42.227"/>
</kw>
<kw name="No Operation" library="BuiltIn">
<doc>Does absolutely nothing.</doc>
<status status="PASS" starttime="20210602 21:50:42.227" endtime="20210602 21:50:42.228"/>
</kw>
<status status="PASS" starttime="20210602 21:50:42.226" endtime="20210602 21:50:42.228"/>
</iter>
<iter>
<var name="${FRUTAS}">laranja</var>
<kw name="Log To Console" library="BuiltIn">
<arg>Minha fruta é: ${FRUTAS}!</arg>
<doc>Logs the given message to the console.</doc>
<status status="PASS" starttime="20210602 21:50:42.228" endtime="20210602 21:50:42.229"/>
</kw>
<kw name="No Operation" library="BuiltIn">
<doc>Does absolutely nothing.</doc>
<status status="PASS" starttime="20210602 21:50:42.229" endtime="20210602 21:50:42.229"/>
</kw>
<status status="PASS" starttime="20210602 21:50:42.228" endtime="20210602 21:50:42.229"/>
</iter>
<status status="PASS" starttime="20210602 21:50:42.221" endtime="20210602 21:50:42.229"/>
</for>
<for flavor="IN">
<var>${NOMES}</var>
<value>@{MINHA_LISTA_NOMES}</value>
<iter>
<var name="${NOMES}">Beto</var>
<kw name="Log To Console" library="BuiltIn">
<arg>Meu nome é: ${NOMES}</arg>
<doc>Logs the given message to the console.</doc>
<status status="PASS" starttime="20210602 21:50:42.230" endtime="20210602 21:50:42.230"/>
</kw>
<status status="PASS" starttime="20210602 21:50:42.230" endtime="20210602 21:50:42.230"/>
</iter>
<iter>
<var name="${NOMES}">Kira</var>
<kw name="Log To Console" library="BuiltIn">
<arg>Meu nome é: ${NOMES}</arg>
<doc>Logs the given message to the console.</doc>
<status status="PASS" starttime="20210602 21:50:42.230" endtime="20210602 21:50:42.231"/>
</kw>
<status status="PASS" starttime="20210602 21:50:42.230" endtime="20210602 21:50:42.231"/>
</iter>
<iter>
<var name="${NOMES}">Frajola</var>
<kw name="Log To Console" library="BuiltIn">
<arg>Meu nome é: ${NOMES}</arg>
<doc>Logs the given message to the console.</doc>
<status status="PASS" starttime="20210602 21:50:42.231" endtime="20210602 21:50:42.232"/>
</kw>
<status status="PASS" starttime="20210602 21:50:42.231" endtime="20210602 21:50:42.232"/>
</iter>
<iter>
<var name="${NOMES}">Sky</var>
<kw name="Log To Console" library="BuiltIn">
<arg>Meu nome é: ${NOMES}</arg>
<doc>Logs the given message to the console.</doc>
<status status="PASS" starttime="20210602 21:50:42.232" endtime="20210602 21:50:42.233"/>
</kw>
<status status="PASS" starttime="20210602 21:50:42.232" endtime="20210602 21:50:42.233"/>
</iter>
<iter>
<var name="${NOMES}">Lucky</var>
<kw name="Log To Console" library="BuiltIn">
<arg>Meu nome é: ${NOMES}</arg>
<doc>Logs the given message to the console.</doc>
<status status="PASS" starttime="20210602 21:50:42.233" endtime="20210602 21:50:42.233"/>
</kw>
<status status="PASS" starttime="20210602 21:50:42.233" endtime="20210602 21:50:42.233"/>
</iter>
<status status="PASS" starttime="20210602 21:50:42.229" endtime="20210602 21:50:42.233"/>
</for>
<status status="PASS" starttime="20210602 21:50:42.220" endtime="20210602 21:50:42.234"/>
</kw>
<doc>Faz um loop percorrendo a lista que você passar</doc>
<status status="PASS" starttime="20210602 21:50:42.219" endtime="20210602 21:50:42.234"/>
</test>
<test id="s1-t4" name="Teste de FOR do tipo IN ENUMERATE=">
<kw name="Usando FOR IN ENUMERATE">
<kw name="Log To Console" library="BuiltIn">
<arg>${\n}</arg>
<doc>Logs the given message to the console.</doc>
<status status="PASS" starttime="20210602 21:50:42.237" endtime="20210602 21:50:42.237"/>
</kw>
<for flavor="IN ENUMERATE">
<var>${INDICE}</var>
<var>${FRUTAS}</var>
<value>@{MINHA_LISTA_FRUTAS}</value>
<iter>
<var name="${INDICE}">0</var>
<var name="${FRUTAS}">maça</var>
<kw name="Log To Console" library="BuiltIn">
<arg>Minha fruta é: ${INDICE} --&gt;$ ${FRUTAS}!</arg>
<doc>Logs the given message to the console.</doc>
<status status="PASS" starttime="20210602 21:50:42.238" endtime="20210602 21:50:42.238"/>
</kw>
<status status="PASS" starttime="20210602 21:50:42.238" endtime="20210602 21:50:42.238"/>
</iter>
<iter>
<var name="${INDICE}">1</var>
<var name="${FRUTAS}">abacaxi</var>
<kw name="Log To Console" library="BuiltIn">
<arg>Minha fruta é: ${INDICE} --&gt;$ ${FRUTAS}!</arg>
<doc>Logs the given message to the console.</doc>
<status status="PASS" starttime="20210602 21:50:42.239" endtime="20210602 21:50:42.239"/>
</kw>
<status status="PASS" starttime="20210602 21:50:42.239" endtime="20210602 21:50:42.239"/>
</iter>
<iter>
<var name="${INDICE}">2</var>
<var name="${FRUTAS}">banana</var>
<kw name="Log To Console" library="BuiltIn">
<arg>Minha fruta é: ${INDICE} --&gt;$ ${FRUTAS}!</arg>
<doc>Logs the given message to the console.</doc>
<status status="PASS" starttime="20210602 21:50:42.240" endtime="20210602 21:50:42.240"/>
</kw>
<status status="PASS" starttime="20210602 21:50:42.239" endtime="20210602 21:50:42.240"/>
</iter>
<iter>
<var name="${INDICE}">3</var>
<var name="${FRUTAS}">morango</var>
<kw name="Log To Console" library="BuiltIn">
<arg>Minha fruta é: ${INDICE} --&gt;$ ${FRUTAS}!</arg>
<doc>Logs the given message to the console.</doc>
<status status="PASS" starttime="20210602 21:50:42.240" endtime="20210602 21:50:42.241"/>
</kw>
<status status="PASS" starttime="20210602 21:50:42.240" endtime="20210602 21:50:42.241"/>
</iter>
<iter>
<var name="${INDICE}">4</var>
<var name="${FRUTAS}">laranja</var>
<kw name="Log To Console" library="BuiltIn">
<arg>Minha fruta é: ${INDICE} --&gt;$ ${FRUTAS}!</arg>
<doc>Logs the given message to the console.</doc>
<status status="PASS" starttime="20210602 21:50:42.241" endtime="20210602 21:50:42.242"/>
</kw>
<status status="PASS" starttime="20210602 21:50:42.241" endtime="20210602 21:50:42.242"/>
</iter>
<status status="PASS" starttime="20210602 21:50:42.237" endtime="20210602 21:50:42.242"/>
</for>
<for flavor="IN ENUMERATE">
<var>${INDICE}</var>
<var>${NOMES}</var>
<value>@{MINHA_LISTA_NOMES}</value>
<iter>
<var name="${INDICE}">0</var>
<var name="${NOMES}">Beto</var>
<kw name="Log To Console" library="BuiltIn">
<arg>Meu nome é: ${INDICE} ---&gt; ${NOMES}!</arg>
<doc>Logs the given message to the console.</doc>
<status status="PASS" starttime="20210602 21:50:42.242" endtime="20210602 21:50:42.244"/>
</kw>
<kw name="No Operation" library="BuiltIn">
<doc>Does absolutely nothing.</doc>
<status status="PASS" starttime="20210602 21:50:42.244" endtime="20210602 21:50:42.244"/>
</kw>
<status status="PASS" starttime="20210602 21:50:42.242" endtime="20210602 21:50:42.244"/>
</iter>
<iter>
<var name="${INDICE}">1</var>
<var name="${NOMES}">Kira</var>
<kw name="Log To Console" library="BuiltIn">
<arg>Meu nome é: ${INDICE} ---&gt; ${NOMES}!</arg>
<doc>Logs the given message to the console.</doc>
<status status="PASS" starttime="20210602 21:50:42.245" endtime="20210602 21:50:42.245"/>
</kw>
<kw name="No Operation" library="BuiltIn">
<doc>Does absolutely nothing.</doc>
<status status="PASS" starttime="20210602 21:50:42.245" endtime="20210602 21:50:42.246"/>
</kw>
<status status="PASS" starttime="20210602 21:50:42.244" endtime="20210602 21:50:42.246"/>
</iter>
<iter>
<var name="${INDICE}">2</var>
<var name="${NOMES}">Frajola</var>
<kw name="Log To Console" library="BuiltIn">
<arg>Meu nome é: ${INDICE} ---&gt; ${NOMES}!</arg>
<doc>Logs the given message to the console.</doc>
<status status="PASS" starttime="20210602 21:50:42.246" endtime="20210602 21:50:42.247"/>
</kw>
<kw name="No Operation" library="BuiltIn">
<doc>Does absolutely nothing.</doc>
<status status="PASS" starttime="20210602 21:50:42.247" endtime="20210602 21:50:42.247"/>
</kw>
<status status="PASS" starttime="20210602 21:50:42.246" endtime="20210602 21:50:42.247"/>
</iter>
<iter>
<var name="${INDICE}">3</var>
<var name="${NOMES}">Sky</var>
<kw name="Log To Console" library="BuiltIn">
<arg>Meu nome é: ${INDICE} ---&gt; ${NOMES}!</arg>
<doc>Logs the given message to the console.</doc>
<status status="PASS" starttime="20210602 21:50:42.248" endtime="20210602 21:50:42.248"/>
</kw>
<kw name="No Operation" library="BuiltIn">
<doc>Does absolutely nothing.</doc>
<status status="PASS" starttime="20210602 21:50:42.248" endtime="20210602 21:50:42.248"/>
</kw>
<status status="PASS" starttime="20210602 21:50:42.247" endtime="20210602 21:50:42.249"/>
</iter>
<iter>
<var name="${INDICE}">4</var>
<var name="${NOMES}">Lucky</var>
<kw name="Log To Console" library="BuiltIn">
<arg>Meu nome é: ${INDICE} ---&gt; ${NOMES}!</arg>
<doc>Logs the given message to the console.</doc>
<status status="PASS" starttime="20210602 21:50:42.249" endtime="20210602 21:50:42.249"/>
</kw>
<kw name="No Operation" library="BuiltIn">
<doc>Does absolutely nothing.</doc>
<status status="PASS" starttime="20210602 21:50:42.250" endtime="20210602 21:50:42.250"/>
</kw>
<status status="PASS" starttime="20210602 21:50:42.249" endtime="20210602 21:50:42.250"/>
</iter>
<status status="PASS" starttime="20210602 21:50:42.242" endtime="20210602 21:50:42.250"/>
</for>
<status status="PASS" starttime="20210602 21:50:42.236" endtime="20210602 21:50:42.250"/>
</kw>
<doc>Faz um loop percorrendo a lista que você passar e percorre o indíce da lista</doc>
<status status="PASS" starttime="20210602 21:50:42.235" endtime="20210602 21:50:42.251"/>
</test>
<test id="s1-t5" name="Teste de sair do FOR=">
<kw name="Usando FOR IN com EXIT FOR LOOP IF">
<kw name="Log To Console" library="BuiltIn">
<arg>${\n}</arg>
<doc>Logs the given message to the console.</doc>
<status status="PASS" starttime="20210602 21:50:42.253" endtime="20210602 21:50:42.253"/>
</kw>
<for flavor="IN ENUMERATE">
<var>${INDICE}</var>
<var>${FRUTAS}</var>
<value>@{MINHA_LISTA_FRUTAS}</value>
<iter>
<var name="${INDICE}">0</var>
<var name="${FRUTAS}">maça</var>
<kw name="Log To Console" library="BuiltIn">
<arg>Minha fruta é: ${INDICE}--&gt;${FRUTAS}!</arg>
<doc>Logs the given message to the console.</doc>
<status status="PASS" starttime="20210602 21:50:42.254" endtime="20210602 21:50:42.254"/>
</kw>
<kw name="Exit For Loop If" library="BuiltIn">
<arg>'${FRUTAS}' == 'banana'</arg>
<doc>Stops executing the enclosing for loop if the ``condition`` is true.</doc>
<status status="PASS" starttime="20210602 21:50:42.255" endtime="20210602 21:50:42.255"/>
</kw>
<status status="PASS" starttime="20210602 21:50:42.253" endtime="20210602 21:50:42.255"/>
</iter>
<iter>
<var name="${INDICE}">1</var>
<var name="${FRUTAS}">abacaxi</var>
<kw name="Log To Console" library="BuiltIn">
<arg>Minha fruta é: ${INDICE}--&gt;${FRUTAS}!</arg>
<doc>Logs the given message to the console.</doc>
<status status="PASS" starttime="20210602 21:50:42.256" endtime="20210602 21:50:42.257"/>
</kw>
<kw name="Exit For Loop If" library="BuiltIn">
<arg>'${FRUTAS}' == 'banana'</arg>
<doc>Stops executing the enclosing for loop if the ``condition`` is true.</doc>
<status status="PASS" starttime="20210602 21:50:42.257" endtime="20210602 21:50:42.257"/>
</kw>
<status status="PASS" starttime="20210602 21:50:42.256" endtime="20210602 21:50:42.258"/>
</iter>
<iter>
<var name="${INDICE}">2</var>
<var name="${FRUTAS}">banana</var>
<kw name="Log To Console" library="BuiltIn">
<arg>Minha fruta é: ${INDICE}--&gt;${FRUTAS}!</arg>
<doc>Logs the given message to the console.</doc>
<status status="PASS" starttime="20210602 21:50:42.258" endtime="20210602 21:50:42.258"/>
</kw>
<kw name="Exit For Loop If" library="BuiltIn">
<arg>'${FRUTAS}' == 'banana'</arg>
<doc>Stops executing the enclosing for loop if the ``condition`` is true.</doc>
<msg timestamp="20210602 21:50:42.259" level="INFO">Exiting for loop altogether.</msg>
<status status="PASS" starttime="20210602 21:50:42.259" endtime="20210602 21:50:42.259"/>
</kw>
<status status="PASS" starttime="20210602 21:50:42.258" endtime="20210602 21:50:42.259"/>
</iter>
<status status="PASS" starttime="20210602 21:50:42.253" endtime="20210602 21:50:42.259"/>
</for>
<for flavor="IN ENUMERATE">
<var>${INDICE}</var>
<var>${NOMES}</var>
<value>@{MINHA_LISTA_NOMES}</value>
<iter>
<var name="${INDICE}">0</var>
<var name="${NOMES}">Beto</var>
<kw name="Log To Console" library="BuiltIn">
<arg>Meu nome é: ${INDICE} ---&gt; ${NOMES}!</arg>
<doc>Logs the given message to the console.</doc>
<status status="PASS" starttime="20210602 21:50:42.260" endtime="20210602 21:50:42.260"/>
</kw>
<kw name="Exit For Loop If" library="BuiltIn">
<arg>'${NOMES}' == 'Sky'</arg>
<doc>Stops executing the enclosing for loop if the ``condition`` is true.</doc>
<status status="PASS" starttime="20210602 21:50:42.260" endtime="20210602 21:50:42.261"/>
</kw>
<status status="PASS" starttime="20210602 21:50:42.260" endtime="20210602 21:50:42.261"/>
</iter>
<iter>
<var name="${INDICE}">1</var>
<var name="${NOMES}">Kira</var>
<kw name="Log To Console" library="BuiltIn">
<arg>Meu nome é: ${INDICE} ---&gt; ${NOMES}!</arg>
<doc>Logs the given message to the console.</doc>
<status status="PASS" starttime="20210602 21:50:42.261" endtime="20210602 21:50:42.261"/>
</kw>
<kw name="Exit For Loop If" library="BuiltIn">
<arg>'${NOMES}' == 'Sky'</arg>
<doc>Stops executing the enclosing for loop if the ``condition`` is true.</doc>
<status status="PASS" starttime="20210602 21:50:42.262" endtime="20210602 21:50:42.262"/>
</kw>
<status status="PASS" starttime="20210602 21:50:42.261" endtime="20210602 21:50:42.262"/>
</iter>
<iter>
<var name="${INDICE}">2</var>
<var name="${NOMES}">Frajola</var>
<kw name="Log To Console" library="BuiltIn">
<arg>Meu nome é: ${INDICE} ---&gt; ${NOMES}!</arg>
<doc>Logs the given message to the console.</doc>
<status status="PASS" starttime="20210602 21:50:42.263" endtime="20210602 21:50:42.263"/>
</kw>
<kw name="Exit For Loop If" library="BuiltIn">
<arg>'${NOMES}' == 'Sky'</arg>
<doc>Stops executing the enclosing for loop if the ``condition`` is true.</doc>
<status status="PASS" starttime="20210602 21:50:42.263" endtime="20210602 21:50:42.264"/>
</kw>
<status status="PASS" starttime="20210602 21:50:42.262" endtime="20210602 21:50:42.264"/>
</iter>
<iter>
<var name="${INDICE}">3</var>
<var name="${NOMES}">Sky</var>
<kw name="Log To Console" library="BuiltIn">
<arg>Meu nome é: ${INDICE} ---&gt; ${NOMES}!</arg>
<doc>Logs the given message to the console.</doc>
<status status="PASS" starttime="20210602 21:50:42.264" endtime="20210602 21:50:42.264"/>
</kw>
<kw name="Exit For Loop If" library="BuiltIn">
<arg>'${NOMES}' == 'Sky'</arg>
<doc>Stops executing the enclosing for loop if the ``condition`` is true.</doc>
<msg timestamp="20210602 21:50:42.265" level="INFO">Exiting for loop altogether.</msg>
<status status="PASS" starttime="20210602 21:50:42.264" endtime="20210602 21:50:42.265"/>
</kw>
<status status="PASS" starttime="20210602 21:50:42.264" endtime="20210602 21:50:42.265"/>
</iter>
<status status="PASS" starttime="20210602 21:50:42.259" endtime="20210602 21:50:42.265"/>
</for>
<status status="PASS" starttime="20210602 21:50:42.252" endtime="20210602 21:50:42.266"/>
</kw>
<doc>Você controla quando o FOR dese ser encerrar antes de terminar todos os LOOPS</doc>
<status status="PASS" starttime="20210602 21:50:42.251" endtime="20210602 21:50:42.266"/>
</test>
<doc>Vamos aprender a fazer LOOPS usando o Robot Framework!</doc>
<status status="PASS" starttime="20210602 21:50:42.137" endtime="20210602 21:50:42.267"/>
</suite>
<statistics>
<total>
<stat pass="5" fail="0" skip="0">All Tests</stat>
</total>
<tag>
</tag>
<suite>
<stat pass="5" fail="0" skip="0" id="s1" name="UsandoLoopsN">UsandoLoopsN</stat>
</suite>
</statistics>
<errors>
</errors>
</robot>
