<?xml version="1.0" encoding="UTF-8"?>
<robot generator="Robot 4.0.3 (Python 3.8.5 on linux)" generated="20210603 22:23:44.515" rpa="false" schemaversion="2">
<suite id="s1" name="TestCasesBooksAPI1" source="/home/kira/Documentos/robot_basico/BooksApi/TestCasesBooksAPI1.robot">
<kw name="Conectar a minha API" library="ResourceAPI1" type="SETUP">
<kw name="Create Session" library="RequestsLibrary">
<arg>fakeAPI</arg>
<arg>${URL_API}</arg>
<doc>Create Session: create a HTTP session to a server</doc>
<msg timestamp="20210603 22:23:44.677" level="INFO">Creating Session using : alias=fakeAPI, url=https://fakerestapi.azurewebsites.net/api/v1/, headers={},                     cookies={}, auth=None, timeout=None, proxies=None, verify=False,                     debug=0 </msg>
<status status="PASS" starttime="20210603 22:23:44.676" endtime="20210603 22:23:44.677"/>
</kw>
<kw name="Create Dictionary" library="BuiltIn">
<var>${HEADERS}</var>
<arg>content-type=application/json</arg>
<doc>Creates and returns a dictionary based on the given ``items``.</doc>
<msg timestamp="20210603 22:23:44.678" level="INFO">${HEADERS} = {'content-type': 'application/json'}</msg>
<status status="PASS" starttime="20210603 22:23:44.678" endtime="20210603 22:23:44.678"/>
</kw>
<kw name="Set Suite Variable" library="BuiltIn">
<arg>${HEADERS}</arg>
<doc>Makes a variable available everywhere within the scope of the current suite.</doc>
<msg timestamp="20210603 22:23:44.679" level="INFO">${HEADERS} = {'content-type': 'application/json'}</msg>
<status status="PASS" starttime="20210603 22:23:44.678" endtime="20210603 22:23:44.679"/>
</kw>
<status status="PASS" starttime="20210603 22:23:44.676" endtime="20210603 22:23:44.679"/>
</kw>
<test id="s1-t1" name="Buscar a listagem de todos os livros (GET em todos os livros)">
<kw name="Requisitar todos os livros" library="ResourceAPI1">
<kw name="Get On Session" library="RequestsLibrary">
<var>${RESPOSTA}</var>
<arg>fakeAPI</arg>
<arg>Books</arg>
<doc>Sends a GET request on a previously created HTTP Session.</doc>
<msg timestamp="20210603 22:23:50.175" level="INFO">GET Request : url=https://fakerestapi.azurewebsites.net/api/v1/Books 
 path_url=/api/v1/Books 
 headers={'User-Agent': 'python-requests/2.22.0', 'Accept-Encoding': 'gzip, deflate', 'Accept': '*/*', 'Connection': 'keep-alive'} 
 body=None 
 </msg>
<msg timestamp="20210603 22:23:50.179" level="INFO">GET Response : url=https://fakerestapi.azurewebsites.net/api/v1/Books 
 status=200, reason=OK 
 headers={'Transfer-Encoding': 'chunked', 'Content-Type': 'application/json; charset=utf-8; v=1.0', 'Server': 'Kestrel', 'api-supported-versions': '1.0', 'Date': 'Fri, 04 Jun 2021 01:23:45 GMT'} 
 body=[{"id":1,"title":"Book 1","description":"Ut dolores magna luptatum dolor ipsum lorem dolores ea nisl. Dolore sadipscing accusam molestie dolore dolor et. Justo rebum at et lorem ut magna elit diam nisl labore tempor lorem possim dolor et. Sit et dolores commodo amet in accusam.\n","pageCount":100,"excerpt":"Voluptua dolor ea duo ipsum. Magna zzril sed illum molestie et dolore est est magna stet et in. Vel dolor sed.\nFeugiat vero invidunt sit tempor no esse ut ex augue. Dolor te no liber. Takimata invidunt lorem mazim consetetur amet consequat accusam no dolore. Tempor dolor diam nibh nibh diam diam facilisis tempor iriure takimata gubergren hendrerit dolor stet eos zzril aliquyam. Dolores ipsum lorem. Et takimata clita erat takimata nulla et ea amet vero sed vero dolore veniam nihil. Dolor diam nonumy delenit molestie erat aliquyam nonummy dolores congue sed nulla vel. Sit nulla facilisis sit justo. Sanctus erat est erat sea ea diam qui clita kasd et eirmod zzril. Sadipscing dolor dolores ipsum aliquip invidunt sit dolore lorem elitr justo. Lorem takimata quis lorem nulla.\nLabore diam ipsum ut dolore stet eos vero eirmod amet sit sed. Ipsum sed sed sit et ad quis accusam placerat takimata dolores et consetetur clita esse consetetur no sed rebum. Tincidunt illum ea nulla tempor erat lorem amet vero duo volutpat nisl et elitr dolore aliquyam sadipscing est. Nulla aliquam laoreet dolor magna lorem nostrud gubergren. Vero accusam adipiscing et. Ea sed tation ea ut sea ea et erat. Et aliquyam et tincidunt eos dignissim aliquam diam amet stet sit. No te labore duis nulla tempor dolores wisi dolor at amet dolore. Diam invidunt dolores invidunt labore. Dolore possim diam ipsum est dolore sadipscing at dignissim. Nonumy dolor sanctus. Ipsum molestie laoreet sit lorem molestie aliquyam consetetur at lorem nonumy. Invidunt zzril labore esse rebum magna sit sed clita. In eos erat nonumy enim laoreet erat at duis vel kasd consetetur. Commodo et diam rebum amet clita no. Et et nobis ipsum justo gubergren consetetur. Consetetur no lorem vulputate sea eum sadipscing eirmod sed.\nEos iriure amet et erat sadipscing rebum nonumy veniam sadipscing et. Dolores duo feugiat clita amet eos et voluptua eos no diam in magna. Commodo rebum kasd ipsum vero consetetur sit sit ea kasd sanctus sit sed feugiat sanctus justo. Dolor rebum quis clita est.\nElitr esse no esse te nibh rebum velit consectetuer consetetur rebum adipiscing nulla sit magna et lobortis blandit. No magna vero odio sea amet invidunt id. Clita nonummy enim commodo amet in lorem nonumy eu sadipscing ipsum suscipit lorem luptatum sit. Eirmod ut at dolores et et magna accusam nam enim amet amet lobortis no iriure sadipscing nibh.\n","publishDate":"2021-06-03T01:23:46.03457+00:00"},{"id":2,"title":"Book 2","description":"Ipsum duo clita dolores hendrerit justo no eirmod diam invidunt veniam eos eos. Vero magna in liber sit. Amet sed esse at et sea sea ipsum diam sit aliquyam nisl erat sit. Tempor sed dolores voluptua justo amet sanctus euismod rebum augue veniam kasd illum. Tempor et sadipscing lorem ex exerci feugiat in eos nisl lorem stet sit qui consequat. Magna et ut et erat enim eirmod ipsum amet nulla facilisis diam dolor amet. Facilisi aliquyam dolore at iusto amet et eu justo nonumy tation voluptua. Dolore et voluptua takimata ipsum elitr dolor et invidunt no stet consectetuer est at in sit. Eirmod kasd in amet dolor magna lorem dolor diam nonumy et ipsum et dolore consetetur nonumy elitr. Sit nihil consectetuer. Sanctus labore tincidunt aliquyam sed at ipsum et et diam invidunt erat nihil. Magna quis et nisl accusam et placerat invidunt ex vel. Sea diam aliquip clita. Magna iusto ut accumsan. Justo at sed. Duo eu eirmod suscipit autem clita blandit.\n","pageCount":200,"excerpt":"Feugait eirmod aliquyam est qui luptatum et rebum consetetur tation lorem. Ut eirmod ut eirmod velit liber lobortis consetetur veniam voluptua amet. Stet sea clita ut aliquyam no suscipit veniam amet molestie duo delenit. Et kasd gubergren veniam minim dolore dolores stet dolore tempor vero nihil. Dolore sea dolor dolore eirmod. Sadipscing et vulputate takimata duis. Justo tempor ut sit dolor consetetur esse lorem sit in volutpat minim duo placerat. Tempor adipiscing dolores facilisi et et stet amet quis voluptua duo labore gubergren dolore dolor sit assum at tincidunt. Ea feugiat eirmod et eos erat. Ea duo at at. Sed invidunt iusto sit ipsum rebum labore at dolore rebum kasd. Rebum aliquyam aliquyam eum augue sit diam elit augue dolor tempor feugait et elitr at stet odio voluptua dolore.\nDiam hendrerit ea sed et vero sadipscing. Et clita eos ipsum voluptua sit dolor magna duo amet eum invidunt gubergren laoreet amet clita euismod no ea. Kasd vulputate sanctus te rebum sanctus delenit invidunt amet nam ex et amet erat labore. Eos facilisis lorem justo dolor accusam. Accusam commodo lorem at dolor ut. Sit zzril nonumy sadipscing rebum nibh accusam et amet iusto magna voluptua. Justo justo sed sit nisl ut rebum eos ipsum nibh nam gubergren iusto diam. Nibh et in autem et esse ullamcorper. Dolore ea te dolores sanctus dolores wisi et aliquyam justo hendrerit labore aliquyam sanctus dolore voluptua eum. Consetetur magna est sanctus tempor stet kasd sanctus. Eos sit diam dolor no dignissim sit eu lorem no iriure no dolores ea magna imperdiet et. Elitr tempor dolor facilisis praesent in et gubergren takimata sed.\nIn duo ut velit elitr nonumy diam dolore dolor hendrerit illum lorem. Clita dolore facilisis diam accumsan amet tempor clita at justo dolores diam et ipsum. Elit in voluptua ut. Et justo et rebum erat amet. Feugiat ut esse voluptua ut sadipscing hendrerit nonumy. Ut nonumy stet et et gubergren rebum et nobis nonumy est commodo quis. Consectetuer lorem in et consetetur facilisi eirmod nisl et ipsum illum et aliquyam. Dolor dolores lorem dignissim ut est. At dolore sed ut ipsum minim takimata commodo takimata dolor diam nulla est takimata takimata justo tempor adipiscing. Dolor takimata est nonumy eu eros feugait in nulla magna elit lorem consetetur ipsum kasd congue eirmod elit. Tempor sit lorem sed lorem. Nonumy rebum facer magna dolor takimata sit sea invidunt in.\nClita no invidunt justo minim. Sed sadipscing amet vel elit lorem veniam eos eu enim est magna diam ad duo justo. Vero magna option. Elitr lorem ut praesent accusam ipsum. Consetetur eirmod eos nonumy labore sit sit dolor lobortis takimata accusam autem magna dolor eos at eu sit consequat. Diam sanctus et diam nulla duo augue lorem molestie clita consequat et at consectetuer ipsum sit. Takimata sed labore elitr sed autem lorem kasd clita diam tation sed congue no dolores dolor aliquip justo tempor. Dolore dolor takimata blandit rebum lorem et vel et eos nobis in takimata mazim sed dolore sea lorem. Nulla blandit in diam justo gubergren sanctus lorem dolor amet dolore lorem sadipscing at. Velit ipsum est vulputate dolor takimata et aliquyam minim vero et feugait diam zzril sed eos voluptua eirmod.\nEirmod lorem sanctus enim ea labore est eos feugait elitr clita ut. Consequat dolores feugait in consetetur dolores ut odio sit tempor amet sed amet wisi diam vel. Vel lorem voluptua dolores in amet molestie possim ipsum facer aliquam facer et dolor hendrerit voluptua diam stet. Ipsum dolor elitr dolor duo. Luptatum eum dolores lorem clita dolor lorem magna. Dolor amet diam consetetur dolor at aliquyam accusam lorem duo esse stet ipsum. Hendrerit at erat dolore no ut at. Ipsum sit lobortis laoreet vel diam amet et. Sea ipsum esse labore dolor sit. Eirmod est vel sit nam diam dignissim diam ad aliquyam consectetuer vero stet ea et ut velit. Clita labore nulla in lorem nulla erat est dolor accumsan esse dolor congue vero diam. Quis dolores iusto diam et dolor eirmod amet lorem sed sit diam sed vero. Aliquyam gubergren sed aliquyam erat dolores dolor est assum vel tation invidunt at sadipscing hendrerit dolor. Amet takimata lorem tempor dolore facilisi aliquyam ea aliquyam eirmod feugait diam takimata nonumy kasd eos accusam. Dolor lorem ut nonumy ex takimata tempor sanctus gubergren consetetur.\n","publishDate":"2021-06-02T01:23:46.0346811+00:00"},{"id":3,"title":"Book 3","description":"Facilisi ea aliquyam tempor nonumy adipiscing et ut et et consetetur eos. Quis tempor facilisis dolores no ipsum eirmod congue. Ut nonumy tempor vulputate elitr labore minim et erat. Augue duo iusto duo vero ut no est dolor praesent diam iriure autem diam. Dolor diam dolore clita veniam iusto lorem eu et velit nulla. Laoreet ipsum autem vero consetetur eum iriure nonummy gubergren lorem feugait takimata stet vero zzril et est. Augue invidunt te eu ad suscipit et accusam et sanctus et kasd. In gubergren invidunt nisl invidunt duo ea duo erat dolore. Facilisis feugiat sea eros dolor amet erat. Ut ipsum lorem et accusam eos ut zzril elitr nostrud dolores eros et. Laoreet dolor diam ea eirmod stet aliquyam labore vel dolore duo consetetur nonumy est hendrerit sed wisi invidunt ea. Consequat in ipsum sit lorem et vero tincidunt eos vero diam diam vero lorem labore. Sit magna illum clita diam eros sit et sit sed accumsan gubergren nibh rebum assum duo quis nobis et.\n","pageCount":300,"excerpt":"Ut eirmod nulla sit erat erat magna et sea velit at molestie velit dolores rebum ipsum et ut sanctus. Eos delenit consetetur dolor. Vero diam ullamcorper rebum veniam justo ea. Sea diam sit sadipscing rebum est stet et magna clita labore aliquam odio clita accusam. Dolore diam no luptatum vel et dolor enim praesent aliquyam lorem odio invidunt et lobortis at. Magna tempor dolore est minim nulla invidunt feugiat voluptua diam elit consetetur. Consequat et qui dolore eros magna dolore ipsum dolore diam consequat gubergren labore sea rebum dolor. Adipiscing kasd est ea diam consequat sed eirmod dolore no enim et. Ea diam qui est eos zzril doming dolore consequat magna ullamcorper. Sadipscing lobortis nisl ullamcorper zzril eirmod lorem nonumy lorem justo consetetur ... (set the log level to DEBUG or TRACE to see the full content) 
 </msg>
<msg timestamp="20210603 22:23:50.181" level="INFO">/usr/lib/python3/dist-packages/urllib3/connectionpool.py:999: InsecureRequestWarning: Unverified HTTPS request is being made to host 'fakerestapi.azurewebsites.net'. Adding certificate verification is strongly advised. See: https://urllib3.readthedocs.io/en/latest/advanced-usage.html#ssl-warnings
  warnings.warn(</msg>
<msg timestamp="20210603 22:23:50.182" level="INFO">${RESPOSTA} = &lt;Response [200]&gt;</msg>
<status status="PASS" starttime="20210603 22:23:44.681" endtime="20210603 22:23:50.182"/>
</kw>
<kw name="Log" library="BuiltIn">
<arg>${RESPOSTA.text}</arg>
<doc>Logs the given message with the given level.</doc>
<msg timestamp="20210603 22:23:50.204" level="INFO">[{"id":1,"title":"Book 1","description":"Ut dolores magna luptatum dolor ipsum lorem dolores ea nisl. Dolore sadipscing accusam molestie dolore dolor et. Justo rebum at et lorem ut magna elit diam nisl labore tempor lorem possim dolor et. Sit et dolores commodo amet in accusam.\n","pageCount":100,"excerpt":"Voluptua dolor ea duo ipsum. Magna zzril sed illum molestie et dolore est est magna stet et in. Vel dolor sed.\nFeugiat vero invidunt sit tempor no esse ut ex augue. Dolor te no liber. Takimata invidunt lorem mazim consetetur amet consequat accusam no dolore. Tempor dolor diam nibh nibh diam diam facilisis tempor iriure takimata gubergren hendrerit dolor stet eos zzril aliquyam. Dolores ipsum lorem. Et takimata clita erat takimata nulla et ea amet vero sed vero dolore veniam nihil. Dolor diam nonumy delenit molestie erat aliquyam nonummy dolores congue sed nulla vel. Sit nulla facilisis sit justo. Sanctus erat est erat sea ea diam qui clita kasd et eirmod zzril. Sadipscing dolor dolores ipsum aliquip invidunt sit dolore lorem elitr justo. Lorem takimata quis lorem nulla.\nLabore diam ipsum ut dolore stet eos vero eirmod amet sit sed. Ipsum sed sed sit et ad quis accusam placerat takimata dolores et consetetur clita esse consetetur no sed rebum. Tincidunt illum ea nulla tempor erat lorem amet vero duo volutpat nisl et elitr dolore aliquyam sadipscing est. Nulla aliquam laoreet dolor magna lorem nostrud gubergren. Vero accusam adipiscing et. Ea sed tation ea ut sea ea et erat. Et aliquyam et tincidunt eos dignissim aliquam diam amet stet sit. No te labore duis nulla tempor dolores wisi dolor at amet dolore. Diam invidunt dolores invidunt labore. Dolore possim diam ipsum est dolore sadipscing at dignissim. Nonumy dolor sanctus. Ipsum molestie laoreet sit lorem molestie aliquyam consetetur at lorem nonumy. Invidunt zzril labore esse rebum magna sit sed clita. In eos erat nonumy enim laoreet erat at duis vel kasd consetetur. Commodo et diam rebum amet clita no. Et et nobis ipsum justo gubergren consetetur. Consetetur no lorem vulputate sea eum sadipscing eirmod sed.\nEos iriure amet et erat sadipscing rebum nonumy veniam sadipscing et. Dolores duo feugiat clita amet eos et voluptua eos no diam in magna. Commodo rebum kasd ipsum vero consetetur sit sit ea kasd sanctus sit sed feugiat sanctus justo. Dolor rebum quis clita est.\nElitr esse no esse te nibh rebum velit consectetuer consetetur rebum adipiscing nulla sit magna et lobortis blandit. No magna vero odio sea amet invidunt id. Clita nonummy enim commodo amet in lorem nonumy eu sadipscing ipsum suscipit lorem luptatum sit. Eirmod ut at dolores et et magna accusam nam enim amet amet lobortis no iriure sadipscing nibh.\n","publishDate":"2021-06-03T01:23:46.03457+00:00"},{"id":2,"title":"Book 2","description":"Ipsum duo clita dolores hendrerit justo no eirmod diam invidunt veniam eos eos. Vero magna in liber sit. Amet sed esse at et sea sea ipsum diam sit aliquyam nisl erat sit. Tempor sed dolores voluptua justo amet sanctus euismod rebum augue veniam kasd illum. Tempor et sadipscing lorem ex exerci feugiat in eos nisl lorem stet sit qui consequat. Magna et ut et erat enim eirmod ipsum amet nulla facilisis diam dolor amet. Facilisi aliquyam dolore at iusto amet et eu justo nonumy tation voluptua. Dolore et voluptua takimata ipsum elitr dolor et invidunt no stet consectetuer est at in sit. Eirmod kasd in amet dolor magna lorem dolor diam nonumy et ipsum et dolore consetetur nonumy elitr. Sit nihil consectetuer. Sanctus labore tincidunt aliquyam sed at ipsum et et diam invidunt erat nihil. Magna quis et nisl accusam et placerat invidunt ex vel. Sea diam aliquip clita. Magna iusto ut accumsan. Justo at sed. Duo eu eirmod suscipit autem clita blandit.\n","pageCount":200,"excerpt":"Feugait eirmod aliquyam est qui luptatum et rebum consetetur tation lorem. Ut eirmod ut eirmod velit liber lobortis consetetur veniam voluptua amet. Stet sea clita ut aliquyam no suscipit veniam amet molestie duo delenit. Et kasd gubergren veniam minim dolore dolores stet dolore tempor vero nihil. Dolore sea dolor dolore eirmod. Sadipscing et vulputate takimata duis. Justo tempor ut sit dolor consetetur esse lorem sit in volutpat minim duo placerat. Tempor adipiscing dolores facilisi et et stet amet quis voluptua duo labore gubergren dolore dolor sit assum at tincidunt. Ea feugiat eirmod et eos erat. Ea duo at at. Sed invidunt iusto sit ipsum rebum labore at dolore rebum kasd. Rebum aliquyam aliquyam eum augue sit diam elit augue dolor tempor feugait et elitr at stet odio voluptua dolore.\nDiam hendrerit ea sed et vero sadipscing. Et clita eos ipsum voluptua sit dolor magna duo amet eum invidunt gubergren laoreet amet clita euismod no ea. Kasd vulputate sanctus te rebum sanctus delenit invidunt amet nam ex et amet erat labore. Eos facilisis lorem justo dolor accusam. Accusam commodo lorem at dolor ut. Sit zzril nonumy sadipscing rebum nibh accusam et amet iusto magna voluptua. Justo justo sed sit nisl ut rebum eos ipsum nibh nam gubergren iusto diam. Nibh et in autem et esse ullamcorper. Dolore ea te dolores sanctus dolores wisi et aliquyam justo hendrerit labore aliquyam sanctus dolore voluptua eum. Consetetur magna est sanctus tempor stet kasd sanctus. Eos sit diam dolor no dignissim sit eu lorem no iriure no dolores ea magna imperdiet et. Elitr tempor dolor facilisis praesent in et gubergren takimata sed.\nIn duo ut velit elitr nonumy diam dolore dolor hendrerit illum lorem. Clita dolore facilisis diam accumsan amet tempor clita at justo dolores diam et ipsum. Elit in voluptua ut. Et justo et rebum erat amet. Feugiat ut esse voluptua ut sadipscing hendrerit nonumy. Ut nonumy stet et et gubergren rebum et nobis nonumy est commodo quis. Consectetuer lorem in et consetetur facilisi eirmod nisl et ipsum illum et aliquyam. Dolor dolores lorem dignissim ut est. At dolore sed ut ipsum minim takimata commodo takimata dolor diam nulla est takimata takimata justo tempor adipiscing. Dolor takimata est nonumy eu eros feugait in nulla magna elit lorem consetetur ipsum kasd congue eirmod elit. Tempor sit lorem sed lorem. Nonumy rebum facer magna dolor takimata sit sea invidunt in.\nClita no invidunt justo minim. Sed sadipscing amet vel elit lorem veniam eos eu enim est magna diam ad duo justo. Vero magna option. Elitr lorem ut praesent accusam ipsum. Consetetur eirmod eos nonumy labore sit sit dolor lobortis takimata accusam autem magna dolor eos at eu sit consequat. Diam sanctus et diam nulla duo augue lorem molestie clita consequat et at consectetuer ipsum sit. Takimata sed labore elitr sed autem lorem kasd clita diam tation sed congue no dolores dolor aliquip justo tempor. Dolore dolor takimata blandit rebum lorem et vel et eos nobis in takimata mazim sed dolore sea lorem. Nulla blandit in diam justo gubergren sanctus lorem dolor amet dolore lorem sadipscing at. Velit ipsum est vulputate dolor takimata et aliquyam minim vero et feugait diam zzril sed eos voluptua eirmod.\nEirmod lorem sanctus enim ea labore est eos feugait elitr clita ut. Consequat dolores feugait in consetetur dolores ut odio sit tempor amet sed amet wisi diam vel. Vel lorem voluptua dolores in amet molestie possim ipsum facer aliquam facer et dolor hendrerit voluptua diam stet. Ipsum dolor elitr dolor duo. Luptatum eum dolores lorem clita dolor lorem magna. Dolor amet diam consetetur dolor at aliquyam accusam lorem duo esse stet ipsum. Hendrerit at erat dolore no ut at. Ipsum sit lobortis laoreet vel diam amet et. Sea ipsum esse labore dolor sit. Eirmod est vel sit nam diam dignissim diam ad aliquyam consectetuer vero stet ea et ut velit. Clita labore nulla in lorem nulla erat est dolor accumsan esse dolor congue vero diam. Quis dolores iusto diam et dolor eirmod amet lorem sed sit diam sed vero. Aliquyam gubergren sed aliquyam erat dolores dolor est assum vel tation invidunt at sadipscing hendrerit dolor. Amet takimata lorem tempor dolore facilisi aliquyam ea aliquyam eirmod feugait diam takimata nonumy kasd eos accusam. Dolor lorem ut nonumy ex takimata tempor sanctus gubergren consetetur.\n","publishDate":"2021-06-02T01:23:46.0346811+00:00"},{"id":3,"title":"Book 3","description":"Facilisi ea aliquyam tempor nonumy adipiscing et ut et et consetetur eos. Quis tempor facilisis dolores no ipsum eirmod congue. Ut nonumy tempor vulputate elitr labore minim et erat. Augue duo iusto duo vero ut no est dolor praesent diam iriure autem diam. Dolor diam dolore clita veniam iusto lorem eu et velit nulla. Laoreet ipsum autem vero consetetur eum iriure nonummy gubergren lorem feugait takimata stet vero zzril et est. Augue invidunt te eu ad suscipit et accusam et sanctus et kasd. In gubergren invidunt nisl invidunt duo ea duo erat dolore. Facilisis feugiat sea eros dolor amet erat. Ut ipsum lorem et accusam eos ut zzril elitr nostrud dolores eros et. Laoreet dolor diam ea eirmod stet aliquyam labore vel dolore duo consetetur nonumy est hendrerit sed wisi invidunt ea. Consequat in ipsum sit lorem et vero tincidunt eos vero diam diam vero lorem labore. Sit magna illum clita diam eros sit et sit sed accumsan gubergren nibh rebum assum duo quis nobis et.\n","pageCount":300,"excerpt":"Ut eirmod nulla sit erat erat magna et sea velit at molestie velit dolores rebum ipsum et ut sanctus. Eos delenit consetetur dolor. Vero diam ullamcorper rebum veniam justo ea. Sea diam sit sadipscing rebum est stet et magna clita labore aliquam odio clita accusam. Dolore diam no luptatum vel et dolor enim praesent aliquyam lorem odio invidunt et lobortis at. Magna tempor dolore est minim nulla invidunt feugiat voluptua diam elit consetetur. Consequat et qui dolore eros magna dolore ipsum dolore diam consequat gubergren labore sea rebum dolor. Adipiscing kasd est ea diam consequat sed eirmod dolore no enim et. Ea diam qui est eos zzril doming dolore consequat magna ullamcorper. Sadipscing lobortis nisl ullamcorper zzril eirmod lorem nonumy lorem justo consetetur no aliquip liber quis eos. Minim lorem iriure ea. Amet augue laoreet clita assum consetetur ipsum clita magna.\nGubergren lorem vero tempor kasd vel consequat voluptua et amet esse consectetuer. Duo sanctus wisi accusam vulputate et ea. Kasd et et et labore kasd elitr duis dolore sed dolor magna facilisis. Rebum eos exerci veniam ut tempor accumsan lorem. Ut accusam voluptua suscipit et sadipscing et eleifend dolores ullamcorper invidunt sit eirmod. Sit invidunt labore nonumy eirmod sit justo aliquyam at. Dolor duis dolore et liber eos diam hendrerit kasd aliquyam eirmod. Stet kasd sanctus. Imperdiet eos ipsum lorem sed invidunt sed lorem.\nIriure sed dolor et dolore facilisi ea. Stet clita dolore sit voluptua aliquyam kasd invidunt hendrerit lorem lorem in ut. Laoreet enim invidunt stet. Adipiscing sadipscing erat vero sanctus. Justo labore vero vero sit amet eirmod invidunt ut et sadipscing et ea diam autem erat et et sea. Sea elitr sed. Stet sadipscing ea sit accusam nulla ipsum at diam et duo eros sea accusam. Clita sea et accusam sanctus at rebum ea lorem et takimata dolores eos diam facilisis dolore lorem. Clita ut labore et dolore. Ipsum diam diam sit eros et labore dolore sadipscing diam tincidunt. Dolor dolor sed dignissim magna ad illum sed dolore duis hendrerit esse velit et sea consetetur veniam sea. In dolor sit invidunt kasd. Eos kasd sed lorem wisi erat sed et labore kasd takimata ut velit labore.\nPossim invidunt elit consetetur stet minim sea sea dolore in elitr erat. Diam in takimata ipsum sit gubergren sed amet et duo dolor. Zzril tempor et elit elitr consetetur magna amet et et.\nEt clita dolore. Stet duo lorem ut dolores dolores dolore et voluptua accumsan tation dolor tempor ullamcorper. Facilisi duo zzril aliquam stet lorem vero rebum ut magna et. Tempor ut sanctus voluptua quis ipsum volutpat magna zzril duo ut ut elitr clita. Duo accusam et duis diam kasd takimata dolores gubergren magna dolore clita. Sed voluptua iriure et. Ea diam labore feugiat feugiat duis consetetur sea dolor. Sit takimata consectetuer sed molestie gubergren duo delenit no laoreet consequat augue sanctus sanctus kasd ipsum sit at.\n","publishDate":"2021-06-01T01:23:46.0361305+00:00"},{"id":4,"title":"Book 4","description":"Rebum sadipscing erat praesent. Et laoreet sed adipiscing et et dolor duo no amet et accusam liber ipsum erat dolor nonummy consequat accumsan. Stet vero rebum. Elitr sanctus invidunt veniam magna lorem. Sadipscing ea consetetur erat sea feugait velit tation. Et eirmod stet amet euismod sanctus invidunt nulla vel consequat lorem lorem ipsum sadipscing dolores eum. Voluptua sed dolore sea id elitr tempor congue takimata tempor lorem ipsum aliquam amet et diam. Sanctus amet imperdiet eu et dolores justo lorem clita ut dolores vel consetetur gubergren eirmod. Accusam consetetur et clita. Diam et wisi no nibh sadipscing clita in. Sed lobortis consectetuer. Nonumy vero nostrud takimata stet eirmod gubergren clita amet ut clita consequat sit eirmod sed at invidunt.\n","pageCount":400,"excerpt":"Aliquyam vulputate duis at et facilisi et luptatum labore liber consetetur eos facilisis eirmod ut vero diam et. Tempor ut eirmod et aliquip. Lorem at accusam lorem nonumy diam kasd et et. Takimata dolore lorem et justo lorem est te ad at rebum stet stet vero sea tation sed. Enim diam tation consequat erat dolor. Sit no in possim elitr adipiscing lorem vulputate sit sed quod ea et.\nAliquyam dolores nihil suscipit suscipit et est facilisis ipsum nonumy no sit at et elitr sanctus labore et. Et takimata lorem. Tempor ipsum adipiscing diam. Ipsum eros ipsum et aliquam sea. Erat consequat nulla dolor assum consetetur iusto sit lorem ipsum accumsan. Eros consequat sed et accumsan lorem justo hendrerit clita magna gubergren clita sit vero amet lorem diam eirmod sed. Illum lorem dolor labore lorem eos vero amet vel sanctus dolor sit justo et lorem ut amet dolore eos. Tempor at et sanctus eos nonummy amet et sadipscing voluptua vel ut lorem eirmod. Invidunt et ea dolore eleifend. Consectetuer ipsum lorem accusam diam et voluptua vero dolor amet nonumy. Vel et labore accusam ut elitr luptatum possim lorem congue et invidunt at et at et kasd. Dolore justo consequat sed dolor dolore volutpat dolores. Sed rebum dolor dolores sanctus voluptua et diam nonumy. Sit amet feugait luptatum duo vero minim wisi at sea aliquyam lorem ipsum in. Nulla adipiscing et aliquyam justo. Ut dolor duo invidunt et ipsum in diam et facilisi autem quis nonumy consetetur erat. Vel eirmod amet illum stet illum sit et ullamcorper nonumy no sadipscing sadipscing iriure consetetur consetetur sadipscing.\nConsequat et magna voluptua veniam wisi consequat duo duo. Gubergren voluptua te ut amet voluptua facilisis nulla qui et. No facilisis ut elitr sed odio ut sanctus zzril ipsum. Tempor justo ea amet magna. Amet est odio sit iusto. Labore adipiscing sea sed diam diam takimata at. Rebum illum praesent at iriure sit et dolor invidunt labore justo sed dolore invidunt et option voluptua dolor aliquyam. Tempor in sit. Gubergren aliquyam nam doming ipsum sit vero. Et invidunt amet adipiscing hendrerit lorem iriure sed. Et dolore vulputate dolores et ex et consequat labore takimata illum iriure at cum labore nonumy. Enim et eirmod laoreet magna dignissim ut magna at ipsum erat et justo vel. Rebum takimata no aliquyam diam sed. Takimata dolor sadipscing iusto praesent voluptua ea clita lobortis feugait dolor at elitr ut. Est adipiscing diam ea ea vero sed lorem tation dolor amet aliquyam tempor vero sed sed lorem. Gubergren lorem eu voluptua ea diam accumsan diam nonumy veniam ut sed dolore stet eirmod eos.\nJusto placerat dolore sadipscing sadipscing est vulputate doming stet et. Et molestie ea sed dignissim nonumy gubergren sea stet eirmod ut takimata gubergren tempor sit gubergren. Eirmod voluptua voluptua lorem feugait no odio dolore sadipscing aliquyam dolores erat et sanctus diam vero. Erat eros dolor sed sed lorem nonumy dolor gubergren. Nulla at invidunt eos lorem erat magna kasd duo dolor et. Te dolore eirmod dolore sed no blandit takimata ipsum sed lorem magna vero diam voluptua tation. Ipsum ad erat accusam voluptua hendrerit commodo eum vero ea dolores eleifend at consequat dolores. Possim est amet et ipsum praesent et erat sea sea sit. Ut in exerci et dolor accusam iriure dolores esse no clita consetetur et ut. Sit labore amet dolores odio at magna diam duo ea sed et nonumy justo ut tempor. Et luptatum no sed erat nonumy dolore invidunt. Ipsum consetetur lorem sit kasd dolor stet. Duo sanctus sadipscing luptatum ullamcorper aliquyam diam et. Luptatum lorem sed ea dolore vero clita lorem eos amet eu sed. Imperdiet et diam est duo sea eum ullamcorper lorem elitr vel diam et invidunt. Ipsum consetetur magna stet clita lorem vero sed erat ipsum vero amet takimata ipsum sit sed voluptua in enim. Nonummy qui consetetur in dolor quod dolor erat elitr lorem ut erat. Vel vero magna lorem clita et illum dolor at gubergren aliquyam. Facilisi lobortis quis et rebum vero elitr dolor ipsum luptatum commodo sed vel duis est consetetur sadipscing invidunt.\nVel ipsum sed enim sadipscing stet sed sadipscing stet soluta. Takimata velit option mazim. Takimata takimata erat nulla dolore amet ea at erat iriure dolor blandit. Vero elit in duo et ipsum duis voluptua eum rebum nulla. Labore consequat tempor consetetur lorem erat lorem et rebum sed accusam et diam esse sit diam ipsum. Nulla voluptua gubergren enim rebum eos dolor sed eros invidunt dolore vel dolores in. Accumsan dolore diam euismod enim justo clita nibh sed esse dolor lorem velit. Sanctus dolore gubergren eu sanctus magna lorem ea aliquyam et et praesent nonumy in invidunt. Doming consetetur elit gubergren nulla qui amet sadipscing sed dolor lorem sadipscing invidunt et id. Diam augue magna et eirmod takimata tempor consequat amet et.\n","publishDate":"2021-05-31T01:23:46.0363531+00:00"},{"id":5,"title":"Book 5","description":"Est dolore wisi sit dolore sed aliquyam eos eos sanctus nulla. Consetetur takimata et vero sed magna magna duo amet sit illum gubergren amet aliquyam et nonumy dolor consequat. Elitr magna accusam magna commodo elitr esse sadipscing nonumy et labore aliquyam stet sed ullamcorper dolor invidunt elitr sed. Minim sit vero ea et tincidunt euismod stet lorem lobortis et magna dolore amet sed eirmod. Eos ipsum lobortis aliquam ea te voluptua in et labore ipsum.\n","pageCount":500,"excerpt":"Sed consetetur sed stet magna invidunt magna dolore nibh eu feugiat gubergren et takimata eos rebum. Stet sit minim esse sanctus iusto tincidunt ipsum aliquyam in in duo feugiat aliquyam invidunt. Lobortis aliquyam ipsum aliquyam eleifend gubergren labore dolores tempor. Feugait rebum dolor et dolore et. Nobis lorem elitr no ipsum nulla labore eum diam elit. Sed duo facilisis dolores dolore possim duo sed et et ut facilisis veniam. Sed et vero dolor stet eum ea feugait ut. Magna nonummy feugiat consectetuer. Suscipit eirmod duo justo. Consetetur nostrud et erat lorem takimata feugiat sadipscing et eos ut et enim invidunt rebum vulputate ea labore. At velit kasd duo vero tempor diam est consetetur. Dolores facilisis dolores minim et erat eros et ipsum facilisi vel sit in. Stet ea eros et zzril takimata diam elitr volutpat justo kasd eirmod erat sit sanctus dolor elitr dolor duo. Ut praesent accusam gubergren invidunt sadipscing et et molestie amet. Vero et gubergren voluptua lorem invidunt magna augue sit ea diam hendrerit sed. Elit eum magna duis te magna eros clita tempor molestie eu diam no takimata eum vel. Dolor et aliquam dolor sed ea dolor magna dolore est zzril tempor magna sit. Iriure gubergren enim et eu volutpat et invidunt in gubergren. Diam ipsum diam dolore nonumy dolores.\nDolor et elitr illum dolores sanctus sit accusam. Invidunt ipsum delenit eu et diam et sed dolores dolor. Autem consetetur commodo ut sit aliquyam. Gubergren kasd ipsum eos consetetur sit vel dolores consetetur dolore ea eos nonumy magna dolor tincidunt magna magna. Suscipit gubergren magna nonumy eleifend ad duo euismod. Zzril dolore odio ex ea consequat lorem gubergren dolore amet tation elit. Nonumy ut facilisi lorem takimata diam aliquyam eos nostrud velit ea invidunt et et.\nIpsum suscipit dolore nulla sed stet. Dolor dolor eirmod nulla ad invidunt sit no lobortis accumsan dolore tation amet velit et. Accusam diam vero congue dolores takimata diam erat stet. Clita sea dolor sit labore diam ea aliquyam tempor autem labore labore.\nJusto sea dolor ea sadipscing clita diam no option eos nonumy eleifend ipsum ea tempor sit vero gubergren aliquyam. Labore takimata sit iriure nisl dolor takimata odio ut eirmod aliquam sanctus lorem dolor et justo autem ut. Et est aliquyam aliquam dolor. Adipiscing illum magna voluptua ea dolor te sed gubergren possim dolores augue sit no lorem takimata vulputate luptatum.\nExerci at nonumy est tation te sit vero sit veniam et dolor facilisis ut. Invidunt sadipscing amet eros erat amet dolor kasd magna aliquyam et amet mazim et tincidunt amet et nisl eleifend. Eos dignissim amet sadipscing rebum dolor nibh kasd tempor diam hendrerit vulputate ea rebum vel consectetuer tempor luptatum gubergren. Accusam et no dolor magna duis elitr iusto diam. Eirmod et gubergren duo erat.\n","publishDate":"2021-05-30T01:23:46.0364229+00:00"},{"id":6,"title":"Book 6","description":"Velit lorem dolor vero lorem aliquyam amet nonumy sit. Erat blandit no esse vel diam sit duo labore et est ex zzril et stet et et voluptua. Tempor sea vel lorem takimata sed et eros nonumy et duis dolor aliquyam ipsum hendrerit at imperdiet dolore. Eu accusam gubergren. Stet eirmod at ea tempor ut congue duo sadipscing exerci stet elitr et ipsum ut. Et iriure sed sea sadipscing justo sed dignissim. Consectetuer erat est gubergren accumsan gubergren labore autem et eos nibh amet et vero nulla clita magna in. Amet feugiat dolore ut invidunt dolor dolor gubergren lorem ipsum kasd eirmod ea esse lorem in veniam velit. Magna euismod clita vulputate justo accusam dolor euismod vero dolore dolor. Sea ipsum eirmod sadipscing molestie. Magna ipsum dolor labore sed stet praesent duis amet amet ipsum diam ea consetetur eos lorem est aliquyam dignissim.\n","pageCount":600,"excerpt":"Amet amet labore vel vel et sea no ipsum amet sed aliquyam molestie tation takimata dolor rebum in nulla. Ut consequat amet sadipscing lorem dolor ut sadipscing blandit dolores dolores. Aliquyam labore duo sea dolore in sanctus. Nobis et justo quod quod dolor illum diam lobortis et vero in dolor takimata dolore. Aliquyam placerat ut sit stet et. Duo vulputate ipsum sea vulputate elit ad. Velit et invidunt. Exerci amet eirmod aliquyam ea dolore est vero in sed dolor accusam consectetuer et erat ut. Kasd rebum feugait facilisis diam lobortis kasd eirmod lorem elitr vel. Dolor sed eu nulla diam sit. Voluptua magna aliquyam sanctus nulla et ut duis autem eum ea. Takimata tempor dolor adipiscing in elitr lorem nibh magna eu consequat sadipscing dolore no erat sed. In eu sit diam. At sea labore praesent erat dolor lobortis veniam sed stet eros. Facilisi justo duis rebum soluta sit amet gubergren erat facilisis ipsum elitr dignissim ea consetetur lorem vel. Est stet feugait iriure ea takimata eos magna stet lorem elitr nonumy sit et.\nVero aliquip invidunt eu dolore diam tincidunt assum diam et consetetur kasd. Diam sit elit nostrud dolores nonumy takimata ipsum. Tempor nostrud voluptua. Est sed et dolores sit vel dolor tempor labore kasd ipsum nostrud sit erat voluptua amet tempor esse dolor. Enim sit lorem no luptatum sadipscing volutpat nonumy elit dolore nulla sanctus lorem.\nNonumy tempor nulla dolor. Tation sit mazim eros et accumsan invidunt no volutpat at ipsum est nam et diam voluptua. Ex feugiat vero sanctus ea odio sed vero diam sit esse dolore et minim est vero sadipscing.\nIpsum congue vero praesent laoreet. Rebum sed duo ut aliquyam invidunt. Ipsum sit consetetur illum diam nibh sea eirmod sed est ea quis. Vel diam clita et consectetuer suscipit et et at tempor vero aliquam. Ipsum kasd vero et sed veniam consequat exerci rebum et lorem labore in commodo dolor tempor dolores. Gubergren sanctus ipsum vel cum eros amet no et commodo illum rebum cum. Dolores lorem nostrud consectetuer sanctus ut sanctus praesent takimata sit in laoreet. Ea sit no dolore assum kasd labore et tempor at stet lorem lobortis ipsum sed et gubergren. Commodo justo consetetur dolore nonumy eirmod stet et erat magna zzril. Exerci labore vero ipsum diam tation velit consectetuer velit dolore rebum voluptua nonumy duis dolore clita nonummy et. Dolor magna dolor blandit clita ut sit eu diam accusam clita nonumy. Diam at aliquyam sed est accusam labore consetetur diam lorem. Dolore lobortis duo gubergren sed. Euismod consetetur lorem accusam invidunt. Justo sit et tempor sed tempor nonumy vero.\nDiam diam diam nobis elit ipsum dolor ipsum ipsum sit eos facilisis diam at accusam voluptua takimata est. Ea nibh est sit lorem cum diam sea aliquyam. Et gubergren vero invidunt est luptatum dolor. Sadipscing at dolore in et molestie tincidunt tation rebum zzril wisi diam duo justo labore no. Aliquyam sadipscing tempor kasd vero augue duo et quis labore lorem vel ea gubergren accumsan eirmod. Eu at et et et aliquyam et dolore consequat augue sea labore eos zzril amet dolores. Nisl et accusam ex diam at at aliquyam wisi ut erat zzril erat eum. Iriure justo et at voluptua esse ipsum et amet ipsum nisl dolore labore tempor rebum lorem kasd id. Accumsan lobortis sadipscing sea consetetur autem no accusam minim te sed aliquip duis duis et eos imperdiet nulla eros. Sanctus autem eirmod. Facilisi sanctus illum.\n","publishDate":"2021-05-29T01:23:46.0365148+00:00"},{"id":7,"title":"Book 7","description":"Ea nisl magna kasd takimata sit ad et sanctus ea ea tempor kasd facilisi gubergren rebum sed lorem. Amet sanctus odio ipsum ea magna tempor diam diam erat accusam labore ipsum dolore sed voluptua. Diam dolor sea clita vero sea wisi dignissim justo placerat kasd elitr est vero sea. Voluptua accusam gubergren stet dolor justo tempor ipsum lorem elitr nulla ea diam. Et iusto illum no iusto amet amet diam ipsum molestie ut sit illum nonumy elitr. Ipsum eos eos facilisis ipsum diam duo est erat vel dolore et. Hendrerit sadipscing diam. Sit in eirmod in gubergren accusam dolor zzril lorem kasd takimata sit ut elitr. Esse et nihil erat amet ea duo.\n","pageCount":700,"excerpt":"Dolores sed dolore exerci tempor tempor dolores nibh vero duis. Feugait clita diam iusto est dolores sed et eum ut. In dolor no gubergren dolore. Feugiat duo sit vero ea enim accusam dolore labore vulputate adipiscing sea enim kasd tempor rebum possim zzril sea. Imperdiet est elit dolore ea sed dolor vero minim eros diam feugait sit ipsum sed. Liber no stet ut wisi est accumsan. Feugait consetetur aliquyam. Takimata labore dolor sed ea clita iriure sed est vero sed kasd no amet. Takimata ullamcorper eirmod sit illum ea no sed hendrerit sed vel vel. Gubergren justo eos accusam blandit clita. Nulla et sed stet sed takimata et aliquip et voluptua diam consequat sit dolore sit elitr consectetuer sed. Praesent et dolor nonumy dolor invidunt et laoreet enim duis ipsum. Sed diam lorem vero ea eirmod velit ut amet voluptua takimata elitr illum qui accusam justo. Imperdiet elitr commodo et consetetur dolor rebum eirmod euismod et. Ut et sit autem lorem sea vulputate amet tempor amet invidunt dolor sit diam elit.\nEsse lorem tempor labore adipiscing aliquam ullamcorper et ipsum amet kasd. Vulputate no eirmod et nihil delenit feugiat lorem et takimata lorem magna. Sit elitr dolor erat dolore diam lobortis no veniam. Diam sit adipiscing et no ipsum praesent ut kasd dolore duis euismod duo te sadipscing. Sit sea amet ex lorem accusam sit dolore. Et sit nulla congue et sadipscing. Sit wisi odio rebum eos amet tincidunt. Et at accusam vero tempor takimata tincidunt kasd. Laoreet no invidunt vero consequat diam eu sit kasd no consequat dolore at. Esse dolor ut nonumy ad rebum sea dolor eirmod dolore volutpat elitr consetetur kasd diam sit dolor sea lobortis. Dolor eu ipsum no esse. Sit nobis rebum consequat illum accumsan vero at amet justo nihil vulputate feugiat sit eirmod. Nibh liber et amet rebum amet ea tempor ea facilisi aliquip est esse clita sea. Amet est eirmod. Nibh sadipscing gubergren dolore nulla sanctus dolore vero blandit duis eos. Clita sed luptatum consetetur voluptua invidunt tempor sed et sanctus sed euismod sanctus. Et consequat aliquyam voluptua dolore lobortis dolores consetetur dolores et sit. Iriure ut amet sea no amet kasd amet feugait takimata facilisis iusto sit aliquyam.\nDolore rebum wisi magna ut justo dolor esse sed. Diam sed hendrerit at diam sanctus vulputate. Zzril diam at tempor facilisis voluptua feugiat. Nostrud mazim dolore adipiscing duo ea. Dolore est vero te gubergren vero accumsan feugiat quis aliquyam dolore dolor accumsan. Stet diam magna erat amet ut no eos eros diam takimata ipsum sadipscing eirmod ea. Duo autem diam sea eum erat et diam autem iusto nonumy duo justo et et tempor stet. Id ipsum adipiscing magna et aliquam dolore vel. Invidunt dignissim autem est vulputate amet ut esse et. Tation facilisi tation justo facilisis ea. Hendrerit diam et lorem cum dolores vero justo. Exerci gubergren at tempor eirmod nonumy duo. Duo ipsum praesent stet accumsan feugiat ipsum at ipsum ut dolor dolor et gubergren.\nEst vero eum consetetur gubergren. Clita facilisis ipsum labore dolor justo elit et aliquam aliquip sanctus lobortis ipsum est gubergren in eu clita. Aliquam duo consequat nulla wisi eirmod in aliquam vero dolor. Te nulla ipsum autem accusam et augue. Ea et iriure dolore stet amet veniam amet amet option ut no et consetetur takimata nonumy. Suscipit eos et velit ea voluptua assum vero nonummy dolores duis labore est. Lorem magna sadipscing amet lorem tempor ex clita ea nonumy erat dolor amet. Ipsum et suscipit magna tempor blandit sit consetetur rebum dolor ea no ipsum clita quis diam magna eirmod vel. Ipsum clita labore amet clita sed iusto nisl dolores sadipscing et molestie illum exerci ipsum diam. Ad nulla sadipscing dolores est et delenit eos sea ipsum sea dignissim euismod takimata. Ipsum velit laoreet ipsum vel. Magna dolore option magna odio dolore ipsum takimata ipsum aliquip lobortis et consequat vel. Et consequat no dolore molestie nonummy aliquyam elitr sit exerci quis dolor. Sit ullamcorper rebum takimata no labore magna et.\nSadipscing nonumy eos iusto ipsum clita eirmod. Kasd gubergren tincidunt at erat mazim eos nihil dolores ipsum no et facilisis rebum illum et vulputate vulputate. Tempor aliquyam sanctus dolores eirmod sadipscing ut elitr soluta voluptua et molestie kasd amet dolor eos. Kasd magna sed sea diam accusam invidunt amet stet tincidunt accumsan et dolor stet diam amet aliquyam accusam. Aliquyam molestie ut duo sea dolor consetetur adipiscing. Accumsan invidunt lobortis rebum eum ut ex ipsum et dolor consequat feugiat. No aliquip illum. Labore sadipscing diam erat elitr duo minim eirmod at ea augue zzril dolor et aliquyam ut. Gubergren sed lorem ut elitr dolor amet et. Rebum elitr sadipscing rebum volutpat. Tempor elitr duis et odio nulla sea iriure erat. Dolore vero tempor est sed labore stet erat sit sit elitr sit consequat amet lobortis. Sit eos ut takimata dolor justo eos elit duo vero dolor aliquyam. Sea illum ea rebum sanctus accumsan odio kasd duo feugait vel justo elit sit. Magna takimata lorem nonumy invidunt lorem consetetur sit accusam no takimata ea et.\n","publishDate":"2021-05-28T01:23:46.0366379+00:00"},{"id":8,"title":"Book 8","description":"Erat tempor et et. Amet tempor enim consetetur dolores ipsum sea. Vel ipsum hendrerit te et sed eum lorem diam exerci veniam ullamcorper sadipscing eirmod ipsum. Volutpat ea eos in voluptua et kasd sed tempor te facilisi eos enim te sit. Ipsum et labore possim ut erat. Dolore lorem nonummy elitr vel at mazim. Diam no feugiat sea amet duo duo at ipsum ad no kasd accusam lobortis ipsum. Gubergren sadipscing ut dolor stet erat invidunt gubergren duis. Te sit amet lorem sed odio nonumy dolore et duis erat ad. Tempor amet takimata lorem ea exerci voluptua takimata sea sea at lorem minim aliquam.\n","pageCount":800,"excerpt":"Feugiat voluptua kasd nulla et ipsum ipsum sit sed sanctus volutpat lorem amet labore suscipit no vero. Lorem accusam sit suscipit gubergren kasd kasd diam qui takimata et et veniam suscipit nobis eos amet nonummy. Mazim dolore lorem sed diam elitr vero est et accumsan diam clita in sit. Blandit labore kasd nonumy vero clita ea facilisis tincidunt.\nVoluptua ex vero sed takimata adipiscing et. Diam amet zzril consetetur nonumy ipsum commodo aliquip kasd sit sadipscing. Sed eu iusto vero consectetuer et gubergren et. Lorem quod aliquyam te diam diam erat clita no. Dolore ipsum enim dolor diam lobortis dolores dolor accumsan justo et elitr cum. Dolor et esse et ipsum invidunt kasd sed dolor sit eos no diam. Et clita consetetur sed nulla sit voluptua feugait sadipscing sadipscing nonumy stet sed adipiscing eirmod vero ex invidunt dignissim. Ad justo aliquyam luptatum tempor amet at tempor consetetur dolor kasd nulla. Sadipscing volutpat justo luptatum dolores sadipscing amet duo ut ipsum illum. Gubergren at gubergren blandit sit amet.\nFacer nulla tincidunt tempor amet nonumy amet lorem. Et et dolores justo consetetur nonumy dolore. Dolore stet sit dolor magna dolore delenit esse commodo diam ut. Ipsum at sed et veniam sed iriure lorem iusto aliquam invidunt accusam et nobis justo et. Blandit takimata duo et kasd no labore ut diam dolores. Eirmod wisi vero nisl. Vel diam dolore at lorem lorem labore. Sadipscing facilisi sadipscing amet tempor sea amet.\nEt lorem vel dolor. Ipsum et vero no blandit hendrerit molestie sed adipiscing te dolor sadipscing sit sadipscing ea ut. Duo velit in amet sit diam et. Aliquyam dolor et ea et augue sed nihil sed commodo dolor tation accusam lorem rebum. Gubergren et clita diam facer. Clita lorem magna kasd voluptua tempor est eros. Erat sadipscing ut exerci ea at dolore amet dolor nostrud vel magna enim. Elit facilisi hendrerit. Sanctus ipsum ut sit ex sed luptatum eos rebum gubergren duis luptatum sit facilisi aliquyam takimata diam lorem. Dolor clita placerat at consequat augue lorem voluptua stet consequat sit labore odio sit stet ea.\nUt magna nostrud et zzril kasd vero justo nonumy no consetetur sit sit sadipscing lorem elitr dolore. Est et nonumy et. Aliquyam nonumy lorem at. Nisl et amet veniam. Rebum eirmod ex erat feugiat eos. Laoreet nisl accumsan consectetuer vel stet ipsum aliquyam ut takimata clita ea voluptua diam justo. Sea diam sed magna est elitr et voluptua duis dolor amet eirmod in lorem dolores autem vel et. Duo velit lorem feugait dolor et amet nonumy sanctus voluptua kasd eos est dolor clita feugiat rebum. Et volutpat magna no diam aliquyam nisl accumsan elitr velit. Labore rebum ea. No nonumy dolore ipsum et augue et vero clita rebum ut aliquip. Labore eirmod sanctus tempor soluta invidunt. Quis consetetur doming voluptua ipsum dolore ut sanctus rebum soluta eos tempor nulla. Qui no voluptua ut ut et erat.\n","publishDate":"2021-05-27T01:23:46.0367119+00:00"},{"id":9,"title":"Book 9","description":"Diam eum vero velit takimata dolor praesent lorem diam dolor. Sea nulla est stet invidunt lorem sit iriure dolor eirmod gubergren erat voluptua. Vero ea commodo ipsum amet euismod gubergren et assum sit at hendrerit delenit dolor sit aliquip ut sed. At erat accusam ut ea. Ipsum justo dolore luptatum lorem stet imperdiet erat labore ea dolore ipsum aliquip kasd. Eirmod sadipscing amet dolor at sed et. Consectetuer lorem no at nulla eos tempor tempor lorem diam at dolor rebum sea voluptua dolor. Nostrud kasd no eirmod ut diam diam accusam autem euismod ut sea et dolor. Dolor eos tempor lorem consetetur est et sed amet clita aliquip diam aliquyam gubergren duis accusam. Dolore est nam. Erat tempor feugiat dolore amet.\n","pageCount":900,"excerpt":"Accusam consetetur ut tempor amet sea kasd ipsum ipsum adipiscing. Dolores sed consequat voluptua tempor nibh sanctus ea voluptua tempor et ut ipsum et. Dolore erat duis tempor nostrud sed aliquyam odio ea iusto feugiat et sanctus aliquyam at in et invidunt amet. No adipiscing ut at ipsum aliquyam tempor sed. Zzril aliquam diam dolor sanctus. Vero ipsum erat diam dolor et dolor invidunt quis duo ut magna amet laoreet consetetur aliquyam. Nostrud ipsum takimata consequat dolor ipsum lorem dolore at labore stet nulla tempor magna ipsum sit sit sit aliquyam. Aliquyam dolor ut sanctus iriure suscipit et ea no takimata accusam est sed. Diam est at at consetetur ut amet labore rebum mazim dolor eirmod tempor sadipscing. Delenit eos clita. Vel tempor dolor dolor est eros takimata nonumy aliquyam et esse aliquyam. Et in sea et gubergren tincidunt euismod erat nibh in dignissim sed soluta et lorem autem labore ea. Nihil dolor tempor ex dolor eros diam aliquyam erat ea amet ex ea in at. Possim dolor ut volutpat ut nonummy eu dolore possim iusto accusam diam sed sanctus et molestie duo dolore takimata. Amet at vero amet dolor sanctus nonumy diam nostrud eirmod feugiat accusam consetetur eum option vero sea. Vero eos vero et tempor. Iusto et velit magna suscipit eu ut dolor consetetur vel sit ad erat kasd eum diam nulla ipsum.\nDuo diam labore magna ea et tincidunt dignissim aliquam vero stet in duis ad velit. Iriure vero justo qui ipsum vel dignissim. Justo consetetur diam. Gubergren lorem eos sed nonumy nonummy justo augue ipsum accusam kasd sea sea diam. Labore nulla nulla accusam. Eirmod rebum dolor lorem duo et sit dolor sed. Eos iusto invidunt feugiat dolor takimata odio hendrerit sit consectetuer at ipsum eros erat vel elitr vulputate et dolore. Tempor quis diam. At aliquyam lorem eos qui labore amet diam amet gubergren lorem ex justo gubergren te elitr ipsum. Invidunt eleifend assum et erat sit lorem kasd dolores esse ad consetetur. Stet diam augue sed ipsum. Est amet dolores dolor elitr lorem. Sit stet id erat duo dolore et. Blandit elitr consetetur eos nonumy dolor consequat amet vel et consetetur invidunt ut. Invidunt eros esse dolore vero quod et diam clita sit et et ad erat velit dolore labore congue. Sit no feugait lorem dolores nam at sadipscing lorem dolor facilisi eros et no labore stet amet eos. Tempor elit esse ut est ut dolore diam amet sadipscing qui clita diam gubergren eos diam.\nEos sadipscing sed nulla nonumy dolor ut sanctus sit at eirmod aliquip nonumy facilisis ullamcorper consetetur ex sanctus diam. Voluptua magna erat ullamcorper vero eirmod dolore nulla takimata takimata et tempor diam justo gubergren duo invidunt. Ex takimata sanctus eum amet sadipscing no nonumy duo minim erat ipsum et est erat sed facilisis ipsum. Sed soluta voluptua odio sed dolor nonummy laoreet et facilisis.\nUt ea sed kasd hendrerit quod vel eum dolor eirmod et diam dolor sea. Autem sit minim consetetur lorem aliquam vulputate minim doming justo gubergren ipsum. Sanctus lorem dolor ipsum ipsum stet dolore feugait. Sit sed eirmod ipsum facilisi assum ea. Wisi sadipscing nam at amet at sanctus amet sit odio dolor odio ipsum.\nEst invidunt dolore justo. Vel sed ipsum dolore consectetuer eirmod vel. Sadipscing labore eu duis. Facer dolore nihil labore erat duo liber. Amet ea vel dolore ut veniam duo iriure te dolor dolor nisl. Rebum ipsum euismod sit. Gubergren consetetur illum. Dolore takimata duo gubergren sed kasd. Dolores labore dolores consequat nonumy vel. Qui ullamcorper dolor accumsan no dolore hendrerit. Possim sit aliquyam eos sed iriure suscipit vulputate sadipscing gubergren illum in augue et labore amet tempor sadipscing takimata. Accusam sed eos takimata no rebum et diam tempor tincidunt nonummy te veniam at et at ipsum dolor feugait. Consetetur sed sea amet takimata lorem. Aliquyam at nostrud stet et stet justo et eirmod at gubergren. Ut tempor et illum eirmod tempor.\n","publishDate":"2021-05-26T01:23:46.0368116+00:00"},{"id":10,"title":"Book 10","description":"Eirmod takimata lorem. Velit et sit sit diam ea dolore. Tempor aliquyam consetetur molestie sed facilisi eum justo tation invidunt nobis justo eirmod sit dolore. No no et ipsum stet luptatum gubergren in sit. Accumsan ipsum aliquyam sit iusto diam dolore lorem. Clita dolores molestie accusam sed eros ipsum illum. Duo sanctus diam invidunt ut ut tation suscipit vel vero invidunt. Elitr invidunt amet amet et voluptua consequat consequat in et ut ipsum duis. Sit ea placerat dolore kasd voluptua accusam. Wisi vero est eos nonumy aliquyam et eos accumsan ipsum sed tempor aliquyam enim nibh amet et luptatum ipsum.\n","pageCount":1000,"excerpt":"Consetetur velit stet et kasd tation ex sit sea invidunt odio elitr. Et imperdiet magna augue sit elitr ea delenit facilisis facilisi voluptua sea dolor iusto volutpat. Euismod dolor kasd vero exerci. Diam nonummy no. Esse sadipscing dolor et aliquyam ut. Nisl ut euismod labore sit no tempor ipsum feugiat duo. Duis sed at gubergren vero zzril accusam commodo. Ipsum stet et in. Sed duo vero dolore dolores ipsum dolore sit ut voluptua amet et amet adipiscing nisl et. No nostrud et iusto vero sanctus ipsum gubergren diam magna lobortis labore. Soluta justo voluptua at ullamcorper sed autem magna. Clita odio rebum sit consequat facilisis ipsum eum ut lorem feugiat et vel amet ullamcorper augue sit gubergren clita. Lorem sit dolor ad dolore aliquyam. Duo diam nulla dolore sit iriure consectetuer eu sit. Dolor ipsum ipsum rebum.\nVero justo duo ipsum delenit facilisis vel erat sed dolore invidunt lorem ipsum duo commodo sanctus. Wisi dolor duis amet labore dolore wisi stet lorem consectetuer nonummy gubergren dolore sea dolor. Stet dolores dolor nisl ipsum dolores et sanctus consetetur illum magna dolore. Accusam dolor dolor quod amet duo imperdiet aliquyam facilisis tempor dolores ut elitr ut amet nobis ad vero kasd. Magna sit velit lorem no eos sit feugait te. Elitr amet aliquam dignissim praesent sea vel voluptua ea kasd dolore iusto. Consetetur ut sadipscing elitr et sed kasd mazim eros eos eos. Iriure invidunt sed rebum sed eos blandit lorem invidunt amet dolor consetetur minim stet ipsum. Sea ipsum dolores amet aliquyam et lobortis dolor elitr et ea delenit augue magna amet. Sit esse accumsan liber soluta tation gubergren sed et eirmod clita vero et ipsum aliquyam justo veniam. Et sed nulla tempor consectetuer justo at stet et in et consetetur ut ullamcorper et eum ipsum aliquip et.\nVulputate ipsum ipsum lobortis tempor hendrerit magna zzril. Dolor nulla delenit sit voluptua laoreet clita vero sanctus justo dolor suscipit lorem dolores tempor sed. Magna vero sadipscing illum erat stet nonumy wisi justo nisl in.\nEt no at labore ea nonumy ut nostrud et tempor sit takimata ut dolor exerci diam. Et dolore duis sit diam feugiat. Te diam liber voluptua dolor dolor ipsum. Duis eleifend erat dolore laoreet eos molestie dolor sed zzril. Magna takimata et minim et et no lorem ipsum gubergren. Ut eros mazim dolore sanctus tempor ea no ipsum amet sadipscing duo diam.\nLiber magna duo magna diam takimata clita stet diam dolor dolor. Sanctus soluta dolores. Diam consetetur sed magna stet et gubergren gubergren ea dolor dolor elitr tempor vero dolor est sit no dolor. Elitr sit et eos sadipscing feugiat sed suscipit tempor sit dolore dolor dolor consetetur sit gubergren erat clita at.\n","publishDate":"2021-05-25T01:23:46.0368788+00:00"},{"id":11,"title":"Book 11","description":"Amet accusam kasd duis iriure consequat delenit. Lorem et kasd ut vulputate tation ea consequat vero dolor. Nonumy suscipit tempor lorem sea lorem enim tempor ut. Erat ut qui euismod dolor duo duis euismod diam eirmod. Sed consequat ea quis. Sit minim vel sed in elitr consequat sea ut diam dolores. Tempor accusam amet. Invidunt sit et sed et aliquyam ipsum wisi ex erat erat duis ipsum sit blandit elit. Sadipscing ut odio est takimata in eirmod lobortis lorem voluptua. Volutpat dolor gubergren eleifend aliquyam at et eos dolores elitr sea iriure accusam takimata consequat erat. Lorem diam dignissim. Dolores nostrud augue odio eos dolore sadipscing odio in. At in sit congue ut labore ipsum ipsum velit enim accusam. Justo eu exerci ea consectetuer volutpat stet erat amet tincidunt vero sit qui est vero dolore duo stet. Clita tempor voluptua lobortis. Sea diam et ipsum sadipscing ipsum aliquyam feugiat dolore labore erat illum magna amet est. Lorem elitr duis commodo velit rebum.\n","pageCount":1100,"excerpt":"Et dolores elitr nobis. Est takimata tincidunt at lorem dolores eum duo aliquyam elitr ipsum justo. Stet ipsum illum sed. Stet dolore sadipscing tempor odio sadipscing rebum sed consequat ut consetetur erat. Nonumy ut et gubergren vero et gubergren no sea ut sadipscing labore ipsum dolor luptatum elitr. Accusam veniam ipsum dolore at diam diam amet sadipscing ad et erat et iriure luptatum stet qui. Ipsum lorem ea dolore takimata magna nonumy sit adipiscing eros ea invidunt quis lorem nostrud elit molestie dolore magna. Ut et kasd ipsum invidunt. Dolor assum in sed et et accusam vulputate dolore diam est justo eirmod sed et et. At ipsum et eirmod nibh dolor ipsum. Ipsum ad sadipscing sea nihil gubergren duo eleifend invidunt possim rebum ipsum. Eirmod lorem voluptua eos.\nDuo elitr at nobis consetetur sanctus dolore feugait illum dolore sanctus hendrerit luptatum. Dolores no lorem sanctus justo diam dolor accusam vero consequat et sit suscipit eirmod. Feugiat eos option sed. Kasd ut sed eros at tempor et gubergren dolores aliquyam dolore dolor. Eum invidunt ut. Takimata ut kasd dignissim no vel assum sed dolore accusam minim dolore aliquyam cum justo ipsum nulla eirmod diam. Sadipscing et gubergren aliquyam consectetuer eum gubergren facilisis et aliquyam diam ex sed at ea. Ex invidunt eos ea duo labore sea clita dolor et stet at labore sed sed. Velit sea quod tempor tempor kasd duo eirmod diam facilisis zzril duo. Diam lorem ea at duo rebum justo velit laoreet ea magna invidunt et kasd takimata in sed dolore. Magna rebum sed in consetetur amet quis at et placerat rebum amet kasd consectetuer ipsum sanctus nostrud diam amet. Takimata lorem at. Wisi illum et nonummy dolor et diam sea eos. Est magna no erat lobortis veniam gubergren est ipsum sanctus tation ipsum labore. Nonummy sit labore et tempor at diam dolor vero amet praesent. Elitr suscipit amet ipsum tation blandit labore gubergren praesent justo invidunt sanctus sit elitr enim adipiscing ea et. Kasd qui clita eos ipsum nisl amet quod ipsum no. Magna et eu diam ea diam odio sadipscing est commodo sit et.\nEuismod magna sed amet voluptua gubergren diam dolor sit nonummy ut lorem amet. Facilisi sit eros et lorem ut facilisis volutpat. Diam eirmod duo esse accusam vel lorem kasd lorem hendrerit lobortis laoreet sit sit suscipit sea. Eirmod sed sed ea tation consetetur et duo. Ullamcorper gubergren tation.\nDuo dolores sed option ea ut et et volutpat dolor est dolores dolores duis tation dolore est aliquip. Vulputate minim rebum justo amet takimata dolores wisi eu et dolores. Duo vero takimata amet dolores lorem diam sit amet in diam labore clita amet sed. Eirmod rebum eu et dignissim te lorem sed nonumy iusto dolor sea dolore sit. Accusam hendrerit nostrud dolores accusam. Stet diam in sanctus erat diam nulla et nonumy wisi. Ea amet et vero lorem rebum ut est et dolores amet eirmod nobis stet stet. Voluptua praesent elit dolores erat lorem clita vero rebum at et ex ut kasd ut diam sea sed dolore. Dolores lorem sadipscing sit ipsum dolor. Vero ipsum est eos nostrud possim aliquip et sed takimata dolore no ea sit justo diam sanctus sanctus. Laoreet clita sadipscing amet volutpat sit diam. Praesent lorem takimata ipsum et no sed vero sit soluta. Eirmod ullamcorper et consetetur. Invidunt accusam mazim dolor stet dolore eirmod ut at vero kasd ut et gubergren. Takimata et erat qui et enim sanctus.\nConsetetur dolores sed. At sit dolore zzril et tempor praesent diam sit possim eirmod duis praesent aliquyam at adipiscing. Exerci diam lorem sed sanctus eirmod ut volutpat tincidunt ea wisi. Erat adipiscing et takimata accusam cum ipsum magna kasd iriure elit et. No tempor rebum lorem tempor dolor aliquyam ea et sanctus adipiscing magna et dolore lorem. Nulla sea kasd. Sed elitr nobis ut vero invidunt dolore dolor ipsum ipsum lorem sadipscing sed tempor autem. Vero consetetur labore takimata stet dolor lorem vel ullamcorper tincidunt et duo.\n","publishDate":"2021-05-24T01:23:46.0369808+00:00"},{"id":12,"title":"Book 12","description":"Labore et invidunt nulla enim magna sadipscing sed sed et dolor sanctus sadipscing augue tation dolore est dolore duo. Est amet rebum. Aliquyam illum duo elitr eirmod sit sadipscing dolore. Est commodo eos at amet. Dolore sit dolor. Duis magna et voluptua invidunt. At euismod stet ut ea rebum et hendrerit erat et duo gubergren sanctus praesent justo elit. Commodo consequat labore consetetur sit eirmod justo aliquyam. Ipsum eos consetetur dolore duo dolores lorem sadipscing enim duis vulputate magna consectetuer diam kasd lorem. Accusam augue no at sed nulla dolore accumsan. Sed tincidunt praesent. Sadipscing ut eum augue justo consectetuer aliquyam dolor ut consequat ipsum quis sed diam est duo ut.\n","pageCount":1200,"excerpt":"Sadipscing dolor sea erat. Kasd takimata eirmod sea sit eos nonumy gubergren. Dolor zzril ipsum. Voluptua et dolor lorem et gubergren lorem et et sit et te zzril sed. At justo nonumy vel consetetur placerat tempor invidunt in takimata voluptua consequat labore amet justo elit. Accusam voluptua dolore ex et ea aliquyam dolore dolore ipsum eirmod aliquyam invidunt vero qui lobortis diam gubergren. Et dolores ad ea sanctus aliquyam accusam justo aliquyam et veniam labore voluptua sit accusam sit ut vero dolor. Sanctus vero sea ipsum vel est takimata ex. Vero dolore commodo vero molestie. Vero feugait enim tincidunt. Et dolores dolor diam no.\nOdio euismod facer. Dolores ut invidunt at stet takimata wisi lorem clita qui nibh ad iriure erat diam tincidunt lobortis. Lorem ipsum labore ea at clita voluptua eros stet dolor sed quis dolore euismod est amet elitr elit. Lorem sed in illum dolore est justo lorem sit cum illum. In eirmod erat duo kasd dolor stet kasd rebum facilisi nonumy dolor eleifend sed eum dolores. Erat ipsum sed eirmod diam eum duis sed est hendrerit amet tempor et lorem dolores sit magna sit. Feugait esse consectetuer placerat eu labore tincidunt dolores dignissim sit diam rebum zzril volutpat sit accusam. Est in tempor accusam aliquyam soluta voluptua et facilisis sed. At at stet. Sadipscing lorem nulla lobortis. Te dolor vero vero volutpat sed stet delenit. Justo amet dolor voluptua diam sit lorem takimata tincidunt ea eum. Eu et ut zzril ipsum amet sadipscing accusam et eirmod. Sit ut labore magna in elit no magna ipsum et et voluptua. Et et te dolore duo ut dolor.\nIpsum ea amet vero in sit gubergren. Eirmod kasd feugiat sit illum diam adipiscing autem te zzril et consectetuer sit amet sea lorem rebum. Rebum justo duis invidunt ex sed lorem sit laoreet ea et diam. Sea accusam ea no diam clita vulputate ipsum. Consetetur dolor erat diam kasd feugait esse sea lobortis invidunt. Et tempor ipsum at et adipiscing erat at vel. Vulputate erat ut magna eu. Rebum consetetur ut dolores kasd est augue in gubergren delenit qui volutpat tempor ea facer laoreet. Sea erat delenit ut ipsum dolor cum dolores dolore aliquyam. Nostrud et elitr. Possim eirmod sadipscing lorem laoreet vero. Tempor nonumy adipiscing laoreet ullamcorper nobis elitr magna zzril commodo erat. Ipsum eirmod eu tincidunt eros iusto ut sed amet veniam ipsum at voluptua duis eirmod et consequat. Eum dolores at. Eirmod elitr facilisis et odio nonumy ad magna est eos et dolor at amet. Molestie duo minim vulputate magna aliquyam ullamcorper tempor kasd clita nonumy iriure ut feugiat duo nonumy labore invidunt.\nSit tempor amet ut accusam at illum nisl ea congue diam accusam sit aliquyam ad amet lorem aliquyam. Kasd voluptua duo voluptua amet tempor est. Et rebum et wisi dolores et lorem. Placerat diam labore dolore. Takimata quis lorem. Illum et nonummy justo no sit dolore invidunt eirmod ipsum at consectetuer vel. Ut euismod consetetur consetetur et dolore dolores et elit clita vero nulla sea. Velit vero accusam adipiscing lorem duis dignissim at et et sanctus sadipscing est. Dolore sanctus sed ipsum est ipsum duis magna nobis aliquyam diam erat sed. Kasd assum dolor sit diam labore consetetur qui sed sadipscing eos rebum stet. Ipsum iusto dolor magna laoreet dolor at ut. Possim amet eos sed sadipscing sit voluptua dolore feugait vero stet vel. Dolore hendrerit duo tempor dolor eos sed. Lorem stet sit.\nTakimata diam diam sed kasd est dolor accusam dolor vel dolores exerci voluptua nulla. Elitr ut et est duo eros sed invidunt. Accusam voluptua lorem ullamcorper. Diam facilisi facilisis clita sit et sadipscing sed. Ipsum dolor tation at diam et ipsum imperdiet vero amet wisi quis sadipscing. Ut diam ut vel. Feugait dolor in et ipsum volutpat lorem tempor lobortis sadipscing molestie tempor accumsan et. Duis dolor sed duo. Enim magna ex nulla amet. Takimata labore eos possim labore vel sea at est dolor aliquyam veniam. Justo molestie takimata. Vero sit amet doming et possim velit sed duo. Aliquyam sanctus dolore dolore duo iriure erat sit at justo sit et ad et vero eos feugait. Clita augue ut aliquyam dolor vero vero adipiscing invidunt nisl at. Vero eos et clita volutpat diam sadipscing ipsum erat dolore quis lorem. Voluptua eos esse lobortis sea dolores autem tincidunt invidunt gubergren sed eirmod no labore.\n","publishDate":"2021-05-23T01:23:46.0371308+00:00"},{"id":13,"title":"Book 13","description":"Ipsum ipsum tempor eu sanctus et esse commodo feugiat elitr dolore dolore dolor lorem ipsum quis sit dolor id. Eirmod ipsum duo vero nonumy eirmod clita ea et ullamcorper. Kasd diam voluptua consetetur dolores justo lorem consetetur diam stet rebum wisi justo sanctus dolor dolor. Facilisis aliquyam dolor eirmod diam erat stet ipsum est. Lorem sed iriure ut sadipscing ipsum justo dolor sed et dolor. Eirmod aliquip labore eum hendrerit imperdiet.\n","pageCount":1300,"excerpt":"Imperdiet lorem delenit amet amet zzril illum consetetur gubergren tempor tempor vero dolores dolor et diam dolore dolore duo. Diam facer sanctus hendrerit aliquyam invidunt et gubergren clita rebum dolor. Sit elitr sanctus dolores vero magna nulla dolor sed eros et. Dignissim quis ut et lorem nostrud clita ipsum ea duis lorem. Mazim at in tempor sanctus erat in erat erat duis duis ut. Dolores sit magna eos accusam et duis ipsum justo ea volutpat dolor dolor. Illum magna sed. Et amet hendrerit ex dignissim no ut ipsum eos sed sit iriure illum sed elitr nonumy est nobis.\nNonummy sadipscing dolor vero sea vero illum sed quis consequat eos eirmod diam vero sed accusam volutpat labore. Nulla aliquyam ea amet erat. Hendrerit nonumy eirmod accusam stet nostrud kasd rebum sanctus dolore lorem voluptua eirmod velit sanctus dolor illum. Magna eirmod congue vero et et zzril. Commodo nonumy stet at.\nSit vel voluptua invidunt esse nonumy clita feugait lorem et iusto ipsum in magna. Ut ullamcorper nonumy labore ipsum facilisi consequat doming esse. Eum dolores in sed rebum magna at takimata eros esse kasd lorem et eirmod amet erat veniam kasd sit. Erat at consectetuer sea et et tempor nostrud labore molestie diam te magna takimata diam sed kasd soluta at. Invidunt nonumy est lorem volutpat autem eros magna sea at facilisis dolor duo dolore. Consetetur elitr eu est vero et at no diam sea suscipit dolor consetetur facilisis dolor dolor lorem amet takimata. Enim ut duis sadipscing vel in no commodo imperdiet tempor et aliquyam aliquyam stet sed dolore ipsum assum elitr. Elitr dolor euismod et sea dolore magna clita. Amet sit ad diam at stet tincidunt amet et sit. Diam enim dolor sit sed invidunt suscipit ipsum et ipsum ut aliquyam magna dolor ipsum. Vero dolore invidunt erat facer. Eirmod kasd dolore et vel dolor nulla et sit ut et stet sit takimata. Doming vel clita tempor dolor eirmod et dolore sit. Duo sadipscing erat et sanctus duo diam minim rebum ipsum diam assum at magna erat adipiscing et amet. Duis ipsum et elitr consetetur labore ut et dolore aliquip sea delenit sed sit praesent amet duo. Consetetur eu luptatum consequat justo dolores et lobortis enim ipsum eirmod duis.\nNulla dolore velit magna eos erat dolor duis. Dolor in sea. Quis invidunt voluptua ea magna lobortis. Erat nisl magna dolor diam lorem. Elitr enim vel vero tempor. Magna autem ipsum et ea et nostrud nonumy. Sea aliquyam vero eros accusam et molestie diam et sanctus erat dolor ut sadipscing elit eos esse. Et et takimata sed zzril feugiat. Lobortis diam lorem dolor accusam vel dolore voluptua sanctus et. Magna eos rebum autem sed duis est dolor dolor amet ut duis sit. Nonummy aliquyam dolor eirmod sit ut et dolore ea. Ea lorem stet sea consequat invidunt sadipscing clita labore. Sit eum nisl dolor dolore at erat diam stet in no luptatum nostrud consetetur. Sit diam est nonumy quod magna no diam nonumy luptatum dolor volutpat dolore laoreet feugiat odio. Labore sit stet iusto at dolor takimata. Iriure consetetur sit commodo dolor eos elitr dolores consequat amet dolor sadipscing dolores kasd at lorem dolor accusam sanctus. Nostrud lorem at diam invidunt ut erat ad.\nDolor lorem erat lorem lorem feugiat exerci molestie autem dolores voluptua iriure consetetur lorem commodo lorem. Et ad rebum in accusam sadipscing commodo mazim. Stet dolores erat takimata erat sadipscing amet dolore eos volutpat amet ipsum ipsum est. Sed erat vel amet sadipscing at duo kasd consetetur sadipscing ipsum duo diam eos. Dolor vero sadipscing autem. Rebum diam ullamcorper eos sea et amet sanctus lobortis tempor. Et dolore sit wisi sed stet lorem diam sanctus takimata sadipscing sed eos sed. Aliquyam sit takimata erat duis ea ut diam ipsum et et eirmod diam. Lorem amet blandit in rebum ut clita clita et kasd dolor ipsum amet sea erat in. Vero accumsan stet labore. Hendrerit qui sadipscing no sit velit takimata invidunt illum est odio labore et wisi diam ea et. Dolor feugiat et vero et diam iriure ad diam sadipscing tempor esse ut ex amet labore eos option dolore. Ea vel vel et aliquip clita in dolores ipsum. No sit clita ipsum sed ut sed. Qui eros commodo diam magna consetetur rebum dolores dolore sadipscing eum ipsum at eu vero invidunt sed dolore. Clita gubergren nam nonumy luptatum dolore no. Te sed magna dolor eos gubergren invidunt facilisi facilisis amet et. Elitr vero lorem gubergren elit no sed vel consetetur ipsum aliquyam.\n","publishDate":"2021-05-22T01:23:46.0372341+00:00"},{"id":14,"title":"Book 14","description":"Dolor dolores sed magna dolor. Dolor diam ut et suscipit at elitr lorem lorem sea. Justo accumsan quod consetetur nulla gubergren. Ex dolor zzril nisl clita dolor dolor exerci kasd tempor sed. Amet ea ea velit clita takimata sanctus dolor.\n","pageCount":1400,"excerpt":"Amet voluptua no no clita dolores erat lorem diam dolore ipsum eros et amet. Eu possim sadipscing facilisi kasd amet amet vulputate dolore hendrerit dolore ullamcorper veniam amet blandit ut magna. Vero clita molestie amet lorem dolor justo vero amet sed sit dolores labore. Consectetuer sed aliquyam ullamcorper dolore at qui aliquyam sed. Dolore ut duis facilisi iusto tempor feugait at illum consectetuer eos lorem est sit justo vel. Sadipscing feugait lorem vulputate mazim lorem duis ea et rebum invidunt ut kasd gubergren. Sadipscing invidunt delenit kasd dolore lorem dolores eros diam duo sit sit magna duis. Justo et at consectetuer et et et vel vel velit accusam duo lorem tempor. Lorem magna diam lorem accusam aliquyam. Lobortis ad accusam rebum nonumy clita aliquip at sit gubergren sea sed labore aliquyam ex dolore aliquyam. Lorem in id ut molestie sadipscing stet aliquip diam no sadipscing et facer ut voluptua rebum. Sit ea magna diam stet. Vero magna molestie sed. Sadipscing ut dolore amet stet sed dolor kasd qui labore gubergren sed assum aliquyam vero dolores magna.\nSanctus zzril nonumy ut no takimata justo vulputate ea magna diam diam nibh et eum. Ea et liber voluptua dolor justo esse est. Labore sit iriure ipsum invidunt duo. Sadipscing dolores no lorem liber feugiat erat doming diam ut. Sed facilisi veniam tation est accusam nisl magna lorem et justo.\nVel dolore takimata sed. Diam aliquyam sea nulla dolore. Justo nonumy diam stet amet rebum. Vulputate diam clita amet et consetetur ipsum et. Et aliquyam commodo vel aliquyam est. Sed diam dolor diam amet commodo justo et sea ut at velit at facilisi invidunt labore consetetur. Erat labore vero duis erat sanctus et ut dolore.\nSed euismod amet et lorem sit et et aliquyam lobortis rebum clita nonumy justo rebum clita suscipit elitr nibh. Erat enim magna nibh sanctus justo sed elitr no kasd sed. Eirmod voluptua ut diam invidunt accusam amet diam sanctus nulla eirmod no sit kasd. Ut illum clita duo sea dolor. Consetetur ea aliquyam et sed sit. Duo accusam dolor odio consetetur sed voluptua suscipit at rebum. Commodo sed labore sea ipsum. Voluptua tempor ipsum no volutpat kasd duo aliquip sanctus stet stet.\nSed liber diam ullamcorper aliquam ex labore ea gubergren vulputate aliquip ut sit. Est sit qui nonumy et delenit voluptua dolore nulla amet. Ipsum sed stet nonumy sadipscing kasd nonumy aliquip erat sit esse feugiat nonummy nulla. No nulla iriure labore duo. Et et laoreet sit vero vel et diam et justo dolor feugiat eleifend. Est amet dolor ea. Diam erat est dolore ipsum dolore elitr et ea praesent et minim ut sed. Sanctus wisi dolor te. Sanctus vero dolore praesent lorem clita et voluptua sadipscing erat te erat dolore at et nulla odio gubergren eu. Elitr ipsum stet rebum illum hendrerit lorem amet nonumy kasd consetetur erat in accusam odio praesent. Et diam dolores ad diam eirmod eos clita et laoreet. Dolor dolor illum at dolores diam illum nonumy et magna amet voluptua eos diam rebum sed dolore suscipit. Vel kasd stet et facilisis commodo hendrerit nonumy clita. Odio sed sed dolor exerci facilisis nisl diam nibh nonumy illum delenit sed et et doming. Ea sit invidunt eu erat clita et eos lorem invidunt sea lorem autem at takimata ullamcorper clita est amet.\n","publishDate":"2021-05-21T01:23:46.0373311+00:00"},{"id":15,"title":"Book 15","description":"Elitr lorem augue in ipsum sed justo accumsan gubergren amet ex iusto eirmod ipsum eirmod. Magna eos ipsum elitr et invidunt lorem. Hendrerit est eos iriure dolore eirmod magna iriure sit gubergren ut vel eirmod diam stet. Accusam kasd no dolor consequat nonumy dolor odio et dolores dolores lobortis vel. Dolores dolore esse aliquyam justo tempor vel eirmod lorem erat eos iriure clita nisl ipsum tation ipsum invidunt.\n","pageCount":1500,"excerpt":"At ut dolores stet rebum dolor ut consetetur accusam. Nibh in amet dignissim et erat sit at et diam gubergren no. Nibh sit ut ipsum no aliquyam et sanctus delenit eos soluta at gubergren ipsum facilisi dolor gubergren.\nEt stet aliquyam quis. Eum ea soluta stet rebum et tempor euismod dolores nonumy. Sanctus sea at nonumy rebum tation tempor iriure consetetur hendrerit eirmod lorem aliquyam delenit diam. Nonumy diam ipsum invidunt eleifend sea at voluptua et duo voluptua. Magna aliquam takimata eros dolor sanctus illum et nulla et vero duo justo sea takimata magna nostrud consectetuer. Sit sea at eos vero et justo consectetuer diam ut euismod esse takimata justo sanctus. Consetetur in consectetuer eum lorem sed no et aliquip ad sit accusam voluptua eirmod ut. Et rebum erat hendrerit dolore velit ut consectetuer eirmod eos ea at aliquyam. Ipsum aliquyam stet in laoreet dolores aliquyam sadipscing assum stet et dolore ut labore justo sed dolor. Lorem sit sed vel sed nonumy vero sit. Aliquam takimata rebum sanctus. Rebum elitr clita commodo commodo delenit dolor accusam at sea invidunt erat facilisi et luptatum diam. Vel ut voluptua stet facilisis ad illum. Hendrerit magna lorem nostrud dolor et. Ea ea sit sanctus placerat eum ea takimata dolores assum sed lorem lorem stet.\nDelenit nulla lorem accusam dolor qui ea blandit diam est. Rebum justo lorem consectetuer amet et dolore ipsum kasd amet te tempor. Amet no aliquyam sea sanctus amet ea velit sed et duo consetetur est takimata kasd odio et. Gubergren consequat dolor nulla amet amet eos. Sea molestie commodo sit ipsum eos et et lobortis ut sadipscing et et dolor kasd adipiscing diam diam. Invidunt dolor ipsum magna vero ullamcorper stet tempor assum sit voluptua voluptua diam et. No aliquyam sit nonumy et esse delenit magna illum dolore. Nibh labore amet takimata suscipit dolor eleifend gubergren. Sit justo veniam rebum lorem sanctus. Nonumy sed sed diam feugait. Sadipscing est aliquyam sea vero aliquyam nonumy. Labore et no invidunt odio ea no. Elitr magna consequat accusam sit. Invidunt at sea ea nonumy est lorem amet rebum gubergren feugait eirmod vero nisl sanctus. Sit sit at tincidunt nonumy est et sea. Kasd at est eos diam est sed nonumy facilisi. Et labore enim et labore stet voluptua sed dolores.\nElitr justo dolor dolor sed no. Dolores sanctus odio labore eos diam rebum dolor ullamcorper ut et et vulputate invidunt. Stet dolor no amet at tempor no et sea. Invidunt diam euismod vero ea aliquip est duis kasd sadipscing et consequat. Sit ut no sanctus clita lobortis liber sed consequat amet. Rebum et diam dolor dolore diam accumsan no sit eum dolores. Vero ut delenit. Et rebum in iriure invidunt wisi lorem illum assum ipsum diam labore duis sit invidunt ex. Takimata eros consectetuer et consetetur gubergren no et labore amet. Nonummy est feugait eu voluptua sea at cum diam duis amet possim. No at ut dolore kasd consequat aliquyam et iusto nonumy dolore kasd clita rebum invidunt rebum. Congue nulla dolor dolore commodo sed ut ullamcorper ex diam vero ipsum velit magna consetetur exerci. Laoreet iriure commodo eos et est dolor dolor. Lorem amet voluptua eos ipsum ut nostrud amet diam dolor no nihil tempor facilisis voluptua et dolor facilisis diam. Esse et veniam takimata magna clita ut sit kasd dolor at vero aliquyam.\nInvidunt dolore dolore te sea vero gubergren lorem dolore labore ut clita dolor amet sit diam et. Kasd feugait lobortis et ipsum duis lorem ut sed et sadipscing sit
[...]
 </msg>
<msg timestamp="20210603 22:23:50.584" level="INFO">/usr/lib/python3/dist-packages/urllib3/connectionpool.py:999: InsecureRequestWarning: Unverified HTTPS request is being made to host 'fakerestapi.azurewebsites.net'. Adding certificate verification is strongly advised. See: https://urllib3.readthedocs.io/en/latest/advanced-usage.html#ssl-warnings
  warnings.warn(</msg>
<msg timestamp="20210603 22:23:50.585" level="INFO">${RESPOSTA} = &lt;Response [200]&gt;</msg>
<status status="PASS" starttime="20210603 22:23:50.248" endtime="20210603 22:23:50.585"/>
</kw>
<kw name="Log" library="BuiltIn">
<arg>${RESPOSTA.text}</arg>
<doc>Logs the given message with the given level.</doc>
<msg timestamp="20210603 22:23:50.590" level="INFO">{"id":15,"title":"Book 15","description":"Lorem volutpat velit exerci ea autem elitr te amet esse duo rebum dolor diam sea. Dolor ipsum aliquip euismod at ipsum ut invidunt nisl. Stet eos diam dolore dolor enim feugait lorem iriure et consequat aliquam qui nonumy ut clita. Consetetur nisl ut ea eos. At sadipscing dolore amet justo. Amet dolores sit sea lorem. Ipsum lorem et accusam ad dolor et dolor illum. Dolores te eirmod eros eum accusam clita. Lobortis dolor dolor dolor te duo et lorem at ea sanctus nisl amet clita amet dolor. Kasd justo elitr. Nobis takimata lobortis possim dolor dolores nostrud nam. Hendrerit diam facilisi lorem diam sadipscing esse sanctus no vel. No nulla sit ut sadipscing duo invidunt labore amet et consetetur soluta erat luptatum luptatum eirmod amet.\n","pageCount":1500,"excerpt":"Amet labore no praesent dolor facilisis tempor consetetur. Amet amet eos feugiat. Lorem voluptua dolor diam consetetur aliquip rebum luptatum minim magna nulla vel. Sanctus eirmod rebum molestie ipsum ipsum lorem invidunt sea duis eirmod dolore ipsum. Tempor sed tempor magna stet clita sit. Blandit clita labore commodo aliquyam dolor eos ipsum clita invidunt gubergren ipsum sit accusam feugiat velit dolor nonumy eros. Ipsum eum dolores diam eirmod dolores ipsum nulla soluta. Takimata facilisis veniam duo invidunt eum. Sadipscing qui nibh duo vulputate dolore est. Ut stet lorem et facilisis gubergren amet. Consetetur consetetur sadipscing sanctus tempor. Accumsan elitr sit sed ullamcorper eos dolore consetetur sanctus. Volutpat erat dolor amet sit sit voluptua dolores dolore clita tempor tation sit sanctus. Lobortis dolor amet consetetur. Et ipsum at ipsum in nostrud et sed feugait facilisis ea praesent clita nulla dolor molestie. Takimata autem aliquyam ipsum amet ex dolores diam sit consequat at takimata nonumy laoreet consetetur eros ipsum kasd sed. Eos sadipscing takimata tincidunt no delenit wisi eu erat ut takimata dolor.\nDolor stet et duo. Sanctus sit nonumy molestie kasd kasd amet iriure consetetur sea ea velit elit est. Lorem nonumy ut iriure dolor sanctus justo takimata nibh. Accusam stet sit. Tempor erat nonumy justo et vulputate ea. Diam dolores exerci ipsum et aliquam facilisi praesent ut dolore.\nNibh sed ea no erat kasd et amet aliquyam eos accumsan sed. Erat gubergren eros dolore stet sea diam sanctus no assum takimata. Dolor at et sit sit nisl sadipscing dolor accumsan elitr vero tempor stet stet. Tempor kasd nonumy nonumy no esse consequat lorem dolores nulla rebum eu invidunt sadipscing invidunt ad ea takimata nonumy. Nam sadipscing nostrud sea imperdiet ut sadipscing eum ipsum zzril. Exerci gubergren nostrud clita eu invidunt dolore amet et quis sed elitr. No iusto augue eirmod ipsum ipsum dolor. Wisi magna et eirmod clita takimata duis tation et est. Nonumy sit dolore et. Sit tincidunt amet labore vel. Amet ea dolore. Aliquyam mazim velit stet nulla. Takimata nobis clita duo et nonummy dolore invidunt.\nUt exerci blandit. Elitr amet voluptua elitr rebum dignissim. Sit et elitr. Liber ad diam placerat ut sea sed stet dolor justo elitr stet lorem erat amet dolores sit consequat. Dolore labore sadipscing dolor diam justo sed tempor iriure eos vero praesent erat veniam amet aliquyam takimata dolor lorem. Eros lorem molestie gubergren nonumy sanctus eirmod molestie justo dolor lorem consequat sit. Justo dolor ut nonumy molestie vulputate eos tation et. Lorem et nonumy luptatum. Amet lorem sanctus ipsum velit sadipscing. Illum sanctus ipsum lorem amet iusto duo ipsum amet sea gubergren est facilisi diam kasd duo ut elitr esse.\nUllamcorper eirmod commodo odio ut odio kasd invidunt quis diam justo labore sit aliquyam facilisis. Enim dolore voluptua laoreet lobortis invidunt nobis consetetur. Delenit sed quis vel dolore dolor duo veniam amet eirmod mazim eos vero suscipit.\n","publishDate":"2021-05-20T01:23:50.3990077+00:00"}</msg>
<status status="PASS" starttime="20210603 22:23:50.586" endtime="20210603 22:23:50.591"/>
</kw>
<kw name="Set Test Variable" library="BuiltIn">
<arg>${RESPOSTA}</arg>
<doc>Makes a variable available everywhere within the scope of the current test.</doc>
<msg timestamp="20210603 22:23:50.594" level="INFO">${RESPOSTA} = &lt;Response [200]&gt;</msg>
<status status="PASS" starttime="20210603 22:23:50.592" endtime="20210603 22:23:50.595"/>
</kw>
<status status="PASS" starttime="20210603 22:23:50.247" endtime="20210603 22:23:50.596"/>
</kw>
<kw name="Conferir o status code" library="ResourceAPI1">
<arg>200</arg>
<kw name="Should Be Equal As Strings" library="BuiltIn">
<arg>${RESPOSTA.status_code}</arg>
<arg>${STATUSCODE_DESEJADO}</arg>
<doc>Fails if objects are unequal after converting them to strings.</doc>
<msg timestamp="20210603 22:23:50.604" level="INFO">Argument types are:
&lt;class 'int'&gt;
&lt;type 'unicode'&gt;</msg>
<status status="PASS" starttime="20210603 22:23:50.600" endtime="20210603 22:23:50.605"/>
</kw>
<status status="PASS" starttime="20210603 22:23:50.598" endtime="20210603 22:23:50.606"/>
</kw>
<kw name="Conferir o reason" library="ResourceAPI1">
<arg>OK</arg>
<kw name="Should Be Equal As Strings" library="BuiltIn">
<arg>${RESPOSTA.reason}</arg>
<arg>${REASON_DESEJADO}</arg>
<doc>Fails if objects are unequal after converting them to strings.</doc>
<status status="PASS" starttime="20210603 22:23:50.610" endtime="20210603 22:23:50.615"/>
</kw>
<status status="PASS" starttime="20210603 22:23:50.607" endtime="20210603 22:23:50.616"/>
</kw>
<status status="PASS" starttime="20210603 22:23:50.246" endtime="20210603 22:23:50.618"/>
</test>
<test id="s1-t3" name="Cadastrar um novo livro (POST)">
<kw name="Cadastrar um novo livro" library="ResourceAPI1">
<kw name="Post On Session" library="RequestsLibrary">
<var>${RESPOSTA}</var>
<arg>fakeAPI</arg>
<arg>Books</arg>
<arg>data={"id": 0,"title": "string","description": "string","pageCount": 0,"excerpt": "string","publishDate":"2021-06-03T22:52:07.664Z"}</arg>
<arg>headers=${HEADERS}</arg>
<doc>Sends a POST request on a previously created HTTP Session.</doc>
<msg timestamp="20210603 22:23:50.888" level="INFO">POST Request : url=https://fakerestapi.azurewebsites.net/api/v1/Books 
 path_url=/api/v1/Books 
 headers={'User-Agent': 'python-requests/2.22.0', 'Accept-Encoding': 'gzip, deflate', 'Accept': '*/*', 'Connection': 'keep-alive', 'content-type': 'application/json', 'Content-Length': '127'} 
 body={"id": 0,"title": "string","description": "string","pageCount": 0,"excerpt": "string","publishDate":"2021-06-03T22:52:07.664Z"} 
 </msg>
<msg timestamp="20210603 22:23:50.888" level="INFO">POST Response : url=https://fakerestapi.azurewebsites.net/api/v1/Books 
 status=200, reason=OK 
 headers={'Transfer-Encoding': 'chunked', 'Content-Type': 'application/json; charset=utf-8; v=1.0', 'Server': 'Kestrel', 'api-supported-versions': '1.0', 'Date': 'Fri, 04 Jun 2021 01:23:49 GMT'} 
 body={"id":0,"title":"string","description":"string","pageCount":0,"excerpt":"string","publishDate":"2021-06-03T22:52:07.664Z"} 
 </msg>
<msg timestamp="20210603 22:23:50.888" level="INFO">/usr/lib/python3/dist-packages/urllib3/connectionpool.py:999: InsecureRequestWarning: Unverified HTTPS request is being made to host 'fakerestapi.azurewebsites.net'. Adding certificate verification is strongly advised. See: https://urllib3.readthedocs.io/en/latest/advanced-usage.html#ssl-warnings
  warnings.warn(</msg>
<msg timestamp="20210603 22:23:50.889" level="INFO">${RESPOSTA} = &lt;Response [200]&gt;</msg>
<status status="PASS" starttime="20210603 22:23:50.633" endtime="20210603 22:23:50.889"/>
</kw>
<kw name="Log" library="BuiltIn">
<arg>${RESPOSTA.text}</arg>
<doc>Logs the given message with the given level.</doc>
<msg timestamp="20210603 22:23:50.891" level="INFO">{"id":0,"title":"string","description":"string","pageCount":0,"excerpt":"string","publishDate":"2021-06-03T22:52:07.664Z"}</msg>
<status status="PASS" starttime="20210603 22:23:50.889" endtime="20210603 22:23:50.891"/>
</kw>
<kw name="Set Test Variable" library="BuiltIn">
<arg>${RESPOSTA}</arg>
<doc>Makes a variable available everywhere within the scope of the current test.</doc>
<msg timestamp="20210603 22:23:50.892" level="INFO">${RESPOSTA} = &lt;Response [200]&gt;</msg>
<status status="PASS" starttime="20210603 22:23:50.891" endtime="20210603 22:23:50.893"/>
</kw>
<status status="PASS" starttime="20210603 22:23:50.631" endtime="20210603 22:23:50.893"/>
</kw>
<kw name="Conferir o status code" library="ResourceAPI1">
<arg>200</arg>
<kw name="Should Be Equal As Strings" library="BuiltIn">
<arg>${RESPOSTA.status_code}</arg>
<arg>${STATUSCODE_DESEJADO}</arg>
<doc>Fails if objects are unequal after converting them to strings.</doc>
<msg timestamp="20210603 22:23:50.897" level="INFO">Argument types are:
&lt;class 'int'&gt;
&lt;type 'unicode'&gt;</msg>
<status status="PASS" starttime="20210603 22:23:50.895" endtime="20210603 22:23:50.897"/>
</kw>
<status status="PASS" starttime="20210603 22:23:50.894" endtime="20210603 22:23:50.897"/>
</kw>
<kw name="Conferir o reason" library="ResourceAPI1">
<arg>OK</arg>
<kw name="Should Be Equal As Strings" library="BuiltIn">
<arg>${RESPOSTA.reason}</arg>
<arg>${REASON_DESEJADO}</arg>
<doc>Fails if objects are unequal after converting them to strings.</doc>
<status status="PASS" starttime="20210603 22:23:50.899" endtime="20210603 22:23:50.901"/>
</kw>
<status status="PASS" starttime="20210603 22:23:50.898" endtime="20210603 22:23:50.902"/>
</kw>
<status status="PASS" starttime="20210603 22:23:50.620" endtime="20210603 22:23:50.902"/>
</test>
<test id="s1-t4" name="Alterar um livro (PUT)">
<kw name="Alterar o livro &quot;150&quot;" library="ResourceAPI1" sourcename="Alterar o livro &quot;${ID_LIVRO}&quot;">
<kw name="Put On Session" library="RequestsLibrary">
<var>${RESPOSTA}</var>
<arg>fakeAPI</arg>
<arg>Books/${ID_LIVRO}</arg>
<arg>data={"id": 150,"title": "string","description": "string","pageCount": 0,"excerpt": "string","publishDate": "2021-06-04T00:15:14.846Z"}</arg>
<arg>headers=${HEADERS}</arg>
<doc>Sends a PUT request on a previously created HTTP Session.</doc>
<msg timestamp="20210603 22:23:51.195" level="INFO">PUT Request : url=https://fakerestapi.azurewebsites.net/api/v1/Books/150 
 path_url=/api/v1/Books/150 
 headers={'User-Agent': 'python-requests/2.22.0', 'Accept-Encoding': 'gzip, deflate', 'Accept': '*/*', 'Connection': 'keep-alive', 'content-type': 'application/json', 'Content-Length': '130'} 
 body={"id": 150,"title": "string","description": "string","pageCount": 0,"excerpt": "string","publishDate": "2021-06-04T00:15:14.846Z"} 
 </msg>
<msg timestamp="20210603 22:23:51.195" level="INFO">PUT Response : url=https://fakerestapi.azurewebsites.net/api/v1/Books/150 
 status=200, reason=OK 
 headers={'Transfer-Encoding': 'chunked', 'Content-Type': 'application/json; charset=utf-8; v=1.0', 'Server': 'Kestrel', 'api-supported-versions': '1.0', 'Date': 'Fri, 04 Jun 2021 01:23:50 GMT'} 
 body={"id":150,"title":"string","description":"string","pageCount":0,"excerpt":"string","publishDate":"2021-06-04T00:15:14.846Z"} 
 </msg>
<msg timestamp="20210603 22:23:51.196" level="INFO">/usr/lib/python3/dist-packages/urllib3/connectionpool.py:999: InsecureRequestWarning: Unverified HTTPS request is being made to host 'fakerestapi.azurewebsites.net'. Adding certificate verification is strongly advised. See: https://urllib3.readthedocs.io/en/latest/advanced-usage.html#ssl-warnings
  warnings.warn(</msg>
<msg timestamp="20210603 22:23:51.196" level="INFO">${RESPOSTA} = &lt;Response [200]&gt;</msg>
<status status="PASS" starttime="20210603 22:23:50.908" endtime="20210603 22:23:51.196"/>
</kw>
<kw name="Log" library="BuiltIn">
<arg>${RESPOSTA.text}</arg>
<doc>Logs the given message with the given level.</doc>
<msg timestamp="20210603 22:23:51.198" level="INFO">{"id":150,"title":"string","description":"string","pageCount":0,"excerpt":"string","publishDate":"2021-06-04T00:15:14.846Z"}</msg>
<status status="PASS" starttime="20210603 22:23:51.196" endtime="20210603 22:23:51.198"/>
</kw>
<kw name="Set Test Variable" library="BuiltIn">
<arg>${RESPOSTA}</arg>
<doc>Makes a variable available everywhere within the scope of the current test.</doc>
<msg timestamp="20210603 22:23:51.200" level="INFO">${RESPOSTA} = &lt;Response [200]&gt;</msg>
<status status="PASS" starttime="20210603 22:23:51.199" endtime="20210603 22:23:51.201"/>
</kw>
<status status="PASS" starttime="20210603 22:23:50.905" endtime="20210603 22:23:51.201"/>
</kw>
<kw name="Conferir o status code" library="ResourceAPI1">
<arg>200</arg>
<kw name="Should Be Equal As Strings" library="BuiltIn">
<arg>${RESPOSTA.status_code}</arg>
<arg>${STATUSCODE_DESEJADO}</arg>
<doc>Fails if objects are unequal after converting them to strings.</doc>
<msg timestamp="20210603 22:23:51.205" level="INFO">Argument types are:
&lt;class 'int'&gt;
&lt;type 'unicode'&gt;</msg>
<status status="PASS" starttime="20210603 22:23:51.203" endtime="20210603 22:23:51.205"/>
</kw>
<status status="PASS" starttime="20210603 22:23:51.202" endtime="20210603 22:23:51.206"/>
</kw>
<kw name="Conferir o reason" library="ResourceAPI1">
<arg>OK</arg>
<kw name="Should Be Equal As Strings" library="BuiltIn">
<arg>${RESPOSTA.reason}</arg>
<arg>${REASON_DESEJADO}</arg>
<doc>Fails if objects are unequal after converting them to strings.</doc>
<status status="PASS" starttime="20210603 22:23:51.207" endtime="20210603 22:23:51.209"/>
</kw>
<status status="PASS" starttime="20210603 22:23:51.206" endtime="20210603 22:23:51.210"/>
</kw>
<status status="PASS" starttime="20210603 22:23:50.903" endtime="20210603 22:23:51.210"/>
</test>
<test id="s1-t5" name="Deletar um livro (DELETE)">
<kw name="Deletar o livro &quot;200&quot;" library="ResourceAPI1" sourcename="Deletar o livro &quot;${ID_LIVRO}&quot;">
<kw name="Delete On Session" library="RequestsLibrary">
<var>${RESPOSTA}</var>
<arg>fakeAPI</arg>
<arg>Books/${ID_LIVRO}</arg>
<arg>headers=${HEADERS}</arg>
<doc>Sends a DELETE request on a previously created HTTP Session.</doc>
<msg timestamp="20210603 22:23:51.424" level="INFO">DELETE Request : url=https://fakerestapi.azurewebsites.net/api/v1/Books/200 
 path_url=/api/v1/Books/200 
 headers={'User-Agent': 'python-requests/2.22.0', 'Accept-Encoding': 'gzip, deflate', 'Accept': '*/*', 'Connection': 'keep-alive', 'content-type': 'application/json', 'Content-Length': '0'} 
 body=None 
 </msg>
<msg timestamp="20210603 22:23:51.425" level="INFO">DELETE Response : url=https://fakerestapi.azurewebsites.net/api/v1/Books/200 
 status=200, reason=OK 
 headers={'Server': 'Kestrel', 'api-supported-versions': '1.0', 'Date': 'Fri, 04 Jun 2021 01:23:50 GMT', 'Content-Length': '0'} 
 body=None 
 </msg>
<msg timestamp="20210603 22:23:51.425" level="INFO">/usr/lib/python3/dist-packages/urllib3/connectionpool.py:999: InsecureRequestWarning: Unverified HTTPS request is being made to host 'fakerestapi.azurewebsites.net'. Adding certificate verification is strongly advised. See: https://urllib3.readthedocs.io/en/latest/advanced-usage.html#ssl-warnings
  warnings.warn(</msg>
<msg timestamp="20210603 22:23:51.425" level="INFO">${RESPOSTA} = &lt;Response [200]&gt;</msg>
<status status="PASS" starttime="20210603 22:23:51.215" endtime="20210603 22:23:51.425"/>
</kw>
<kw name="Log" library="BuiltIn">
<arg>${RESPOSTA.text}</arg>
<doc>Logs the given message with the given level.</doc>
<msg timestamp="20210603 22:23:51.428" level="INFO"/>
<status status="PASS" starttime="20210603 22:23:51.426" endtime="20210603 22:23:51.428"/>
</kw>
<kw name="Set Test Variable" library="BuiltIn">
<arg>${RESPOSTA}</arg>
<doc>Makes a variable available everywhere within the scope of the current test.</doc>
<msg timestamp="20210603 22:23:51.429" level="INFO">${RESPOSTA} = &lt;Response [200]&gt;</msg>
<status status="PASS" starttime="20210603 22:23:51.428" endtime="20210603 22:23:51.429"/>
</kw>
<status status="PASS" starttime="20210603 22:23:51.214" endtime="20210603 22:23:51.429"/>
</kw>
<kw name="Conferir o status code" library="ResourceAPI1">
<arg>200</arg>
<kw name="Should Be Equal As Strings" library="BuiltIn">
<arg>${RESPOSTA.status_code}</arg>
<arg>${STATUSCODE_DESEJADO}</arg>
<doc>Fails if objects are unequal after converting them to strings.</doc>
<msg timestamp="20210603 22:23:51.432" level="INFO">Argument types are:
&lt;class 'int'&gt;
&lt;type 'unicode'&gt;</msg>
<status status="PASS" starttime="20210603 22:23:51.430" endtime="20210603 22:23:51.432"/>
</kw>
<status status="PASS" starttime="20210603 22:23:51.429" endtime="20210603 22:23:51.432"/>
</kw>
<kw name="Conferir o reason" library="ResourceAPI1">
<arg>OK</arg>
<kw name="Should Be Equal As Strings" library="BuiltIn">
<arg>${RESPOSTA.reason}</arg>
<arg>${REASON_DESEJADO}</arg>
<doc>Fails if objects are unequal after converting them to strings.</doc>
<status status="PASS" starttime="20210603 22:23:51.433" endtime="20210603 22:23:51.434"/>
</kw>
<status status="PASS" starttime="20210603 22:23:51.432" endtime="20210603 22:23:51.435"/>
</kw>
<status status="PASS" starttime="20210603 22:23:51.212" endtime="20210603 22:23:51.435"/>
</test>
<doc>Documentação da API: https://fakerestapi.azurewebsites.net/swagger/ui/index#!/Books</doc>
<status status="PASS" starttime="20210603 22:23:44.516" endtime="20210603 22:23:51.437"/>
</suite>
<statistics>
<total>
<stat pass="5" fail="0" skip="0">All Tests</stat>
</total>
<tag>
</tag>
<suite>
<stat pass="5" fail="0" skip="0" id="s1" name="TestCasesBooksAPI1">TestCasesBooksAPI1</stat>
</suite>
</statistics>
<errors>
</errors>
</robot>
