<?xml version="1.0" encoding="UTF-8"?>
<robot generator="Robot 4.0.3 (Python 3.8.5 on linux)" generated="20210615 00:15:39.151" rpa="false" schemaversion="2">
<suite id="s1" name="TestSitePracticeBDD1" source="/home/kira/Documentos/robot_basico/tests/TestSitePracticeBDD1.robot">
<test id="s1-t1" name="Cenário 01: Pesquisar Produto Existente">
<kw name="Abrir navegador" library="ResourceBDD" type="SETUP">
<kw name="Open Browser" library="SeleniumLibrary">
<arg>about:blank</arg>
<arg>${BROWSER}</arg>
<doc>Opens a new browser instance to the optional ``url``.</doc>
<msg timestamp="20210615 00:15:39.411" level="INFO">Opening browser 'chrome' to base url 'about:blank'.</msg>
<status status="PASS" starttime="20210615 00:15:39.410" endtime="20210615 00:15:41.085"/>
</kw>
<status status="PASS" starttime="20210615 00:15:39.409" endtime="20210615 00:15:41.085"/>
</kw>
<kw name="Dado que estou na página home do site" library="ResourceBDD">
<kw name="Go To" library="SeleniumLibrary">
<arg>http://automationpractice.com</arg>
<doc>Navigates the current browser window to the provided ``url``.</doc>
<msg timestamp="20210615 00:15:41.098" level="INFO">Opening url 'http://automationpractice.com'</msg>
<status status="PASS" starttime="20210615 00:15:41.098" endtime="20210615 00:15:46.807"/>
</kw>
<kw name="Title Should Be" library="SeleniumLibrary">
<arg>My Store</arg>
<doc>Verifies that the current page title equals ``title``.</doc>
<msg timestamp="20210615 00:15:46.814" level="INFO">Page title is 'My Store'.</msg>
<status status="PASS" starttime="20210615 00:15:46.807" endtime="20210615 00:15:46.815"/>
</kw>
<status status="PASS" starttime="20210615 00:15:41.097" endtime="20210615 00:15:46.815"/>
</kw>
<kw name="Quando eu pesquisar pelo produto &quot;Blouse&quot;" library="ResourceBDD" sourcename="Quando eu pesquisar pelo produto &quot;${PRODUTO}&quot;">
<kw name="Input Text" library="SeleniumLibrary">
<arg>name=search_query</arg>
<arg>${PRODUTO}</arg>
<doc>Types the given ``text`` into the text field identified by ``locator``.</doc>
<msg timestamp="20210615 00:15:46.819" level="INFO">Typing text 'Blouse' into text field 'name=search_query'.</msg>
<status status="PASS" starttime="20210615 00:15:46.817" endtime="20210615 00:15:47.238"/>
</kw>
<kw name="Click Element" library="SeleniumLibrary">
<arg>name=submit_search</arg>
<doc>Click the element identified by ``locator``.</doc>
<msg timestamp="20210615 00:15:47.239" level="INFO">Clicking element 'name=submit_search'.</msg>
<status status="PASS" starttime="20210615 00:15:47.239" endtime="20210615 00:15:48.939"/>
</kw>
<status status="PASS" starttime="20210615 00:15:46.816" endtime="20210615 00:15:48.939"/>
</kw>
<kw name="Então o produto &quot;Blouse&quot; deve ser listado na página de resultado de busca" library="ResourceBDD" sourcename="Então o produto &quot;${PRODUTO}&quot; deve ser listado na página de resultado de busca">
<kw name="Wait Until Element Is Visible" library="SeleniumLibrary">
<arg>css=#center_column &gt; h1</arg>
<doc>Waits until the element ``locator`` is visible.</doc>
<status status="PASS" starttime="20210615 00:15:48.942" endtime="20210615 00:15:49.005"/>
</kw>
<kw name="Title Should Be" library="SeleniumLibrary">
<arg>Search - My Store</arg>
<doc>Verifies that the current page title equals ``title``.</doc>
<msg timestamp="20210615 00:15:49.011" level="INFO">Page title is 'Search - My Store'.</msg>
<status status="PASS" starttime="20210615 00:15:49.005" endtime="20210615 00:15:49.011"/>
</kw>
<kw name="Element Should Be Visible" library="SeleniumLibrary">
<arg>css=#center_column &gt; h1 &gt; span.heading-counter</arg>
<doc>Verifies that the element identified by ``locator`` is visible.</doc>
<msg timestamp="20210615 00:15:49.071" level="INFO">Element 'css=#center_column &gt; h1 &gt; span.heading-counter' is displayed.</msg>
<status status="PASS" starttime="20210615 00:15:49.011" endtime="20210615 00:15:49.071"/>
</kw>
<kw name="Page Should Contain Image" library="SeleniumLibrary">
<arg>xpath=//*[@id="center_column"]//*[@src='http://automationpractice.com/img/p/7/7-home_default.jpg']</arg>
<doc>Verifies image identified by ``locator`` is found from current page.</doc>
<msg timestamp="20210615 00:15:49.105" level="INFO">Current page contains image 'xpath=//*[@id="center_column"]//*[@src='http://automationpractice.com/img/p/7/7-home_default.jpg']'.</msg>
<status status="PASS" starttime="20210615 00:15:49.071" endtime="20210615 00:15:49.106"/>
</kw>
<kw name="Page Should Contain Link" library="SeleniumLibrary">
<arg>xpath=//*[@id="center_column"]//a[@class="product-name"][contains(text(), "${PRODUTO}")]</arg>
<doc>Verifies link identified by ``locator`` is found from current page.</doc>
<msg timestamp="20210615 00:15:49.160" level="INFO">Current page contains link 'xpath=//*[@id="center_column"]//a[@class="product-name"][contains(text(), "Blouse")]'.</msg>
<status status="PASS" starttime="20210615 00:15:49.106" endtime="20210615 00:15:49.160"/>
</kw>
<status status="PASS" starttime="20210615 00:15:48.941" endtime="20210615 00:15:49.161"/>
</kw>
<kw name="Fechar navegador" library="ResourceBDD" type="TEARDOWN">
<kw name="Close Browser" library="SeleniumLibrary">
<doc>Closes the current browser.</doc>
<status status="PASS" starttime="20210615 00:15:49.162" endtime="20210615 00:15:49.233"/>
</kw>
<status status="PASS" starttime="20210615 00:15:49.161" endtime="20210615 00:15:49.233"/>
</kw>
<status status="PASS" starttime="20210615 00:15:39.408" endtime="20210615 00:15:49.234"/>
</test>
<test id="s1-t2" name="Cenário 02: Pesquisar Produto não Existente">
<kw name="Abrir navegador" library="ResourceBDD" type="SETUP">
<kw name="Open Browser" library="SeleniumLibrary">
<arg>about:blank</arg>
<arg>${BROWSER}</arg>
<doc>Opens a new browser instance to the optional ``url``.</doc>
<msg timestamp="20210615 00:15:49.247" level="INFO">Opening browser 'chrome' to base url 'about:blank'.</msg>
<status status="PASS" starttime="20210615 00:15:49.246" endtime="20210615 00:15:50.905"/>
</kw>
<status status="PASS" starttime="20210615 00:15:49.245" endtime="20210615 00:15:50.906"/>
</kw>
<kw name="Dado que estou na página home do site" library="ResourceBDD">
<kw name="Go To" library="SeleniumLibrary">
<arg>http://automationpractice.com</arg>
<doc>Navigates the current browser window to the provided ``url``.</doc>
<msg timestamp="20210615 00:15:50.915" level="INFO">Opening url 'http://automationpractice.com'</msg>
<status status="PASS" starttime="20210615 00:15:50.909" endtime="20210615 00:15:55.601"/>
</kw>
<kw name="Title Should Be" library="SeleniumLibrary">
<arg>My Store</arg>
<doc>Verifies that the current page title equals ``title``.</doc>
<msg timestamp="20210615 00:15:55.613" level="INFO">Page title is 'My Store'.</msg>
<status status="PASS" starttime="20210615 00:15:55.601" endtime="20210615 00:15:55.613"/>
</kw>
<status status="PASS" starttime="20210615 00:15:50.907" endtime="20210615 00:15:55.613"/>
</kw>
<kw name="Quando eu pesquisar pelo produto &quot;itemNãoExistente&quot;" library="ResourceBDD" sourcename="Quando eu pesquisar pelo produto &quot;${PRODUTO}&quot;">
<kw name="Input Text" library="SeleniumLibrary">
<arg>name=search_query</arg>
<arg>${PRODUTO}</arg>
<doc>Types the given ``text`` into the text field identified by ``locator``.</doc>
<msg timestamp="20210615 00:15:55.617" level="INFO">Typing text 'itemNãoExistente' into text field 'name=search_query'.</msg>
<status status="PASS" starttime="20210615 00:15:55.616" endtime="20210615 00:15:55.847"/>
</kw>
<kw name="Click Element" library="SeleniumLibrary">
<arg>name=submit_search</arg>
<doc>Click the element identified by ``locator``.</doc>
<msg timestamp="20210615 00:15:55.848" level="INFO">Clicking element 'name=submit_search'.</msg>
<status status="PASS" starttime="20210615 00:15:55.847" endtime="20210615 00:15:59.114"/>
</kw>
<status status="PASS" starttime="20210615 00:15:55.615" endtime="20210615 00:15:59.114"/>
</kw>
<kw name="Então a página deve exibir a mensagem &quot;No results were found your search &quot;itemNãoExistente&quot;&quot;" library="ResourceBDD" sourcename="Então a página deve exibir a mensagem &quot;${MENSAGEM_ALERTA}&quot;">
<kw name="Wait Until Element Is Visible" library="SeleniumLibrary">
<arg>xpath=//*[@id="center_column"]/p[@class='alert alert-warning']</arg>
<doc>Waits until the element ``locator`` is visible.</doc>
<status status="PASS" starttime="20210615 00:15:59.116" endtime="20210615 00:15:59.188"/>
</kw>
<kw name="Title Should Be" library="SeleniumLibrary">
<arg>Search - My Store</arg>
<doc>Verifies that the current page title equals ``title``.</doc>
<msg timestamp="20210615 00:15:59.196" level="INFO">Page title is 'Search - My Store'.</msg>
<status status="PASS" starttime="20210615 00:15:59.188" endtime="20210615 00:15:59.196"/>
</kw>
<kw name="Element Should Be Visible" library="SeleniumLibrary">
<arg>css=#center_column &gt; h1</arg>
<doc>Verifies that the element identified by ``locator`` is visible.</doc>
<msg timestamp="20210615 00:15:59.230" level="INFO">Element 'css=#center_column &gt; h1' is displayed.</msg>
<status status="PASS" starttime="20210615 00:15:59.196" endtime="20210615 00:15:59.230"/>
</kw>
<kw name="Element Should Be Visible" library="SeleniumLibrary">
<arg>css=#center_column &gt; h1 &gt; span</arg>
<doc>Verifies that the element identified by ``locator`` is visible.</doc>
<msg timestamp="20210615 00:15:59.263" level="INFO">Element 'css=#center_column &gt; h1 &gt; span' is displayed.</msg>
<status status="PASS" starttime="20210615 00:15:59.230" endtime="20210615 00:15:59.263"/>
</kw>
<kw name="Page Should Contain Element" library="SeleniumLibrary">
<arg>xpath=//*[@id="center_column"]/p[@class='alert alert-warning']</arg>
<doc>Verifies that element ``locator`` is found on the current page.</doc>
<msg timestamp="20210615 00:15:59.274" level="INFO">Current page contains element 'xpath=//*[@id="center_column"]/p[@class='alert alert-warning']'.</msg>
<status status="PASS" starttime="20210615 00:15:59.263" endtime="20210615 00:15:59.275"/>
</kw>
<status status="PASS" starttime="20210615 00:15:59.115" endtime="20210615 00:15:59.275"/>
</kw>
<kw name="Fechar navegador" library="ResourceBDD" type="TEARDOWN">
<kw name="Close Browser" library="SeleniumLibrary">
<doc>Closes the current browser.</doc>
<status status="PASS" starttime="20210615 00:15:59.276" endtime="20210615 00:15:59.343"/>
</kw>
<status status="PASS" starttime="20210615 00:15:59.275" endtime="20210615 00:15:59.344"/>
</kw>
<status status="PASS" starttime="20210615 00:15:49.243" endtime="20210615 00:15:59.344"/>
</test>
<test id="s1-t3" name="Caso de Teste 03: Listar Produtos">
<kw name="Abrir navegador" library="ResourceBDD" type="SETUP">
<kw name="Open Browser" library="SeleniumLibrary">
<arg>about:blank</arg>
<arg>${BROWSER}</arg>
<doc>Opens a new browser instance to the optional ``url``.</doc>
<msg timestamp="20210615 00:15:59.347" level="INFO">Opening browser 'chrome' to base url 'about:blank'.</msg>
<status status="PASS" starttime="20210615 00:15:59.347" endtime="20210615 00:16:00.985"/>
</kw>
<status status="PASS" starttime="20210615 00:15:59.346" endtime="20210615 00:16:00.986"/>
</kw>
<kw name="Dado que estou na página home do site" library="ResourceBDD">
<kw name="Go To" library="SeleniumLibrary">
<arg>http://automationpractice.com</arg>
<doc>Navigates the current browser window to the provided ``url``.</doc>
<msg timestamp="20210615 00:16:00.988" level="INFO">Opening url 'http://automationpractice.com'</msg>
<status status="PASS" starttime="20210615 00:16:00.988" endtime="20210615 00:16:05.681"/>
</kw>
<kw name="Title Should Be" library="SeleniumLibrary">
<arg>My Store</arg>
<doc>Verifies that the current page title equals ``title``.</doc>
<msg timestamp="20210615 00:16:05.693" level="INFO">Page title is 'My Store'.</msg>
<status status="PASS" starttime="20210615 00:16:05.681" endtime="20210615 00:16:05.694"/>
</kw>
<status status="PASS" starttime="20210615 00:16:00.987" endtime="20210615 00:16:05.694"/>
</kw>
<kw name="Quando passe o mouse por cima da categoria &quot;Women&quot; no meu principal superior de categorias" library="ResourceBDD" sourcename="Quando passe o mouse por cima da categoria &quot;${PRODUTO}&quot; no meu principal superior de categorias">
<kw name="Wait Until Element Is Visible" library="SeleniumLibrary">
<arg>xpath=//*[@id="header_logo"]//*[@src='http://automationpractice.com/img/logo.jpg']</arg>
<doc>Waits until the element ``locator`` is visible.</doc>
<status status="PASS" starttime="20210615 00:16:05.697" endtime="20210615 00:16:05.743"/>
</kw>
<kw name="Title Should Be" library="SeleniumLibrary">
<arg>My Store</arg>
<doc>Verifies that the current page title equals ``title``.</doc>
<msg timestamp="20210615 00:16:05.747" level="INFO">Page title is 'My Store'.</msg>
<status status="PASS" starttime="20210615 00:16:05.743" endtime="20210615 00:16:05.747"/>
</kw>
<kw name="Mouse Over" library="SeleniumLibrary">
<arg>xpath=//*[@id="block_top_menu"]//a[@title='Women']</arg>
<doc>Simulates hovering the mouse over the element ``locator``.</doc>
<msg timestamp="20210615 00:16:05.748" level="INFO">Simulating Mouse Over on element 'xpath=//*[@id="block_top_menu"]//a[@title='Women']'.</msg>
<status status="PASS" starttime="20210615 00:16:05.747" endtime="20210615 00:16:06.047"/>
</kw>
<status status="PASS" starttime="20210615 00:16:05.696" endtime="20210615 00:16:06.048"/>
</kw>
<kw name="Então clique na sub categoria &quot;Summer Dresses&quot;" library="ResourceBDD" sourcename="Então clique na sub categoria &quot;${SUB_PRODUTO}&quot;">
<kw name="Wait Until Element Is Visible" library="SeleniumLibrary">
<arg>xpath=/html/body/div/div[1]/header/div[3]/div/div/div[6]/ul/li[1]/ul/li[2]/ul/li[3]/a</arg>
<doc>Waits until the element ``locator`` is visible.</doc>
<status status="PASS" starttime="20210615 00:16:06.049" endtime="20210615 00:16:06.141"/>
</kw>
<kw name="Scroll Element Into View" library="SeleniumLibrary">
<arg>xpath=/html/body/div/div[1]/header/div[3]/div/div/div[6]/ul/li[1]/ul/li[2]/ul/li[3]/a</arg>
<doc>Scrolls the element identified by ``locator`` into view.</doc>
<status status="PASS" starttime="20210615 00:16:06.141" endtime="20210615 00:16:06.446"/>
</kw>
<kw name="Click Element" library="SeleniumLibrary">
<arg>xpath=//*[@id="block_top_menu"]/ul/li[1]/ul/li[2]/ul/li[3]/a</arg>
<doc>Click the element identified by ``locator``.</doc>
<msg timestamp="20210615 00:16:06.451" level="INFO">Clicking element 'xpath=//*[@id="block_top_menu"]/ul/li[1]/ul/li[2]/ul/li[3]/a'.</msg>
<status status="PASS" starttime="20210615 00:16:06.449" endtime="20210615 00:16:09.006"/>
</kw>
<status status="PASS" starttime="20210615 00:16:06.048" endtime="20210615 00:16:09.006"/>
</kw>
<kw name="Fechar navegador" library="ResourceBDD" type="TEARDOWN">
<kw name="Close Browser" library="SeleniumLibrary">
<doc>Closes the current browser.</doc>
<status status="PASS" starttime="20210615 00:16:09.008" endtime="20210615 00:16:09.071"/>
</kw>
<status status="PASS" starttime="20210615 00:16:09.007" endtime="20210615 00:16:09.072"/>
</kw>
<status status="PASS" starttime="20210615 00:15:59.345" endtime="20210615 00:16:09.072"/>
</test>
<test id="s1-t4" name="Caso de Teste 04: Adicionar Produtos no Carrinho">
<kw name="Abrir navegador" library="ResourceBDD" type="SETUP">
<kw name="Open Browser" library="SeleniumLibrary">
<arg>about:blank</arg>
<arg>${BROWSER}</arg>
<doc>Opens a new browser instance to the optional ``url``.</doc>
<msg timestamp="20210615 00:16:09.077" level="INFO">Opening browser 'chrome' to base url 'about:blank'.</msg>
<status status="PASS" starttime="20210615 00:16:09.076" endtime="20210615 00:16:10.732"/>
</kw>
<status status="PASS" starttime="20210615 00:16:09.076" endtime="20210615 00:16:10.733"/>
</kw>
<kw name="Dado que estou na página home do site" library="ResourceBDD">
<kw name="Go To" library="SeleniumLibrary">
<arg>http://automationpractice.com</arg>
<doc>Navigates the current browser window to the provided ``url``.</doc>
<msg timestamp="20210615 00:16:10.735" level="INFO">Opening url 'http://automationpractice.com'</msg>
<status status="PASS" starttime="20210615 00:16:10.735" endtime="20210615 00:16:16.466"/>
</kw>
<kw name="Title Should Be" library="SeleniumLibrary">
<arg>My Store</arg>
<doc>Verifies that the current page title equals ``title``.</doc>
<msg timestamp="20210615 00:16:16.477" level="INFO">Page title is 'My Store'.</msg>
<status status="PASS" starttime="20210615 00:16:16.466" endtime="20210615 00:16:16.477"/>
</kw>
<status status="PASS" starttime="20210615 00:16:10.734" endtime="20210615 00:16:16.478"/>
</kw>
<kw name="Quando eu pesquisar pelo produto &quot;t-shirt&quot;" library="ResourceBDD" sourcename="Quando eu pesquisar pelo produto &quot;${PRODUTO}&quot;">
<kw name="Input Text" library="SeleniumLibrary">
<arg>name=search_query</arg>
<arg>${PRODUTO}</arg>
<doc>Types the given ``text`` into the text field identified by ``locator``.</doc>
<msg timestamp="20210615 00:16:16.496" level="INFO">Typing text 't-shirt' into text field 'name=search_query'.</msg>
<status status="PASS" starttime="20210615 00:16:16.481" endtime="20210615 00:16:16.728"/>
</kw>
<kw name="Click Element" library="SeleniumLibrary">
<arg>name=submit_search</arg>
<doc>Click the element identified by ``locator``.</doc>
<msg timestamp="20210615 00:16:16.728" level="INFO">Clicking element 'name=submit_search'.</msg>
<status status="PASS" starttime="20210615 00:16:16.728" endtime="20210615 00:16:16.828"/>
</kw>
<status status="PASS" starttime="20210615 00:16:16.479" endtime="20210615 00:16:16.828"/>
</kw>
<kw name="Então clique no botão &quot;Add to cart&quot; do produto" library="ResourceBDD" sourcename="Então clique no botão &quot;${COMPRA}&quot; do produto">
<kw name="Wait Until Element Is Visible" library="SeleniumLibrary">
<arg>css=#center_column &gt; h1 &gt; span.heading-counter</arg>
<doc>Waits until the element ``locator`` is visible.</doc>
<status status="PASS" starttime="20210615 00:16:16.829" endtime="20210615 00:16:18.863"/>
</kw>
<kw name="Mouse Over" library="SeleniumLibrary">
<arg>xpath=//*[@id="center_column"]//*[@src='http://automationpractice.com/img/p/1/1-home_default.jpg']</arg>
<doc>Simulates hovering the mouse over the element ``locator``.</doc>
<msg timestamp="20210615 00:16:18.864" level="INFO">Simulating Mouse Over on element 'xpath=//*[@id="center_column"]//*[@src='http://automationpractice.com/img/p/1/1-home_default.jpg']'.</msg>
<status status="PASS" starttime="20210615 00:16:18.863" endtime="20210615 00:16:19.149"/>
</kw>
<kw name="Click Element" library="SeleniumLibrary">
<arg>xpath=//*[@id="center_column"]//a[@title='Add to cart']</arg>
<doc>Click the element identified by ``locator``.</doc>
<msg timestamp="20210615 00:16:19.150" level="INFO">Clicking element 'xpath=//*[@id="center_column"]//a[@title='Add to cart']'.</msg>
<status status="PASS" starttime="20210615 00:16:19.149" endtime="20210615 00:16:19.227"/>
</kw>
<status status="PASS" starttime="20210615 00:16:16.829" endtime="20210615 00:16:19.227"/>
</kw>
<kw name="Então clique no botão &quot;Proceed to checkout&quot;" library="ResourceBDD" sourcename="Então clique no botão &quot;${CONT_COMPRA}&quot;">
<kw name="Wait Until Element Is Visible" library="SeleniumLibrary">
<arg>css=#layer_cart &gt; div.clearfix &gt; div.layer_cart_product.col-xs-12.col-md-6 &gt; h2</arg>
<doc>Waits until the element ``locator`` is visible.</doc>
<status status="PASS" starttime="20210615 00:16:19.228" endtime="20210615 00:16:20.076"/>
</kw>
<kw name="Scroll Element Into View" library="SeleniumLibrary">
<arg>xpath=//*[@id="layer_cart"]//a[@title='Proceed to checkout']</arg>
<doc>Scrolls the element identified by ``locator`` into view.</doc>
<status status="PASS" starttime="20210615 00:16:20.076" endtime="20210615 00:16:20.375"/>
</kw>
<kw name="Double Click Element" library="SeleniumLibrary">
<arg>xpath=//*[@id="layer_cart"]//a[@title='Proceed to checkout']</arg>
<doc>Double clicks the element identified by ``locator``.</doc>
<msg timestamp="20210615 00:16:20.378" level="INFO">Double clicking element 'xpath=//*[@id="layer_cart"]//a[@title='Proceed to checkout']'.</msg>
<status status="PASS" starttime="20210615 00:16:20.376" endtime="20210615 00:16:23.626"/>
</kw>
<status status="PASS" starttime="20210615 00:16:19.228" endtime="20210615 00:16:23.627"/>
</kw>
<kw name="Fechar navegador" library="ResourceBDD" type="TEARDOWN">
<kw name="Close Browser" library="SeleniumLibrary">
<doc>Closes the current browser.</doc>
<status status="PASS" starttime="20210615 00:16:23.630" endtime="20210615 00:16:23.751"/>
</kw>
<status status="PASS" starttime="20210615 00:16:23.628" endtime="20210615 00:16:23.751"/>
</kw>
<status status="PASS" starttime="20210615 00:16:09.074" endtime="20210615 00:16:23.752"/>
</test>
<test id="s1-t5" name="Caso de Teste 06: Adicionar Cliente">
<kw name="Abrir navegador" library="ResourceBDD" type="SETUP">
<kw name="Open Browser" library="SeleniumLibrary">
<arg>about:blank</arg>
<arg>${BROWSER}</arg>
<doc>Opens a new browser instance to the optional ``url``.</doc>
<msg timestamp="20210615 00:16:23.760" level="INFO">Opening browser 'chrome' to base url 'about:blank'.</msg>
<status status="PASS" starttime="20210615 00:16:23.759" endtime="20210615 00:16:25.427"/>
</kw>
<status status="PASS" starttime="20210615 00:16:23.759" endtime="20210615 00:16:25.428"/>
</kw>
<kw name="Dado que estou na página home do site" library="ResourceBDD">
<kw name="Go To" library="SeleniumLibrary">
<arg>http://automationpractice.com</arg>
<doc>Navigates the current browser window to the provided ``url``.</doc>
<msg timestamp="20210615 00:16:25.434" level="INFO">Opening url 'http://automationpractice.com'</msg>
<status status="PASS" starttime="20210615 00:16:25.434" endtime="20210615 00:16:30.914"/>
</kw>
<kw name="Title Should Be" library="SeleniumLibrary">
<arg>My Store</arg>
<doc>Verifies that the current page title equals ``title``.</doc>
<msg timestamp="20210615 00:16:30.924" level="INFO">Page title is 'My Store'.</msg>
<status status="PASS" starttime="20210615 00:16:30.914" endtime="20210615 00:16:30.925"/>
</kw>
<status status="PASS" starttime="20210615 00:16:25.429" endtime="20210615 00:16:30.925"/>
</kw>
<kw name="Quando clicar no botão superior direito &quot;Sign in&quot;" library="ResourceBDD" sourcename="Quando clicar no botão superior direito &quot;${ACESSO}&quot;">
<kw name="Wait Until Element Is Visible" library="SeleniumLibrary">
<arg>xpath=//*[@id="header_logo"]//*[@src='http://automationpractice.com/img/logo.jpg']</arg>
<doc>Waits until the element ``locator`` is visible.</doc>
<status status="PASS" starttime="20210615 00:16:30.929" endtime="20210615 00:16:30.973"/>
</kw>
<kw name="Click Element" library="SeleniumLibrary">
<arg>xpath=//*[@id="header"]//a[@title='Log in to your customer account']</arg>
<doc>Click the element identified by ``locator``.</doc>
<msg timestamp="20210615 00:16:30.974" level="INFO">Clicking element 'xpath=//*[@id="header"]//a[@title='Log in to your customer account']'.</msg>
<status status="PASS" starttime="20210615 00:16:30.974" endtime="20210615 00:16:32.898"/>
</kw>
<status status="PASS" starttime="20210615 00:16:30.926" endtime="20210615 00:16:32.898"/>
</kw>
<kw name="Quando Insere um e-mail válido" library="ResourceBDD">
<kw name="Input Text" library="SeleniumLibrary">
<arg>id=email_create</arg>
<arg>gislaine28@exemplo.com</arg>
<doc>Types the given ``text`` into the text field identified by ``locator``.</doc>
<msg timestamp="20210615 00:16:32.901" level="INFO">Typing text 'gislaine28@exemplo.com' into text field 'id=email_create'.</msg>
<status status="PASS" starttime="20210615 00:16:32.900" endtime="20210615 00:16:33.143"/>
</kw>
<status status="PASS" starttime="20210615 00:16:32.899" endtime="20210615 00:16:33.144"/>
</kw>
<kw name="Quando clique no botão &quot;Create na account&quot;" library="ResourceBDD" sourcename="Quando clique no botão &quot;${CRIADO}&quot;">
<kw name="Click Button" library="SeleniumLibrary">
<arg>css=#SubmitCreate</arg>
<doc>Clicks the button identified by ``locator``.</doc>
<msg timestamp="20210615 00:16:33.147" level="INFO">Clicking button 'css=#SubmitCreate'.</msg>
<status status="PASS" starttime="20210615 00:16:33.147" endtime="20210615 00:16:33.282"/>
</kw>
<status status="PASS" starttime="20210615 00:16:33.146" endtime="20210615 00:16:33.283"/>
</kw>
<kw name="Quando Preencher os campos obrigatórios" library="ResourceBDD">
<kw name="Wait Until Element Is Visible" library="SeleniumLibrary">
<arg>css=#noSlide &gt; h1</arg>
<doc>Waits until the element ``locator`` is visible.</doc>
<status status="PASS" starttime="20210615 00:16:33.284" endtime="20210615 00:16:34.714"/>
</kw>
<kw name="Wait Until Element Is Visible" library="SeleniumLibrary">
<arg>css=#account-creation_form &gt; div:nth-child(1) &gt; h3</arg>
<doc>Waits until the element ``locator`` is visible.</doc>
<status status="PASS" starttime="20210615 00:16:34.715" endtime="20210615 00:16:35.460"/>
</kw>
<kw name="Click Element" library="SeleniumLibrary">
<arg>css=#id_gender2</arg>
<doc>Click the element identified by ``locator``.</doc>
<msg timestamp="20210615 00:16:35.461" level="INFO">Clicking element 'css=#id_gender2'.</msg>
<status status="PASS" starttime="20210615 00:16:35.460" endtime="20210615 00:16:35.625"/>
</kw>
<kw name="Input Text" library="SeleniumLibrary">
<arg>id=customer_firstname</arg>
<arg>Kira</arg>
<doc>Types the given ``text`` into the text field identified by ``locator``.</doc>
<msg timestamp="20210615 00:16:35.626" level="INFO">Typing text 'Kira' into text field 'id=customer_firstname'.</msg>
<status status="PASS" starttime="20210615 00:16:35.625" endtime="20210615 00:16:35.829"/>
</kw>
<kw name="Input Text" library="SeleniumLibrary">
<arg>id=customer_lastname</arg>
<arg>Oliveira</arg>
<doc>Types the given ``text`` into the text field identified by ``locator``.</doc>
<msg timestamp="20210615 00:16:35.830" level="INFO">Typing text 'Oliveira' into text field 'id=customer_lastname'.</msg>
<status status="PASS" starttime="20210615 00:16:35.830" endtime="20210615 00:16:36.090"/>
</kw>
<kw name="Input Text" library="SeleniumLibrary">
<arg>id=email</arg>
<arg>gislaine28@exemplo.com</arg>
<doc>Types the given ``text`` into the text field identified by ``locator``.</doc>
<msg timestamp="20210615 00:16:36.090" level="INFO">Typing text 'gislaine28@exemplo.com' into text field 'id=email'.</msg>
<status status="PASS" starttime="20210615 00:16:36.090" endtime="20210615 00:16:36.312"/>
</kw>
<kw name="Input Text" library="SeleniumLibrary">
<arg>id=passwd</arg>
<arg>1234</arg>
<doc>Types the given ``text`` into the text field identified by ``locator``.</doc>
<msg timestamp="20210615 00:16:36.312" level="INFO">Typing text '1234' into text field 'id=passwd'.</msg>
<status status="PASS" starttime="20210615 00:16:36.312" endtime="20210615 00:16:36.458"/>
</kw>
<kw name="Click Element" library="SeleniumLibrary">
<arg>css=#newsletter</arg>
<doc>Click the element identified by ``locator``.</doc>
<msg timestamp="20210615 00:16:36.458" level="INFO">Clicking element 'css=#newsletter'.</msg>
<status status="PASS" starttime="20210615 00:16:36.458" endtime="20210615 00:16:36.572"/>
</kw>
<kw name="Click Element" library="SeleniumLibrary">
<arg>css=#optin</arg>
<doc>Click the element identified by ``locator``.</doc>
<msg timestamp="20210615 00:16:36.573" level="INFO">Clicking element 'css=#optin'.</msg>
<status status="PASS" starttime="20210615 00:16:36.572" endtime="20210615 00:16:36.660"/>
</kw>
<kw name="Input Text" library="SeleniumLibrary">
<arg>id=company</arg>
<arg>KOW</arg>
<doc>Types the given ``text`` into the text field identified by ``locator``.</doc>
<msg timestamp="20210615 00:16:36.662" level="INFO">Typing text 'KOW' into text field 'id=company'.</msg>
<status status="PASS" starttime="20210615 00:16:36.661" endtime="20210615 00:16:36.806"/>
</kw>
<kw name="Input Text" library="SeleniumLibrary">
<arg>id=address1</arg>
<arg>Rua Laura 856</arg>
<doc>Types the given ``text`` into the text field identified by ``locator``.</doc>
<msg timestamp="20210615 00:16:36.806" level="INFO">Typing text 'Rua Laura 856' into text field 'id=address1'.</msg>
<status status="PASS" starttime="20210615 00:16:36.806" endtime="20210615 00:16:36.976"/>
</kw>
<kw name="Input Text" library="SeleniumLibrary">
<arg>id=city</arg>
<arg>Curitiba</arg>
<doc>Types the given ``text`` into the text field identified by ``locator``.</doc>
<msg timestamp="20210615 00:16:36.978" level="INFO">Typing text 'Curitiba' into text field 'id=city'.</msg>
<status status="PASS" starttime="20210615 00:16:36.977" endtime="20210615 00:16:37.124"/>
</kw>
<kw name="Input Text" library="SeleniumLibrary">
<arg>id=postcode</arg>
<arg>00000-000</arg>
<doc>Types the given ``text`` into the text field identified by ``locator``.</doc>
<msg timestamp="20210615 00:16:37.125" level="INFO">Typing text '00000-000' into text field 'id=postcode'.</msg>
<status status="PASS" starttime="20210615 00:16:37.124" endtime="20210615 00:16:37.298"/>
</kw>
<kw name="Input Text" library="SeleniumLibrary">
<arg>id=other</arg>
<arg>Teste</arg>
<doc>Types the given ``text`` into the text field identified by ``locator``.</doc>
<msg timestamp="20210615 00:16:37.299" level="INFO">Typing text 'Teste' into text field 'id=other'.</msg>
<status status="PASS" starttime="20210615 00:16:37.299" endtime="20210615 00:16:37.454"/>
</kw>
<kw name="Input Text" library="SeleniumLibrary">
<arg>id=phone_mobile</arg>
<arg>(041)99999-9999</arg>
<doc>Types the given ``text`` into the text field identified by ``locator``.</doc>
<msg timestamp="20210615 00:16:37.455" level="INFO">Typing text '(041)99999-9999' into text field 'id=phone_mobile'.</msg>
<status status="PASS" starttime="20210615 00:16:37.454" endtime="20210615 00:16:37.630"/>
</kw>
<kw name="Input Text" library="SeleniumLibrary">
<arg>id=alias</arg>
<arg>Opa</arg>
<doc>Types the given ``text`` into the text field identified by ``locator``.</doc>
<msg timestamp="20210615 00:16:37.630" level="INFO">Typing text 'Opa' into text field 'id=alias'.</msg>
<status status="PASS" starttime="20210615 00:16:37.630" endtime="20210615 00:16:37.781"/>
</kw>
<status status="PASS" starttime="20210615 00:16:33.283" endtime="20210615 00:16:37.782"/>
</kw>
<kw name="Então clique em &quot;Registrar&quot; para finalizar o cadastro" library="ResourceBDD" sourcename="Então clique em &quot;${REGISTRAR}&quot; para finalizar o cadastro">
<kw name="Click Button" library="SeleniumLibrary">
<arg>id=submitAccount</arg>
<doc>Clicks the button identified by ``locator``.</doc>
<msg timestamp="20210615 00:16:37.783" level="INFO">Clicking button 'id=submitAccount'.</msg>
<status status="PASS" starttime="20210615 00:16:37.783" endtime="20210615 00:16:39.241"/>
</kw>
<status status="PASS" starttime="20210615 00:16:37.782" endtime="20210615 00:16:39.243"/>
</kw>
<kw name="Fechar navegador" library="ResourceBDD" type="TEARDOWN">
<kw name="Close Browser" library="SeleniumLibrary">
<doc>Closes the current browser.</doc>
<status status="PASS" starttime="20210615 00:16:39.245" endtime="20210615 00:16:39.326"/>
</kw>
<status status="PASS" starttime="20210615 00:16:39.244" endtime="20210615 00:16:39.326"/>
</kw>
<status status="PASS" starttime="20210615 00:16:23.756" endtime="20210615 00:16:39.327"/>
</test>
<status status="PASS" starttime="20210615 00:15:39.153" endtime="20210615 00:16:39.329"/>
</suite>
<statistics>
<total>
<stat pass="5" fail="0" skip="0">All Tests</stat>
</total>
<tag>
</tag>
<suite>
<stat pass="5" fail="0" skip="0" id="s1" name="TestSitePracticeBDD1">TestSitePracticeBDD1</stat>
</suite>
</statistics>
<errors>
</errors>
</robot>
