<?xml version="1.0" encoding="UTF-8"?>
<robot generator="Robot 4.0.3 (Python 3.8.5 on linux)" generated="20210602 21:16:11.036" rpa="false" schemaversion="2">
<suite id="s1" name="UsandoLoopsNew" source="/home/kira/Documentos/robot_basico/Estruturas/UsandoLoopsNew.robot">
<test id="s1-t1" name="Teste de REPEAT KEYWORD=">
<kw name="Usando Repeat keyword">
<kw name="Log To Console" library="BuiltIn">
<arg>${\n}</arg>
<doc>Logs the given message to the console.</doc>
<status status="PASS" starttime="20210602 21:16:11.065" endtime="20210602 21:16:11.066"/>
</kw>
<kw name="Repeat Keyword" library="BuiltIn">
<arg>4x</arg>
<arg>Log To Console</arg>
<arg>Minha repetição da keyword!!!</arg>
<doc>Executes the specified keyword multiple times.</doc>
<msg timestamp="20210602 21:16:11.066" level="INFO">Repeating keyword, round 1/4.</msg>
<kw name="Log To Console" library="BuiltIn">
<arg>Minha repetição da keyword!!!</arg>
<doc>Logs the given message to the console.</doc>
<status status="PASS" starttime="20210602 21:16:11.067" endtime="20210602 21:16:11.067"/>
</kw>
<msg timestamp="20210602 21:16:11.067" level="INFO">Repeating keyword, round 2/4.</msg>
<kw name="Log To Console" library="BuiltIn">
<arg>Minha repetição da keyword!!!</arg>
<doc>Logs the given message to the console.</doc>
<status status="PASS" starttime="20210602 21:16:11.067" endtime="20210602 21:16:11.068"/>
</kw>
<msg timestamp="20210602 21:16:11.068" level="INFO">Repeating keyword, round 3/4.</msg>
<kw name="Log To Console" library="BuiltIn">
<arg>Minha repetição da keyword!!!</arg>
<doc>Logs the given message to the console.</doc>
<status status="PASS" starttime="20210602 21:16:11.068" endtime="20210602 21:16:11.069"/>
</kw>
<msg timestamp="20210602 21:16:11.069" level="INFO">Repeating keyword, round 4/4.</msg>
<kw name="Log To Console" library="BuiltIn">
<arg>Minha repetição da keyword!!!</arg>
<doc>Logs the given message to the console.</doc>
<status status="PASS" starttime="20210602 21:16:11.069" endtime="20210602 21:16:11.070"/>
</kw>
<status status="PASS" starttime="20210602 21:16:11.066" endtime="20210602 21:16:11.070"/>
</kw>
<status status="PASS" starttime="20210602 21:16:11.064" endtime="20210602 21:16:11.070"/>
</kw>
<doc>Chama uma mesma keyword várias vezes</doc>
<status status="PASS" starttime="20210602 21:16:11.063" endtime="20210602 21:16:11.070"/>
</test>
<test id="s1-t2" name="Teste de FOR do tipo IN RANGE=">
<kw name="Usando FOR IN RANGE">
<kw name="Log To Console" library="BuiltIn">
<arg>${\n}</arg>
<doc>Logs the given message to the console.</doc>
<status status="PASS" starttime="20210602 21:16:11.072" endtime="20210602 21:16:11.072"/>
</kw>
<for flavor="IN RANGE">
<var>${CONTADOR}</var>
<value>0</value>
<value>5</value>
<iter>
<var name="${CONTADOR}">0</var>
<kw name="Log To Console" library="BuiltIn">
<arg>Minha posição agora é: ${CONTADOR}</arg>
<doc>Logs the given message to the console.</doc>
<status status="PASS" starttime="20210602 21:16:11.073" endtime="20210602 21:16:11.073"/>
</kw>
<kw name="Log" library="BuiltIn">
<arg>Minha posição agora é: ${CONTADOR}</arg>
<doc>Logs the given message with the given level.</doc>
<msg timestamp="20210602 21:16:11.074" level="INFO">Minha posição agora é: 0</msg>
<status status="PASS" starttime="20210602 21:16:11.074" endtime="20210602 21:16:11.074"/>
</kw>
<status status="PASS" starttime="20210602 21:16:11.073" endtime="20210602 21:16:11.074"/>
</iter>
<iter>
<var name="${CONTADOR}">1</var>
<kw name="Log To Console" library="BuiltIn">
<arg>Minha posição agora é: ${CONTADOR}</arg>
<doc>Logs the given message to the console.</doc>
<status status="PASS" starttime="20210602 21:16:11.074" endtime="20210602 21:16:11.075"/>
</kw>
<kw name="Log" library="BuiltIn">
<arg>Minha posição agora é: ${CONTADOR}</arg>
<doc>Logs the given message with the given level.</doc>
<msg timestamp="20210602 21:16:11.076" level="INFO">Minha posição agora é: 1</msg>
<status status="PASS" starttime="20210602 21:16:11.075" endtime="20210602 21:16:11.076"/>
</kw>
<status status="PASS" starttime="20210602 21:16:11.074" endtime="20210602 21:16:11.076"/>
</iter>
<iter>
<var name="${CONTADOR}">2</var>
<kw name="Log To Console" library="BuiltIn">
<arg>Minha posição agora é: ${CONTADOR}</arg>
<doc>Logs the given message to the console.</doc>
<status status="PASS" starttime="20210602 21:16:11.076" endtime="20210602 21:16:11.076"/>
</kw>
<kw name="Log" library="BuiltIn">
<arg>Minha posição agora é: ${CONTADOR}</arg>
<doc>Logs the given message with the given level.</doc>
<msg timestamp="20210602 21:16:11.077" level="INFO">Minha posição agora é: 2</msg>
<status status="PASS" starttime="20210602 21:16:11.077" endtime="20210602 21:16:11.077"/>
</kw>
<status status="PASS" starttime="20210602 21:16:11.076" endtime="20210602 21:16:11.077"/>
</iter>
<iter>
<var name="${CONTADOR}">3</var>
<kw name="Log To Console" library="BuiltIn">
<arg>Minha posição agora é: ${CONTADOR}</arg>
<doc>Logs the given message to the console.</doc>
<status status="PASS" starttime="20210602 21:16:11.078" endtime="20210602 21:16:11.078"/>
</kw>
<kw name="Log" library="BuiltIn">
<arg>Minha posição agora é: ${CONTADOR}</arg>
<doc>Logs the given message with the given level.</doc>
<msg timestamp="20210602 21:16:11.079" level="INFO">Minha posição agora é: 3</msg>
<status status="PASS" starttime="20210602 21:16:11.078" endtime="20210602 21:16:11.079"/>
</kw>
<status status="PASS" starttime="20210602 21:16:11.078" endtime="20210602 21:16:11.079"/>
</iter>
<iter>
<var name="${CONTADOR}">4</var>
<kw name="Log To Console" library="BuiltIn">
<arg>Minha posição agora é: ${CONTADOR}</arg>
<doc>Logs the given message to the console.</doc>
<status status="PASS" starttime="20210602 21:16:11.079" endtime="20210602 21:16:11.080"/>
</kw>
<kw name="Log" library="BuiltIn">
<arg>Minha posição agora é: ${CONTADOR}</arg>
<doc>Logs the given message with the given level.</doc>
<msg timestamp="20210602 21:16:11.080" level="INFO">Minha posição agora é: 4</msg>
<status status="PASS" starttime="20210602 21:16:11.080" endtime="20210602 21:16:11.080"/>
</kw>
<status status="PASS" starttime="20210602 21:16:11.079" endtime="20210602 21:16:11.081"/>
</iter>
<status status="PASS" starttime="20210602 21:16:11.072" endtime="20210602 21:16:11.081"/>
</for>
<status status="PASS" starttime="20210602 21:16:11.072" endtime="20210602 21:16:11.081"/>
</kw>
<doc>Faz um loop dentro de um intervalo que você passar</doc>
<status status="PASS" starttime="20210602 21:16:11.071" endtime="20210602 21:16:11.081"/>
</test>
<test id="s1-t3" name="Teste de for do tipo IN=">
<kw name="Usando FOR IN">
<kw name="Log To Console" library="BuiltIn">
<arg>${\n}</arg>
<doc>Logs the given message to the console.</doc>
<status status="PASS" starttime="20210602 21:16:11.083" endtime="20210602 21:16:11.084"/>
</kw>
<for flavor="IN">
<var>${FRUTAS}</var>
<value>@{MINHA_LISTA_DE_FRUTAS}</value>
<iter>
<var name="${FRUTAS}">maça</var>
<kw name="Log To Console" library="BuiltIn">
<arg>Minha fruta é: ${FRUTAS}!</arg>
<doc>Logs the given message to the console.</doc>
<status status="PASS" starttime="20210602 21:16:11.085" endtime="20210602 21:16:11.085"/>
</kw>
<kw name="No Operation" library="BuiltIn">
<doc>Does absolutely nothing.</doc>
<status status="PASS" starttime="20210602 21:16:11.085" endtime="20210602 21:16:11.086"/>
</kw>
<status status="PASS" starttime="20210602 21:16:11.084" endtime="20210602 21:16:11.086"/>
</iter>
<iter>
<var name="${FRUTAS}">abacaxi</var>
<kw name="Log To Console" library="BuiltIn">
<arg>Minha fruta é: ${FRUTAS}!</arg>
<doc>Logs the given message to the console.</doc>
<status status="PASS" starttime="20210602 21:16:11.086" endtime="20210602 21:16:11.087"/>
</kw>
<kw name="No Operation" library="BuiltIn">
<doc>Does absolutely nothing.</doc>
<status status="PASS" starttime="20210602 21:16:11.087" endtime="20210602 21:16:11.087"/>
</kw>
<status status="PASS" starttime="20210602 21:16:11.086" endtime="20210602 21:16:11.087"/>
</iter>
<iter>
<var name="${FRUTAS}">banana</var>
<kw name="Log To Console" library="BuiltIn">
<arg>Minha fruta é: ${FRUTAS}!</arg>
<doc>Logs the given message to the console.</doc>
<status status="PASS" starttime="20210602 21:16:11.088" endtime="20210602 21:16:11.088"/>
</kw>
<kw name="No Operation" library="BuiltIn">
<doc>Does absolutely nothing.</doc>
<status status="PASS" starttime="20210602 21:16:11.088" endtime="20210602 21:16:11.089"/>
</kw>
<status status="PASS" starttime="20210602 21:16:11.087" endtime="20210602 21:16:11.089"/>
</iter>
<iter>
<var name="${FRUTAS}">morango</var>
<kw name="Log To Console" library="BuiltIn">
<arg>Minha fruta é: ${FRUTAS}!</arg>
<doc>Logs the given message to the console.</doc>
<status status="PASS" starttime="20210602 21:16:11.089" endtime="20210602 21:16:11.090"/>
</kw>
<kw name="No Operation" library="BuiltIn">
<doc>Does absolutely nothing.</doc>
<status status="PASS" starttime="20210602 21:16:11.090" endtime="20210602 21:16:11.090"/>
</kw>
<status status="PASS" starttime="20210602 21:16:11.089" endtime="20210602 21:16:11.090"/>
</iter>
<iter>
<var name="${FRUTAS}">laranja</var>
<kw name="Log To Console" library="BuiltIn">
<arg>Minha fruta é: ${FRUTAS}!</arg>
<doc>Logs the given message to the console.</doc>
<status status="PASS" starttime="20210602 21:16:11.091" endtime="20210602 21:16:11.091"/>
</kw>
<kw name="No Operation" library="BuiltIn">
<doc>Does absolutely nothing.</doc>
<status status="PASS" starttime="20210602 21:16:11.091" endtime="20210602 21:16:11.092"/>
</kw>
<status status="PASS" starttime="20210602 21:16:11.091" endtime="20210602 21:16:11.092"/>
</iter>
<status status="PASS" starttime="20210602 21:16:11.084" endtime="20210602 21:16:11.092"/>
</for>
<status status="PASS" starttime="20210602 21:16:11.083" endtime="20210602 21:16:11.092"/>
</kw>
<doc>Faz um loop percorrendo a lista que você passar</doc>
<status status="PASS" starttime="20210602 21:16:11.082" endtime="20210602 21:16:11.092"/>
</test>
<test id="s1-t4" name="Teste de FOR do tipo IN ENUMERATE=">
<kw name="Usando FOR IN ENUMERATE">
<kw name="Log To Console" library="BuiltIn">
<arg>${\n}</arg>
<doc>Logs the given message to the console.</doc>
<status status="PASS" starttime="20210602 21:16:11.095" endtime="20210602 21:16:11.095"/>
</kw>
<for flavor="IN ENUMERATE">
<var>${INDICE}</var>
<var>${FRUTAS}</var>
<value>@{MINHA_LISTA_DE_FRUTAS}</value>
<iter>
<var name="${INDICE}">0</var>
<var name="${FRUTAS}">maça</var>
<kw name="Log To Console" library="BuiltIn">
<arg>Minha fruta é: ${INDICE}--&gt;${FRUTAS}!</arg>
<doc>Logs the given message to the console.</doc>
<status status="PASS" starttime="20210602 21:16:11.096" endtime="20210602 21:16:11.096"/>
</kw>
<kw name="No Operation" library="BuiltIn">
<doc>Does absolutely nothing.</doc>
<status status="PASS" starttime="20210602 21:16:11.096" endtime="20210602 21:16:11.097"/>
</kw>
<status status="PASS" starttime="20210602 21:16:11.096" endtime="20210602 21:16:11.097"/>
</iter>
<iter>
<var name="${INDICE}">1</var>
<var name="${FRUTAS}">abacaxi</var>
<kw name="Log To Console" library="BuiltIn">
<arg>Minha fruta é: ${INDICE}--&gt;${FRUTAS}!</arg>
<doc>Logs the given message to the console.</doc>
<status status="PASS" starttime="20210602 21:16:11.097" endtime="20210602 21:16:11.098"/>
</kw>
<kw name="No Operation" library="BuiltIn">
<doc>Does absolutely nothing.</doc>
<status status="PASS" starttime="20210602 21:16:11.098" endtime="20210602 21:16:11.098"/>
</kw>
<status status="PASS" starttime="20210602 21:16:11.097" endtime="20210602 21:16:11.098"/>
</iter>
<iter>
<var name="${INDICE}">2</var>
<var name="${FRUTAS}">banana</var>
<kw name="Log To Console" library="BuiltIn">
<arg>Minha fruta é: ${INDICE}--&gt;${FRUTAS}!</arg>
<doc>Logs the given message to the console.</doc>
<status status="PASS" starttime="20210602 21:16:11.098" endtime="20210602 21:16:11.099"/>
</kw>
<kw name="No Operation" library="BuiltIn">
<doc>Does absolutely nothing.</doc>
<status status="PASS" starttime="20210602 21:16:11.099" endtime="20210602 21:16:11.099"/>
</kw>
<status status="PASS" starttime="20210602 21:16:11.098" endtime="20210602 21:16:11.099"/>
</iter>
<iter>
<var name="${INDICE}">3</var>
<var name="${FRUTAS}">morango</var>
<kw name="Log To Console" library="BuiltIn">
<arg>Minha fruta é: ${INDICE}--&gt;${FRUTAS}!</arg>
<doc>Logs the given message to the console.</doc>
<status status="PASS" starttime="20210602 21:16:11.100" endtime="20210602 21:16:11.100"/>
</kw>
<kw name="No Operation" library="BuiltIn">
<doc>Does absolutely nothing.</doc>
<status status="PASS" starttime="20210602 21:16:11.101" endtime="20210602 21:16:11.101"/>
</kw>
<status status="PASS" starttime="20210602 21:16:11.100" endtime="20210602 21:16:11.101"/>
</iter>
<iter>
<var name="${INDICE}">4</var>
<var name="${FRUTAS}">laranja</var>
<kw name="Log To Console" library="BuiltIn">
<arg>Minha fruta é: ${INDICE}--&gt;${FRUTAS}!</arg>
<doc>Logs the given message to the console.</doc>
<status status="PASS" starttime="20210602 21:16:11.101" endtime="20210602 21:16:11.102"/>
</kw>
<kw name="No Operation" library="BuiltIn">
<doc>Does absolutely nothing.</doc>
<status status="PASS" starttime="20210602 21:16:11.102" endtime="20210602 21:16:11.102"/>
</kw>
<status status="PASS" starttime="20210602 21:16:11.101" endtime="20210602 21:16:11.103"/>
</iter>
<status status="PASS" starttime="20210602 21:16:11.095" endtime="20210602 21:16:11.103"/>
</for>
<status status="PASS" starttime="20210602 21:16:11.094" endtime="20210602 21:16:11.103"/>
</kw>
<doc>Faz um loop percorrendo a lista que você passar e percorre o indíce da lista</doc>
<status status="PASS" starttime="20210602 21:16:11.093" endtime="20210602 21:16:11.103"/>
</test>
<test id="s1-t5" name="Teste de sair do FOR=">
<kw name="Usando FOR IN com EXIT FOR LOOP IF">
<kw name="Log To Console" library="BuiltIn">
<arg>${\n}</arg>
<doc>Logs the given message to the console.</doc>
<status status="PASS" starttime="20210602 21:16:11.105" endtime="20210602 21:16:11.106"/>
</kw>
<for flavor="IN ENUMERATE">
<var>${INDICE}</var>
<var>${FRUTAS}</var>
<value>@{MINHA_LISTA_DE_FRUTAS}</value>
<iter>
<var name="${INDICE}">0</var>
<var name="${FRUTAS}">maça</var>
<kw name="Log To Console" library="BuiltIn">
<arg>Minha fruta é: ${INDICE}--&gt;${FRUTAS}!</arg>
<doc>Logs the given message to the console.</doc>
<status status="PASS" starttime="20210602 21:16:11.107" endtime="20210602 21:16:11.108"/>
</kw>
<kw name="Exit For Loop If" library="BuiltIn">
<arg>'${FRUTAS}' == 'banana'</arg>
<doc>Stops executing the enclosing for loop if the ``condition`` is true.</doc>
<status status="PASS" starttime="20210602 21:16:11.108" endtime="20210602 21:16:11.109"/>
</kw>
<status status="PASS" starttime="20210602 21:16:11.106" endtime="20210602 21:16:11.109"/>
</iter>
<iter>
<var name="${INDICE}">1</var>
<var name="${FRUTAS}">abacaxi</var>
<kw name="Log To Console" library="BuiltIn">
<arg>Minha fruta é: ${INDICE}--&gt;${FRUTAS}!</arg>
<doc>Logs the given message to the console.</doc>
<status status="PASS" starttime="20210602 21:16:11.109" endtime="20210602 21:16:11.109"/>
</kw>
<kw name="Exit For Loop If" library="BuiltIn">
<arg>'${FRUTAS}' == 'banana'</arg>
<doc>Stops executing the enclosing for loop if the ``condition`` is true.</doc>
<status status="PASS" starttime="20210602 21:16:11.110" endtime="20210602 21:16:11.110"/>
</kw>
<status status="PASS" starttime="20210602 21:16:11.109" endtime="20210602 21:16:11.110"/>
</iter>
<iter>
<var name="${INDICE}">2</var>
<var name="${FRUTAS}">banana</var>
<kw name="Log To Console" library="BuiltIn">
<arg>Minha fruta é: ${INDICE}--&gt;${FRUTAS}!</arg>
<doc>Logs the given message to the console.</doc>
<status status="PASS" starttime="20210602 21:16:11.111" endtime="20210602 21:16:11.111"/>
</kw>
<kw name="Exit For Loop If" library="BuiltIn">
<arg>'${FRUTAS}' == 'banana'</arg>
<doc>Stops executing the enclosing for loop if the ``condition`` is true.</doc>
<msg timestamp="20210602 21:16:11.112" level="INFO">Exiting for loop altogether.</msg>
<status status="PASS" starttime="20210602 21:16:11.111" endtime="20210602 21:16:11.112"/>
</kw>
<status status="PASS" starttime="20210602 21:16:11.110" endtime="20210602 21:16:11.112"/>
</iter>
<status status="PASS" starttime="20210602 21:16:11.106" endtime="20210602 21:16:11.112"/>
</for>
<status status="PASS" starttime="20210602 21:16:11.105" endtime="20210602 21:16:11.112"/>
</kw>
<doc>Você controla quando o FOR dese ser encerrar antes de terminar todos os LOOPS</doc>
<status status="PASS" starttime="20210602 21:16:11.104" endtime="20210602 21:16:11.113"/>
</test>
<doc>Vamos aprender a fazer LOOPS usando o Robot Framework!</doc>
<status status="PASS" starttime="20210602 21:16:11.037" endtime="20210602 21:16:11.114"/>
</suite>
<statistics>
<total>
<stat pass="5" fail="0" skip="0">All Tests</stat>
</total>
<tag>
</tag>
<suite>
<stat pass="5" fail="0" skip="0" id="s1" name="UsandoLoopsNew">UsandoLoopsNew</stat>
</suite>
</statistics>
<errors>
</errors>
</robot>
