<?xml version="1.0" encoding="UTF-8"?>
<robot generator="Robot 4.0.3 (Python 3.8.5 on linux)" generated="20210530 23:30:53.253" rpa="false" schemaversion="2">
<suite id="s1" name="TestSitePracticeBDD1" source="/home/kira/Documentos/robot_basico/tests/TestSitePracticeBDD1.robot">
<test id="s1-t1" name="Cenário 01: Pesquisar Produto Existente">
<kw name="Abrir navegador" library="ResourceBDD" type="SETUP">
<kw name="Open Browser" library="SeleniumLibrary">
<arg>about:blank</arg>
<arg>${BROWSER}</arg>
<doc>Opens a new browser instance to the optional ``url``.</doc>
<msg timestamp="20210530 23:30:53.433" level="INFO">Opening browser 'firefox' to base url 'about:blank'.</msg>
<msg timestamp="20210530 23:30:53.434" level="INFO">Firefox driver log is always forced to to: /home/kira/Documentos/robot_basico/tests/logs/geckodriver-33.log</msg>
<status status="PASS" starttime="20210530 23:30:53.432" endtime="20210530 23:30:56.886"/>
</kw>
<status status="PASS" starttime="20210530 23:30:53.431" endtime="20210530 23:30:56.886"/>
</kw>
<kw name="Dado que estou na página home do site" library="ResourceBDD">
<kw name="Go To" library="SeleniumLibrary">
<arg>http://automationpractice.com</arg>
<doc>Navigates the current browser window to the provided ``url``.</doc>
<msg timestamp="20210530 23:30:56.889" level="INFO">Opening url 'http://automationpractice.com'</msg>
<status status="PASS" starttime="20210530 23:30:56.889" endtime="20210530 23:31:03.573"/>
</kw>
<kw name="Title Should Be" library="SeleniumLibrary">
<arg>My Store</arg>
<doc>Verifies that the current page title equals ``title``.</doc>
<msg timestamp="20210530 23:31:03.579" level="INFO">Page title is 'My Store'.</msg>
<status status="PASS" starttime="20210530 23:31:03.573" endtime="20210530 23:31:03.580"/>
</kw>
<status status="PASS" starttime="20210530 23:30:56.888" endtime="20210530 23:31:03.580"/>
</kw>
<kw name="Quando eu pesquisar pelo produto &quot;Blouse&quot;" library="ResourceBDD" sourcename="Quando eu pesquisar pelo produto &quot;${PRODUTO}&quot;">
<kw name="Input Text" library="SeleniumLibrary">
<arg>name=search_query</arg>
<arg>${PRODUTO}</arg>
<doc>Types the given ``text`` into the text field identified by ``locator``.</doc>
<msg timestamp="20210530 23:31:03.583" level="INFO">Typing text 'Blouse' into text field 'name=search_query'.</msg>
<status status="PASS" starttime="20210530 23:31:03.582" endtime="20210530 23:31:03.691"/>
</kw>
<kw name="Click Element" library="SeleniumLibrary">
<arg>name=submit_search</arg>
<doc>Click the element identified by ``locator``.</doc>
<msg timestamp="20210530 23:31:03.692" level="INFO">Clicking element 'name=submit_search'.</msg>
<status status="PASS" starttime="20210530 23:31:03.692" endtime="20210530 23:31:06.734"/>
</kw>
<status status="PASS" starttime="20210530 23:31:03.581" endtime="20210530 23:31:06.734"/>
</kw>
<kw name="Então o produto &quot;Blouse&quot; deve ser listado na página de resultado de busca" library="ResourceBDD" sourcename="Então o produto &quot;${PRODUTO}&quot; deve ser listado na página de resultado de busca">
<kw name="Wait Until Element Is Visible" library="SeleniumLibrary">
<arg>css=#center_column &gt; h1</arg>
<doc>Waits until the element ``locator`` is visible.</doc>
<status status="PASS" starttime="20210530 23:31:06.735" endtime="20210530 23:31:06.801"/>
</kw>
<kw name="Title Should Be" library="SeleniumLibrary">
<arg>Search - My Store</arg>
<doc>Verifies that the current page title equals ``title``.</doc>
<msg timestamp="20210530 23:31:06.804" level="INFO">Page title is 'Search - My Store'.</msg>
<status status="PASS" starttime="20210530 23:31:06.801" endtime="20210530 23:31:06.804"/>
</kw>
<kw name="Element Should Be Visible" library="SeleniumLibrary">
<arg>css=#center_column &gt; h1 &gt; span.heading-counter</arg>
<doc>Verifies that the element identified by ``locator`` is visible.</doc>
<msg timestamp="20210530 23:31:06.829" level="INFO">Element 'css=#center_column &gt; h1 &gt; span.heading-counter' is displayed.</msg>
<status status="PASS" starttime="20210530 23:31:06.804" endtime="20210530 23:31:06.829"/>
</kw>
<kw name="Page Should Contain Image" library="SeleniumLibrary">
<arg>xpath=//*[@id="center_column"]//*[@src='http://automationpractice.com/img/p/7/7-home_default.jpg']</arg>
<doc>Verifies image identified by ``locator`` is found from current page.</doc>
<msg timestamp="20210530 23:31:06.837" level="INFO">Current page contains image 'xpath=//*[@id="center_column"]//*[@src='http://automationpractice.com/img/p/7/7-home_default.jpg']'.</msg>
<status status="PASS" starttime="20210530 23:31:06.829" endtime="20210530 23:31:06.837"/>
</kw>
<kw name="Page Should Contain Link" library="SeleniumLibrary">
<arg>xpath=//*[@id="center_column"]//a[@class="product-name"][contains(text(), "${PRODUTO}")]</arg>
<doc>Verifies link identified by ``locator`` is found from current page.</doc>
<msg timestamp="20210530 23:31:06.844" level="INFO">Current page contains link 'xpath=//*[@id="center_column"]//a[@class="product-name"][contains(text(), "Blouse")]'.</msg>
<status status="PASS" starttime="20210530 23:31:06.837" endtime="20210530 23:31:06.845"/>
</kw>
<status status="PASS" starttime="20210530 23:31:06.735" endtime="20210530 23:31:06.845"/>
</kw>
<kw name="Fechar navegador" library="ResourceBDD" type="TEARDOWN">
<kw name="Close Browser" library="SeleniumLibrary">
<doc>Closes the current browser.</doc>
<status status="PASS" starttime="20210530 23:31:06.846" endtime="20210530 23:31:07.606"/>
</kw>
<status status="PASS" starttime="20210530 23:31:06.845" endtime="20210530 23:31:07.606"/>
</kw>
<status status="PASS" starttime="20210530 23:30:53.430" endtime="20210530 23:31:07.606"/>
</test>
<test id="s1-t2" name="Cenário 02: Pesquisar Produto não Existente">
<kw name="Abrir navegador" library="ResourceBDD" type="SETUP">
<kw name="Open Browser" library="SeleniumLibrary">
<arg>about:blank</arg>
<arg>${BROWSER}</arg>
<doc>Opens a new browser instance to the optional ``url``.</doc>
<msg timestamp="20210530 23:31:07.611" level="INFO">Opening browser 'firefox' to base url 'about:blank'.</msg>
<msg timestamp="20210530 23:31:07.612" level="INFO">Firefox driver log is always forced to to: /home/kira/Documentos/robot_basico/tests/logs/geckodriver-34.log</msg>
<status status="PASS" starttime="20210530 23:31:07.610" endtime="20210530 23:31:11.784"/>
</kw>
<status status="PASS" starttime="20210530 23:31:07.609" endtime="20210530 23:31:11.785"/>
</kw>
<kw name="Dado que estou na página home do site" library="ResourceBDD">
<kw name="Go To" library="SeleniumLibrary">
<arg>http://automationpractice.com</arg>
<doc>Navigates the current browser window to the provided ``url``.</doc>
<msg timestamp="20210530 23:31:11.788" level="INFO">Opening url 'http://automationpractice.com'</msg>
<status status="PASS" starttime="20210530 23:31:11.788" endtime="20210530 23:31:17.906"/>
</kw>
<kw name="Title Should Be" library="SeleniumLibrary">
<arg>My Store</arg>
<doc>Verifies that the current page title equals ``title``.</doc>
<msg timestamp="20210530 23:31:17.925" level="INFO">Page title is 'My Store'.</msg>
<status status="PASS" starttime="20210530 23:31:17.907" endtime="20210530 23:31:17.925"/>
</kw>
<status status="PASS" starttime="20210530 23:31:11.787" endtime="20210530 23:31:17.926"/>
</kw>
<kw name="Quando eu pesquisar pelo produto &quot;itemNãoExistente&quot;" library="ResourceBDD" sourcename="Quando eu pesquisar pelo produto &quot;${PRODUTO}&quot;">
<kw name="Input Text" library="SeleniumLibrary">
<arg>name=search_query</arg>
<arg>${PRODUTO}</arg>
<doc>Types the given ``text`` into the text field identified by ``locator``.</doc>
<msg timestamp="20210530 23:31:17.928" level="INFO">Typing text 'itemNãoExistente' into text field 'name=search_query'.</msg>
<status status="PASS" starttime="20210530 23:31:17.927" endtime="20210530 23:31:18.043"/>
</kw>
<kw name="Click Element" library="SeleniumLibrary">
<arg>name=submit_search</arg>
<doc>Click the element identified by ``locator``.</doc>
<msg timestamp="20210530 23:31:18.044" level="INFO">Clicking element 'name=submit_search'.</msg>
<status status="PASS" starttime="20210530 23:31:18.043" endtime="20210530 23:31:19.355"/>
</kw>
<status status="PASS" starttime="20210530 23:31:17.926" endtime="20210530 23:31:19.355"/>
</kw>
<kw name="Então a página deve exibir a mensagem &quot;No results were found your search &quot;itemNãoExistente&quot;&quot;" library="ResourceBDD" sourcename="Então a página deve exibir a mensagem &quot;${MENSAGEM_ALERTA}&quot;">
<kw name="Wait Until Element Is Visible" library="SeleniumLibrary">
<arg>xpath=//*[@id="center_column"]/p[@class='alert alert-warning']</arg>
<doc>Waits until the element ``locator`` is visible.</doc>
<status status="PASS" starttime="20210530 23:31:19.357" endtime="20210530 23:31:19.499"/>
</kw>
<kw name="Title Should Be" library="SeleniumLibrary">
<arg>Search - My Store</arg>
<doc>Verifies that the current page title equals ``title``.</doc>
<msg timestamp="20210530 23:31:19.502" level="INFO">Page title is 'Search - My Store'.</msg>
<status status="PASS" starttime="20210530 23:31:19.499" endtime="20210530 23:31:19.503"/>
</kw>
<kw name="Element Should Be Visible" library="SeleniumLibrary">
<arg>css=#center_column &gt; h1</arg>
<doc>Verifies that the element identified by ``locator`` is visible.</doc>
<msg timestamp="20210530 23:31:19.539" level="INFO">Element 'css=#center_column &gt; h1' is displayed.</msg>
<status status="PASS" starttime="20210530 23:31:19.503" endtime="20210530 23:31:19.539"/>
</kw>
<kw name="Element Should Be Visible" library="SeleniumLibrary">
<arg>css=#center_column &gt; h1 &gt; span</arg>
<doc>Verifies that the element identified by ``locator`` is visible.</doc>
<msg timestamp="20210530 23:31:19.561" level="INFO">Element 'css=#center_column &gt; h1 &gt; span' is displayed.</msg>
<status status="PASS" starttime="20210530 23:31:19.539" endtime="20210530 23:31:19.561"/>
</kw>
<kw name="Page Should Contain Element" library="SeleniumLibrary">
<arg>xpath=//*[@id="center_column"]/p[@class='alert alert-warning']</arg>
<doc>Verifies that element ``locator`` is found on the current page.</doc>
<msg timestamp="20210530 23:31:19.567" level="INFO">Current page contains element 'xpath=//*[@id="center_column"]/p[@class='alert alert-warning']'.</msg>
<status status="PASS" starttime="20210530 23:31:19.562" endtime="20210530 23:31:19.567"/>
</kw>
<status status="PASS" starttime="20210530 23:31:19.356" endtime="20210530 23:31:19.567"/>
</kw>
<kw name="Fechar navegador" library="ResourceBDD" type="TEARDOWN">
<kw name="Close Browser" library="SeleniumLibrary">
<doc>Closes the current browser.</doc>
<status status="PASS" starttime="20210530 23:31:19.568" endtime="20210530 23:31:20.316"/>
</kw>
<status status="PASS" starttime="20210530 23:31:19.568" endtime="20210530 23:31:20.317"/>
</kw>
<status status="PASS" starttime="20210530 23:31:07.608" endtime="20210530 23:31:20.317"/>
</test>
<status status="PASS" starttime="20210530 23:30:53.254" endtime="20210530 23:31:20.320"/>
</suite>
<statistics>
<total>
<stat pass="2" fail="0" skip="0">All Tests</stat>
</total>
<tag>
</tag>
<suite>
<stat pass="2" fail="0" skip="0" id="s1" name="TestSitePracticeBDD1">TestSitePracticeBDD1</stat>
</suite>
</statistics>
<errors>
</errors>
</robot>
